[2025-09-23T20:40:25.326+0000] {local_task_job_runner.py:123} INFO - ::group::Pre task execution logs
[2025-09-23T20:40:25.353+0000] {taskinstance.py:2612} INFO - Dependencies all met for dep_context=non-requeueable deps ti=<TaskInstance: wine_pipeline.stage3_deploy_compose scheduled__2025-09-23T20:35:00+00:00 [queued]>
[2025-09-23T20:40:25.363+0000] {taskinstance.py:2612} INFO - Dependencies all met for dep_context=requeueable deps ti=<TaskInstance: wine_pipeline.stage3_deploy_compose scheduled__2025-09-23T20:35:00+00:00 [queued]>
[2025-09-23T20:40:25.364+0000] {taskinstance.py:2865} INFO - Starting attempt 1 of 4
[2025-09-23T20:40:25.381+0000] {taskinstance.py:2888} INFO - Executing <Task(BashOperator): stage3_deploy_compose> on 2025-09-23 20:35:00+00:00
[2025-09-23T20:40:25.389+0000] {standard_task_runner.py:72} INFO - Started process 2590 to run task
[2025-09-23T20:40:25.394+0000] {standard_task_runner.py:104} INFO - Running: ['***', 'tasks', 'run', 'wine_pipeline', 'stage3_deploy_compose', 'scheduled__2025-09-23T20:35:00+00:00', '--job-id', '233', '--raw', '--subdir', 'DAGS_FOLDER/wine_pipeline.py', '--cfg-path', '/tmp/tmp5nx06f8w']
[2025-09-23T20:40:25.399+0000] {standard_task_runner.py:105} INFO - Job 233: Subtask stage3_deploy_compose
[2025-09-23T20:40:25.475+0000] {task_command.py:467} INFO - Running <TaskInstance: wine_pipeline.stage3_deploy_compose scheduled__2025-09-23T20:35:00+00:00 [running]> on host c519442f0df7
[2025-09-23T20:40:25.596+0000] {taskinstance.py:3131} INFO - Exporting env vars: AIRFLOW_CTX_DAG_OWNER='***' AIRFLOW_CTX_DAG_ID='wine_pipeline' AIRFLOW_CTX_TASK_ID='stage3_deploy_compose' AIRFLOW_CTX_EXECUTION_DATE='2025-09-23T20:35:00+00:00' AIRFLOW_CTX_TRY_NUMBER='1' AIRFLOW_CTX_DAG_RUN_ID='scheduled__2025-09-23T20:35:00+00:00'
[2025-09-23T20:40:25.597+0000] {taskinstance.py:731} INFO - ::endgroup::
[2025-09-23T20:40:25.615+0000] {subprocess.py:78} INFO - Tmp dir root location: /tmp
[2025-09-23T20:40:25.616+0000] {subprocess.py:88} INFO - Running command: ['/usr/bin/bash', '-c', 'docker compose -f /opt/***/code/deployment/docker-compose.yml up -d --build']
[2025-09-23T20:40:25.632+0000] {subprocess.py:99} INFO - Output:
[2025-09-23T20:40:25.669+0000] {subprocess.py:106} INFO - unknown shorthand flag: 'f' in -f
[2025-09-23T20:40:25.670+0000] {subprocess.py:106} INFO - See 'docker --help'.
[2025-09-23T20:40:25.671+0000] {subprocess.py:106} INFO - 
[2025-09-23T20:40:25.672+0000] {subprocess.py:106} INFO - Usage:  docker [OPTIONS] COMMAND
[2025-09-23T20:40:25.672+0000] {subprocess.py:106} INFO - 
[2025-09-23T20:40:25.673+0000] {subprocess.py:106} INFO - A self-sufficient runtime for containers
[2025-09-23T20:40:25.673+0000] {subprocess.py:106} INFO - 
[2025-09-23T20:40:25.674+0000] {subprocess.py:106} INFO - Options:
[2025-09-23T20:40:25.674+0000] {subprocess.py:106} INFO -       --config string      Location of client config files (default
[2025-09-23T20:40:25.675+0000] {subprocess.py:106} INFO -                            "/home/***/.docker")
[2025-09-23T20:40:25.675+0000] {subprocess.py:106} INFO -   -c, --context string     Name of the context to use to connect to the
[2025-09-23T20:40:25.675+0000] {subprocess.py:106} INFO -                            daemon (overrides DOCKER_HOST env var and
[2025-09-23T20:40:25.676+0000] {subprocess.py:106} INFO -                            default context set with "docker context use")
[2025-09-23T20:40:25.676+0000] {subprocess.py:106} INFO -   -D, --debug              Enable debug mode
[2025-09-23T20:40:25.677+0000] {subprocess.py:106} INFO -   -H, --host list          Daemon socket(s) to connect to
[2025-09-23T20:40:25.677+0000] {subprocess.py:106} INFO -   -l, --log-level string   Set the logging level
[2025-09-23T20:40:25.678+0000] {subprocess.py:106} INFO -                            ("debug"|"info"|"warn"|"error"|"fatal")
[2025-09-23T20:40:25.678+0000] {subprocess.py:106} INFO -                            (default "info")
[2025-09-23T20:40:25.679+0000] {subprocess.py:106} INFO -       --tls                Use TLS; implied by --tlsverify
[2025-09-23T20:40:25.679+0000] {subprocess.py:106} INFO -       --tlscacert string   Trust certs signed only by this CA (default
[2025-09-23T20:40:25.680+0000] {subprocess.py:106} INFO -                            "/home/***/.docker/ca.pem")
[2025-09-23T20:40:25.680+0000] {subprocess.py:106} INFO -       --tlscert string     Path to TLS certificate file (default
[2025-09-23T20:40:25.681+0000] {subprocess.py:106} INFO -                            "/home/***/.docker/cert.pem")
[2025-09-23T20:40:25.681+0000] {subprocess.py:106} INFO -       --tlskey string      Path to TLS key file (default
[2025-09-23T20:40:25.682+0000] {subprocess.py:106} INFO -                            "/home/***/.docker/key.pem")
[2025-09-23T20:40:25.682+0000] {subprocess.py:106} INFO -       --tlsverify          Use TLS and verify the remote
[2025-09-23T20:40:25.683+0000] {subprocess.py:106} INFO -   -v, --version            Print version information and quit
[2025-09-23T20:40:25.683+0000] {subprocess.py:106} INFO - 
[2025-09-23T20:40:25.683+0000] {subprocess.py:106} INFO - Management Commands:
[2025-09-23T20:40:25.684+0000] {subprocess.py:106} INFO -   builder     Manage builds
[2025-09-23T20:40:25.684+0000] {subprocess.py:106} INFO -   completion  Generate the autocompletion script for the specified shell
[2025-09-23T20:40:25.685+0000] {subprocess.py:106} INFO -   config      Manage Docker configs
[2025-09-23T20:40:25.685+0000] {subprocess.py:106} INFO -   container   Manage containers
[2025-09-23T20:40:25.686+0000] {subprocess.py:106} INFO -   context     Manage contexts
[2025-09-23T20:40:25.686+0000] {subprocess.py:106} INFO -   image       Manage images
[2025-09-23T20:40:25.686+0000] {subprocess.py:106} INFO -   manifest    Manage Docker image manifests and manifest lists
[2025-09-23T20:40:25.687+0000] {subprocess.py:106} INFO -   network     Manage networks
[2025-09-23T20:40:25.687+0000] {subprocess.py:106} INFO -   node        Manage Swarm nodes
[2025-09-23T20:40:25.688+0000] {subprocess.py:106} INFO -   plugin      Manage plugins
[2025-09-23T20:40:25.688+0000] {subprocess.py:106} INFO -   secret      Manage Docker secrets
[2025-09-23T20:40:25.688+0000] {subprocess.py:106} INFO -   service     Manage services
[2025-09-23T20:40:25.689+0000] {subprocess.py:106} INFO -   stack       Manage Docker stacks
[2025-09-23T20:40:25.689+0000] {subprocess.py:106} INFO -   swarm       Manage Swarm
[2025-09-23T20:40:25.689+0000] {subprocess.py:106} INFO -   system      Manage Docker
[2025-09-23T20:40:25.690+0000] {subprocess.py:106} INFO -   trust       Manage trust on Docker images
[2025-09-23T20:40:25.690+0000] {subprocess.py:106} INFO -   volume      Manage volumes
[2025-09-23T20:40:25.691+0000] {subprocess.py:106} INFO - 
[2025-09-23T20:40:25.691+0000] {subprocess.py:106} INFO - Commands:
[2025-09-23T20:40:25.691+0000] {subprocess.py:106} INFO -   attach      Attach local standard input, output, and error streams to a running container
[2025-09-23T20:40:25.692+0000] {subprocess.py:106} INFO -   build       Build an image from a Dockerfile
[2025-09-23T20:40:25.692+0000] {subprocess.py:106} INFO -   commit      Create a new image from a container's changes
[2025-09-23T20:40:25.693+0000] {subprocess.py:106} INFO -   cp          Copy files/folders between a container and the local filesystem
[2025-09-23T20:40:25.693+0000] {subprocess.py:106} INFO -   create      Create a new container
[2025-09-23T20:40:25.693+0000] {subprocess.py:106} INFO -   diff        Inspect changes to files or directories on a container's filesystem
[2025-09-23T20:40:25.694+0000] {subprocess.py:106} INFO -   events      Get real time events from the server
[2025-09-23T20:40:25.694+0000] {subprocess.py:106} INFO -   exec        Run a command in a running container
[2025-09-23T20:40:25.695+0000] {subprocess.py:106} INFO -   export      Export a container's filesystem as a tar archive
[2025-09-23T20:40:25.695+0000] {subprocess.py:106} INFO -   history     Show the history of an image
[2025-09-23T20:40:25.696+0000] {subprocess.py:106} INFO -   images      List images
[2025-09-23T20:40:25.696+0000] {subprocess.py:106} INFO -   import      Import the contents from a tarball to create a filesystem image
[2025-09-23T20:40:25.697+0000] {subprocess.py:106} INFO -   info        Display system-wide information
[2025-09-23T20:40:25.697+0000] {subprocess.py:106} INFO -   inspect     Return low-level information on Docker objects
[2025-09-23T20:40:25.698+0000] {subprocess.py:106} INFO -   kill        Kill one or more running containers
[2025-09-23T20:40:25.698+0000] {subprocess.py:106} INFO -   load        Load an image from a tar archive or STDIN
[2025-09-23T20:40:25.698+0000] {subprocess.py:106} INFO -   login       Log in to a Docker registry
[2025-09-23T20:40:25.699+0000] {subprocess.py:106} INFO -   logout      Log out from a Docker registry
[2025-09-23T20:40:25.699+0000] {subprocess.py:106} INFO -   logs        Fetch the logs of a container
[2025-09-23T20:40:25.700+0000] {subprocess.py:106} INFO -   pause       Pause all processes within one or more containers
[2025-09-23T20:40:25.700+0000] {subprocess.py:106} INFO -   port        List port mappings or a specific mapping for the container
[2025-09-23T20:40:25.700+0000] {subprocess.py:106} INFO -   ps          List containers
[2025-09-23T20:40:25.701+0000] {subprocess.py:106} INFO -   pull        Pull an image or a repository from a registry
[2025-09-23T20:40:25.701+0000] {subprocess.py:106} INFO -   push        Push an image or a repository to a registry
[2025-09-23T20:40:25.702+0000] {subprocess.py:106} INFO -   rename      Rename a container
[2025-09-23T20:40:25.702+0000] {subprocess.py:106} INFO -   restart     Restart one or more containers
[2025-09-23T20:40:25.702+0000] {subprocess.py:106} INFO -   rm          Remove one or more containers
[2025-09-23T20:40:25.703+0000] {subprocess.py:106} INFO -   rmi         Remove one or more images
[2025-09-23T20:40:25.703+0000] {subprocess.py:106} INFO -   run         Run a command in a new container
[2025-09-23T20:40:25.704+0000] {subprocess.py:106} INFO -   save        Save one or more images to a tar archive (streamed to STDOUT by default)
[2025-09-23T20:40:25.704+0000] {subprocess.py:106} INFO -   search      Search the Docker Hub for images
[2025-09-23T20:40:25.704+0000] {subprocess.py:106} INFO -   start       Start one or more stopped containers
[2025-09-23T20:40:25.705+0000] {subprocess.py:106} INFO -   stats       Display a live stream of container(s) resource usage statistics
[2025-09-23T20:40:25.705+0000] {subprocess.py:106} INFO -   stop        Stop one or more running containers
[2025-09-23T20:40:25.706+0000] {subprocess.py:106} INFO -   tag         Create a tag TARGET_IMAGE that refers to SOURCE_IMAGE
[2025-09-23T20:40:25.706+0000] {subprocess.py:106} INFO -   top         Display the running processes of a container
[2025-09-23T20:40:25.706+0000] {subprocess.py:106} INFO -   unpause     Unpause all processes within one or more containers
[2025-09-23T20:40:25.707+0000] {subprocess.py:106} INFO -   update      Update configuration of one or more containers
[2025-09-23T20:40:25.707+0000] {subprocess.py:106} INFO -   version     Show the Docker version information
[2025-09-23T20:40:25.708+0000] {subprocess.py:106} INFO -   wait        Block until one or more containers stop, then print their exit codes
[2025-09-23T20:40:25.708+0000] {subprocess.py:106} INFO - 
[2025-09-23T20:40:25.708+0000] {subprocess.py:106} INFO - Run 'docker COMMAND --help' for more information on a command.
[2025-09-23T20:40:25.709+0000] {subprocess.py:106} INFO - 
[2025-09-23T20:40:25.709+0000] {subprocess.py:106} INFO - To get more help with docker, check out our guides at https://docs.docker.com/go/guides/
[2025-09-23T20:40:25.710+0000] {subprocess.py:106} INFO - 
[2025-09-23T20:40:25.710+0000] {subprocess.py:110} INFO - Command exited with return code 125
[2025-09-23T20:40:25.728+0000] {taskinstance.py:3310} ERROR - Task failed with exception
Traceback (most recent call last):
  File "/home/airflow/.local/lib/python3.11/site-packages/airflow/models/taskinstance.py", line 767, in _execute_task
    result = _execute_callable(context=context, **execute_callable_kwargs)
             ^^^^^^^^^^^^^^^^^^^^^^^^^^^^^^^^^^^^^^^^^^^^^^^^^^^^^^^^^^^^^
  File "/home/airflow/.local/lib/python3.11/site-packages/airflow/models/taskinstance.py", line 733, in _execute_callable
    return ExecutionCallableRunner(
           ^^^^^^^^^^^^^^^^^^^^^^^^
  File "/home/airflow/.local/lib/python3.11/site-packages/airflow/utils/operator_helpers.py", line 252, in run
    return self.func(*args, **kwargs)
           ^^^^^^^^^^^^^^^^^^^^^^^^^^
  File "/home/airflow/.local/lib/python3.11/site-packages/airflow/models/baseoperator.py", line 406, in wrapper
    return func(self, *args, **kwargs)
           ^^^^^^^^^^^^^^^^^^^^^^^^^^^
  File "/home/airflow/.local/lib/python3.11/site-packages/airflow/providers/standard/operators/bash.py", line 232, in execute
    raise AirflowException(
airflow.exceptions.AirflowException: Bash command failed. The command returned a non-zero exit code 125.
[2025-09-23T20:40:25.737+0000] {taskinstance.py:1225} INFO - Marking task as UP_FOR_RETRY. dag_id=wine_pipeline, task_id=stage3_deploy_compose, run_id=scheduled__2025-09-23T20:35:00+00:00, execution_date=20250923T203500, start_date=20250923T204025, end_date=20250923T204025
[2025-09-23T20:40:25.756+0000] {taskinstance.py:340} INFO - ::group::Post task execution logs
[2025-09-23T20:40:25.757+0000] {standard_task_runner.py:124} ERROR - Failed to execute job 233 for task stage3_deploy_compose (Bash command failed. The command returned a non-zero exit code 125.; 2590)
Traceback (most recent call last):
  File "/home/airflow/.local/lib/python3.11/site-packages/airflow/task/task_runner/standard_task_runner.py", line 117, in _start_by_fork
    ret = args.func(args, dag=self.dag)
          ^^^^^^^^^^^^^^^^^^^^^^^^^^^^^
  File "/home/airflow/.local/lib/python3.11/site-packages/airflow/cli/cli_config.py", line 49, in command
    return func(*args, **kwargs)
           ^^^^^^^^^^^^^^^^^^^^^
  File "/home/airflow/.local/lib/python3.11/site-packages/airflow/utils/cli.py", line 115, in wrapper
    return f(*args, **kwargs)
           ^^^^^^^^^^^^^^^^^^
  File "/home/airflow/.local/lib/python3.11/site-packages/airflow/cli/commands/task_command.py", line 483, in task_run
    task_return_code = _run_task_by_selected_method(args, _dag, ti)
                       ^^^^^^^^^^^^^^^^^^^^^^^^^^^^^^^^^^^^^^^^^^^^
  File "/home/airflow/.local/lib/python3.11/site-packages/airflow/cli/commands/task_command.py", line 256, in _run_task_by_selected_method
    return _run_raw_task(args, ti)
           ^^^^^^^^^^^^^^^^^^^^^^^
  File "/home/airflow/.local/lib/python3.11/site-packages/airflow/cli/commands/task_command.py", line 341, in _run_raw_task
    return ti._run_raw_task(
           ^^^^^^^^^^^^^^^^^
  File "/home/airflow/.local/lib/python3.11/site-packages/airflow/utils/session.py", line 97, in wrapper
    return func(*args, session=session, **kwargs)
           ^^^^^^^^^^^^^^^^^^^^^^^^^^^^^^^^^^^^^^
  File "/home/airflow/.local/lib/python3.11/site-packages/airflow/models/taskinstance.py", line 3004, in _run_raw_task
    return _run_raw_task(
           ^^^^^^^^^^^^^^
  File "/home/airflow/.local/lib/python3.11/site-packages/airflow/models/taskinstance.py", line 273, in _run_raw_task
    TaskInstance._execute_task_with_callbacks(
  File "/home/airflow/.local/lib/python3.11/site-packages/airflow/models/taskinstance.py", line 3158, in _execute_task_with_callbacks
    result = self._execute_task(context, task_orig)
             ^^^^^^^^^^^^^^^^^^^^^^^^^^^^^^^^^^^^^^
  File "/home/airflow/.local/lib/python3.11/site-packages/airflow/models/taskinstance.py", line 3182, in _execute_task
    return _execute_task(self, context, task_orig)
           ^^^^^^^^^^^^^^^^^^^^^^^^^^^^^^^^^^^^^^^
  File "/home/airflow/.local/lib/python3.11/site-packages/airflow/models/taskinstance.py", line 767, in _execute_task
    result = _execute_callable(context=context, **execute_callable_kwargs)
             ^^^^^^^^^^^^^^^^^^^^^^^^^^^^^^^^^^^^^^^^^^^^^^^^^^^^^^^^^^^^^
  File "/home/airflow/.local/lib/python3.11/site-packages/airflow/models/taskinstance.py", line 733, in _execute_callable
    return ExecutionCallableRunner(
           ^^^^^^^^^^^^^^^^^^^^^^^^
  File "/home/airflow/.local/lib/python3.11/site-packages/airflow/utils/operator_helpers.py", line 252, in run
    return self.func(*args, **kwargs)
           ^^^^^^^^^^^^^^^^^^^^^^^^^^
  File "/home/airflow/.local/lib/python3.11/site-packages/airflow/models/baseoperator.py", line 406, in wrapper
    return func(self, *args, **kwargs)
           ^^^^^^^^^^^^^^^^^^^^^^^^^^^
  File "/home/airflow/.local/lib/python3.11/site-packages/airflow/providers/standard/operators/bash.py", line 232, in execute
    raise AirflowException(
airflow.exceptions.AirflowException: Bash command failed. The command returned a non-zero exit code 125.
[2025-09-23T20:40:25.782+0000] {local_task_job_runner.py:266} INFO - Task exited with return code 1
[2025-09-23T20:40:25.801+0000] {local_task_job_runner.py:245} INFO - ::endgroup::
