2025-09-23 20:27:17,423 | INFO | Start run_id=e91d2f97db234513a2a5036a97c96803
2025-09-23 20:27:22,706 | INFO | CV acc mean=0.97906 std=0.02771
2025-09-23 20:27:23,916 | INFO | Test metrics: {'accuracy': 1.0, 'f1_macro': 1.0, 'balanced_accuracy': 1.0}
2025-09-23 20:27:24,080 | INFO | Confusion matrix:
[[12  0  0]
 [ 0 14  0]
 [ 0  0 10]]
2025-09-23 20:27:30,395 | INFO | Saved model: /opt/airflow/models/wine_model.pkl
2025-09-23 20:27:30,396 | INFO | Saved feature names: /opt/airflow/models/feature_names.pkl
2025-09-23 20:27:30,396 | INFO | MLflow artifact store: /opt/airflow/mlruns
2025-09-23 20:27:30,402 | INFO | Wrote metrics JSON: /opt/airflow/logs/last_metrics.json
2025-09-23 20:28:44,083 | INFO | Start run_id=0c1e71a8861c4475ad43b11f1a2e80cc
2025-09-23 20:28:49,533 | INFO | CV acc mean=0.97906 std=0.02771
2025-09-23 20:28:50,759 | INFO | Test metrics: {'accuracy': 1.0, 'f1_macro': 1.0, 'balanced_accuracy': 1.0}
2025-09-23 20:28:50,894 | INFO | Confusion matrix:
[[12  0  0]
 [ 0 14  0]
 [ 0  0 10]]
2025-09-23 20:28:56,325 | INFO | Saved model: /opt/airflow/models/wine_model.pkl
2025-09-23 20:28:56,326 | INFO | Saved feature names: /opt/airflow/models/feature_names.pkl
2025-09-23 20:28:56,326 | INFO | MLflow artifact store: /opt/airflow/mlruns
2025-09-23 20:28:56,328 | INFO | Wrote metrics JSON: /opt/airflow/logs/last_metrics.json
2025-09-23 20:30:11,658 | INFO | Start run_id=335aef2d993d420ab9b0275811e63e81
2025-09-23 20:30:16,826 | INFO | CV acc mean=0.97906 std=0.02771
2025-09-23 20:30:17,981 | INFO | Test metrics: {'accuracy': 1.0, 'f1_macro': 1.0, 'balanced_accuracy': 1.0}
2025-09-23 20:30:18,137 | INFO | Confusion matrix:
[[12  0  0]
 [ 0 14  0]
 [ 0  0 10]]
2025-09-23 20:30:23,595 | INFO | Saved model: /opt/airflow/models/wine_model.pkl
2025-09-23 20:30:23,596 | INFO | Saved feature names: /opt/airflow/models/feature_names.pkl
2025-09-23 20:30:23,597 | INFO | MLflow artifact store: /opt/airflow/mlruns
2025-09-23 20:30:23,599 | INFO | Wrote metrics JSON: /opt/airflow/logs/last_metrics.json
2025-09-23 20:35:09,696 | INFO | Start run_id=821997bd89c740b5b9435a9a1268cf22
2025-09-23 20:35:14,195 | INFO | CV acc mean=0.97906 std=0.02771
2025-09-23 20:35:15,298 | INFO | Test metrics: {'accuracy': 1.0, 'f1_macro': 1.0, 'balanced_accuracy': 1.0}
2025-09-23 20:35:15,440 | INFO | Confusion matrix:
[[12  0  0]
 [ 0 14  0]
 [ 0  0 10]]
2025-09-23 20:35:20,545 | INFO | Saved model: /opt/airflow/models/wine_model.pkl
2025-09-23 20:35:20,545 | INFO | Saved feature names: /opt/airflow/models/feature_names.pkl
2025-09-23 20:35:20,546 | INFO | MLflow artifact store: /opt/airflow/mlruns
2025-09-23 20:35:20,548 | INFO | Wrote metrics JSON: /opt/airflow/logs/last_metrics.json
2025-09-23 20:40:09,709 | INFO | Start run_id=e329f45b33d0473a8ff9cd892cab58e7
2025-09-23 20:40:14,772 | INFO | CV acc mean=0.97906 std=0.02771
2025-09-23 20:40:16,088 | INFO | Test metrics: {'accuracy': 1.0, 'f1_macro': 1.0, 'balanced_accuracy': 1.0}
2025-09-23 20:40:16,361 | INFO | Confusion matrix:
[[12  0  0]
 [ 0 14  0]
 [ 0  0 10]]
2025-09-23 20:40:22,156 | INFO | Saved model: /opt/airflow/models/wine_model.pkl
2025-09-23 20:40:22,157 | INFO | Saved feature names: /opt/airflow/models/feature_names.pkl
2025-09-23 20:40:22,157 | INFO | MLflow artifact store: /opt/airflow/mlruns
2025-09-23 20:40:22,160 | INFO | Wrote metrics JSON: /opt/airflow/logs/last_metrics.json
2025-09-23 20:45:10,425 | INFO | Start run_id=c3faad977373442a907f807dc9d7cb73
2025-09-23 20:45:15,356 | INFO | CV acc mean=0.97906 std=0.02771
2025-09-23 20:45:16,579 | INFO | Test metrics: {'accuracy': 1.0, 'f1_macro': 1.0, 'balanced_accuracy': 1.0}
2025-09-23 20:45:16,747 | INFO | Confusion matrix:
[[12  0  0]
 [ 0 14  0]
 [ 0  0 10]]
2025-09-23 20:45:22,124 | INFO | Saved model: /opt/airflow/models/wine_model.pkl
2025-09-23 20:45:22,125 | INFO | Saved feature names: /opt/airflow/models/feature_names.pkl
2025-09-23 20:45:22,126 | INFO | MLflow artifact store: /opt/airflow/mlruns
2025-09-23 20:45:22,129 | INFO | Wrote metrics JSON: /opt/airflow/logs/last_metrics.json
2025-09-23 20:51:47,646 | INFO | Start run_id=718e21bf491e49cf981c08dcb28b40d6
2025-09-23 20:51:53,349 | INFO | CV acc mean=0.97906 std=0.02771
2025-09-23 20:51:55,173 | INFO | Test metrics: {'accuracy': 1.0, 'f1_macro': 1.0, 'balanced_accuracy': 1.0}
2025-09-23 20:51:55,348 | INFO | Confusion matrix:
[[12  0  0]
 [ 0 14  0]
 [ 0  0 10]]
2025-09-23 20:52:01,788 | INFO | Saved model: /opt/airflow/models/wine_model.pkl
2025-09-23 20:52:01,789 | INFO | Saved feature names: /opt/airflow/models/feature_names.pkl
2025-09-23 20:52:01,789 | INFO | MLflow artifact store: /opt/airflow/mlruns
2025-09-23 20:52:01,791 | INFO | Wrote metrics JSON: /opt/airflow/logs/last_metrics.json
2025-09-23 20:55:10,238 | INFO | Start run_id=4facbfaa1671454194272cce0a7edeab
2025-09-23 20:55:14,888 | INFO | CV acc mean=0.97906 std=0.02771
2025-09-23 20:55:16,044 | INFO | Test metrics: {'accuracy': 1.0, 'f1_macro': 1.0, 'balanced_accuracy': 1.0}
2025-09-23 20:55:16,213 | INFO | Confusion matrix:
[[12  0  0]
 [ 0 14  0]
 [ 0  0 10]]
2025-09-24 08:41:50,786 | INFO | Start run_id=8f02bb9c173448b3872787fe2789ae24
2025-09-24 08:41:50,786 | INFO | Start run_id=66410e35bd2d45d4b0ae2179dc321fa8
2025-09-24 08:42:00,155 | INFO | CV acc mean=0.97906 std=0.02771
2025-09-24 08:42:00,561 | INFO | CV acc mean=0.97906 std=0.02771
2025-09-24 08:42:01,516 | INFO | Test metrics: {'accuracy': 1.0, 'f1_macro': 1.0, 'balanced_accuracy': 1.0}
2025-09-24 08:42:01,721 | INFO | Confusion matrix:
[[12  0  0]
 [ 0 14  0]
 [ 0  0 10]]
2025-09-24 08:42:01,913 | INFO | Test metrics: {'accuracy': 1.0, 'f1_macro': 1.0, 'balanced_accuracy': 1.0}
2025-09-24 08:42:02,155 | INFO | Confusion matrix:
[[12  0  0]
 [ 0 14  0]
 [ 0  0 10]]
2025-09-24 08:42:09,008 | INFO | Saved model: /opt/airflow/models/wine_model.pkl
2025-09-24 08:42:09,010 | INFO | Saved feature names: /opt/airflow/models/feature_names.pkl
2025-09-24 08:42:09,011 | INFO | MLflow artifact store: /opt/airflow/mlruns
2025-09-24 08:42:09,013 | INFO | Wrote metrics JSON: /opt/airflow/logs/last_metrics.json
2025-09-24 08:42:09,033 | INFO | Saved model: /opt/airflow/models/wine_model.pkl
2025-09-24 08:42:09,034 | INFO | Saved feature names: /opt/airflow/models/feature_names.pkl
2025-09-24 08:42:09,035 | INFO | MLflow artifact store: /opt/airflow/mlruns
2025-09-24 08:42:09,045 | INFO | Wrote metrics JSON: /opt/airflow/logs/last_metrics.json
2025-09-24 08:45:10,853 | INFO | Start run_id=a72b49a9ec1c4641ba839d03feee8f2d
2025-09-24 08:45:16,284 | INFO | CV acc mean=0.97906 std=0.02771
2025-09-24 08:45:17,445 | INFO | Test metrics: {'accuracy': 1.0, 'f1_macro': 1.0, 'balanced_accuracy': 1.0}
2025-09-24 08:45:17,589 | INFO | Confusion matrix:
[[12  0  0]
 [ 0 14  0]
 [ 0  0 10]]
2025-09-24 08:45:23,385 | INFO | Saved model: /opt/airflow/models/wine_model.pkl
2025-09-24 08:45:23,386 | INFO | Saved feature names: /opt/airflow/models/feature_names.pkl
2025-09-24 08:45:23,387 | INFO | MLflow artifact store: /opt/airflow/mlruns
2025-09-24 08:45:23,391 | INFO | Wrote metrics JSON: /opt/airflow/logs/last_metrics.json
2025-09-24 08:50:09,980 | INFO | Start run_id=a2da4f8e69d94d169892b688df841758
2025-09-24 08:50:15,335 | INFO | CV acc mean=0.97906 std=0.02771
2025-09-24 08:50:16,781 | INFO | Test metrics: {'accuracy': 1.0, 'f1_macro': 1.0, 'balanced_accuracy': 1.0}
2025-09-24 08:50:17,018 | INFO | Confusion matrix:
[[12  0  0]
 [ 0 14  0]
 [ 0  0 10]]
2025-09-24 08:50:22,714 | INFO | Saved model: /opt/airflow/models/wine_model.pkl
2025-09-24 08:50:22,715 | INFO | Saved feature names: /opt/airflow/models/feature_names.pkl
2025-09-24 08:50:22,716 | INFO | MLflow artifact store: /opt/airflow/mlruns
2025-09-24 08:50:22,718 | INFO | Wrote metrics JSON: /opt/airflow/logs/last_metrics.json
2025-09-24 08:55:13,453 | INFO | Start run_id=3eeed46ae58f44b3a24334ed62d16a87
2025-09-24 08:55:19,365 | INFO | CV acc mean=0.97906 std=0.02771
2025-09-24 08:55:20,770 | INFO | Test metrics: {'accuracy': 1.0, 'f1_macro': 1.0, 'balanced_accuracy': 1.0}
2025-09-24 08:55:20,915 | INFO | Confusion matrix:
[[12  0  0]
 [ 0 14  0]
 [ 0  0 10]]
2025-09-24 08:55:27,426 | INFO | Saved model: /opt/airflow/models/wine_model.pkl
2025-09-24 08:55:27,428 | INFO | Saved feature names: /opt/airflow/models/feature_names.pkl
2025-09-24 08:55:27,429 | INFO | MLflow artifact store: /opt/airflow/mlruns
2025-09-24 08:55:27,431 | INFO | Wrote metrics JSON: /opt/airflow/logs/last_metrics.json
