[2025-09-23T20:26:23.932+0000] {manager.py:483} INFO - Processing files using up to 2 processes at a time 
[2025-09-23T20:26:23.935+0000] {manager.py:484} INFO - Process each file at most once every 30 seconds
[2025-09-23T20:26:23.936+0000] {manager.py:485} INFO - Checking for new files in /opt/airflow/dags every 300 seconds
[2025-09-23T20:26:23.936+0000] {manager.py:821} INFO - Searching for files in /opt/airflow/dags
[2025-09-23T20:26:23.945+0000] {manager.py:824} INFO - There are 3 files in /opt/airflow/dags
[2025-09-23T20:26:24.111+0000] {manager.py:997} INFO - 
================================================================================
DAG File Processing Stats

File Path                               PID  Runtime      # DAGs    # Errors  Last Runtime    Last Run      Last # of DB Queries
------------------------------------  -----  ---------  --------  ----------  --------------  ----------  ----------------------
/opt/airflow/dags/wine_pipeline.py      167  0.03s             0           0                                                   0
/opt/airflow/dags/train_model.py                               0           0                                                   0
/opt/airflow/dags/data_processing.py    164  0.05s             0           0                                                   0
================================================================================
[2025-09-23T20:26:54.318+0000] {manager.py:997} INFO - 
================================================================================
DAG File Processing Stats

File Path                             PID    Runtime      # DAGs    # Errors  Last Runtime    Last Run               Last # of DB Queries
------------------------------------  -----  ---------  --------  ----------  --------------  -------------------  ----------------------
/opt/airflow/dags/wine_pipeline.py                             2           0  2.99s           2025-09-23T20:26:27                      37
/opt/airflow/dags/data_processing.py                           1           0  2.67s           2025-09-23T20:26:26                      12
/opt/airflow/dags/train_model.py                               1           0  1.56s           2025-09-23T20:26:28                      12
================================================================================
[2025-09-23T20:27:24.338+0000] {manager.py:997} INFO - 
================================================================================
DAG File Processing Stats

File Path                             PID    Runtime      # DAGs    # Errors  Last Runtime    Last Run               Last # of DB Queries
------------------------------------  -----  ---------  --------  ----------  --------------  -------------------  ----------------------
/opt/airflow/dags/data_processing.py                           1           0  1.76s           2025-09-23T20:26:59                      34
/opt/airflow/dags/wine_pipeline.py                             2           0  1.69s           2025-09-23T20:26:59                      15
/opt/airflow/dags/train_model.py                               1           0  1.34s           2025-09-23T20:27:00                      12
================================================================================
[2025-09-23T20:27:54.801+0000] {manager.py:997} INFO - 
================================================================================
DAG File Processing Stats

File Path                             PID    Runtime      # DAGs    # Errors  Last Runtime    Last Run               Last # of DB Queries
------------------------------------  -----  ---------  --------  ----------  --------------  -------------------  ----------------------
/opt/airflow/dags/wine_pipeline.py                             2           0  2.20s           2025-09-23T20:27:31                      37
/opt/airflow/dags/data_processing.py                           1           0  1.97s           2025-09-23T20:27:31                      12
/opt/airflow/dags/train_model.py                               1           0  1.34s           2025-09-23T20:27:32                      12
================================================================================
[2025-09-23T20:28:25.574+0000] {manager.py:997} INFO - 
================================================================================
DAG File Processing Stats

File Path                             PID    Runtime      # DAGs    # Errors  Last Runtime    Last Run               Last # of DB Queries
------------------------------------  -----  ---------  --------  ----------  --------------  -------------------  ----------------------
/opt/airflow/dags/data_processing.py                           1           0  1.50s           2025-09-23T20:28:03                      34
/opt/airflow/dags/wine_pipeline.py                             2           0  1.41s           2025-09-23T20:28:03                      15
/opt/airflow/dags/train_model.py                               1           0  1.16s           2025-09-23T20:28:04                      12
================================================================================
[2025-09-23T20:28:56.453+0000] {manager.py:997} INFO - 
================================================================================
DAG File Processing Stats

File Path                             PID    Runtime      # DAGs    # Errors  Last Runtime    Last Run               Last # of DB Queries
------------------------------------  -----  ---------  --------  ----------  --------------  -------------------  ----------------------
/opt/airflow/dags/wine_pipeline.py                             2           0  1.59s           2025-09-23T20:28:35                      37
/opt/airflow/dags/data_processing.py                           1           0  1.47s           2025-09-23T20:28:35                      12
/opt/airflow/dags/train_model.py                               1           0  1.24s           2025-09-23T20:28:36                      12
================================================================================
[2025-09-23T20:29:26.548+0000] {manager.py:997} INFO - 
================================================================================
DAG File Processing Stats

File Path                             PID    Runtime      # DAGs    # Errors  Last Runtime    Last Run               Last # of DB Queries
------------------------------------  -----  ---------  --------  ----------  --------------  -------------------  ----------------------
/opt/airflow/dags/data_processing.py                           1           0  1.83s           2025-09-23T20:29:07                      34
/opt/airflow/dags/wine_pipeline.py                             2           0  1.73s           2025-09-23T20:29:07                      15
/opt/airflow/dags/train_model.py                               1           0  1.23s           2025-09-23T20:29:08                      12
================================================================================
[2025-09-23T20:29:57.371+0000] {manager.py:997} INFO - 
================================================================================
DAG File Processing Stats

File Path                             PID    Runtime      # DAGs    # Errors  Last Runtime    Last Run               Last # of DB Queries
------------------------------------  -----  ---------  --------  ----------  --------------  -------------------  ----------------------
/opt/airflow/dags/wine_pipeline.py                             2           0  1.54s           2025-09-23T20:29:39                      37
/opt/airflow/dags/data_processing.py                           1           0  1.41s           2025-09-23T20:29:39                      12
/opt/airflow/dags/train_model.py                               1           0  1.28s           2025-09-23T20:29:40                      12
================================================================================
[2025-09-23T20:30:27.570+0000] {manager.py:997} INFO - 
================================================================================
DAG File Processing Stats

File Path                             PID    Runtime      # DAGs    # Errors  Last Runtime    Last Run               Last # of DB Queries
------------------------------------  -----  ---------  --------  ----------  --------------  -------------------  ----------------------
/opt/airflow/dags/train_model.py                               1           0  2.44s           2025-09-23T20:30:13                      12
/opt/airflow/dags/data_processing.py                           1           0  1.61s           2025-09-23T20:30:11                      34
/opt/airflow/dags/wine_pipeline.py                             2           0  1.51s           2025-09-23T20:30:10                      15
================================================================================
[2025-09-23T20:30:58.007+0000] {manager.py:997} INFO - 
================================================================================
DAG File Processing Stats

File Path                             PID    Runtime      # DAGs    # Errors  Last Runtime    Last Run               Last # of DB Queries
------------------------------------  -----  ---------  --------  ----------  --------------  -------------------  ----------------------
/opt/airflow/dags/wine_pipeline.py                             2           0  1.46s           2025-09-23T20:30:42                      37
/opt/airflow/dags/train_model.py                               1           0  1.37s           2025-09-23T20:30:45                      12
/opt/airflow/dags/data_processing.py                           1           0  1.36s           2025-09-23T20:30:42                      12
================================================================================
[2025-09-23T20:31:24.349+0000] {manager.py:821} INFO - Searching for files in /opt/airflow/dags
[2025-09-23T20:31:24.366+0000] {manager.py:824} INFO - There are 3 files in /opt/airflow/dags
[2025-09-23T20:31:28.417+0000] {manager.py:997} INFO - 
================================================================================
DAG File Processing Stats

File Path                             PID    Runtime      # DAGs    # Errors  Last Runtime    Last Run               Last # of DB Queries
------------------------------------  -----  ---------  --------  ----------  --------------  -------------------  ----------------------
/opt/airflow/dags/data_processing.py                           1           0  2.12s           2025-09-23T20:31:15                      34
/opt/airflow/dags/wine_pipeline.py                             2           0  2.05s           2025-09-23T20:31:15                      15
/opt/airflow/dags/train_model.py                               1           0  1.39s           2025-09-23T20:31:16                      12
================================================================================
[2025-09-23T20:31:58.462+0000] {manager.py:997} INFO - 
================================================================================
DAG File Processing Stats

File Path                             PID    Runtime      # DAGs    # Errors  Last Runtime    Last Run               Last # of DB Queries
------------------------------------  -----  ---------  --------  ----------  --------------  -------------------  ----------------------
/opt/airflow/dags/wine_pipeline.py                             2           0  1.72s           2025-09-23T20:31:47                      37
/opt/airflow/dags/train_model.py                               1           0  1.69s           2025-09-23T20:31:48                      12
/opt/airflow/dags/data_processing.py                           1           0  1.61s           2025-09-23T20:31:47                      12
================================================================================
[2025-09-23T20:32:28.643+0000] {manager.py:997} INFO - 
================================================================================
DAG File Processing Stats

File Path                             PID    Runtime      # DAGs    # Errors  Last Runtime    Last Run               Last # of DB Queries
------------------------------------  -----  ---------  --------  ----------  --------------  -------------------  ----------------------
/opt/airflow/dags/data_processing.py                           1           0  1.74s           2025-09-23T20:32:19                      34
/opt/airflow/dags/wine_pipeline.py                             2           0  1.62s           2025-09-23T20:32:19                      15
/opt/airflow/dags/train_model.py                               1           0  1.30s           2025-09-23T20:32:20                      12
================================================================================
[2025-09-23T20:32:58.869+0000] {manager.py:997} INFO - 
================================================================================
DAG File Processing Stats

File Path                             PID    Runtime      # DAGs    # Errors  Last Runtime    Last Run               Last # of DB Queries
------------------------------------  -----  ---------  --------  ----------  --------------  -------------------  ----------------------
/opt/airflow/dags/wine_pipeline.py                             2           0  1.79s           2025-09-23T20:32:51                      37
/opt/airflow/dags/data_processing.py                           1           0  1.64s           2025-09-23T20:32:51                      12
/opt/airflow/dags/train_model.py                               1           0  1.46s           2025-09-23T20:32:52                      12
================================================================================
[2025-09-23T20:33:29.319+0000] {manager.py:997} INFO - 
================================================================================
DAG File Processing Stats

File Path                             PID    Runtime      # DAGs    # Errors  Last Runtime    Last Run               Last # of DB Queries
------------------------------------  -----  ---------  --------  ----------  --------------  -------------------  ----------------------
/opt/airflow/dags/data_processing.py                           1           0  1.55s           2025-09-23T20:33:23                      34
/opt/airflow/dags/wine_pipeline.py                             2           0  1.45s           2025-09-23T20:33:23                      15
/opt/airflow/dags/train_model.py                               1           0  1.27s           2025-09-23T20:33:24                      12
================================================================================
[2025-09-23T20:34:00.064+0000] {manager.py:997} INFO - 
================================================================================
DAG File Processing Stats

File Path                             PID    Runtime      # DAGs    # Errors  Last Runtime    Last Run               Last # of DB Queries
------------------------------------  -----  ---------  --------  ----------  --------------  -------------------  ----------------------
/opt/airflow/dags/wine_pipeline.py                             2           0  1.50s           2025-09-23T20:33:55                      37
/opt/airflow/dags/data_processing.py                           1           0  1.38s           2025-09-23T20:33:54                      12
/opt/airflow/dags/train_model.py                               1           0  1.23s           2025-09-23T20:33:56                      12
================================================================================
[2025-09-23T20:34:30.712+0000] {manager.py:997} INFO - 
================================================================================
DAG File Processing Stats

File Path                             PID    Runtime      # DAGs    # Errors  Last Runtime    Last Run               Last # of DB Queries
------------------------------------  -----  ---------  --------  ----------  --------------  -------------------  ----------------------
/opt/airflow/dags/data_processing.py                           1           0  1.40s           2025-09-23T20:34:26                      34
/opt/airflow/dags/wine_pipeline.py                             2           0  1.31s           2025-09-23T20:34:26                      15
/opt/airflow/dags/train_model.py                               1           0  1.16s           2025-09-23T20:34:27                      12
================================================================================
[2025-09-23T20:35:01.393+0000] {manager.py:997} INFO - 
================================================================================
DAG File Processing Stats

File Path                             PID    Runtime      # DAGs    # Errors  Last Runtime    Last Run               Last # of DB Queries
------------------------------------  -----  ---------  --------  ----------  --------------  -------------------  ----------------------
/opt/airflow/dags/wine_pipeline.py                             2           0  1.43s           2025-09-23T20:34:58                      37
/opt/airflow/dags/data_processing.py                           1           0  1.31s           2025-09-23T20:34:58                      12
/opt/airflow/dags/train_model.py                               1           0  1.17s           2025-09-23T20:34:59                      12
================================================================================
[2025-09-23T20:35:32.035+0000] {manager.py:997} INFO - 
================================================================================
DAG File Processing Stats

File Path                             PID    Runtime      # DAGs    # Errors  Last Runtime    Last Run               Last # of DB Queries
------------------------------------  -----  ---------  --------  ----------  --------------  -------------------  ----------------------
/opt/airflow/dags/data_processing.py                           1           0  1.39s           2025-09-23T20:35:30                      34
/opt/airflow/dags/wine_pipeline.py                             2           0  1.34s           2025-09-23T20:35:29                      15
/opt/airflow/dags/train_model.py                               1           0  1.14s           2025-09-23T20:35:31                      12
================================================================================
[2025-09-23T20:36:02.608+0000] {manager.py:997} INFO - 
================================================================================
DAG File Processing Stats

File Path                               PID  Runtime      # DAGs    # Errors  Last Runtime    Last Run               Last # of DB Queries
------------------------------------  -----  ---------  --------  ----------  --------------  -------------------  ----------------------
/opt/airflow/dags/wine_pipeline.py                             2           0  1.44s           2025-09-23T20:36:01                      37
/opt/airflow/dags/data_processing.py                           1           0  1.31s           2025-09-23T20:36:01                      12
/opt/airflow/dags/train_model.py       1985  1.01s             1           0  1.14s           2025-09-23T20:35:31                      12
================================================================================
[2025-09-23T20:36:24.925+0000] {manager.py:821} INFO - Searching for files in /opt/airflow/dags
[2025-09-23T20:36:24.947+0000] {manager.py:824} INFO - There are 3 files in /opt/airflow/dags
[2025-09-23T20:36:33.044+0000] {manager.py:997} INFO - 
================================================================================
DAG File Processing Stats

File Path                               PID  Runtime      # DAGs    # Errors  Last Runtime    Last Run               Last # of DB Queries
------------------------------------  -----  ---------  --------  ----------  --------------  -------------------  ----------------------
/opt/airflow/dags/wine_pipeline.py     2017  1.01s             2           0  1.44s           2025-09-23T20:36:01                      37
/opt/airflow/dags/data_processing.py   2014  1.02s             1           0  1.31s           2025-09-23T20:36:01                      12
/opt/airflow/dags/train_model.py                               1           0  1.16s           2025-09-23T20:36:02                      12
================================================================================
[2025-09-23T20:37:03.707+0000] {manager.py:997} INFO - 
================================================================================
DAG File Processing Stats

File Path                               PID  Runtime      # DAGs    # Errors  Last Runtime    Last Run               Last # of DB Queries
------------------------------------  -----  ---------  --------  ----------  --------------  -------------------  ----------------------
/opt/airflow/dags/data_processing.py   2048  0.02s             1           0  1.41s           2025-09-23T20:36:33                      34
/opt/airflow/dags/wine_pipeline.py     2051  0.01s             2           0  1.35s           2025-09-23T20:36:33                      15
/opt/airflow/dags/train_model.py                               1           0  1.13s           2025-09-23T20:36:34                      12
================================================================================
[2025-09-23T20:37:34.420+0000] {manager.py:997} INFO - 
================================================================================
DAG File Processing Stats

File Path                             PID    Runtime      # DAGs    # Errors  Last Runtime    Last Run               Last # of DB Queries
------------------------------------  -----  ---------  --------  ----------  --------------  -------------------  ----------------------
/opt/airflow/dags/wine_pipeline.py                             2           0  1.47s           2025-09-23T20:37:05                      37
/opt/airflow/dags/data_processing.py                           1           0  1.35s           2025-09-23T20:37:05                      12
/opt/airflow/dags/train_model.py                               1           0  1.20s           2025-09-23T20:37:06                      12
================================================================================
[2025-09-23T20:38:05.169+0000] {manager.py:997} INFO - 
================================================================================
DAG File Processing Stats

File Path                             PID    Runtime      # DAGs    # Errors  Last Runtime    Last Run               Last # of DB Queries
------------------------------------  -----  ---------  --------  ----------  --------------  -------------------  ----------------------
/opt/airflow/dags/data_processing.py                           1           0  2.49s           2025-09-23T20:37:37                      34
/opt/airflow/dags/wine_pipeline.py                             2           0  2.44s           2025-09-23T20:37:37                      15
/opt/airflow/dags/train_model.py                               1           0  1.24s           2025-09-23T20:37:39                      12
================================================================================
[2025-09-23T20:38:35.276+0000] {manager.py:997} INFO - 
================================================================================
DAG File Processing Stats

File Path                             PID    Runtime      # DAGs    # Errors  Last Runtime    Last Run               Last # of DB Queries
------------------------------------  -----  ---------  --------  ----------  --------------  -------------------  ----------------------
/opt/airflow/dags/wine_pipeline.py                             2           0  1.62s           2025-09-23T20:38:09                      37
/opt/airflow/dags/data_processing.py                           1           0  1.47s           2025-09-23T20:38:09                      12
/opt/airflow/dags/train_model.py                               1           0  1.42s           2025-09-23T20:38:11                      12
================================================================================
[2025-09-23T20:39:05.770+0000] {manager.py:997} INFO - 
================================================================================
DAG File Processing Stats

File Path                             PID    Runtime      # DAGs    # Errors  Last Runtime    Last Run               Last # of DB Queries
------------------------------------  -----  ---------  --------  ----------  --------------  -------------------  ----------------------
/opt/airflow/dags/data_processing.py                           1           0  1.49s           2025-09-23T20:38:41                      34
/opt/airflow/dags/wine_pipeline.py                             2           0  1.41s           2025-09-23T20:38:41                      15
/opt/airflow/dags/train_model.py                               1           0  1.23s           2025-09-23T20:38:42                      12
================================================================================
[2025-09-23T20:39:36.660+0000] {manager.py:997} INFO - 
================================================================================
DAG File Processing Stats

File Path                             PID    Runtime      # DAGs    # Errors  Last Runtime    Last Run               Last # of DB Queries
------------------------------------  -----  ---------  --------  ----------  --------------  -------------------  ----------------------
/opt/airflow/dags/wine_pipeline.py                             2           0  1.62s           2025-09-23T20:39:13                      37
/opt/airflow/dags/data_processing.py                           1           0  1.46s           2025-09-23T20:39:13                      12
/opt/airflow/dags/train_model.py                               1           0  1.25s           2025-09-23T20:39:14                      12
================================================================================
[2025-09-23T20:40:07.384+0000] {manager.py:997} INFO - 
================================================================================
DAG File Processing Stats

File Path                             PID    Runtime      # DAGs    # Errors  Last Runtime    Last Run               Last # of DB Queries
------------------------------------  -----  ---------  --------  ----------  --------------  -------------------  ----------------------
/opt/airflow/dags/data_processing.py                           1           0  1.48s           2025-09-23T20:39:45                      34
/opt/airflow/dags/wine_pipeline.py                             2           0  1.42s           2025-09-23T20:39:45                      15
/opt/airflow/dags/train_model.py                               1           0  1.31s           2025-09-23T20:39:46                      12
================================================================================
[2025-09-23T20:40:37.511+0000] {manager.py:997} INFO - 
================================================================================
DAG File Processing Stats

File Path                             PID    Runtime      # DAGs    # Errors  Last Runtime    Last Run               Last # of DB Queries
------------------------------------  -----  ---------  --------  ----------  --------------  -------------------  ----------------------
/opt/airflow/dags/wine_pipeline.py                             2           0  1.86s           2025-09-23T20:40:17                      37
/opt/airflow/dags/data_processing.py                           1           0  1.70s           2025-09-23T20:40:17                      12
/opt/airflow/dags/train_model.py                               1           0  1.36s           2025-09-23T20:40:18                      12
================================================================================
[2025-09-23T20:41:07.592+0000] {manager.py:997} INFO - 
================================================================================
DAG File Processing Stats

File Path                             PID    Runtime      # DAGs    # Errors  Last Runtime    Last Run               Last # of DB Queries
------------------------------------  -----  ---------  --------  ----------  --------------  -------------------  ----------------------
/opt/airflow/dags/data_processing.py                           1           0  1.64s           2025-09-23T20:40:49                      34
/opt/airflow/dags/wine_pipeline.py                             2           0  1.57s           2025-09-23T20:40:49                      15
/opt/airflow/dags/train_model.py                               1           0  1.26s           2025-09-23T20:40:50                      12
================================================================================
[2025-09-23T20:41:25.095+0000] {manager.py:821} INFO - Searching for files in /opt/airflow/dags
[2025-09-23T20:41:25.117+0000] {manager.py:824} INFO - There are 3 files in /opt/airflow/dags
[2025-09-23T20:41:38.242+0000] {manager.py:997} INFO - 
================================================================================
DAG File Processing Stats

File Path                             PID    Runtime      # DAGs    # Errors  Last Runtime    Last Run               Last # of DB Queries
------------------------------------  -----  ---------  --------  ----------  --------------  -------------------  ----------------------
/opt/airflow/dags/wine_pipeline.py                             2           0  1.56s           2025-09-23T20:41:21                      37
/opt/airflow/dags/data_processing.py                           1           0  1.43s           2025-09-23T20:41:20                      12
/opt/airflow/dags/train_model.py                               1           0  1.24s           2025-09-23T20:41:22                      12
================================================================================
[2025-09-23T20:42:09.023+0000] {manager.py:997} INFO - 
================================================================================
DAG File Processing Stats

File Path                             PID    Runtime      # DAGs    # Errors  Last Runtime    Last Run               Last # of DB Queries
------------------------------------  -----  ---------  --------  ----------  --------------  -------------------  ----------------------
/opt/airflow/dags/data_processing.py                           1           0  1.52s           2025-09-23T20:41:52                      34
/opt/airflow/dags/wine_pipeline.py                             2           0  1.41s           2025-09-23T20:41:52                      15
/opt/airflow/dags/train_model.py                               1           0  1.33s           2025-09-23T20:41:54                      12
================================================================================
[2025-09-23T20:42:39.828+0000] {manager.py:997} INFO - 
================================================================================
DAG File Processing Stats

File Path                             PID    Runtime      # DAGs    # Errors  Last Runtime    Last Run               Last # of DB Queries
------------------------------------  -----  ---------  --------  ----------  --------------  -------------------  ----------------------
/opt/airflow/dags/wine_pipeline.py                             2           0  1.53s           2025-09-23T20:42:24                      37
/opt/airflow/dags/data_processing.py                           1           0  1.42s           2025-09-23T20:42:24                      12
/opt/airflow/dags/train_model.py                               1           0  1.25s           2025-09-23T20:42:25                      12
================================================================================
[2025-09-23T20:43:10.390+0000] {manager.py:997} INFO - 
================================================================================
DAG File Processing Stats

File Path                             PID    Runtime      # DAGs    # Errors  Last Runtime    Last Run               Last # of DB Queries
------------------------------------  -----  ---------  --------  ----------  --------------  -------------------  ----------------------
/opt/airflow/dags/train_model.py                               1           0  1.70s           2025-09-23T20:42:58                      12
/opt/airflow/dags/data_processing.py                           1           0  1.69s           2025-09-23T20:42:56                      34
/opt/airflow/dags/wine_pipeline.py                             2           0  1.61s           2025-09-23T20:42:56                      15
================================================================================
[2025-09-23T20:43:40.608+0000] {manager.py:997} INFO - 
================================================================================
DAG File Processing Stats

File Path                             PID    Runtime      # DAGs    # Errors  Last Runtime    Last Run               Last # of DB Queries
------------------------------------  -----  ---------  --------  ----------  --------------  -------------------  ----------------------
/opt/airflow/dags/wine_pipeline.py                             2           0  1.58s           2025-09-23T20:43:28                      37
/opt/airflow/dags/data_processing.py                           1           0  1.43s           2025-09-23T20:43:28                      12
/opt/airflow/dags/train_model.py                               1           0  1.31s           2025-09-23T20:43:29                      12
================================================================================
[2025-09-23T20:44:10.611+0000] {manager.py:997} INFO - 
================================================================================
DAG File Processing Stats

File Path                             PID    Runtime      # DAGs    # Errors  Last Runtime    Last Run               Last # of DB Queries
------------------------------------  -----  ---------  --------  ----------  --------------  -------------------  ----------------------
/opt/airflow/dags/data_processing.py                           1           0  1.55s           2025-09-23T20:44:00                      34
/opt/airflow/dags/wine_pipeline.py                             2           0  1.48s           2025-09-23T20:44:00                      15
/opt/airflow/dags/train_model.py                               1           0  1.27s           2025-09-23T20:44:01                      12
================================================================================
[2025-09-23T20:44:41.248+0000] {manager.py:997} INFO - 
================================================================================
DAG File Processing Stats

File Path                             PID    Runtime      # DAGs    # Errors  Last Runtime    Last Run               Last # of DB Queries
------------------------------------  -----  ---------  --------  ----------  --------------  -------------------  ----------------------
/opt/airflow/dags/wine_pipeline.py                             2           0  1.56s           2025-09-23T20:44:32                      37
/opt/airflow/dags/data_processing.py                           1           0  1.42s           2025-09-23T20:44:32                      12
/opt/airflow/dags/train_model.py                               1           0  1.27s           2025-09-23T20:44:33                      12
================================================================================
[2025-09-23T20:45:11.468+0000] {manager.py:997} INFO - 
================================================================================
DAG File Processing Stats

File Path                             PID    Runtime      # DAGs    # Errors  Last Runtime    Last Run               Last # of DB Queries
------------------------------------  -----  ---------  --------  ----------  --------------  -------------------  ----------------------
/opt/airflow/dags/data_processing.py                           1           0  1.67s           2025-09-23T20:45:04                      34
/opt/airflow/dags/wine_pipeline.py                             2           0  1.62s           2025-09-23T20:45:04                      15
/opt/airflow/dags/train_model.py                               1           0  1.36s           2025-09-23T20:45:05                      12
================================================================================
[2025-09-23T20:45:42.010+0000] {manager.py:997} INFO - 
================================================================================
DAG File Processing Stats

File Path                             PID    Runtime      # DAGs    # Errors  Last Runtime    Last Run               Last # of DB Queries
------------------------------------  -----  ---------  --------  ----------  --------------  -------------------  ----------------------
/opt/airflow/dags/wine_pipeline.py                             2           0  1.56s           2025-09-23T20:45:35                      37
/opt/airflow/dags/data_processing.py                           1           0  1.42s           2025-09-23T20:45:35                      12
/opt/airflow/dags/train_model.py                               1           0  1.34s           2025-09-23T20:45:37                      12
================================================================================
[2025-09-23T20:46:12.763+0000] {manager.py:997} INFO - 
================================================================================
DAG File Processing Stats

File Path                             PID    Runtime      # DAGs    # Errors  Last Runtime    Last Run               Last # of DB Queries
------------------------------------  -----  ---------  --------  ----------  --------------  -------------------  ----------------------
/opt/airflow/dags/data_processing.py                           1           0  1.50s           2025-09-23T20:46:07                      34
/opt/airflow/dags/wine_pipeline.py                             2           0  1.45s           2025-09-23T20:46:07                      15
/opt/airflow/dags/train_model.py                               1           0  1.30s           2025-09-23T20:46:08                      12
================================================================================
[2025-09-23T20:46:25.101+0000] {manager.py:821} INFO - Searching for files in /opt/airflow/dags
[2025-09-23T20:46:25.114+0000] {manager.py:824} INFO - There are 3 files in /opt/airflow/dags
[2025-09-23T20:46:43.573+0000] {manager.py:997} INFO - 
================================================================================
DAG File Processing Stats

File Path                             PID    Runtime      # DAGs    # Errors  Last Runtime    Last Run               Last # of DB Queries
------------------------------------  -----  ---------  --------  ----------  --------------  -------------------  ----------------------
/opt/airflow/dags/wine_pipeline.py                             2           0  1.56s           2025-09-23T20:46:39                      37
/opt/airflow/dags/data_processing.py                           1           0  1.42s           2025-09-23T20:46:39                      12
/opt/airflow/dags/train_model.py                               1           0  1.24s           2025-09-23T20:46:40                      12
================================================================================
[2025-09-23T20:47:14.331+0000] {manager.py:997} INFO - 
================================================================================
DAG File Processing Stats

File Path                             PID    Runtime      # DAGs    # Errors  Last Runtime    Last Run               Last # of DB Queries
------------------------------------  -----  ---------  --------  ----------  --------------  -------------------  ----------------------
/opt/airflow/dags/data_processing.py                           1           0  1.50s           2025-09-23T20:47:11                      34
/opt/airflow/dags/wine_pipeline.py                             2           0  1.42s           2025-09-23T20:47:11                      15
/opt/airflow/dags/train_model.py                               1           0  1.26s           2025-09-23T20:47:12                      12
================================================================================
[2025-09-23T20:47:44.349+0000] {manager.py:997} INFO - 
================================================================================
DAG File Processing Stats

File Path                             PID    Runtime      # DAGs    # Errors  Last Runtime    Last Run               Last # of DB Queries
------------------------------------  -----  ---------  --------  ----------  --------------  -------------------  ----------------------
/opt/airflow/dags/wine_pipeline.py                             2           0  1.63s           2025-09-23T20:47:43                      37
/opt/airflow/dags/data_processing.py                           1           0  1.47s           2025-09-23T20:47:43                      12
/opt/airflow/dags/train_model.py                               1           0  1.30s           2025-09-23T20:47:44                      12
================================================================================
[2025-09-23T20:48:14.494+0000] {manager.py:997} INFO - 
================================================================================
DAG File Processing Stats

File Path                               PID  Runtime      # DAGs    # Errors  Last Runtime    Last Run               Last # of DB Queries
------------------------------------  -----  ---------  --------  ----------  --------------  -------------------  ----------------------
/opt/airflow/dags/wine_pipeline.py     3461  1.01s             2           0  1.63s           2025-09-23T20:47:43                      37
/opt/airflow/dags/data_processing.py   3458  1.02s             1           0  1.47s           2025-09-23T20:47:43                      12
/opt/airflow/dags/train_model.py                               1           0  1.30s           2025-09-23T20:47:44                      12
================================================================================
[2025-09-23T20:48:45.158+0000] {manager.py:997} INFO - 
================================================================================
DAG File Processing Stats

File Path                               PID  Runtime      # DAGs    # Errors  Last Runtime    Last Run               Last # of DB Queries
------------------------------------  -----  ---------  --------  ----------  --------------  -------------------  ----------------------
/opt/airflow/dags/data_processing.py   3513  0.02s             1           0  1.41s           2025-09-23T20:48:14                      34
/opt/airflow/dags/wine_pipeline.py     3516  0.01s             2           0  1.33s           2025-09-23T20:48:14                      15
/opt/airflow/dags/train_model.py                               1           0  1.17s           2025-09-23T20:48:15                      12
================================================================================
[2025-09-23T20:49:02.091+0000] {manager.py:465} INFO - Exiting gracefully upon receiving signal 15
[2025-09-23T20:51:34.997+0000] {manager.py:483} INFO - Processing files using up to 2 processes at a time 
[2025-09-23T20:51:34.999+0000] {manager.py:484} INFO - Process each file at most once every 30 seconds
[2025-09-23T20:51:35.000+0000] {manager.py:485} INFO - Checking for new files in /opt/airflow/dags every 300 seconds
[2025-09-23T20:51:35.001+0000] {manager.py:821} INFO - Searching for files in /opt/airflow/dags
[2025-09-23T20:51:35.028+0000] {manager.py:824} INFO - There are 3 files in /opt/airflow/dags
[2025-09-23T20:51:35.182+0000] {manager.py:997} INFO - 
================================================================================
DAG File Processing Stats

File Path                               PID  Runtime      # DAGs    # Errors  Last Runtime    Last Run      Last # of DB Queries
------------------------------------  -----  ---------  --------  ----------  --------------  ----------  ----------------------
/opt/airflow/dags/wine_pipeline.py      166  0.03s             0           0                                                   0
/opt/airflow/dags/train_model.py                               0           0                                                   0
/opt/airflow/dags/data_processing.py    163  0.04s             0           0                                                   0
================================================================================
[2025-09-23T20:52:05.559+0000] {manager.py:997} INFO - 
================================================================================
DAG File Processing Stats

File Path                             PID    Runtime      # DAGs    # Errors  Last Runtime    Last Run               Last # of DB Queries
------------------------------------  -----  ---------  --------  ----------  --------------  -------------------  ----------------------
/opt/airflow/dags/data_processing.py                           1           0  3.60s           2025-09-23T20:51:38                      34
/opt/airflow/dags/wine_pipeline.py                             2           0  3.25s           2025-09-23T20:51:38                      15
/opt/airflow/dags/train_model.py                               1           0  1.93s           2025-09-23T20:51:40                      12
================================================================================
[2025-09-23T20:52:36.489+0000] {manager.py:997} INFO - 
================================================================================
DAG File Processing Stats

File Path                             PID    Runtime      # DAGs    # Errors  Last Runtime    Last Run               Last # of DB Queries
------------------------------------  -----  ---------  --------  ----------  --------------  -------------------  ----------------------
/opt/airflow/dags/wine_pipeline.py                             2           0  2.39s           2025-09-23T20:52:10                      37
/opt/airflow/dags/data_processing.py                           1           0  2.12s           2025-09-23T20:52:11                      11
/opt/airflow/dags/train_model.py                               1           0  1.22s           2025-09-23T20:52:12                      12
================================================================================
[2025-09-23T20:53:06.933+0000] {manager.py:997} INFO - 
================================================================================
DAG File Processing Stats

File Path                             PID    Runtime      # DAGs    # Errors  Last Runtime    Last Run               Last # of DB Queries
------------------------------------  -----  ---------  --------  ----------  --------------  -------------------  ----------------------
/opt/airflow/dags/train_model.py                               1           0  1.79s           2025-09-23T20:52:44                      12
/opt/airflow/dags/data_processing.py                           1           0  1.52s           2025-09-23T20:52:43                      34
/opt/airflow/dags/wine_pipeline.py                             2           0  1.39s           2025-09-23T20:52:42                      15
================================================================================
[2025-09-23T20:53:37.124+0000] {manager.py:997} INFO - 
================================================================================
DAG File Processing Stats

File Path                             PID    Runtime      # DAGs    # Errors  Last Runtime    Last Run               Last # of DB Queries
------------------------------------  -----  ---------  --------  ----------  --------------  -------------------  ----------------------
/opt/airflow/dags/wine_pipeline.py                             2           0  2.38s           2025-09-23T20:53:15                      37
/opt/airflow/dags/data_processing.py                           1           0  2.27s           2025-09-23T20:53:15                      11
/opt/airflow/dags/train_model.py                               1           0  1.56s           2025-09-23T20:53:16                      12
================================================================================
[2025-09-23T20:54:07.661+0000] {manager.py:997} INFO - 
================================================================================
DAG File Processing Stats

File Path                             PID    Runtime      # DAGs    # Errors  Last Runtime    Last Run               Last # of DB Queries
------------------------------------  -----  ---------  --------  ----------  --------------  -------------------  ----------------------
/opt/airflow/dags/data_processing.py                           1           0  1.58s           2025-09-23T20:53:47                      34
/opt/airflow/dags/wine_pipeline.py                             2           0  1.47s           2025-09-23T20:53:47                      15
/opt/airflow/dags/train_model.py                               1           0  1.25s           2025-09-23T20:53:48                      12
================================================================================
[2025-09-23T20:54:37.753+0000] {manager.py:997} INFO - 
================================================================================
DAG File Processing Stats

File Path                             PID    Runtime      # DAGs    # Errors  Last Runtime    Last Run               Last # of DB Queries
------------------------------------  -----  ---------  --------  ----------  --------------  -------------------  ----------------------
/opt/airflow/dags/wine_pipeline.py                             2           0  2.30s           2025-09-23T20:54:20                      37
/opt/airflow/dags/data_processing.py                           1           0  2.02s           2025-09-23T20:54:19                      12
/opt/airflow/dags/train_model.py                               1           0  1.84s           2025-09-23T20:54:21                      12
================================================================================
[2025-09-23T20:55:07.887+0000] {manager.py:997} INFO - 
================================================================================
DAG File Processing Stats

File Path                             PID    Runtime      # DAGs    # Errors  Last Runtime    Last Run               Last # of DB Queries
------------------------------------  -----  ---------  --------  ----------  --------------  -------------------  ----------------------
/opt/airflow/dags/data_processing.py                           1           0  1.51s           2025-09-23T20:54:51                      34
/opt/airflow/dags/wine_pipeline.py                             2           0  1.41s           2025-09-23T20:54:51                      14
/opt/airflow/dags/train_model.py                               1           0  1.17s           2025-09-23T20:54:52                      12
================================================================================
[2025-09-23T20:55:17.800+0000] {manager.py:465} INFO - Exiting gracefully upon receiving signal 15
[2025-09-24T08:41:03.111+0000] {manager.py:483} INFO - Processing files using up to 2 processes at a time 
[2025-09-24T08:41:03.112+0000] {manager.py:484} INFO - Process each file at most once every 30 seconds
[2025-09-24T08:41:03.113+0000] {manager.py:485} INFO - Checking for new files in /opt/airflow/dags every 300 seconds
[2025-09-24T08:41:03.113+0000] {manager.py:821} INFO - Searching for files in /opt/airflow/dags
[2025-09-24T08:41:03.165+0000] {manager.py:824} INFO - There are 3 files in /opt/airflow/dags
[2025-09-24T08:41:03.324+0000] {manager.py:997} INFO - 
================================================================================
DAG File Processing Stats

File Path                               PID  Runtime      # DAGs    # Errors  Last Runtime    Last Run      Last # of DB Queries
------------------------------------  -----  ---------  --------  ----------  --------------  ----------  ----------------------
/opt/airflow/dags/wine_pipeline.py      167  0.04s             0           0                                                   0
/opt/airflow/dags/train_model.py                               0           0                                                   0
/opt/airflow/dags/data_processing.py    164  0.05s             0           0                                                   0
================================================================================
[2025-09-24T08:41:07.024+0000] {manager.py:1146} ERROR - Processor for /opt/airflow/dags/data_processing.py exited with return code 1.
[2025-09-24T08:41:33.780+0000] {manager.py:997} INFO - 
================================================================================
DAG File Processing Stats

File Path                             PID    Runtime      # DAGs    # Errors  Last Runtime    Last Run               Last # of DB Queries
------------------------------------  -----  ---------  --------  ----------  --------------  -------------------  ----------------------
/opt/airflow/dags/data_processing.py                           0          -1  3.75s           2025-09-24T08:41:07                       0
/opt/airflow/dags/wine_pipeline.py                             2           0  3.51s           2025-09-24T08:41:06                      46
/opt/airflow/dags/train_model.py                               1           0  1.80s           2025-09-24T08:41:08                      45
================================================================================
[2025-09-24T08:42:04.148+0000] {manager.py:997} INFO - 
================================================================================
DAG File Processing Stats

File Path                             PID    Runtime      # DAGs    # Errors  Last Runtime    Last Run               Last # of DB Queries
------------------------------------  -----  ---------  --------  ----------  --------------  -------------------  ----------------------
/opt/airflow/dags/wine_pipeline.py                             2           0  1.59s           2025-09-24T08:41:38                      37
/opt/airflow/dags/train_model.py                               1           0  1.57s           2025-09-24T08:41:40                      12
/opt/airflow/dags/data_processing.py                           1           0  1.51s           2025-09-24T08:41:38                      11
================================================================================
[2025-09-24T08:42:34.583+0000] {manager.py:997} INFO - 
================================================================================
DAG File Processing Stats

File Path                             PID    Runtime      # DAGs    # Errors  Last Runtime    Last Run               Last # of DB Queries
------------------------------------  -----  ---------  --------  ----------  --------------  -------------------  ----------------------
/opt/airflow/dags/wine_pipeline.py                             2           0  2.15s           2025-09-24T08:42:10                      15
/opt/airflow/dags/data_processing.py                           1           0  2.15s           2025-09-24T08:42:11                      34
/opt/airflow/dags/train_model.py                               1           0  1.56s           2025-09-24T08:42:12                      12
================================================================================
[2025-09-24T08:43:04.908+0000] {manager.py:997} INFO - 
================================================================================
DAG File Processing Stats

File Path                             PID    Runtime      # DAGs    # Errors  Last Runtime    Last Run               Last # of DB Queries
------------------------------------  -----  ---------  --------  ----------  --------------  -------------------  ----------------------
/opt/airflow/dags/wine_pipeline.py                             2           0  1.62s           2025-09-24T08:42:42                      37
/opt/airflow/dags/data_processing.py                           1           0  1.44s           2025-09-24T08:42:43                      11
/opt/airflow/dags/train_model.py                               1           0  1.23s           2025-09-24T08:42:43                      12
================================================================================
[2025-09-24T08:43:35.578+0000] {manager.py:997} INFO - 
================================================================================
DAG File Processing Stats

File Path                             PID    Runtime      # DAGs    # Errors  Last Runtime    Last Run               Last # of DB Queries
------------------------------------  -----  ---------  --------  ----------  --------------  -------------------  ----------------------
/opt/airflow/dags/data_processing.py                           1           0  1.44s           2025-09-24T08:43:14                      34
/opt/airflow/dags/wine_pipeline.py                             2           0  1.34s           2025-09-24T08:43:14                      15
/opt/airflow/dags/train_model.py                               1           0  1.27s           2025-09-24T08:43:15                      12
================================================================================
[2025-09-24T08:44:05.643+0000] {manager.py:997} INFO - 
================================================================================
DAG File Processing Stats

File Path                             PID    Runtime      # DAGs    # Errors  Last Runtime    Last Run               Last # of DB Queries
------------------------------------  -----  ---------  --------  ----------  --------------  -------------------  ----------------------
/opt/airflow/dags/wine_pipeline.py                             2           0  1.78s           2025-09-24T08:43:46                      37
/opt/airflow/dags/data_processing.py                           1           0  1.64s           2025-09-24T08:43:46                      12
/opt/airflow/dags/train_model.py                               1           0  1.32s           2025-09-24T08:43:47                      12
================================================================================
[2025-09-24T08:44:36.364+0000] {manager.py:997} INFO - 
================================================================================
DAG File Processing Stats

File Path                             PID    Runtime      # DAGs    # Errors  Last Runtime    Last Run               Last # of DB Queries
------------------------------------  -----  ---------  --------  ----------  --------------  -------------------  ----------------------
/opt/airflow/dags/data_processing.py                           1           0  1.46s           2025-09-24T08:44:18                      34
/opt/airflow/dags/train_model.py                               1           0  1.39s           2025-09-24T08:44:19                      12
/opt/airflow/dags/wine_pipeline.py                             2           0  1.36s           2025-09-24T08:44:18                      15
================================================================================
[2025-09-24T08:45:06.369+0000] {manager.py:997} INFO - 
================================================================================
DAG File Processing Stats

File Path                             PID    Runtime      # DAGs    # Errors  Last Runtime    Last Run               Last # of DB Queries
------------------------------------  -----  ---------  --------  ----------  --------------  -------------------  ----------------------
/opt/airflow/dags/wine_pipeline.py                             2           0  3.20s           2025-09-24T08:44:51                      37
/opt/airflow/dags/data_processing.py                           1           0  3.03s           2025-09-24T08:44:51                      12
/opt/airflow/dags/train_model.py                               1           0  1.60s           2025-09-24T08:44:53                      12
================================================================================
[2025-09-24T08:45:36.679+0000] {manager.py:997} INFO - 
================================================================================
DAG File Processing Stats

File Path                             PID    Runtime      # DAGs    # Errors  Last Runtime    Last Run               Last # of DB Queries
------------------------------------  -----  ---------  --------  ----------  --------------  -------------------  ----------------------
/opt/airflow/dags/data_processing.py                           1           0  2.42s           2025-09-24T08:45:24                      34
/opt/airflow/dags/wine_pipeline.py                             2           0  2.25s           2025-09-24T08:45:24                      15
/opt/airflow/dags/train_model.py                               1           0  1.39s           2025-09-24T08:45:25                      12
================================================================================
[2025-09-24T08:46:03.135+0000] {manager.py:821} INFO - Searching for files in /opt/airflow/dags
[2025-09-24T08:46:03.149+0000] {manager.py:824} INFO - There are 3 files in /opt/airflow/dags
[2025-09-24T08:46:07.247+0000] {manager.py:997} INFO - 
================================================================================
DAG File Processing Stats

File Path                             PID    Runtime      # DAGs    # Errors  Last Runtime    Last Run               Last # of DB Queries
------------------------------------  -----  ---------  --------  ----------  --------------  -------------------  ----------------------
/opt/airflow/dags/wine_pipeline.py                             2           0  3.38s           2025-09-24T08:45:58                      37
/opt/airflow/dags/data_processing.py                           1           0  3.18s           2025-09-24T08:45:58                      12
/opt/airflow/dags/train_model.py                               1           0  2.98s           2025-09-24T08:46:01                      12
================================================================================
[2025-09-24T08:46:37.648+0000] {manager.py:997} INFO - 
================================================================================
DAG File Processing Stats

File Path                             PID    Runtime      # DAGs    # Errors  Last Runtime    Last Run               Last # of DB Queries
------------------------------------  -----  ---------  --------  ----------  --------------  -------------------  ----------------------
/opt/airflow/dags/data_processing.py                           1           0  2.12s           2025-09-24T08:46:30                      34
/opt/airflow/dags/wine_pipeline.py                             2           0  2.03s           2025-09-24T08:46:30                      15
/opt/airflow/dags/train_model.py                               1           0  1.41s           2025-09-24T08:46:32                      12
================================================================================
[2025-09-24T08:47:08.147+0000] {manager.py:997} INFO - 
================================================================================
DAG File Processing Stats

File Path                             PID    Runtime      # DAGs    # Errors  Last Runtime    Last Run               Last # of DB Queries
------------------------------------  -----  ---------  --------  ----------  --------------  -------------------  ----------------------
/opt/airflow/dags/wine_pipeline.py                             2           0  1.86s           2025-09-24T08:47:03                      37
/opt/airflow/dags/data_processing.py                           1           0  1.72s           2025-09-24T08:47:02                      12
/opt/airflow/dags/train_model.py                               1           0  1.29s           2025-09-24T08:47:04                      12
================================================================================
[2025-09-24T08:47:38.278+0000] {manager.py:997} INFO - 
================================================================================
DAG File Processing Stats

File Path                             PID    Runtime      # DAGs    # Errors  Last Runtime    Last Run               Last # of DB Queries
------------------------------------  -----  ---------  --------  ----------  --------------  -------------------  ----------------------
/opt/airflow/dags/data_processing.py                           1           0  2.62s           2025-09-24T08:47:35                      34
/opt/airflow/dags/wine_pipeline.py                             2           0  2.43s           2025-09-24T08:47:36                      14
/opt/airflow/dags/train_model.py                               1           0  1.64s           2025-09-24T08:47:37                      12
================================================================================
[2025-09-24T08:48:08.718+0000] {manager.py:997} INFO - 
================================================================================
DAG File Processing Stats

File Path                               PID  Runtime      # DAGs    # Errors  Last Runtime    Last Run               Last # of DB Queries
------------------------------------  -----  ---------  --------  ----------  --------------  -------------------  ----------------------
/opt/airflow/dags/train_model.py       1845  1.01s             1           0  1.64s           2025-09-24T08:47:37                      12
/opt/airflow/dags/wine_pipeline.py                             2           0  1.51s           2025-09-24T08:48:08                      37
/opt/airflow/dags/data_processing.py                           1           0  1.37s           2025-09-24T08:48:07                      12
================================================================================
[2025-09-24T08:48:38.971+0000] {manager.py:997} INFO - 
================================================================================
DAG File Processing Stats

File Path                               PID  Runtime      # DAGs    # Errors  Last Runtime    Last Run               Last # of DB Queries
------------------------------------  -----  ---------  --------  ----------  --------------  -------------------  ----------------------
/opt/airflow/dags/wine_pipeline.py     1859  0.76s             2           0  1.51s           2025-09-24T08:48:08                      37
/opt/airflow/dags/data_processing.py   1855  1.01s             1           0  1.37s           2025-09-24T08:48:07                      12
/opt/airflow/dags/train_model.py                               1           0  1.26s           2025-09-24T08:48:08                      12
================================================================================
[2025-09-24T08:49:09.600+0000] {manager.py:997} INFO - 
================================================================================
DAG File Processing Stats

File Path                               PID  Runtime      # DAGs    # Errors  Last Runtime    Last Run               Last # of DB Queries
------------------------------------  -----  ---------  --------  ----------  --------------  -------------------  ----------------------
/opt/airflow/dags/data_processing.py   1931  0.01s             1           0  1.37s           2025-09-24T08:48:39                      34
/opt/airflow/dags/wine_pipeline.py     1934  0.00s             2           0  1.30s           2025-09-24T08:48:39                      14
/opt/airflow/dags/train_model.py                               1           0  1.15s           2025-09-24T08:48:40                      12
================================================================================
[2025-09-24T08:49:39.666+0000] {manager.py:997} INFO - 
================================================================================
DAG File Processing Stats

File Path                             PID    Runtime      # DAGs    # Errors  Last Runtime    Last Run               Last # of DB Queries
------------------------------------  -----  ---------  --------  ----------  --------------  -------------------  ----------------------
/opt/airflow/dags/wine_pipeline.py                             2           0  1.53s           2025-09-24T08:49:11                      37
/opt/airflow/dags/data_processing.py                           1           0  1.40s           2025-09-24T08:49:10                      12
/opt/airflow/dags/train_model.py                               1           0  1.33s           2025-09-24T08:49:12                      12
================================================================================
[2025-09-24T08:50:09.952+0000] {manager.py:997} INFO - 
================================================================================
DAG File Processing Stats

File Path                             PID    Runtime      # DAGs    # Errors  Last Runtime    Last Run               Last # of DB Queries
------------------------------------  -----  ---------  --------  ----------  --------------  -------------------  ----------------------
/opt/airflow/dags/data_processing.py                           1           0  2.30s           2025-09-24T08:49:43                      34
/opt/airflow/dags/wine_pipeline.py                             2           0  2.19s           2025-09-24T08:49:43                      15
/opt/airflow/dags/train_model.py                               1           0  1.39s           2025-09-24T08:49:45                      12
================================================================================
[2025-09-24T08:50:40.034+0000] {manager.py:997} INFO - 
================================================================================
DAG File Processing Stats

File Path                             PID    Runtime      # DAGs    # Errors  Last Runtime    Last Run               Last # of DB Queries
------------------------------------  -----  ---------  --------  ----------  --------------  -------------------  ----------------------
/opt/airflow/dags/wine_pipeline.py                             2           0  2.22s           2025-09-24T08:50:16                      37
/opt/airflow/dags/data_processing.py                           1           0  2.17s           2025-09-24T08:50:16                      12
/opt/airflow/dags/train_model.py                               1           0  1.63s           2025-09-24T08:50:17                      12
================================================================================
[2025-09-24T08:51:03.324+0000] {manager.py:821} INFO - Searching for files in /opt/airflow/dags
[2025-09-24T08:51:03.343+0000] {manager.py:824} INFO - There are 3 files in /opt/airflow/dags
[2025-09-24T08:51:10.416+0000] {manager.py:997} INFO - 
================================================================================
DAG File Processing Stats

File Path                             PID    Runtime      # DAGs    # Errors  Last Runtime    Last Run               Last # of DB Queries
------------------------------------  -----  ---------  --------  ----------  --------------  -------------------  ----------------------
/opt/airflow/dags/data_processing.py                           1           0  1.65s           2025-09-24T08:50:48                      34
/opt/airflow/dags/wine_pipeline.py                             2           0  1.55s           2025-09-24T08:50:48                      15
/opt/airflow/dags/train_model.py                               1           0  1.45s           2025-09-24T08:50:49                      12
================================================================================
[2025-09-24T08:51:40.542+0000] {manager.py:997} INFO - 
================================================================================
DAG File Processing Stats

File Path                             PID    Runtime      # DAGs    # Errors  Last Runtime    Last Run               Last # of DB Queries
------------------------------------  -----  ---------  --------  ----------  --------------  -------------------  ----------------------
/opt/airflow/dags/wine_pipeline.py                             2           0  1.86s           2025-09-24T08:51:20                      37
/opt/airflow/dags/data_processing.py                           1           0  1.76s           2025-09-24T08:51:20                      12
/opt/airflow/dags/train_model.py                               1           0  1.29s           2025-09-24T08:51:21                      12
================================================================================
[2025-09-24T08:52:11.242+0000] {manager.py:997} INFO - 
================================================================================
DAG File Processing Stats

File Path                             PID    Runtime      # DAGs    # Errors  Last Runtime    Last Run               Last # of DB Queries
------------------------------------  -----  ---------  --------  ----------  --------------  -------------------  ----------------------
/opt/airflow/dags/data_processing.py                           1           0  1.41s           2025-09-24T08:51:52                      34
/opt/airflow/dags/train_model.py                               1           0  1.32s           2025-09-24T08:51:53                      12
/opt/airflow/dags/wine_pipeline.py                             2           0  1.31s           2025-09-24T08:51:51                      15
================================================================================
[2025-09-24T08:52:42.073+0000] {manager.py:997} INFO - 
================================================================================
DAG File Processing Stats

File Path                             PID    Runtime      # DAGs    # Errors  Last Runtime    Last Run               Last # of DB Queries
------------------------------------  -----  ---------  --------  ----------  --------------  -------------------  ----------------------
/opt/airflow/dags/wine_pipeline.py                             2           0  1.56s           2025-09-24T08:52:23                      37
/opt/airflow/dags/data_processing.py                           1           0  1.42s           2025-09-24T08:52:23                      12
/opt/airflow/dags/train_model.py                               1           0  1.29s           2025-09-24T08:52:25                      12
================================================================================
[2025-09-24T08:53:12.977+0000] {manager.py:997} INFO - 
================================================================================
DAG File Processing Stats

File Path                             PID    Runtime      # DAGs    # Errors  Last Runtime    Last Run               Last # of DB Queries
------------------------------------  -----  ---------  --------  ----------  --------------  -------------------  ----------------------
/opt/airflow/dags/data_processing.py                           1           0  1.58s           2025-09-24T08:52:55                      34
/opt/airflow/dags/wine_pipeline.py                             2           0  1.48s           2025-09-24T08:52:55                      15
/opt/airflow/dags/train_model.py                               1           0  1.19s           2025-09-24T08:52:56                      12
================================================================================
[2025-09-24T08:53:43.323+0000] {manager.py:997} INFO - 
================================================================================
DAG File Processing Stats

File Path                             PID    Runtime      # DAGs    # Errors  Last Runtime    Last Run               Last # of DB Queries
------------------------------------  -----  ---------  --------  ----------  --------------  -------------------  ----------------------
/opt/airflow/dags/wine_pipeline.py                             2           0  2.09s           2025-09-24T08:53:28                      37
/opt/airflow/dags/data_processing.py                           1           0  1.90s           2025-09-24T08:53:27                      12
/opt/airflow/dags/train_model.py                               1           0  1.44s           2025-09-24T08:53:29                      12
================================================================================
[2025-09-24T08:54:13.416+0000] {manager.py:997} INFO - 
================================================================================
DAG File Processing Stats

File Path                             PID    Runtime      # DAGs    # Errors  Last Runtime    Last Run               Last # of DB Queries
------------------------------------  -----  ---------  --------  ----------  --------------  -------------------  ----------------------
/opt/airflow/dags/data_processing.py                           1           0  3.07s           2025-09-24T08:54:01                      34
/opt/airflow/dags/wine_pipeline.py                             2           0  2.91s           2025-09-24T08:54:01                      15
/opt/airflow/dags/train_model.py                               1           0  1.87s           2025-09-24T08:54:03                      12
================================================================================
[2025-09-24T08:54:43.475+0000] {manager.py:997} INFO - 
================================================================================
DAG File Processing Stats

File Path                             PID    Runtime      # DAGs    # Errors  Last Runtime    Last Run               Last # of DB Queries
------------------------------------  -----  ---------  --------  ----------  --------------  -------------------  ----------------------
/opt/airflow/dags/wine_pipeline.py                             2           0  2.48s           2025-09-24T08:54:34                      37
/opt/airflow/dags/data_processing.py                           1           0  2.30s           2025-09-24T08:54:34                      11
/opt/airflow/dags/train_model.py                               1           0  1.34s           2025-09-24T08:54:35                      12
================================================================================
[2025-09-24T08:55:14.127+0000] {manager.py:997} INFO - 
================================================================================
DAG File Processing Stats

File Path                             PID    Runtime      # DAGs    # Errors  Last Runtime    Last Run               Last # of DB Queries
------------------------------------  -----  ---------  --------  ----------  --------------  -------------------  ----------------------
/opt/airflow/dags/train_model.py                               1           0  2.26s           2025-09-24T08:55:08                      12
/opt/airflow/dags/data_processing.py                           1           0  1.62s           2025-09-24T08:55:06                      34
/opt/airflow/dags/wine_pipeline.py                             2           0  1.53s           2025-09-24T08:55:05                      15
================================================================================
[2025-09-24T08:55:31.432+0000] {manager.py:465} INFO - Exiting gracefully upon receiving signal 15
