[2025-09-24T08:41:03.298+0000] {processor.py:186} INFO - Started process (PID=164) to work on /opt/airflow/dags/data_processing.py
[2025-09-24T08:41:03.301+0000] {processor.py:914} INFO - Processing file /opt/airflow/dags/data_processing.py for tasks to queue
[2025-09-24T08:41:03.306+0000] {logging_mixin.py:190} INFO - [2025-09-24T08:41:03.306+0000] {dagbag.py:588} INFO - Filling up the DagBag from /opt/airflow/dags/data_processing.py
[2025-09-24T08:41:06.403+0000] {processor.py:925} INFO - DAG(s) 'data_processing' retrieved from /opt/airflow/dags/data_processing.py
[2025-09-24T08:41:06.662+0000] {logging_mixin.py:190} INFO - [2025-09-24T08:41:06.661+0000] {override.py:1900} INFO - Created Permission View: can read on DAG:data_processing
[2025-09-24T08:41:06.676+0000] {logging_mixin.py:190} INFO - [2025-09-24T08:41:06.676+0000] {override.py:1900} INFO - Created Permission View: can edit on DAG:data_processing
[2025-09-24T08:41:06.686+0000] {logging_mixin.py:190} INFO - [2025-09-24T08:41:06.686+0000] {override.py:1900} INFO - Created Permission View: can delete on DAG:data_processing
[2025-09-24T08:41:06.696+0000] {logging_mixin.py:190} INFO - [2025-09-24T08:41:06.696+0000] {override.py:1900} INFO - Created Permission View: can read on DAG Run:data_processing
[2025-09-24T08:41:06.706+0000] {logging_mixin.py:190} INFO - [2025-09-24T08:41:06.706+0000] {override.py:1900} INFO - Created Permission View: can create on DAG Run:data_processing
[2025-09-24T08:41:06.717+0000] {logging_mixin.py:190} INFO - [2025-09-24T08:41:06.717+0000] {override.py:1900} INFO - Created Permission View: menu access on DAG Run:data_processing
[2025-09-24T08:41:06.728+0000] {logging_mixin.py:190} INFO - [2025-09-24T08:41:06.725+0000] {override.py:1900} INFO - Created Permission View: can delete on DAG Run:data_processing
[2025-09-24T08:41:06.729+0000] {logging_mixin.py:190} INFO - [2025-09-24T08:41:06.729+0000] {dag.py:3239} INFO - Sync 1 DAGs
[2025-09-24T08:41:06.745+0000] {logging_mixin.py:190} INFO - [2025-09-24T08:41:06.744+0000] {dag.py:3262} INFO - Creating ORM DAG for data_processing
[2025-09-24T08:41:06.758+0000] {logging_mixin.py:190} INFO - [2025-09-24T08:41:06.758+0000] {dag.py:4180} INFO - Setting next_dagrun for data_processing to 2025-09-24 08:35:00+00:00, run_after=2025-09-24 08:40:00+00:00
[2025-09-24T08:41:06.995+0000] {logging_mixin.py:190} INFO - [2025-09-24T08:41:06.993+0000] {dagbag.py:698} ERROR - Failed to write serialized DAG: /opt/airflow/dags/data_processing.py
Traceback (most recent call last):
  File "/home/airflow/.local/lib/python3.11/site-packages/airflow/models/dagbag.py", line 686, in _serialize_dag_capturing_errors
    dag_was_updated = SerializedDagModel.write_dag(
                      ^^^^^^^^^^^^^^^^^^^^^^^^^^^^^
  File "/home/airflow/.local/lib/python3.11/site-packages/airflow/utils/session.py", line 94, in wrapper
    return func(*args, **kwargs)
           ^^^^^^^^^^^^^^^^^^^^^
  File "/home/airflow/.local/lib/python3.11/site-packages/airflow/models/serialized_dag.py", line 160, in write_dag
    if session.scalar(
       ^^^^^^^^^^^^^^^
  File "/home/airflow/.local/lib/python3.11/site-packages/sqlalchemy/orm/session.py", line 1747, in scalar
    return self.execute(
           ^^^^^^^^^^^^^
  File "/home/airflow/.local/lib/python3.11/site-packages/sqlalchemy/orm/session.py", line 1716, in execute
    conn = self._connection_for_bind(bind)
           ^^^^^^^^^^^^^^^^^^^^^^^^^^^^^^^
  File "/home/airflow/.local/lib/python3.11/site-packages/sqlalchemy/orm/session.py", line 1555, in _connection_for_bind
    return self._transaction._connection_for_bind(
           ^^^^^^^^^^^^^^^^^^^^^^^^^^^^^^^^^^^^^^^
  File "/home/airflow/.local/lib/python3.11/site-packages/sqlalchemy/orm/session.py", line 724, in _connection_for_bind
    self._assert_active()
  File "/home/airflow/.local/lib/python3.11/site-packages/sqlalchemy/orm/session.py", line 604, in _assert_active
    raise sa_exc.PendingRollbackError(
sqlalchemy.exc.PendingRollbackError: This Session's transaction has been rolled back due to a previous exception during flush. To begin a new transaction with this Session, first issue Session.rollback(). Original exception was: (psycopg2.errors.UniqueViolation) duplicate key value violates unique constraint "dag_pkey"
DETAIL:  Key (dag_id)=(data_processing) already exists.

[SQL: INSERT INTO dag (dag_id, root_dag_id, is_paused, is_subdag, is_active, last_parsed_time, last_pickled, last_expired, scheduler_lock, pickle_id, fileloc, processor_subdir, owners, dag_display_name, description, default_view, schedule_interval, timetable_description, dataset_expression, max_active_tasks, max_active_runs, max_consecutive_failed_dag_runs, has_task_concurrency_limits, has_import_errors, next_dagrun, next_dagrun_data_interval_start, next_dagrun_data_interval_end, next_dagrun_create_after) VALUES (%(dag_id)s, %(root_dag_id)s, %(is_paused)s, %(is_subdag)s, %(is_active)s, %(last_parsed_time)s, %(last_pickled)s, %(last_expired)s, %(scheduler_lock)s, %(pickle_id)s, %(fileloc)s, %(processor_subdir)s, %(owners)s, %(dag_display_name)s, %(description)s, %(default_view)s, %(schedule_interval)s, %(timetable_description)s, %(dataset_expression)s, %(max_active_tasks)s, %(max_active_runs)s, %(max_consecutive_failed_dag_runs)s, %(has_task_concurrency_limits)s, %(has_import_errors)s, %(next_dagrun)s, %(next_dagrun_data_interval_start)s, %(next_dagrun_data_interval_end)s, %(next_dagrun_create_after)s)]
[parameters: {'dag_id': 'data_processing', 'root_dag_id': None, 'is_paused': True, 'is_subdag': False, 'is_active': True, 'last_parsed_time': datetime.datetime(2025, 9, 24, 8, 41, 6, 755908, tzinfo=Timezone('UTC')), 'last_pickled': None, 'last_expired': None, 'scheduler_lock': None, 'pickle_id': None, 'fileloc': '/opt/airflow/dags/data_processing.py', 'processor_subdir': '/opt/airflow/dags', 'owners': 'airflow', 'dag_display_name': None, 'description': 'Wine Classifier - Stage 1', 'default_view': 'grid', 'schedule_interval': '"*/5 * * * *"', 'timetable_description': 'Every 5 minutes', 'dataset_expression': 'null', 'max_active_tasks': 16, 'max_active_runs': 16, 'max_consecutive_failed_dag_runs': 0, 'has_task_concurrency_limits': False, 'has_import_errors': False, 'next_dagrun': DateTime(2025, 9, 24, 8, 35, 0, tzinfo=Timezone('UTC')), 'next_dagrun_data_interval_start': DateTime(2025, 9, 24, 8, 35, 0, tzinfo=Timezone('UTC')), 'next_dagrun_data_interval_end': DateTime(2025, 9, 24, 8, 40, 0, tzinfo=Timezone('UTC')), 'next_dagrun_create_after': DateTime(2025, 9, 24, 8, 40, 0, tzinfo=Timezone('UTC'))}]
(Background on this error at: https://sqlalche.me/e/14/gkpj) (Background on this error at: https://sqlalche.me/e/14/7s2a)
[2025-09-24T08:41:06.997+0000] {logging_mixin.py:190} INFO - [2025-09-24T08:41:06.996+0000] {dag.py:3239} INFO - Sync 1 DAGs
[2025-09-24T08:41:06.999+0000] {processor.py:211} ERROR - Got an exception! Propagating...
Traceback (most recent call last):
  File "/home/airflow/.local/lib/python3.11/site-packages/airflow/dag_processing/processor.py", line 207, in _run_file_processor
    _handle_dag_file_processing()
  File "/home/airflow/.local/lib/python3.11/site-packages/airflow/dag_processing/processor.py", line 188, in _handle_dag_file_processing
    result: tuple[int, int, int] = dag_file_processor.process_file(
                                   ^^^^^^^^^^^^^^^^^^^^^^^^^^^^^^^^
  File "/home/airflow/.local/lib/python3.11/site-packages/airflow/utils/session.py", line 97, in wrapper
    return func(*args, session=session, **kwargs)
           ^^^^^^^^^^^^^^^^^^^^^^^^^^^^^^^^^^^^^^
  File "/home/airflow/.local/lib/python3.11/site-packages/airflow/dag_processing/processor.py", line 942, in process_file
    serialize_errors = DagFileProcessor.save_dag_to_db(
                       ^^^^^^^^^^^^^^^^^^^^^^^^^^^^^^^^
  File "/home/airflow/.local/lib/python3.11/site-packages/airflow/api_internal/internal_api_call.py", line 139, in wrapper
    return func(*args, **kwargs)
           ^^^^^^^^^^^^^^^^^^^^^
  File "/home/airflow/.local/lib/python3.11/site-packages/airflow/utils/session.py", line 97, in wrapper
    return func(*args, session=session, **kwargs)
           ^^^^^^^^^^^^^^^^^^^^^^^^^^^^^^^^^^^^^^
  File "/home/airflow/.local/lib/python3.11/site-packages/airflow/dag_processing/processor.py", line 982, in save_dag_to_db
    import_errors = DagBag._sync_to_db(dags=dags, processor_subdir=dag_directory, session=session)
                    ^^^^^^^^^^^^^^^^^^^^^^^^^^^^^^^^^^^^^^^^^^^^^^^^^^^^^^^^^^^^^^^^^^^^^^^^^^^^^^
  File "/home/airflow/.local/lib/python3.11/site-packages/airflow/utils/session.py", line 94, in wrapper
    return func(*args, **kwargs)
           ^^^^^^^^^^^^^^^^^^^^^
  File "/home/airflow/.local/lib/python3.11/site-packages/airflow/models/dagbag.py", line 708, in _sync_to_db
    for attempt in run_with_db_retries(logger=log):
  File "/home/airflow/.local/lib/python3.11/site-packages/tenacity/__init__.py", line 443, in __iter__
    do = self.iter(retry_state=retry_state)
         ^^^^^^^^^^^^^^^^^^^^^^^^^^^^^^^^^^
  File "/home/airflow/.local/lib/python3.11/site-packages/tenacity/__init__.py", line 376, in iter
    result = action(retry_state)
             ^^^^^^^^^^^^^^^^^^^
  File "/home/airflow/.local/lib/python3.11/site-packages/tenacity/__init__.py", line 398, in <lambda>
    self._add_action_func(lambda rs: rs.outcome.result())
                                     ^^^^^^^^^^^^^^^^^^^
  File "/usr/local/lib/python3.11/concurrent/futures/_base.py", line 449, in result
    return self.__get_result()
           ^^^^^^^^^^^^^^^^^^^
  File "/usr/local/lib/python3.11/concurrent/futures/_base.py", line 401, in __get_result
    raise self._exception
  File "/home/airflow/.local/lib/python3.11/site-packages/airflow/models/dagbag.py", line 724, in _sync_to_db
    DAG.bulk_write_to_db(dags.values(), processor_subdir=processor_subdir, session=session)
  File "/home/airflow/.local/lib/python3.11/site-packages/airflow/utils/session.py", line 94, in wrapper
    return func(*args, **kwargs)
           ^^^^^^^^^^^^^^^^^^^^^
  File "/home/airflow/.local/lib/python3.11/site-packages/airflow/models/dag.py", line 3252, in bulk_write_to_db
    orm_dags: list[DagModel] = session.scalars(query).unique().all()
                               ^^^^^^^^^^^^^^^^^^^^^^
  File "/home/airflow/.local/lib/python3.11/site-packages/sqlalchemy/orm/session.py", line 1778, in scalars
    return self.execute(
           ^^^^^^^^^^^^^
  File "/home/airflow/.local/lib/python3.11/site-packages/sqlalchemy/orm/session.py", line 1716, in execute
    conn = self._connection_for_bind(bind)
           ^^^^^^^^^^^^^^^^^^^^^^^^^^^^^^^
  File "/home/airflow/.local/lib/python3.11/site-packages/sqlalchemy/orm/session.py", line 1555, in _connection_for_bind
    return self._transaction._connection_for_bind(
           ^^^^^^^^^^^^^^^^^^^^^^^^^^^^^^^^^^^^^^^
  File "/home/airflow/.local/lib/python3.11/site-packages/sqlalchemy/orm/session.py", line 724, in _connection_for_bind
    self._assert_active()
  File "/home/airflow/.local/lib/python3.11/site-packages/sqlalchemy/orm/session.py", line 604, in _assert_active
    raise sa_exc.PendingRollbackError(
sqlalchemy.exc.PendingRollbackError: This Session's transaction has been rolled back due to a previous exception during flush. To begin a new transaction with this Session, first issue Session.rollback(). Original exception was: (psycopg2.errors.UniqueViolation) duplicate key value violates unique constraint "dag_pkey"
DETAIL:  Key (dag_id)=(data_processing) already exists.

[SQL: INSERT INTO dag (dag_id, root_dag_id, is_paused, is_subdag, is_active, last_parsed_time, last_pickled, last_expired, scheduler_lock, pickle_id, fileloc, processor_subdir, owners, dag_display_name, description, default_view, schedule_interval, timetable_description, dataset_expression, max_active_tasks, max_active_runs, max_consecutive_failed_dag_runs, has_task_concurrency_limits, has_import_errors, next_dagrun, next_dagrun_data_interval_start, next_dagrun_data_interval_end, next_dagrun_create_after) VALUES (%(dag_id)s, %(root_dag_id)s, %(is_paused)s, %(is_subdag)s, %(is_active)s, %(last_parsed_time)s, %(last_pickled)s, %(last_expired)s, %(scheduler_lock)s, %(pickle_id)s, %(fileloc)s, %(processor_subdir)s, %(owners)s, %(dag_display_name)s, %(description)s, %(default_view)s, %(schedule_interval)s, %(timetable_description)s, %(dataset_expression)s, %(max_active_tasks)s, %(max_active_runs)s, %(max_consecutive_failed_dag_runs)s, %(has_task_concurrency_limits)s, %(has_import_errors)s, %(next_dagrun)s, %(next_dagrun_data_interval_start)s, %(next_dagrun_data_interval_end)s, %(next_dagrun_create_after)s)]
[parameters: {'dag_id': 'data_processing', 'root_dag_id': None, 'is_paused': True, 'is_subdag': False, 'is_active': True, 'last_parsed_time': datetime.datetime(2025, 9, 24, 8, 41, 6, 755908, tzinfo=Timezone('UTC')), 'last_pickled': None, 'last_expired': None, 'scheduler_lock': None, 'pickle_id': None, 'fileloc': '/opt/airflow/dags/data_processing.py', 'processor_subdir': '/opt/airflow/dags', 'owners': 'airflow', 'dag_display_name': None, 'description': 'Wine Classifier - Stage 1', 'default_view': 'grid', 'schedule_interval': '"*/5 * * * *"', 'timetable_description': 'Every 5 minutes', 'dataset_expression': 'null', 'max_active_tasks': 16, 'max_active_runs': 16, 'max_consecutive_failed_dag_runs': 0, 'has_task_concurrency_limits': False, 'has_import_errors': False, 'next_dagrun': DateTime(2025, 9, 24, 8, 35, 0, tzinfo=Timezone('UTC')), 'next_dagrun_data_interval_start': DateTime(2025, 9, 24, 8, 35, 0, tzinfo=Timezone('UTC')), 'next_dagrun_data_interval_end': DateTime(2025, 9, 24, 8, 40, 0, tzinfo=Timezone('UTC')), 'next_dagrun_create_after': DateTime(2025, 9, 24, 8, 40, 0, tzinfo=Timezone('UTC'))}]
(Background on this error at: https://sqlalche.me/e/14/gkpj) (Background on this error at: https://sqlalche.me/e/14/7s2a)
[2025-09-24T08:41:37.314+0000] {processor.py:186} INFO - Started process (PID=209) to work on /opt/airflow/dags/data_processing.py
[2025-09-24T08:41:37.318+0000] {processor.py:914} INFO - Processing file /opt/airflow/dags/data_processing.py for tasks to queue
[2025-09-24T08:41:37.324+0000] {logging_mixin.py:190} INFO - [2025-09-24T08:41:37.323+0000] {dagbag.py:588} INFO - Filling up the DagBag from /opt/airflow/dags/data_processing.py
[2025-09-24T08:41:38.678+0000] {processor.py:925} INFO - DAG(s) 'data_processing' retrieved from /opt/airflow/dags/data_processing.py
[2025-09-24T08:41:38.698+0000] {logging_mixin.py:190} INFO - [2025-09-24T08:41:38.698+0000] {dag.py:3239} INFO - Sync 1 DAGs
[2025-09-24T08:41:38.727+0000] {logging_mixin.py:190} INFO - [2025-09-24T08:41:38.727+0000] {dag.py:4180} INFO - Setting next_dagrun for data_processing to 2025-09-24 08:35:00+00:00, run_after=2025-09-24 08:40:00+00:00
[2025-09-24T08:41:38.752+0000] {processor.py:208} INFO - Processing /opt/airflow/dags/data_processing.py took 1.454 seconds
[2025-09-24T08:42:09.303+0000] {processor.py:186} INFO - Started process (PID=752) to work on /opt/airflow/dags/data_processing.py
[2025-09-24T08:42:09.309+0000] {processor.py:914} INFO - Processing file /opt/airflow/dags/data_processing.py for tasks to queue
[2025-09-24T08:42:09.317+0000] {logging_mixin.py:190} INFO - [2025-09-24T08:42:09.317+0000] {dagbag.py:588} INFO - Filling up the DagBag from /opt/airflow/dags/data_processing.py
[2025-09-24T08:42:11.124+0000] {processor.py:925} INFO - DAG(s) 'data_processing' retrieved from /opt/airflow/dags/data_processing.py
[2025-09-24T08:42:11.288+0000] {logging_mixin.py:190} INFO - [2025-09-24T08:42:11.288+0000] {dag.py:3239} INFO - Sync 1 DAGs
[2025-09-24T08:42:11.319+0000] {logging_mixin.py:190} INFO - [2025-09-24T08:42:11.319+0000] {dag.py:4180} INFO - Setting next_dagrun for data_processing to 2025-09-24 08:35:00+00:00, run_after=2025-09-24 08:40:00+00:00
[2025-09-24T08:42:11.343+0000] {processor.py:208} INFO - Processing /opt/airflow/dags/data_processing.py took 2.068 seconds
[2025-09-24T08:42:41.667+0000] {processor.py:186} INFO - Started process (PID=877) to work on /opt/airflow/dags/data_processing.py
[2025-09-24T08:42:41.668+0000] {processor.py:914} INFO - Processing file /opt/airflow/dags/data_processing.py for tasks to queue
[2025-09-24T08:42:41.671+0000] {logging_mixin.py:190} INFO - [2025-09-24T08:42:41.671+0000] {dagbag.py:588} INFO - Filling up the DagBag from /opt/airflow/dags/data_processing.py
[2025-09-24T08:42:42.994+0000] {processor.py:925} INFO - DAG(s) 'data_processing' retrieved from /opt/airflow/dags/data_processing.py
[2025-09-24T08:42:43.012+0000] {logging_mixin.py:190} INFO - [2025-09-24T08:42:43.012+0000] {dag.py:3239} INFO - Sync 1 DAGs
[2025-09-24T08:42:43.037+0000] {logging_mixin.py:190} INFO - [2025-09-24T08:42:43.037+0000] {dag.py:4180} INFO - Setting next_dagrun for data_processing to 2025-09-24 08:35:00+00:00, run_after=2025-09-24 08:40:00+00:00
[2025-09-24T08:42:43.062+0000] {processor.py:208} INFO - Processing /opt/airflow/dags/data_processing.py took 1.402 seconds
[2025-09-24T08:43:13.182+0000] {processor.py:186} INFO - Started process (PID=904) to work on /opt/airflow/dags/data_processing.py
[2025-09-24T08:43:13.183+0000] {processor.py:914} INFO - Processing file /opt/airflow/dags/data_processing.py for tasks to queue
[2025-09-24T08:43:13.186+0000] {logging_mixin.py:190} INFO - [2025-09-24T08:43:13.186+0000] {dagbag.py:588} INFO - Filling up the DagBag from /opt/airflow/dags/data_processing.py
[2025-09-24T08:43:14.383+0000] {processor.py:925} INFO - DAG(s) 'data_processing' retrieved from /opt/airflow/dags/data_processing.py
[2025-09-24T08:43:14.529+0000] {logging_mixin.py:190} INFO - [2025-09-24T08:43:14.529+0000] {dag.py:3239} INFO - Sync 1 DAGs
[2025-09-24T08:43:14.552+0000] {logging_mixin.py:190} INFO - [2025-09-24T08:43:14.552+0000] {dag.py:4180} INFO - Setting next_dagrun for data_processing to 2025-09-24 08:35:00+00:00, run_after=2025-09-24 08:40:00+00:00
[2025-09-24T08:43:14.580+0000] {processor.py:208} INFO - Processing /opt/airflow/dags/data_processing.py took 1.404 seconds
[2025-09-24T08:43:44.700+0000] {processor.py:186} INFO - Started process (PID=1012) to work on /opt/airflow/dags/data_processing.py
[2025-09-24T08:43:44.701+0000] {processor.py:914} INFO - Processing file /opt/airflow/dags/data_processing.py for tasks to queue
[2025-09-24T08:43:44.705+0000] {logging_mixin.py:190} INFO - [2025-09-24T08:43:44.704+0000] {dagbag.py:588} INFO - Filling up the DagBag from /opt/airflow/dags/data_processing.py
[2025-09-24T08:43:46.211+0000] {processor.py:925} INFO - DAG(s) 'data_processing' retrieved from /opt/airflow/dags/data_processing.py
[2025-09-24T08:43:46.243+0000] {logging_mixin.py:190} INFO - [2025-09-24T08:43:46.242+0000] {dag.py:3239} INFO - Sync 1 DAGs
[2025-09-24T08:43:46.268+0000] {logging_mixin.py:190} INFO - [2025-09-24T08:43:46.268+0000] {dag.py:4180} INFO - Setting next_dagrun for data_processing to 2025-09-24 08:35:00+00:00, run_after=2025-09-24 08:40:00+00:00
[2025-09-24T08:43:46.296+0000] {processor.py:208} INFO - Processing /opt/airflow/dags/data_processing.py took 1.606 seconds
[2025-09-24T08:44:16.763+0000] {processor.py:186} INFO - Started process (PID=1046) to work on /opt/airflow/dags/data_processing.py
[2025-09-24T08:44:16.765+0000] {processor.py:914} INFO - Processing file /opt/airflow/dags/data_processing.py for tasks to queue
[2025-09-24T08:44:16.769+0000] {logging_mixin.py:190} INFO - [2025-09-24T08:44:16.768+0000] {dagbag.py:588} INFO - Filling up the DagBag from /opt/airflow/dags/data_processing.py
[2025-09-24T08:44:18.007+0000] {processor.py:925} INFO - DAG(s) 'data_processing' retrieved from /opt/airflow/dags/data_processing.py
[2025-09-24T08:44:18.130+0000] {logging_mixin.py:190} INFO - [2025-09-24T08:44:18.129+0000] {dag.py:3239} INFO - Sync 1 DAGs
[2025-09-24T08:44:18.157+0000] {logging_mixin.py:190} INFO - [2025-09-24T08:44:18.156+0000] {dag.py:4180} INFO - Setting next_dagrun for data_processing to 2025-09-24 08:35:00+00:00, run_after=2025-09-24 08:40:00+00:00
[2025-09-24T08:44:18.177+0000] {processor.py:208} INFO - Processing /opt/airflow/dags/data_processing.py took 1.423 seconds
[2025-09-24T08:44:48.641+0000] {processor.py:186} INFO - Started process (PID=1158) to work on /opt/airflow/dags/data_processing.py
[2025-09-24T08:44:48.651+0000] {processor.py:914} INFO - Processing file /opt/airflow/dags/data_processing.py for tasks to queue
[2025-09-24T08:44:48.663+0000] {logging_mixin.py:190} INFO - [2025-09-24T08:44:48.662+0000] {dagbag.py:588} INFO - Filling up the DagBag from /opt/airflow/dags/data_processing.py
[2025-09-24T08:44:51.408+0000] {processor.py:925} INFO - DAG(s) 'data_processing' retrieved from /opt/airflow/dags/data_processing.py
[2025-09-24T08:44:51.460+0000] {logging_mixin.py:190} INFO - [2025-09-24T08:44:51.459+0000] {dag.py:3239} INFO - Sync 1 DAGs
[2025-09-24T08:44:51.509+0000] {logging_mixin.py:190} INFO - [2025-09-24T08:44:51.508+0000] {dag.py:4180} INFO - Setting next_dagrun for data_processing to 2025-09-24 08:35:00+00:00, run_after=2025-09-24 08:40:00+00:00
[2025-09-24T08:44:51.553+0000] {processor.py:208} INFO - Processing /opt/airflow/dags/data_processing.py took 2.944 seconds
[2025-09-24T08:45:22.185+0000] {processor.py:186} INFO - Started process (PID=1435) to work on /opt/airflow/dags/data_processing.py
[2025-09-24T08:45:22.187+0000] {processor.py:914} INFO - Processing file /opt/airflow/dags/data_processing.py for tasks to queue
[2025-09-24T08:45:22.192+0000] {logging_mixin.py:190} INFO - [2025-09-24T08:45:22.191+0000] {dagbag.py:588} INFO - Filling up the DagBag from /opt/airflow/dags/data_processing.py
[2025-09-24T08:45:24.283+0000] {processor.py:925} INFO - DAG(s) 'data_processing' retrieved from /opt/airflow/dags/data_processing.py
[2025-09-24T08:45:24.469+0000] {logging_mixin.py:190} INFO - [2025-09-24T08:45:24.468+0000] {dag.py:3239} INFO - Sync 1 DAGs
[2025-09-24T08:45:24.500+0000] {logging_mixin.py:190} INFO - [2025-09-24T08:45:24.499+0000] {dag.py:4180} INFO - Setting next_dagrun for data_processing to 2025-09-24 08:40:00+00:00, run_after=2025-09-24 08:45:00+00:00
[2025-09-24T08:45:24.530+0000] {processor.py:208} INFO - Processing /opt/airflow/dags/data_processing.py took 2.356 seconds
[2025-09-24T08:45:55.145+0000] {processor.py:186} INFO - Started process (PID=1604) to work on /opt/airflow/dags/data_processing.py
[2025-09-24T08:45:55.149+0000] {processor.py:914} INFO - Processing file /opt/airflow/dags/data_processing.py for tasks to queue
[2025-09-24T08:45:55.163+0000] {logging_mixin.py:190} INFO - [2025-09-24T08:45:55.162+0000] {dagbag.py:588} INFO - Filling up the DagBag from /opt/airflow/dags/data_processing.py
[2025-09-24T08:45:57.959+0000] {processor.py:925} INFO - DAG(s) 'data_processing' retrieved from /opt/airflow/dags/data_processing.py
[2025-09-24T08:45:58.007+0000] {logging_mixin.py:190} INFO - [2025-09-24T08:45:58.006+0000] {dag.py:3239} INFO - Sync 1 DAGs
[2025-09-24T08:45:58.043+0000] {logging_mixin.py:190} INFO - [2025-09-24T08:45:58.042+0000] {dag.py:4180} INFO - Setting next_dagrun for data_processing to 2025-09-24 08:40:00+00:00, run_after=2025-09-24 08:45:00+00:00
[2025-09-24T08:45:58.075+0000] {processor.py:208} INFO - Processing /opt/airflow/dags/data_processing.py took 3.039 seconds
[2025-09-24T08:46:28.448+0000] {processor.py:186} INFO - Started process (PID=1638) to work on /opt/airflow/dags/data_processing.py
[2025-09-24T08:46:28.449+0000] {processor.py:914} INFO - Processing file /opt/airflow/dags/data_processing.py for tasks to queue
[2025-09-24T08:46:28.453+0000] {logging_mixin.py:190} INFO - [2025-09-24T08:46:28.452+0000] {dagbag.py:588} INFO - Filling up the DagBag from /opt/airflow/dags/data_processing.py
[2025-09-24T08:46:30.350+0000] {processor.py:925} INFO - DAG(s) 'data_processing' retrieved from /opt/airflow/dags/data_processing.py
[2025-09-24T08:46:30.474+0000] {logging_mixin.py:190} INFO - [2025-09-24T08:46:30.473+0000] {dag.py:3239} INFO - Sync 1 DAGs
[2025-09-24T08:46:30.497+0000] {logging_mixin.py:190} INFO - [2025-09-24T08:46:30.496+0000] {dag.py:4180} INFO - Setting next_dagrun for data_processing to 2025-09-24 08:40:00+00:00, run_after=2025-09-24 08:45:00+00:00
[2025-09-24T08:46:30.518+0000] {processor.py:208} INFO - Processing /opt/airflow/dags/data_processing.py took 2.081 seconds
[2025-09-24T08:47:01.248+0000] {processor.py:186} INFO - Started process (PID=1712) to work on /opt/airflow/dags/data_processing.py
[2025-09-24T08:47:01.250+0000] {processor.py:914} INFO - Processing file /opt/airflow/dags/data_processing.py for tasks to queue
[2025-09-24T08:47:01.253+0000] {logging_mixin.py:190} INFO - [2025-09-24T08:47:01.253+0000] {dagbag.py:588} INFO - Filling up the DagBag from /opt/airflow/dags/data_processing.py
[2025-09-24T08:47:02.838+0000] {processor.py:925} INFO - DAG(s) 'data_processing' retrieved from /opt/airflow/dags/data_processing.py
[2025-09-24T08:47:02.873+0000] {logging_mixin.py:190} INFO - [2025-09-24T08:47:02.872+0000] {dag.py:3239} INFO - Sync 1 DAGs
[2025-09-24T08:47:02.903+0000] {logging_mixin.py:190} INFO - [2025-09-24T08:47:02.902+0000] {dag.py:4180} INFO - Setting next_dagrun for data_processing to 2025-09-24 08:40:00+00:00, run_after=2025-09-24 08:45:00+00:00
[2025-09-24T08:47:02.924+0000] {processor.py:208} INFO - Processing /opt/airflow/dags/data_processing.py took 1.686 seconds
[2025-09-24T08:47:33.025+0000] {processor.py:186} INFO - Started process (PID=1746) to work on /opt/airflow/dags/data_processing.py
[2025-09-24T08:47:33.028+0000] {processor.py:914} INFO - Processing file /opt/airflow/dags/data_processing.py for tasks to queue
[2025-09-24T08:47:33.034+0000] {logging_mixin.py:190} INFO - [2025-09-24T08:47:33.033+0000] {dagbag.py:588} INFO - Filling up the DagBag from /opt/airflow/dags/data_processing.py
[2025-09-24T08:47:35.206+0000] {processor.py:925} INFO - DAG(s) 'data_processing' retrieved from /opt/airflow/dags/data_processing.py
[2025-09-24T08:47:35.487+0000] {logging_mixin.py:190} INFO - [2025-09-24T08:47:35.486+0000] {dag.py:3239} INFO - Sync 1 DAGs
[2025-09-24T08:47:35.528+0000] {logging_mixin.py:190} INFO - [2025-09-24T08:47:35.527+0000] {dag.py:4180} INFO - Setting next_dagrun for data_processing to 2025-09-24 08:40:00+00:00, run_after=2025-09-24 08:45:00+00:00
[2025-09-24T08:47:35.563+0000] {processor.py:208} INFO - Processing /opt/airflow/dags/data_processing.py took 2.556 seconds
[2025-09-24T08:48:06.351+0000] {processor.py:186} INFO - Started process (PID=1821) to work on /opt/airflow/dags/data_processing.py
[2025-09-24T08:48:06.353+0000] {processor.py:914} INFO - Processing file /opt/airflow/dags/data_processing.py for tasks to queue
[2025-09-24T08:48:06.356+0000] {logging_mixin.py:190} INFO - [2025-09-24T08:48:06.356+0000] {dagbag.py:588} INFO - Filling up the DagBag from /opt/airflow/dags/data_processing.py
[2025-09-24T08:48:07.597+0000] {processor.py:925} INFO - DAG(s) 'data_processing' retrieved from /opt/airflow/dags/data_processing.py
[2025-09-24T08:48:07.632+0000] {logging_mixin.py:190} INFO - [2025-09-24T08:48:07.632+0000] {dag.py:3239} INFO - Sync 1 DAGs
[2025-09-24T08:48:07.657+0000] {logging_mixin.py:190} INFO - [2025-09-24T08:48:07.657+0000] {dag.py:4180} INFO - Setting next_dagrun for data_processing to 2025-09-24 08:40:00+00:00, run_after=2025-09-24 08:45:00+00:00
[2025-09-24T08:48:07.674+0000] {processor.py:208} INFO - Processing /opt/airflow/dags/data_processing.py took 1.332 seconds
[2025-09-24T08:48:37.978+0000] {processor.py:186} INFO - Started process (PID=1855) to work on /opt/airflow/dags/data_processing.py
[2025-09-24T08:48:37.979+0000] {processor.py:914} INFO - Processing file /opt/airflow/dags/data_processing.py for tasks to queue
[2025-09-24T08:48:37.982+0000] {logging_mixin.py:190} INFO - [2025-09-24T08:48:37.982+0000] {dagbag.py:588} INFO - Filling up the DagBag from /opt/airflow/dags/data_processing.py
[2025-09-24T08:48:39.146+0000] {processor.py:925} INFO - DAG(s) 'data_processing' retrieved from /opt/airflow/dags/data_processing.py
[2025-09-24T08:48:39.258+0000] {logging_mixin.py:190} INFO - [2025-09-24T08:48:39.258+0000] {dag.py:3239} INFO - Sync 1 DAGs
[2025-09-24T08:48:39.280+0000] {logging_mixin.py:190} INFO - [2025-09-24T08:48:39.280+0000] {dag.py:4180} INFO - Setting next_dagrun for data_processing to 2025-09-24 08:40:00+00:00, run_after=2025-09-24 08:45:00+00:00
[2025-09-24T08:48:39.304+0000] {processor.py:208} INFO - Processing /opt/airflow/dags/data_processing.py took 1.335 seconds
[2025-09-24T08:49:09.606+0000] {processor.py:186} INFO - Started process (PID=1931) to work on /opt/airflow/dags/data_processing.py
[2025-09-24T08:49:09.608+0000] {processor.py:914} INFO - Processing file /opt/airflow/dags/data_processing.py for tasks to queue
[2025-09-24T08:49:09.611+0000] {logging_mixin.py:190} INFO - [2025-09-24T08:49:09.611+0000] {dagbag.py:588} INFO - Filling up the DagBag from /opt/airflow/dags/data_processing.py
[2025-09-24T08:49:10.891+0000] {processor.py:925} INFO - DAG(s) 'data_processing' retrieved from /opt/airflow/dags/data_processing.py
[2025-09-24T08:49:10.920+0000] {logging_mixin.py:190} INFO - [2025-09-24T08:49:10.919+0000] {dag.py:3239} INFO - Sync 1 DAGs
[2025-09-24T08:49:10.943+0000] {logging_mixin.py:190} INFO - [2025-09-24T08:49:10.943+0000] {dag.py:4180} INFO - Setting next_dagrun for data_processing to 2025-09-24 08:40:00+00:00, run_after=2025-09-24 08:45:00+00:00
[2025-09-24T08:49:10.970+0000] {processor.py:208} INFO - Processing /opt/airflow/dags/data_processing.py took 1.373 seconds
[2025-09-24T08:49:41.490+0000] {processor.py:186} INFO - Started process (PID=1965) to work on /opt/airflow/dags/data_processing.py
[2025-09-24T08:49:41.493+0000] {processor.py:914} INFO - Processing file /opt/airflow/dags/data_processing.py for tasks to queue
[2025-09-24T08:49:41.498+0000] {logging_mixin.py:190} INFO - [2025-09-24T08:49:41.497+0000] {dagbag.py:588} INFO - Filling up the DagBag from /opt/airflow/dags/data_processing.py
[2025-09-24T08:49:43.541+0000] {processor.py:925} INFO - DAG(s) 'data_processing' retrieved from /opt/airflow/dags/data_processing.py
[2025-09-24T08:49:43.672+0000] {logging_mixin.py:190} INFO - [2025-09-24T08:49:43.671+0000] {dag.py:3239} INFO - Sync 1 DAGs
[2025-09-24T08:49:43.698+0000] {logging_mixin.py:190} INFO - [2025-09-24T08:49:43.698+0000] {dag.py:4180} INFO - Setting next_dagrun for data_processing to 2025-09-24 08:40:00+00:00, run_after=2025-09-24 08:45:00+00:00
[2025-09-24T08:49:43.719+0000] {processor.py:208} INFO - Processing /opt/airflow/dags/data_processing.py took 2.244 seconds
[2025-09-24T08:50:14.035+0000] {processor.py:186} INFO - Started process (PID=2101) to work on /opt/airflow/dags/data_processing.py
[2025-09-24T08:50:14.040+0000] {processor.py:914} INFO - Processing file /opt/airflow/dags/data_processing.py for tasks to queue
[2025-09-24T08:50:14.047+0000] {logging_mixin.py:190} INFO - [2025-09-24T08:50:14.045+0000] {dagbag.py:588} INFO - Filling up the DagBag from /opt/airflow/dags/data_processing.py
[2025-09-24T08:50:16.040+0000] {processor.py:925} INFO - DAG(s) 'data_processing' retrieved from /opt/airflow/dags/data_processing.py
[2025-09-24T08:50:16.079+0000] {logging_mixin.py:190} INFO - [2025-09-24T08:50:16.078+0000] {dag.py:3239} INFO - Sync 1 DAGs
[2025-09-24T08:50:16.113+0000] {logging_mixin.py:190} INFO - [2025-09-24T08:50:16.113+0000] {dag.py:4180} INFO - Setting next_dagrun for data_processing to 2025-09-24 08:45:00+00:00, run_after=2025-09-24 08:50:00+00:00
[2025-09-24T08:50:16.139+0000] {processor.py:208} INFO - Processing /opt/airflow/dags/data_processing.py took 2.119 seconds
[2025-09-24T08:50:46.582+0000] {processor.py:186} INFO - Started process (PID=2331) to work on /opt/airflow/dags/data_processing.py
[2025-09-24T08:50:46.584+0000] {processor.py:914} INFO - Processing file /opt/airflow/dags/data_processing.py for tasks to queue
[2025-09-24T08:50:46.588+0000] {logging_mixin.py:190} INFO - [2025-09-24T08:50:46.588+0000] {dagbag.py:588} INFO - Filling up the DagBag from /opt/airflow/dags/data_processing.py
[2025-09-24T08:50:47.988+0000] {processor.py:925} INFO - DAG(s) 'data_processing' retrieved from /opt/airflow/dags/data_processing.py
[2025-09-24T08:50:48.117+0000] {logging_mixin.py:190} INFO - [2025-09-24T08:50:48.116+0000] {dag.py:3239} INFO - Sync 1 DAGs
[2025-09-24T08:50:48.147+0000] {logging_mixin.py:190} INFO - [2025-09-24T08:50:48.147+0000] {dag.py:4180} INFO - Setting next_dagrun for data_processing to 2025-09-24 08:45:00+00:00, run_after=2025-09-24 08:50:00+00:00
[2025-09-24T08:50:48.172+0000] {processor.py:208} INFO - Processing /opt/airflow/dags/data_processing.py took 1.605 seconds
[2025-09-24T08:51:18.522+0000] {processor.py:186} INFO - Started process (PID=2365) to work on /opt/airflow/dags/data_processing.py
[2025-09-24T08:51:18.524+0000] {processor.py:914} INFO - Processing file /opt/airflow/dags/data_processing.py for tasks to queue
[2025-09-24T08:51:18.528+0000] {logging_mixin.py:190} INFO - [2025-09-24T08:51:18.527+0000] {dagbag.py:588} INFO - Filling up the DagBag from /opt/airflow/dags/data_processing.py
[2025-09-24T08:51:20.134+0000] {processor.py:925} INFO - DAG(s) 'data_processing' retrieved from /opt/airflow/dags/data_processing.py
[2025-09-24T08:51:20.178+0000] {logging_mixin.py:190} INFO - [2025-09-24T08:51:20.178+0000] {dag.py:3239} INFO - Sync 1 DAGs
[2025-09-24T08:51:20.207+0000] {logging_mixin.py:190} INFO - [2025-09-24T08:51:20.207+0000] {dag.py:4180} INFO - Setting next_dagrun for data_processing to 2025-09-24 08:45:00+00:00, run_after=2025-09-24 08:50:00+00:00
[2025-09-24T08:51:20.225+0000] {processor.py:208} INFO - Processing /opt/airflow/dags/data_processing.py took 1.715 seconds
[2025-09-24T08:51:50.656+0000] {processor.py:186} INFO - Started process (PID=2439) to work on /opt/airflow/dags/data_processing.py
[2025-09-24T08:51:50.657+0000] {processor.py:914} INFO - Processing file /opt/airflow/dags/data_processing.py for tasks to queue
[2025-09-24T08:51:50.660+0000] {logging_mixin.py:190} INFO - [2025-09-24T08:51:50.660+0000] {dagbag.py:588} INFO - Filling up the DagBag from /opt/airflow/dags/data_processing.py
[2025-09-24T08:51:51.843+0000] {processor.py:925} INFO - DAG(s) 'data_processing' retrieved from /opt/airflow/dags/data_processing.py
[2025-09-24T08:51:51.967+0000] {logging_mixin.py:190} INFO - [2025-09-24T08:51:51.966+0000] {dag.py:3239} INFO - Sync 1 DAGs
[2025-09-24T08:51:51.993+0000] {logging_mixin.py:190} INFO - [2025-09-24T08:51:51.993+0000] {dag.py:4180} INFO - Setting next_dagrun for data_processing to 2025-09-24 08:45:00+00:00, run_after=2025-09-24 08:50:00+00:00
[2025-09-24T08:51:52.020+0000] {processor.py:208} INFO - Processing /opt/airflow/dags/data_processing.py took 1.373 seconds
[2025-09-24T08:52:22.376+0000] {processor.py:186} INFO - Started process (PID=2473) to work on /opt/airflow/dags/data_processing.py
[2025-09-24T08:52:22.378+0000] {processor.py:914} INFO - Processing file /opt/airflow/dags/data_processing.py for tasks to queue
[2025-09-24T08:52:22.382+0000] {logging_mixin.py:190} INFO - [2025-09-24T08:52:22.382+0000] {dagbag.py:588} INFO - Filling up the DagBag from /opt/airflow/dags/data_processing.py
[2025-09-24T08:52:23.658+0000] {processor.py:925} INFO - DAG(s) 'data_processing' retrieved from /opt/airflow/dags/data_processing.py
[2025-09-24T08:52:23.688+0000] {logging_mixin.py:190} INFO - [2025-09-24T08:52:23.687+0000] {dag.py:3239} INFO - Sync 1 DAGs
[2025-09-24T08:52:23.713+0000] {logging_mixin.py:190} INFO - [2025-09-24T08:52:23.713+0000] {dag.py:4180} INFO - Setting next_dagrun for data_processing to 2025-09-24 08:45:00+00:00, run_after=2025-09-24 08:50:00+00:00
[2025-09-24T08:52:23.739+0000] {processor.py:208} INFO - Processing /opt/airflow/dags/data_processing.py took 1.374 seconds
[2025-09-24T08:52:54.269+0000] {processor.py:186} INFO - Started process (PID=2551) to work on /opt/airflow/dags/data_processing.py
[2025-09-24T08:52:54.271+0000] {processor.py:914} INFO - Processing file /opt/airflow/dags/data_processing.py for tasks to queue
[2025-09-24T08:52:54.275+0000] {logging_mixin.py:190} INFO - [2025-09-24T08:52:54.275+0000] {dagbag.py:588} INFO - Filling up the DagBag from /opt/airflow/dags/data_processing.py
[2025-09-24T08:52:55.638+0000] {processor.py:925} INFO - DAG(s) 'data_processing' retrieved from /opt/airflow/dags/data_processing.py
[2025-09-24T08:52:55.760+0000] {logging_mixin.py:190} INFO - [2025-09-24T08:52:55.759+0000] {dag.py:3239} INFO - Sync 1 DAGs
[2025-09-24T08:52:55.783+0000] {logging_mixin.py:190} INFO - [2025-09-24T08:52:55.783+0000] {dag.py:4180} INFO - Setting next_dagrun for data_processing to 2025-09-24 08:45:00+00:00, run_after=2025-09-24 08:50:00+00:00
[2025-09-24T08:52:55.805+0000] {processor.py:208} INFO - Processing /opt/airflow/dags/data_processing.py took 1.545 seconds
[2025-09-24T08:53:26.115+0000] {processor.py:186} INFO - Started process (PID=2585) to work on /opt/airflow/dags/data_processing.py
[2025-09-24T08:53:26.119+0000] {processor.py:914} INFO - Processing file /opt/airflow/dags/data_processing.py for tasks to queue
[2025-09-24T08:53:26.127+0000] {logging_mixin.py:190} INFO - [2025-09-24T08:53:26.125+0000] {dagbag.py:588} INFO - Filling up the DagBag from /opt/airflow/dags/data_processing.py
[2025-09-24T08:53:27.859+0000] {processor.py:925} INFO - DAG(s) 'data_processing' retrieved from /opt/airflow/dags/data_processing.py
[2025-09-24T08:53:27.901+0000] {logging_mixin.py:190} INFO - [2025-09-24T08:53:27.900+0000] {dag.py:3239} INFO - Sync 1 DAGs
[2025-09-24T08:53:27.936+0000] {logging_mixin.py:190} INFO - [2025-09-24T08:53:27.935+0000] {dag.py:4180} INFO - Setting next_dagrun for data_processing to 2025-09-24 08:45:00+00:00, run_after=2025-09-24 08:50:00+00:00
[2025-09-24T08:53:27.961+0000] {processor.py:208} INFO - Processing /opt/airflow/dags/data_processing.py took 1.861 seconds
[2025-09-24T08:53:58.549+0000] {processor.py:186} INFO - Started process (PID=2659) to work on /opt/airflow/dags/data_processing.py
[2025-09-24T08:53:58.553+0000] {processor.py:914} INFO - Processing file /opt/airflow/dags/data_processing.py for tasks to queue
[2025-09-24T08:53:58.560+0000] {logging_mixin.py:190} INFO - [2025-09-24T08:53:58.557+0000] {dagbag.py:588} INFO - Filling up the DagBag from /opt/airflow/dags/data_processing.py
[2025-09-24T08:54:01.180+0000] {processor.py:925} INFO - DAG(s) 'data_processing' retrieved from /opt/airflow/dags/data_processing.py
[2025-09-24T08:54:01.455+0000] {logging_mixin.py:190} INFO - [2025-09-24T08:54:01.454+0000] {dag.py:3239} INFO - Sync 1 DAGs
[2025-09-24T08:54:01.499+0000] {logging_mixin.py:190} INFO - [2025-09-24T08:54:01.496+0000] {dag.py:4180} INFO - Setting next_dagrun for data_processing to 2025-09-24 08:45:00+00:00, run_after=2025-09-24 08:50:00+00:00
[2025-09-24T08:54:01.534+0000] {processor.py:208} INFO - Processing /opt/airflow/dags/data_processing.py took 3.008 seconds
[2025-09-24T08:54:31.864+0000] {processor.py:186} INFO - Started process (PID=2697) to work on /opt/airflow/dags/data_processing.py
[2025-09-24T08:54:31.866+0000] {processor.py:914} INFO - Processing file /opt/airflow/dags/data_processing.py for tasks to queue
[2025-09-24T08:54:31.871+0000] {logging_mixin.py:190} INFO - [2025-09-24T08:54:31.870+0000] {dagbag.py:588} INFO - Filling up the DagBag from /opt/airflow/dags/data_processing.py
[2025-09-24T08:54:33.999+0000] {processor.py:925} INFO - DAG(s) 'data_processing' retrieved from /opt/airflow/dags/data_processing.py
[2025-09-24T08:54:34.027+0000] {logging_mixin.py:190} INFO - [2025-09-24T08:54:34.026+0000] {dag.py:3239} INFO - Sync 1 DAGs
[2025-09-24T08:54:34.074+0000] {logging_mixin.py:190} INFO - [2025-09-24T08:54:34.073+0000] {dag.py:4180} INFO - Setting next_dagrun for data_processing to 2025-09-24 08:45:00+00:00, run_after=2025-09-24 08:50:00+00:00
[2025-09-24T08:54:34.106+0000] {processor.py:208} INFO - Processing /opt/airflow/dags/data_processing.py took 2.252 seconds
[2025-09-24T08:55:04.429+0000] {processor.py:186} INFO - Started process (PID=2747) to work on /opt/airflow/dags/data_processing.py
[2025-09-24T08:55:04.431+0000] {processor.py:914} INFO - Processing file /opt/airflow/dags/data_processing.py for tasks to queue
[2025-09-24T08:55:04.435+0000] {logging_mixin.py:190} INFO - [2025-09-24T08:55:04.434+0000] {dagbag.py:588} INFO - Filling up the DagBag from /opt/airflow/dags/data_processing.py
[2025-09-24T08:55:05.813+0000] {processor.py:925} INFO - DAG(s) 'data_processing' retrieved from /opt/airflow/dags/data_processing.py
[2025-09-24T08:55:05.937+0000] {logging_mixin.py:190} INFO - [2025-09-24T08:55:05.937+0000] {dag.py:3239} INFO - Sync 1 DAGs
[2025-09-24T08:55:05.965+0000] {logging_mixin.py:190} INFO - [2025-09-24T08:55:05.964+0000] {dag.py:4180} INFO - Setting next_dagrun for data_processing to 2025-09-24 08:50:00+00:00, run_after=2025-09-24 08:55:00+00:00
[2025-09-24T08:55:05.992+0000] {processor.py:208} INFO - Processing /opt/airflow/dags/data_processing.py took 1.576 seconds
