[2025-09-24T08:41:06.818+0000] {processor.py:186} INFO - Started process (PID=188) to work on /opt/airflow/dags/train_model.py
[2025-09-24T08:41:06.819+0000] {processor.py:914} INFO - Processing file /opt/airflow/dags/train_model.py for tasks to queue
[2025-09-24T08:41:06.822+0000] {logging_mixin.py:190} INFO - [2025-09-24T08:41:06.821+0000] {dagbag.py:588} INFO - Filling up the DagBag from /opt/airflow/dags/train_model.py
[2025-09-24T08:41:08.378+0000] {processor.py:925} INFO - DAG(s) 'wine_model_training' retrieved from /opt/airflow/dags/train_model.py
[2025-09-24T08:41:08.494+0000] {logging_mixin.py:190} INFO - [2025-09-24T08:41:08.494+0000] {override.py:1900} INFO - Created Permission View: can read on DAG:wine_model_training
[2025-09-24T08:41:08.505+0000] {logging_mixin.py:190} INFO - [2025-09-24T08:41:08.505+0000] {override.py:1900} INFO - Created Permission View: can edit on DAG:wine_model_training
[2025-09-24T08:41:08.511+0000] {logging_mixin.py:190} INFO - [2025-09-24T08:41:08.511+0000] {override.py:1900} INFO - Created Permission View: can delete on DAG:wine_model_training
[2025-09-24T08:41:08.519+0000] {logging_mixin.py:190} INFO - [2025-09-24T08:41:08.519+0000] {override.py:1900} INFO - Created Permission View: can read on DAG Run:wine_model_training
[2025-09-24T08:41:08.526+0000] {logging_mixin.py:190} INFO - [2025-09-24T08:41:08.526+0000] {override.py:1900} INFO - Created Permission View: can create on DAG Run:wine_model_training
[2025-09-24T08:41:08.533+0000] {logging_mixin.py:190} INFO - [2025-09-24T08:41:08.533+0000] {override.py:1900} INFO - Created Permission View: menu access on DAG Run:wine_model_training
[2025-09-24T08:41:08.540+0000] {logging_mixin.py:190} INFO - [2025-09-24T08:41:08.540+0000] {override.py:1900} INFO - Created Permission View: can delete on DAG Run:wine_model_training
[2025-09-24T08:41:08.541+0000] {logging_mixin.py:190} INFO - [2025-09-24T08:41:08.541+0000] {dag.py:3239} INFO - Sync 1 DAGs
[2025-09-24T08:41:08.554+0000] {logging_mixin.py:190} INFO - [2025-09-24T08:41:08.554+0000] {dag.py:3262} INFO - Creating ORM DAG for wine_model_training
[2025-09-24T08:41:08.568+0000] {logging_mixin.py:190} INFO - [2025-09-24T08:41:08.567+0000] {dag.py:4180} INFO - Setting next_dagrun for wine_model_training to 2025-09-24 08:35:00+00:00, run_after=2025-09-24 08:40:00+00:00
[2025-09-24T08:41:08.585+0000] {processor.py:208} INFO - Processing /opt/airflow/dags/train_model.py took 1.774 seconds
[2025-09-24T08:41:38.808+0000] {processor.py:186} INFO - Started process (PID=224) to work on /opt/airflow/dags/train_model.py
[2025-09-24T08:41:38.810+0000] {processor.py:914} INFO - Processing file /opt/airflow/dags/train_model.py for tasks to queue
[2025-09-24T08:41:38.813+0000] {logging_mixin.py:190} INFO - [2025-09-24T08:41:38.812+0000] {dagbag.py:588} INFO - Filling up the DagBag from /opt/airflow/dags/train_model.py
[2025-09-24T08:41:40.253+0000] {processor.py:925} INFO - DAG(s) 'wine_model_training' retrieved from /opt/airflow/dags/train_model.py
[2025-09-24T08:41:40.285+0000] {logging_mixin.py:190} INFO - [2025-09-24T08:41:40.284+0000] {dag.py:3239} INFO - Sync 1 DAGs
[2025-09-24T08:41:40.311+0000] {logging_mixin.py:190} INFO - [2025-09-24T08:41:40.310+0000] {dag.py:4180} INFO - Setting next_dagrun for wine_model_training to 2025-09-24 08:35:00+00:00, run_after=2025-09-24 08:40:00+00:00
[2025-09-24T08:41:40.339+0000] {processor.py:208} INFO - Processing /opt/airflow/dags/train_model.py took 1.539 seconds
[2025-09-24T08:42:10.860+0000] {processor.py:186} INFO - Started process (PID=772) to work on /opt/airflow/dags/train_model.py
[2025-09-24T08:42:10.861+0000] {processor.py:914} INFO - Processing file /opt/airflow/dags/train_model.py for tasks to queue
[2025-09-24T08:42:10.864+0000] {logging_mixin.py:190} INFO - [2025-09-24T08:42:10.863+0000] {dagbag.py:588} INFO - Filling up the DagBag from /opt/airflow/dags/train_model.py
[2025-09-24T08:42:12.177+0000] {processor.py:925} INFO - DAG(s) 'wine_model_training' retrieved from /opt/airflow/dags/train_model.py
[2025-09-24T08:42:12.261+0000] {logging_mixin.py:190} INFO - [2025-09-24T08:42:12.260+0000] {dag.py:3239} INFO - Sync 1 DAGs
[2025-09-24T08:42:12.322+0000] {logging_mixin.py:190} INFO - [2025-09-24T08:42:12.321+0000] {dag.py:4180} INFO - Setting next_dagrun for wine_model_training to 2025-09-24 08:35:00+00:00, run_after=2025-09-24 08:40:00+00:00
[2025-09-24T08:42:12.358+0000] {processor.py:208} INFO - Processing /opt/airflow/dags/train_model.py took 1.506 seconds
[2025-09-24T08:42:42.742+0000] {processor.py:186} INFO - Started process (PID=890) to work on /opt/airflow/dags/train_model.py
[2025-09-24T08:42:42.743+0000] {processor.py:914} INFO - Processing file /opt/airflow/dags/train_model.py for tasks to queue
[2025-09-24T08:42:42.745+0000] {logging_mixin.py:190} INFO - [2025-09-24T08:42:42.745+0000] {dagbag.py:588} INFO - Filling up the DagBag from /opt/airflow/dags/train_model.py
[2025-09-24T08:42:43.852+0000] {processor.py:925} INFO - DAG(s) 'wine_model_training' retrieved from /opt/airflow/dags/train_model.py
[2025-09-24T08:42:43.884+0000] {logging_mixin.py:190} INFO - [2025-09-24T08:42:43.884+0000] {dag.py:3239} INFO - Sync 1 DAGs
[2025-09-24T08:42:43.908+0000] {logging_mixin.py:190} INFO - [2025-09-24T08:42:43.908+0000] {dag.py:4180} INFO - Setting next_dagrun for wine_model_training to 2025-09-24 08:35:00+00:00, run_after=2025-09-24 08:40:00+00:00
[2025-09-24T08:42:43.930+0000] {processor.py:208} INFO - Processing /opt/airflow/dags/train_model.py took 1.196 seconds
[2025-09-24T08:43:14.352+0000] {processor.py:186} INFO - Started process (PID=924) to work on /opt/airflow/dags/train_model.py
[2025-09-24T08:43:14.353+0000] {processor.py:914} INFO - Processing file /opt/airflow/dags/train_model.py for tasks to queue
[2025-09-24T08:43:14.356+0000] {logging_mixin.py:190} INFO - [2025-09-24T08:43:14.355+0000] {dagbag.py:588} INFO - Filling up the DagBag from /opt/airflow/dags/train_model.py
[2025-09-24T08:43:15.498+0000] {processor.py:925} INFO - DAG(s) 'wine_model_training' retrieved from /opt/airflow/dags/train_model.py
[2025-09-24T08:43:15.528+0000] {logging_mixin.py:190} INFO - [2025-09-24T08:43:15.527+0000] {dag.py:3239} INFO - Sync 1 DAGs
[2025-09-24T08:43:15.551+0000] {logging_mixin.py:190} INFO - [2025-09-24T08:43:15.551+0000] {dag.py:4180} INFO - Setting next_dagrun for wine_model_training to 2025-09-24 08:35:00+00:00, run_after=2025-09-24 08:40:00+00:00
[2025-09-24T08:43:15.575+0000] {processor.py:208} INFO - Processing /opt/airflow/dags/train_model.py took 1.231 seconds
[2025-09-24T08:43:46.340+0000] {processor.py:186} INFO - Started process (PID=1036) to work on /opt/airflow/dags/train_model.py
[2025-09-24T08:43:46.341+0000] {processor.py:914} INFO - Processing file /opt/airflow/dags/train_model.py for tasks to queue
[2025-09-24T08:43:46.345+0000] {logging_mixin.py:190} INFO - [2025-09-24T08:43:46.344+0000] {dagbag.py:588} INFO - Filling up the DagBag from /opt/airflow/dags/train_model.py
[2025-09-24T08:43:47.522+0000] {processor.py:925} INFO - DAG(s) 'wine_model_training' retrieved from /opt/airflow/dags/train_model.py
[2025-09-24T08:43:47.564+0000] {logging_mixin.py:190} INFO - [2025-09-24T08:43:47.563+0000] {dag.py:3239} INFO - Sync 1 DAGs
[2025-09-24T08:43:47.595+0000] {logging_mixin.py:190} INFO - [2025-09-24T08:43:47.595+0000] {dag.py:4180} INFO - Setting next_dagrun for wine_model_training to 2025-09-24 08:35:00+00:00, run_after=2025-09-24 08:40:00+00:00
[2025-09-24T08:43:47.620+0000] {processor.py:208} INFO - Processing /opt/airflow/dags/train_model.py took 1.288 seconds
[2025-09-24T08:44:18.140+0000] {processor.py:186} INFO - Started process (PID=1070) to work on /opt/airflow/dags/train_model.py
[2025-09-24T08:44:18.141+0000] {processor.py:914} INFO - Processing file /opt/airflow/dags/train_model.py for tasks to queue
[2025-09-24T08:44:18.144+0000] {logging_mixin.py:190} INFO - [2025-09-24T08:44:18.144+0000] {dagbag.py:588} INFO - Filling up the DagBag from /opt/airflow/dags/train_model.py
[2025-09-24T08:44:19.369+0000] {processor.py:925} INFO - DAG(s) 'wine_model_training' retrieved from /opt/airflow/dags/train_model.py
[2025-09-24T08:44:19.415+0000] {logging_mixin.py:190} INFO - [2025-09-24T08:44:19.414+0000] {dag.py:3239} INFO - Sync 1 DAGs
[2025-09-24T08:44:19.456+0000] {logging_mixin.py:190} INFO - [2025-09-24T08:44:19.456+0000] {dag.py:4180} INFO - Setting next_dagrun for wine_model_training to 2025-09-24 08:35:00+00:00, run_after=2025-09-24 08:40:00+00:00
[2025-09-24T08:44:19.483+0000] {processor.py:208} INFO - Processing /opt/airflow/dags/train_model.py took 1.351 seconds
[2025-09-24T08:44:51.672+0000] {processor.py:186} INFO - Started process (PID=1182) to work on /opt/airflow/dags/train_model.py
[2025-09-24T08:44:51.677+0000] {processor.py:914} INFO - Processing file /opt/airflow/dags/train_model.py for tasks to queue
[2025-09-24T08:44:51.684+0000] {logging_mixin.py:190} INFO - [2025-09-24T08:44:51.683+0000] {dagbag.py:588} INFO - Filling up the DagBag from /opt/airflow/dags/train_model.py
[2025-09-24T08:44:53.125+0000] {processor.py:925} INFO - DAG(s) 'wine_model_training' retrieved from /opt/airflow/dags/train_model.py
[2025-09-24T08:44:53.156+0000] {logging_mixin.py:190} INFO - [2025-09-24T08:44:53.156+0000] {dag.py:3239} INFO - Sync 1 DAGs
[2025-09-24T08:44:53.184+0000] {logging_mixin.py:190} INFO - [2025-09-24T08:44:53.184+0000] {dag.py:4180} INFO - Setting next_dagrun for wine_model_training to 2025-09-24 08:35:00+00:00, run_after=2025-09-24 08:40:00+00:00
[2025-09-24T08:44:53.207+0000] {processor.py:208} INFO - Processing /opt/airflow/dags/train_model.py took 1.561 seconds
[2025-09-24T08:45:24.454+0000] {processor.py:186} INFO - Started process (PID=1472) to work on /opt/airflow/dags/train_model.py
[2025-09-24T08:45:24.456+0000] {processor.py:914} INFO - Processing file /opt/airflow/dags/train_model.py for tasks to queue
[2025-09-24T08:45:24.460+0000] {logging_mixin.py:190} INFO - [2025-09-24T08:45:24.459+0000] {dagbag.py:588} INFO - Filling up the DagBag from /opt/airflow/dags/train_model.py
[2025-09-24T08:45:25.696+0000] {processor.py:925} INFO - DAG(s) 'wine_model_training' retrieved from /opt/airflow/dags/train_model.py
[2025-09-24T08:45:25.731+0000] {logging_mixin.py:190} INFO - [2025-09-24T08:45:25.730+0000] {dag.py:3239} INFO - Sync 1 DAGs
[2025-09-24T08:45:25.762+0000] {logging_mixin.py:190} INFO - [2025-09-24T08:45:25.762+0000] {dag.py:4180} INFO - Setting next_dagrun for wine_model_training to 2025-09-24 08:40:00+00:00, run_after=2025-09-24 08:45:00+00:00
[2025-09-24T08:45:25.791+0000] {processor.py:208} INFO - Processing /opt/airflow/dags/train_model.py took 1.347 seconds
[2025-09-24T08:45:58.167+0000] {processor.py:186} INFO - Started process (PID=1628) to work on /opt/airflow/dags/train_model.py
[2025-09-24T08:45:58.170+0000] {processor.py:914} INFO - Processing file /opt/airflow/dags/train_model.py for tasks to queue
[2025-09-24T08:45:58.183+0000] {logging_mixin.py:190} INFO - [2025-09-24T08:45:58.180+0000] {dagbag.py:588} INFO - Filling up the DagBag from /opt/airflow/dags/train_model.py
[2025-09-24T08:46:00.935+0000] {processor.py:925} INFO - DAG(s) 'wine_model_training' retrieved from /opt/airflow/dags/train_model.py
[2025-09-24T08:46:00.986+0000] {logging_mixin.py:190} INFO - [2025-09-24T08:46:00.985+0000] {dag.py:3239} INFO - Sync 1 DAGs
[2025-09-24T08:46:01.022+0000] {logging_mixin.py:190} INFO - [2025-09-24T08:46:01.022+0000] {dag.py:4180} INFO - Setting next_dagrun for wine_model_training to 2025-09-24 08:40:00+00:00, run_after=2025-09-24 08:45:00+00:00
[2025-09-24T08:46:01.070+0000] {processor.py:208} INFO - Processing /opt/airflow/dags/train_model.py took 2.924 seconds
[2025-09-24T08:46:31.501+0000] {processor.py:186} INFO - Started process (PID=1664) to work on /opt/airflow/dags/train_model.py
[2025-09-24T08:46:31.502+0000] {processor.py:914} INFO - Processing file /opt/airflow/dags/train_model.py for tasks to queue
[2025-09-24T08:46:31.506+0000] {logging_mixin.py:190} INFO - [2025-09-24T08:46:31.505+0000] {dagbag.py:588} INFO - Filling up the DagBag from /opt/airflow/dags/train_model.py
[2025-09-24T08:46:32.786+0000] {processor.py:925} INFO - DAG(s) 'wine_model_training' retrieved from /opt/airflow/dags/train_model.py
[2025-09-24T08:46:32.818+0000] {logging_mixin.py:190} INFO - [2025-09-24T08:46:32.817+0000] {dag.py:3239} INFO - Sync 1 DAGs
[2025-09-24T08:46:32.841+0000] {logging_mixin.py:190} INFO - [2025-09-24T08:46:32.841+0000] {dag.py:4180} INFO - Setting next_dagrun for wine_model_training to 2025-09-24 08:40:00+00:00, run_after=2025-09-24 08:45:00+00:00
[2025-09-24T08:46:32.865+0000] {processor.py:208} INFO - Processing /opt/airflow/dags/train_model.py took 1.373 seconds
[2025-09-24T08:47:02.974+0000] {processor.py:186} INFO - Started process (PID=1736) to work on /opt/airflow/dags/train_model.py
[2025-09-24T08:47:02.975+0000] {processor.py:914} INFO - Processing file /opt/airflow/dags/train_model.py for tasks to queue
[2025-09-24T08:47:02.978+0000] {logging_mixin.py:190} INFO - [2025-09-24T08:47:02.978+0000] {dagbag.py:588} INFO - Filling up the DagBag from /opt/airflow/dags/train_model.py
[2025-09-24T08:47:04.146+0000] {processor.py:925} INFO - DAG(s) 'wine_model_training' retrieved from /opt/airflow/dags/train_model.py
[2025-09-24T08:47:04.178+0000] {logging_mixin.py:190} INFO - [2025-09-24T08:47:04.178+0000] {dag.py:3239} INFO - Sync 1 DAGs
[2025-09-24T08:47:04.203+0000] {logging_mixin.py:190} INFO - [2025-09-24T08:47:04.203+0000] {dag.py:4180} INFO - Setting next_dagrun for wine_model_training to 2025-09-24 08:40:00+00:00, run_after=2025-09-24 08:45:00+00:00
[2025-09-24T08:47:04.224+0000] {processor.py:208} INFO - Processing /opt/airflow/dags/train_model.py took 1.257 seconds
[2025-09-24T08:47:35.653+0000] {processor.py:186} INFO - Started process (PID=1770) to work on /opt/airflow/dags/train_model.py
[2025-09-24T08:47:35.655+0000] {processor.py:914} INFO - Processing file /opt/airflow/dags/train_model.py for tasks to queue
[2025-09-24T08:47:35.658+0000] {logging_mixin.py:190} INFO - [2025-09-24T08:47:35.658+0000] {dagbag.py:588} INFO - Filling up the DagBag from /opt/airflow/dags/train_model.py
[2025-09-24T08:47:37.170+0000] {processor.py:925} INFO - DAG(s) 'wine_model_training' retrieved from /opt/airflow/dags/train_model.py
[2025-09-24T08:47:37.200+0000] {logging_mixin.py:190} INFO - [2025-09-24T08:47:37.200+0000] {dag.py:3239} INFO - Sync 1 DAGs
[2025-09-24T08:47:37.225+0000] {logging_mixin.py:190} INFO - [2025-09-24T08:47:37.225+0000] {dag.py:4180} INFO - Setting next_dagrun for wine_model_training to 2025-09-24 08:40:00+00:00, run_after=2025-09-24 08:45:00+00:00
[2025-09-24T08:47:37.246+0000] {processor.py:208} INFO - Processing /opt/airflow/dags/train_model.py took 1.606 seconds
[2025-09-24T08:48:07.726+0000] {processor.py:186} INFO - Started process (PID=1845) to work on /opt/airflow/dags/train_model.py
[2025-09-24T08:48:07.727+0000] {processor.py:914} INFO - Processing file /opt/airflow/dags/train_model.py for tasks to queue
[2025-09-24T08:48:07.730+0000] {logging_mixin.py:190} INFO - [2025-09-24T08:48:07.730+0000] {dagbag.py:588} INFO - Filling up the DagBag from /opt/airflow/dags/train_model.py
[2025-09-24T08:48:08.851+0000] {processor.py:925} INFO - DAG(s) 'wine_model_training' retrieved from /opt/airflow/dags/train_model.py
[2025-09-24T08:48:08.887+0000] {logging_mixin.py:190} INFO - [2025-09-24T08:48:08.886+0000] {dag.py:3239} INFO - Sync 1 DAGs
[2025-09-24T08:48:08.922+0000] {logging_mixin.py:190} INFO - [2025-09-24T08:48:08.921+0000] {dag.py:4180} INFO - Setting next_dagrun for wine_model_training to 2025-09-24 08:40:00+00:00, run_after=2025-09-24 08:45:00+00:00
[2025-09-24T08:48:08.945+0000] {processor.py:208} INFO - Processing /opt/airflow/dags/train_model.py took 1.226 seconds
[2025-09-24T08:48:39.351+0000] {processor.py:186} INFO - Started process (PID=1879) to work on /opt/airflow/dags/train_model.py
[2025-09-24T08:48:39.352+0000] {processor.py:914} INFO - Processing file /opt/airflow/dags/train_model.py for tasks to queue
[2025-09-24T08:48:39.355+0000] {logging_mixin.py:190} INFO - [2025-09-24T08:48:39.355+0000] {dagbag.py:588} INFO - Filling up the DagBag from /opt/airflow/dags/train_model.py
[2025-09-24T08:48:40.384+0000] {processor.py:925} INFO - DAG(s) 'wine_model_training' retrieved from /opt/airflow/dags/train_model.py
[2025-09-24T08:48:40.413+0000] {logging_mixin.py:190} INFO - [2025-09-24T08:48:40.413+0000] {dag.py:3239} INFO - Sync 1 DAGs
[2025-09-24T08:48:40.437+0000] {logging_mixin.py:190} INFO - [2025-09-24T08:48:40.436+0000] {dag.py:4180} INFO - Setting next_dagrun for wine_model_training to 2025-09-24 08:40:00+00:00, run_after=2025-09-24 08:45:00+00:00
[2025-09-24T08:48:40.458+0000] {processor.py:208} INFO - Processing /opt/airflow/dags/train_model.py took 1.115 seconds
[2025-09-24T08:49:11.018+0000] {processor.py:186} INFO - Started process (PID=1955) to work on /opt/airflow/dags/train_model.py
[2025-09-24T08:49:11.019+0000] {processor.py:914} INFO - Processing file /opt/airflow/dags/train_model.py for tasks to queue
[2025-09-24T08:49:11.023+0000] {logging_mixin.py:190} INFO - [2025-09-24T08:49:11.022+0000] {dagbag.py:588} INFO - Filling up the DagBag from /opt/airflow/dags/train_model.py
[2025-09-24T08:49:12.204+0000] {processor.py:925} INFO - DAG(s) 'wine_model_training' retrieved from /opt/airflow/dags/train_model.py
[2025-09-24T08:49:12.235+0000] {logging_mixin.py:190} INFO - [2025-09-24T08:49:12.235+0000] {dag.py:3239} INFO - Sync 1 DAGs
[2025-09-24T08:49:12.259+0000] {logging_mixin.py:190} INFO - [2025-09-24T08:49:12.259+0000] {dag.py:4180} INFO - Setting next_dagrun for wine_model_training to 2025-09-24 08:40:00+00:00, run_after=2025-09-24 08:45:00+00:00
[2025-09-24T08:49:12.289+0000] {processor.py:208} INFO - Processing /opt/airflow/dags/train_model.py took 1.281 seconds
[2025-09-24T08:49:43.686+0000] {processor.py:186} INFO - Started process (PID=1989) to work on /opt/airflow/dags/train_model.py
[2025-09-24T08:49:43.687+0000] {processor.py:914} INFO - Processing file /opt/airflow/dags/train_model.py for tasks to queue
[2025-09-24T08:49:43.690+0000] {logging_mixin.py:190} INFO - [2025-09-24T08:49:43.690+0000] {dagbag.py:588} INFO - Filling up the DagBag from /opt/airflow/dags/train_model.py
[2025-09-24T08:49:44.947+0000] {processor.py:925} INFO - DAG(s) 'wine_model_training' retrieved from /opt/airflow/dags/train_model.py
[2025-09-24T08:49:44.979+0000] {logging_mixin.py:190} INFO - [2025-09-24T08:49:44.979+0000] {dag.py:3239} INFO - Sync 1 DAGs
[2025-09-24T08:49:45.004+0000] {logging_mixin.py:190} INFO - [2025-09-24T08:49:45.003+0000] {dag.py:4180} INFO - Setting next_dagrun for wine_model_training to 2025-09-24 08:40:00+00:00, run_after=2025-09-24 08:45:00+00:00
[2025-09-24T08:49:45.032+0000] {processor.py:208} INFO - Processing /opt/airflow/dags/train_model.py took 1.356 seconds
[2025-09-24T08:50:16.199+0000] {processor.py:186} INFO - Started process (PID=2224) to work on /opt/airflow/dags/train_model.py
[2025-09-24T08:50:16.200+0000] {processor.py:914} INFO - Processing file /opt/airflow/dags/train_model.py for tasks to queue
[2025-09-24T08:50:16.205+0000] {logging_mixin.py:190} INFO - [2025-09-24T08:50:16.205+0000] {dagbag.py:588} INFO - Filling up the DagBag from /opt/airflow/dags/train_model.py
[2025-09-24T08:50:17.716+0000] {processor.py:925} INFO - DAG(s) 'wine_model_training' retrieved from /opt/airflow/dags/train_model.py
[2025-09-24T08:50:17.747+0000] {logging_mixin.py:190} INFO - [2025-09-24T08:50:17.746+0000] {dag.py:3239} INFO - Sync 1 DAGs
[2025-09-24T08:50:17.771+0000] {logging_mixin.py:190} INFO - [2025-09-24T08:50:17.770+0000] {dag.py:4180} INFO - Setting next_dagrun for wine_model_training to 2025-09-24 08:45:00+00:00, run_after=2025-09-24 08:50:00+00:00
[2025-09-24T08:50:17.789+0000] {processor.py:208} INFO - Processing /opt/airflow/dags/train_model.py took 1.600 seconds
[2025-09-24T08:50:48.144+0000] {processor.py:186} INFO - Started process (PID=2355) to work on /opt/airflow/dags/train_model.py
[2025-09-24T08:50:48.146+0000] {processor.py:914} INFO - Processing file /opt/airflow/dags/train_model.py for tasks to queue
[2025-09-24T08:50:48.150+0000] {logging_mixin.py:190} INFO - [2025-09-24T08:50:48.149+0000] {dagbag.py:588} INFO - Filling up the DagBag from /opt/airflow/dags/train_model.py
[2025-09-24T08:50:49.460+0000] {processor.py:925} INFO - DAG(s) 'wine_model_training' retrieved from /opt/airflow/dags/train_model.py
[2025-09-24T08:50:49.491+0000] {logging_mixin.py:190} INFO - [2025-09-24T08:50:49.491+0000] {dag.py:3239} INFO - Sync 1 DAGs
[2025-09-24T08:50:49.515+0000] {logging_mixin.py:190} INFO - [2025-09-24T08:50:49.515+0000] {dag.py:4180} INFO - Setting next_dagrun for wine_model_training to 2025-09-24 08:45:00+00:00, run_after=2025-09-24 08:50:00+00:00
[2025-09-24T08:50:49.546+0000] {processor.py:208} INFO - Processing /opt/airflow/dags/train_model.py took 1.410 seconds
[2025-09-24T08:51:20.272+0000] {processor.py:186} INFO - Started process (PID=2389) to work on /opt/airflow/dags/train_model.py
[2025-09-24T08:51:20.273+0000] {processor.py:914} INFO - Processing file /opt/airflow/dags/train_model.py for tasks to queue
[2025-09-24T08:51:20.276+0000] {logging_mixin.py:190} INFO - [2025-09-24T08:51:20.275+0000] {dagbag.py:588} INFO - Filling up the DagBag from /opt/airflow/dags/train_model.py
[2025-09-24T08:51:21.456+0000] {processor.py:925} INFO - DAG(s) 'wine_model_training' retrieved from /opt/airflow/dags/train_model.py
[2025-09-24T08:51:21.486+0000] {logging_mixin.py:190} INFO - [2025-09-24T08:51:21.486+0000] {dag.py:3239} INFO - Sync 1 DAGs
[2025-09-24T08:51:21.511+0000] {logging_mixin.py:190} INFO - [2025-09-24T08:51:21.511+0000] {dag.py:4180} INFO - Setting next_dagrun for wine_model_training to 2025-09-24 08:45:00+00:00, run_after=2025-09-24 08:50:00+00:00
[2025-09-24T08:51:21.530+0000] {processor.py:208} INFO - Processing /opt/airflow/dags/train_model.py took 1.266 seconds
[2025-09-24T08:51:51.985+0000] {processor.py:186} INFO - Started process (PID=2463) to work on /opt/airflow/dags/train_model.py
[2025-09-24T08:51:51.986+0000] {processor.py:914} INFO - Processing file /opt/airflow/dags/train_model.py for tasks to queue
[2025-09-24T08:51:51.989+0000] {logging_mixin.py:190} INFO - [2025-09-24T08:51:51.988+0000] {dagbag.py:588} INFO - Filling up the DagBag from /opt/airflow/dags/train_model.py
[2025-09-24T08:51:53.161+0000] {processor.py:925} INFO - DAG(s) 'wine_model_training' retrieved from /opt/airflow/dags/train_model.py
[2025-09-24T08:51:53.195+0000] {logging_mixin.py:190} INFO - [2025-09-24T08:51:53.195+0000] {dag.py:3239} INFO - Sync 1 DAGs
[2025-09-24T08:51:53.232+0000] {logging_mixin.py:190} INFO - [2025-09-24T08:51:53.232+0000] {dag.py:4180} INFO - Setting next_dagrun for wine_model_training to 2025-09-24 08:45:00+00:00, run_after=2025-09-24 08:50:00+00:00
[2025-09-24T08:51:53.267+0000] {processor.py:208} INFO - Processing /opt/airflow/dags/train_model.py took 1.290 seconds
[2025-09-24T08:52:23.791+0000] {processor.py:186} INFO - Started process (PID=2497) to work on /opt/airflow/dags/train_model.py
[2025-09-24T08:52:23.792+0000] {processor.py:914} INFO - Processing file /opt/airflow/dags/train_model.py for tasks to queue
[2025-09-24T08:52:23.795+0000] {logging_mixin.py:190} INFO - [2025-09-24T08:52:23.795+0000] {dagbag.py:588} INFO - Filling up the DagBag from /opt/airflow/dags/train_model.py
[2025-09-24T08:52:24.966+0000] {processor.py:925} INFO - DAG(s) 'wine_model_training' retrieved from /opt/airflow/dags/train_model.py
[2025-09-24T08:52:24.996+0000] {logging_mixin.py:190} INFO - [2025-09-24T08:52:24.995+0000] {dag.py:3239} INFO - Sync 1 DAGs
[2025-09-24T08:52:25.019+0000] {logging_mixin.py:190} INFO - [2025-09-24T08:52:25.019+0000] {dag.py:4180} INFO - Setting next_dagrun for wine_model_training to 2025-09-24 08:45:00+00:00, run_after=2025-09-24 08:50:00+00:00
[2025-09-24T08:52:25.040+0000] {processor.py:208} INFO - Processing /opt/airflow/dags/train_model.py took 1.258 seconds
[2025-09-24T08:52:55.765+0000] {processor.py:186} INFO - Started process (PID=2575) to work on /opt/airflow/dags/train_model.py
[2025-09-24T08:52:55.766+0000] {processor.py:914} INFO - Processing file /opt/airflow/dags/train_model.py for tasks to queue
[2025-09-24T08:52:55.770+0000] {logging_mixin.py:190} INFO - [2025-09-24T08:52:55.769+0000] {dagbag.py:588} INFO - Filling up the DagBag from /opt/airflow/dags/train_model.py
[2025-09-24T08:52:56.835+0000] {processor.py:925} INFO - DAG(s) 'wine_model_training' retrieved from /opt/airflow/dags/train_model.py
[2025-09-24T08:52:56.866+0000] {logging_mixin.py:190} INFO - [2025-09-24T08:52:56.866+0000] {dag.py:3239} INFO - Sync 1 DAGs
[2025-09-24T08:52:56.892+0000] {logging_mixin.py:190} INFO - [2025-09-24T08:52:56.892+0000] {dag.py:4180} INFO - Setting next_dagrun for wine_model_training to 2025-09-24 08:45:00+00:00, run_after=2025-09-24 08:50:00+00:00
[2025-09-24T08:52:56.913+0000] {processor.py:208} INFO - Processing /opt/airflow/dags/train_model.py took 1.156 seconds
[2025-09-24T08:53:28.023+0000] {processor.py:186} INFO - Started process (PID=2609) to work on /opt/airflow/dags/train_model.py
[2025-09-24T08:53:28.025+0000] {processor.py:914} INFO - Processing file /opt/airflow/dags/train_model.py for tasks to queue
[2025-09-24T08:53:28.031+0000] {logging_mixin.py:190} INFO - [2025-09-24T08:53:28.030+0000] {dagbag.py:588} INFO - Filling up the DagBag from /opt/airflow/dags/train_model.py
[2025-09-24T08:53:29.334+0000] {processor.py:925} INFO - DAG(s) 'wine_model_training' retrieved from /opt/airflow/dags/train_model.py
[2025-09-24T08:53:29.365+0000] {logging_mixin.py:190} INFO - [2025-09-24T08:53:29.365+0000] {dag.py:3239} INFO - Sync 1 DAGs
[2025-09-24T08:53:29.389+0000] {logging_mixin.py:190} INFO - [2025-09-24T08:53:29.389+0000] {dag.py:4180} INFO - Setting next_dagrun for wine_model_training to 2025-09-24 08:45:00+00:00, run_after=2025-09-24 08:50:00+00:00
[2025-09-24T08:53:29.410+0000] {processor.py:208} INFO - Processing /opt/airflow/dags/train_model.py took 1.398 seconds
[2025-09-24T08:54:01.468+0000] {processor.py:186} INFO - Started process (PID=2683) to work on /opt/airflow/dags/train_model.py
[2025-09-24T08:54:01.470+0000] {processor.py:914} INFO - Processing file /opt/airflow/dags/train_model.py for tasks to queue
[2025-09-24T08:54:01.476+0000] {logging_mixin.py:190} INFO - [2025-09-24T08:54:01.475+0000] {dagbag.py:588} INFO - Filling up the DagBag from /opt/airflow/dags/train_model.py
[2025-09-24T08:54:03.159+0000] {processor.py:925} INFO - DAG(s) 'wine_model_training' retrieved from /opt/airflow/dags/train_model.py
[2025-09-24T08:54:03.204+0000] {logging_mixin.py:190} INFO - [2025-09-24T08:54:03.204+0000] {dag.py:3239} INFO - Sync 1 DAGs
[2025-09-24T08:54:03.245+0000] {logging_mixin.py:190} INFO - [2025-09-24T08:54:03.245+0000] {dag.py:4180} INFO - Setting next_dagrun for wine_model_training to 2025-09-24 08:45:00+00:00, run_after=2025-09-24 08:50:00+00:00
[2025-09-24T08:54:03.275+0000] {processor.py:208} INFO - Processing /opt/airflow/dags/train_model.py took 1.819 seconds
[2025-09-24T08:54:34.095+0000] {processor.py:186} INFO - Started process (PID=2717) to work on /opt/airflow/dags/train_model.py
[2025-09-24T08:54:34.097+0000] {processor.py:914} INFO - Processing file /opt/airflow/dags/train_model.py for tasks to queue
[2025-09-24T08:54:34.102+0000] {logging_mixin.py:190} INFO - [2025-09-24T08:54:34.101+0000] {dagbag.py:588} INFO - Filling up the DagBag from /opt/airflow/dags/train_model.py
[2025-09-24T08:54:35.313+0000] {processor.py:925} INFO - DAG(s) 'wine_model_training' retrieved from /opt/airflow/dags/train_model.py
[2025-09-24T08:54:35.343+0000] {logging_mixin.py:190} INFO - [2025-09-24T08:54:35.342+0000] {dag.py:3239} INFO - Sync 1 DAGs
[2025-09-24T08:54:35.367+0000] {logging_mixin.py:190} INFO - [2025-09-24T08:54:35.367+0000] {dag.py:4180} INFO - Setting next_dagrun for wine_model_training to 2025-09-24 08:45:00+00:00, run_after=2025-09-24 08:50:00+00:00
[2025-09-24T08:54:35.387+0000] {processor.py:208} INFO - Processing /opt/airflow/dags/train_model.py took 1.302 seconds
[2025-09-24T08:55:05.967+0000] {processor.py:186} INFO - Started process (PID=2773) to work on /opt/airflow/dags/train_model.py
[2025-09-24T08:55:05.969+0000] {processor.py:914} INFO - Processing file /opt/airflow/dags/train_model.py for tasks to queue
[2025-09-24T08:55:05.972+0000] {logging_mixin.py:190} INFO - [2025-09-24T08:55:05.971+0000] {dagbag.py:588} INFO - Filling up the DagBag from /opt/airflow/dags/train_model.py
[2025-09-24T08:55:07.972+0000] {processor.py:925} INFO - DAG(s) 'wine_model_training' retrieved from /opt/airflow/dags/train_model.py
[2025-09-24T08:55:08.093+0000] {logging_mixin.py:190} INFO - [2025-09-24T08:55:08.091+0000] {dag.py:3239} INFO - Sync 1 DAGs
[2025-09-24T08:55:08.146+0000] {logging_mixin.py:190} INFO - [2025-09-24T08:55:08.146+0000] {dag.py:4180} INFO - Setting next_dagrun for wine_model_training to 2025-09-24 08:50:00+00:00, run_after=2025-09-24 08:55:00+00:00
[2025-09-24T08:55:08.183+0000] {processor.py:208} INFO - Processing /opt/airflow/dags/train_model.py took 2.225 seconds
