[2025-09-24T08:41:03.319+0000] {processor.py:186} INFO - Started process (PID=167) to work on /opt/airflow/dags/wine_pipeline.py
[2025-09-24T08:41:03.321+0000] {processor.py:914} INFO - Processing file /opt/airflow/dags/wine_pipeline.py for tasks to queue
[2025-09-24T08:41:03.327+0000] {logging_mixin.py:190} INFO - [2025-09-24T08:41:03.326+0000] {dagbag.py:588} INFO - Filling up the DagBag from /opt/airflow/dags/wine_pipeline.py
[2025-09-24T08:41:06.404+0000] {processor.py:925} INFO - DAG(s) 'wine_pipeline', 'data_processing' retrieved from /opt/airflow/dags/wine_pipeline.py
[2025-09-24T08:41:06.663+0000] {logging_mixin.py:190} INFO - [2025-09-24T08:41:06.662+0000] {override.py:1900} INFO - Created Permission View: can read on DAG:wine_pipeline
[2025-09-24T08:41:06.674+0000] {logging_mixin.py:190} INFO - [2025-09-24T08:41:06.674+0000] {override.py:1900} INFO - Created Permission View: can edit on DAG:wine_pipeline
[2025-09-24T08:41:06.684+0000] {logging_mixin.py:190} INFO - [2025-09-24T08:41:06.684+0000] {override.py:1900} INFO - Created Permission View: can delete on DAG:wine_pipeline
[2025-09-24T08:41:06.694+0000] {logging_mixin.py:190} INFO - [2025-09-24T08:41:06.694+0000] {override.py:1900} INFO - Created Permission View: can read on DAG Run:wine_pipeline
[2025-09-24T08:41:06.704+0000] {logging_mixin.py:190} INFO - [2025-09-24T08:41:06.704+0000] {override.py:1900} INFO - Created Permission View: can create on DAG Run:wine_pipeline
[2025-09-24T08:41:06.714+0000] {logging_mixin.py:190} INFO - [2025-09-24T08:41:06.713+0000] {override.py:1900} INFO - Created Permission View: menu access on DAG Run:wine_pipeline
[2025-09-24T08:41:06.722+0000] {logging_mixin.py:190} INFO - [2025-09-24T08:41:06.722+0000] {override.py:1900} INFO - Created Permission View: can delete on DAG Run:wine_pipeline
[2025-09-24T08:41:06.725+0000] {logging_mixin.py:190} INFO - [2025-09-24T08:41:06.725+0000] {dag.py:3239} INFO - Sync 2 DAGs
[2025-09-24T08:41:06.737+0000] {logging_mixin.py:190} INFO - [2025-09-24T08:41:06.737+0000] {dag.py:3262} INFO - Creating ORM DAG for data_processing
[2025-09-24T08:41:06.738+0000] {logging_mixin.py:190} INFO - [2025-09-24T08:41:06.738+0000] {dag.py:3262} INFO - Creating ORM DAG for wine_pipeline
[2025-09-24T08:41:06.750+0000] {logging_mixin.py:190} INFO - [2025-09-24T08:41:06.749+0000] {dag.py:4180} INFO - Setting next_dagrun for data_processing to 2025-09-24 08:35:00+00:00, run_after=2025-09-24 08:40:00+00:00
[2025-09-24T08:41:06.753+0000] {logging_mixin.py:190} INFO - [2025-09-24T08:41:06.753+0000] {dag.py:4180} INFO - Setting next_dagrun for wine_pipeline to 2025-09-24 08:35:00+00:00, run_after=2025-09-24 08:40:00+00:00
[2025-09-24T08:41:06.777+0000] {processor.py:208} INFO - Processing /opt/airflow/dags/wine_pipeline.py took 3.468 seconds
[2025-09-24T08:41:36.829+0000] {processor.py:186} INFO - Started process (PID=198) to work on /opt/airflow/dags/wine_pipeline.py
[2025-09-24T08:41:36.830+0000] {processor.py:914} INFO - Processing file /opt/airflow/dags/wine_pipeline.py for tasks to queue
[2025-09-24T08:41:36.834+0000] {logging_mixin.py:190} INFO - [2025-09-24T08:41:36.833+0000] {dagbag.py:588} INFO - Filling up the DagBag from /opt/airflow/dags/wine_pipeline.py
[2025-09-24T08:41:38.144+0000] {processor.py:925} INFO - DAG(s) 'data_processing', 'wine_pipeline' retrieved from /opt/airflow/dags/wine_pipeline.py
[2025-09-24T08:41:38.306+0000] {logging_mixin.py:190} INFO - [2025-09-24T08:41:38.306+0000] {dag.py:3239} INFO - Sync 2 DAGs
[2025-09-24T08:41:38.337+0000] {logging_mixin.py:190} INFO - [2025-09-24T08:41:38.337+0000] {dag.py:4180} INFO - Setting next_dagrun for data_processing to 2025-09-24 08:35:00+00:00, run_after=2025-09-24 08:40:00+00:00
[2025-09-24T08:41:38.344+0000] {logging_mixin.py:190} INFO - [2025-09-24T08:41:38.343+0000] {dag.py:4180} INFO - Setting next_dagrun for wine_pipeline to 2025-09-24 08:35:00+00:00, run_after=2025-09-24 08:40:00+00:00
[2025-09-24T08:41:38.374+0000] {processor.py:208} INFO - Processing /opt/airflow/dags/wine_pipeline.py took 1.554 seconds
[2025-09-24T08:42:08.711+0000] {processor.py:186} INFO - Started process (PID=748) to work on /opt/airflow/dags/wine_pipeline.py
[2025-09-24T08:42:08.713+0000] {processor.py:914} INFO - Processing file /opt/airflow/dags/wine_pipeline.py for tasks to queue
[2025-09-24T08:42:08.718+0000] {logging_mixin.py:190} INFO - [2025-09-24T08:42:08.717+0000] {dagbag.py:588} INFO - Filling up the DagBag from /opt/airflow/dags/wine_pipeline.py
[2025-09-24T08:42:10.680+0000] {processor.py:925} INFO - DAG(s) 'wine_pipeline', 'data_processing' retrieved from /opt/airflow/dags/wine_pipeline.py
[2025-09-24T08:42:10.730+0000] {logging_mixin.py:190} INFO - [2025-09-24T08:42:10.729+0000] {dag.py:3239} INFO - Sync 2 DAGs
[2025-09-24T08:42:10.775+0000] {logging_mixin.py:190} INFO - [2025-09-24T08:42:10.775+0000] {dag.py:4180} INFO - Setting next_dagrun for data_processing to 2025-09-24 08:35:00+00:00, run_after=2025-09-24 08:40:00+00:00
[2025-09-24T08:42:10.786+0000] {logging_mixin.py:190} INFO - [2025-09-24T08:42:10.786+0000] {dag.py:4180} INFO - Setting next_dagrun for wine_pipeline to 2025-09-24 08:40:00+00:00, run_after=2025-09-24 08:45:00+00:00
[2025-09-24T08:42:10.810+0000] {processor.py:208} INFO - Processing /opt/airflow/dags/wine_pipeline.py took 2.109 seconds
[2025-09-24T08:42:41.122+0000] {processor.py:186} INFO - Started process (PID=866) to work on /opt/airflow/dags/wine_pipeline.py
[2025-09-24T08:42:41.124+0000] {processor.py:914} INFO - Processing file /opt/airflow/dags/wine_pipeline.py for tasks to queue
[2025-09-24T08:42:41.127+0000] {logging_mixin.py:190} INFO - [2025-09-24T08:42:41.127+0000] {dagbag.py:588} INFO - Filling up the DagBag from /opt/airflow/dags/wine_pipeline.py
[2025-09-24T08:42:42.414+0000] {processor.py:925} INFO - DAG(s) 'data_processing', 'wine_pipeline' retrieved from /opt/airflow/dags/wine_pipeline.py
[2025-09-24T08:42:42.633+0000] {logging_mixin.py:190} INFO - [2025-09-24T08:42:42.632+0000] {dag.py:3239} INFO - Sync 2 DAGs
[2025-09-24T08:42:42.662+0000] {logging_mixin.py:190} INFO - [2025-09-24T08:42:42.662+0000] {dag.py:4180} INFO - Setting next_dagrun for data_processing to 2025-09-24 08:35:00+00:00, run_after=2025-09-24 08:40:00+00:00
[2025-09-24T08:42:42.669+0000] {logging_mixin.py:190} INFO - [2025-09-24T08:42:42.669+0000] {dag.py:4180} INFO - Setting next_dagrun for wine_pipeline to 2025-09-24 08:40:00+00:00, run_after=2025-09-24 08:45:00+00:00
[2025-09-24T08:42:42.695+0000] {processor.py:208} INFO - Processing /opt/airflow/dags/wine_pipeline.py took 1.582 seconds
[2025-09-24T08:43:13.004+0000] {processor.py:186} INFO - Started process (PID=900) to work on /opt/airflow/dags/wine_pipeline.py
[2025-09-24T08:43:13.005+0000] {processor.py:914} INFO - Processing file /opt/airflow/dags/wine_pipeline.py for tasks to queue
[2025-09-24T08:43:13.009+0000] {logging_mixin.py:190} INFO - [2025-09-24T08:43:13.009+0000] {dagbag.py:588} INFO - Filling up the DagBag from /opt/airflow/dags/wine_pipeline.py
[2025-09-24T08:43:14.214+0000] {processor.py:925} INFO - DAG(s) 'wine_pipeline', 'data_processing' retrieved from /opt/airflow/dags/wine_pipeline.py
[2025-09-24T08:43:14.249+0000] {logging_mixin.py:190} INFO - [2025-09-24T08:43:14.248+0000] {dag.py:3239} INFO - Sync 2 DAGs
[2025-09-24T08:43:14.274+0000] {logging_mixin.py:190} INFO - [2025-09-24T08:43:14.274+0000] {dag.py:4180} INFO - Setting next_dagrun for data_processing to 2025-09-24 08:35:00+00:00, run_after=2025-09-24 08:40:00+00:00
[2025-09-24T08:43:14.281+0000] {logging_mixin.py:190} INFO - [2025-09-24T08:43:14.281+0000] {dag.py:4180} INFO - Setting next_dagrun for wine_pipeline to 2025-09-24 08:40:00+00:00, run_after=2025-09-24 08:45:00+00:00
[2025-09-24T08:43:14.304+0000] {processor.py:208} INFO - Processing /opt/airflow/dags/wine_pipeline.py took 1.310 seconds
[2025-09-24T08:43:44.712+0000] {processor.py:186} INFO - Started process (PID=1015) to work on /opt/airflow/dags/wine_pipeline.py
[2025-09-24T08:43:44.715+0000] {processor.py:914} INFO - Processing file /opt/airflow/dags/wine_pipeline.py for tasks to queue
[2025-09-24T08:43:44.720+0000] {logging_mixin.py:190} INFO - [2025-09-24T08:43:44.719+0000] {dagbag.py:588} INFO - Filling up the DagBag from /opt/airflow/dags/wine_pipeline.py
[2025-09-24T08:43:46.241+0000] {processor.py:925} INFO - DAG(s) 'data_processing', 'wine_pipeline' retrieved from /opt/airflow/dags/wine_pipeline.py
[2025-09-24T08:43:46.387+0000] {logging_mixin.py:190} INFO - [2025-09-24T08:43:46.387+0000] {dag.py:3239} INFO - Sync 2 DAGs
[2025-09-24T08:43:46.415+0000] {logging_mixin.py:190} INFO - [2025-09-24T08:43:46.415+0000] {dag.py:4180} INFO - Setting next_dagrun for data_processing to 2025-09-24 08:35:00+00:00, run_after=2025-09-24 08:40:00+00:00
[2025-09-24T08:43:46.422+0000] {logging_mixin.py:190} INFO - [2025-09-24T08:43:46.421+0000] {dag.py:4180} INFO - Setting next_dagrun for wine_pipeline to 2025-09-24 08:40:00+00:00, run_after=2025-09-24 08:45:00+00:00
[2025-09-24T08:43:46.443+0000] {processor.py:208} INFO - Processing /opt/airflow/dags/wine_pipeline.py took 1.743 seconds
[2025-09-24T08:44:16.773+0000] {processor.py:186} INFO - Started process (PID=1049) to work on /opt/airflow/dags/wine_pipeline.py
[2025-09-24T08:44:16.774+0000] {processor.py:914} INFO - Processing file /opt/airflow/dags/wine_pipeline.py for tasks to queue
[2025-09-24T08:44:16.778+0000] {logging_mixin.py:190} INFO - [2025-09-24T08:44:16.777+0000] {dagbag.py:588} INFO - Filling up the DagBag from /opt/airflow/dags/wine_pipeline.py
[2025-09-24T08:44:18.010+0000] {processor.py:925} INFO - DAG(s) 'wine_pipeline', 'data_processing' retrieved from /opt/airflow/dags/wine_pipeline.py
[2025-09-24T08:44:18.043+0000] {logging_mixin.py:190} INFO - [2025-09-24T08:44:18.043+0000] {dag.py:3239} INFO - Sync 2 DAGs
[2025-09-24T08:44:18.068+0000] {logging_mixin.py:190} INFO - [2025-09-24T08:44:18.068+0000] {dag.py:4180} INFO - Setting next_dagrun for data_processing to 2025-09-24 08:35:00+00:00, run_after=2025-09-24 08:40:00+00:00
[2025-09-24T08:44:18.075+0000] {logging_mixin.py:190} INFO - [2025-09-24T08:44:18.074+0000] {dag.py:4180} INFO - Setting next_dagrun for wine_pipeline to 2025-09-24 08:40:00+00:00, run_after=2025-09-24 08:45:00+00:00
[2025-09-24T08:44:18.096+0000] {processor.py:208} INFO - Processing /opt/airflow/dags/wine_pipeline.py took 1.333 seconds
[2025-09-24T08:44:48.678+0000] {processor.py:186} INFO - Started process (PID=1161) to work on /opt/airflow/dags/wine_pipeline.py
[2025-09-24T08:44:48.680+0000] {processor.py:914} INFO - Processing file /opt/airflow/dags/wine_pipeline.py for tasks to queue
[2025-09-24T08:44:48.699+0000] {logging_mixin.py:190} INFO - [2025-09-24T08:44:48.698+0000] {dagbag.py:588} INFO - Filling up the DagBag from /opt/airflow/dags/wine_pipeline.py
[2025-09-24T08:44:51.412+0000] {processor.py:925} INFO - DAG(s) 'wine_pipeline', 'data_processing' retrieved from /opt/airflow/dags/wine_pipeline.py
[2025-09-24T08:44:51.666+0000] {logging_mixin.py:190} INFO - [2025-09-24T08:44:51.666+0000] {dag.py:3239} INFO - Sync 2 DAGs
[2025-09-24T08:44:51.724+0000] {logging_mixin.py:190} INFO - [2025-09-24T08:44:51.724+0000] {dag.py:4180} INFO - Setting next_dagrun for data_processing to 2025-09-24 08:35:00+00:00, run_after=2025-09-24 08:40:00+00:00
[2025-09-24T08:44:51.737+0000] {logging_mixin.py:190} INFO - [2025-09-24T08:44:51.737+0000] {dag.py:4180} INFO - Setting next_dagrun for wine_pipeline to 2025-09-24 08:40:00+00:00, run_after=2025-09-24 08:45:00+00:00
[2025-09-24T08:44:51.770+0000] {processor.py:208} INFO - Processing /opt/airflow/dags/wine_pipeline.py took 3.116 seconds
[2025-09-24T08:45:22.199+0000] {processor.py:186} INFO - Started process (PID=1438) to work on /opt/airflow/dags/wine_pipeline.py
[2025-09-24T08:45:22.201+0000] {processor.py:914} INFO - Processing file /opt/airflow/dags/wine_pipeline.py for tasks to queue
[2025-09-24T08:45:22.207+0000] {logging_mixin.py:190} INFO - [2025-09-24T08:45:22.206+0000] {dagbag.py:588} INFO - Filling up the DagBag from /opt/airflow/dags/wine_pipeline.py
[2025-09-24T08:45:24.255+0000] {processor.py:925} INFO - DAG(s) 'wine_pipeline', 'data_processing' retrieved from /opt/airflow/dags/wine_pipeline.py
[2025-09-24T08:45:24.307+0000] {logging_mixin.py:190} INFO - [2025-09-24T08:45:24.306+0000] {dag.py:3239} INFO - Sync 2 DAGs
[2025-09-24T08:45:24.347+0000] {logging_mixin.py:190} INFO - [2025-09-24T08:45:24.347+0000] {dag.py:4180} INFO - Setting next_dagrun for data_processing to 2025-09-24 08:40:00+00:00, run_after=2025-09-24 08:45:00+00:00
[2025-09-24T08:45:24.359+0000] {logging_mixin.py:190} INFO - [2025-09-24T08:45:24.359+0000] {dag.py:4180} INFO - Setting next_dagrun for wine_pipeline to 2025-09-24 08:45:00+00:00, run_after=2025-09-24 08:50:00+00:00
[2025-09-24T08:45:24.389+0000] {processor.py:208} INFO - Processing /opt/airflow/dags/wine_pipeline.py took 2.204 seconds
[2025-09-24T08:45:55.179+0000] {processor.py:186} INFO - Started process (PID=1607) to work on /opt/airflow/dags/wine_pipeline.py
[2025-09-24T08:45:55.184+0000] {processor.py:914} INFO - Processing file /opt/airflow/dags/wine_pipeline.py for tasks to queue
[2025-09-24T08:45:55.195+0000] {logging_mixin.py:190} INFO - [2025-09-24T08:45:55.194+0000] {dagbag.py:588} INFO - Filling up the DagBag from /opt/airflow/dags/wine_pipeline.py
[2025-09-24T08:45:57.930+0000] {processor.py:925} INFO - DAG(s) 'data_processing', 'wine_pipeline' retrieved from /opt/airflow/dags/wine_pipeline.py
[2025-09-24T08:45:58.187+0000] {logging_mixin.py:190} INFO - [2025-09-24T08:45:58.187+0000] {dag.py:3239} INFO - Sync 2 DAGs
[2025-09-24T08:45:58.266+0000] {logging_mixin.py:190} INFO - [2025-09-24T08:45:58.265+0000] {dag.py:4180} INFO - Setting next_dagrun for data_processing to 2025-09-24 08:40:00+00:00, run_after=2025-09-24 08:45:00+00:00
[2025-09-24T08:45:58.296+0000] {logging_mixin.py:190} INFO - [2025-09-24T08:45:58.295+0000] {dag.py:4180} INFO - Setting next_dagrun for wine_pipeline to 2025-09-24 08:45:00+00:00, run_after=2025-09-24 08:50:00+00:00
[2025-09-24T08:45:58.356+0000] {processor.py:208} INFO - Processing /opt/airflow/dags/wine_pipeline.py took 3.204 seconds
[2025-09-24T08:46:28.457+0000] {processor.py:186} INFO - Started process (PID=1641) to work on /opt/airflow/dags/wine_pipeline.py
[2025-09-24T08:46:28.459+0000] {processor.py:914} INFO - Processing file /opt/airflow/dags/wine_pipeline.py for tasks to queue
[2025-09-24T08:46:28.463+0000] {logging_mixin.py:190} INFO - [2025-09-24T08:46:28.462+0000] {dagbag.py:588} INFO - Filling up the DagBag from /opt/airflow/dags/wine_pipeline.py
[2025-09-24T08:46:30.357+0000] {processor.py:925} INFO - DAG(s) 'wine_pipeline', 'data_processing' retrieved from /opt/airflow/dags/wine_pipeline.py
[2025-09-24T08:46:30.393+0000] {logging_mixin.py:190} INFO - [2025-09-24T08:46:30.392+0000] {dag.py:3239} INFO - Sync 2 DAGs
[2025-09-24T08:46:30.418+0000] {logging_mixin.py:190} INFO - [2025-09-24T08:46:30.418+0000] {dag.py:4180} INFO - Setting next_dagrun for data_processing to 2025-09-24 08:40:00+00:00, run_after=2025-09-24 08:45:00+00:00
[2025-09-24T08:46:30.425+0000] {logging_mixin.py:190} INFO - [2025-09-24T08:46:30.425+0000] {dag.py:4180} INFO - Setting next_dagrun for wine_pipeline to 2025-09-24 08:45:00+00:00, run_after=2025-09-24 08:50:00+00:00
[2025-09-24T08:46:30.443+0000] {processor.py:208} INFO - Processing /opt/airflow/dags/wine_pipeline.py took 1.995 seconds
[2025-09-24T08:47:01.258+0000] {processor.py:186} INFO - Started process (PID=1715) to work on /opt/airflow/dags/wine_pipeline.py
[2025-09-24T08:47:01.260+0000] {processor.py:914} INFO - Processing file /opt/airflow/dags/wine_pipeline.py for tasks to queue
[2025-09-24T08:47:01.265+0000] {logging_mixin.py:190} INFO - [2025-09-24T08:47:01.265+0000] {dagbag.py:588} INFO - Filling up the DagBag from /opt/airflow/dags/wine_pipeline.py
[2025-09-24T08:47:02.892+0000] {processor.py:925} INFO - DAG(s) 'data_processing', 'wine_pipeline' retrieved from /opt/airflow/dags/wine_pipeline.py
[2025-09-24T08:47:03.024+0000] {logging_mixin.py:190} INFO - [2025-09-24T08:47:03.024+0000] {dag.py:3239} INFO - Sync 2 DAGs
[2025-09-24T08:47:03.048+0000] {logging_mixin.py:190} INFO - [2025-09-24T08:47:03.048+0000] {dag.py:4180} INFO - Setting next_dagrun for data_processing to 2025-09-24 08:40:00+00:00, run_after=2025-09-24 08:45:00+00:00
[2025-09-24T08:47:03.054+0000] {logging_mixin.py:190} INFO - [2025-09-24T08:47:03.054+0000] {dag.py:4180} INFO - Setting next_dagrun for wine_pipeline to 2025-09-24 08:45:00+00:00, run_after=2025-09-24 08:50:00+00:00
[2025-09-24T08:47:03.074+0000] {processor.py:208} INFO - Processing /opt/airflow/dags/wine_pipeline.py took 1.826 seconds
[2025-09-24T08:47:33.999+0000] {processor.py:186} INFO - Started process (PID=1757) to work on /opt/airflow/dags/wine_pipeline.py
[2025-09-24T08:47:34.000+0000] {processor.py:914} INFO - Processing file /opt/airflow/dags/wine_pipeline.py for tasks to queue
[2025-09-24T08:47:34.006+0000] {logging_mixin.py:190} INFO - [2025-09-24T08:47:34.005+0000] {dagbag.py:588} INFO - Filling up the DagBag from /opt/airflow/dags/wine_pipeline.py
[2025-09-24T08:47:36.197+0000] {processor.py:925} INFO - DAG(s) 'data_processing', 'wine_pipeline' retrieved from /opt/airflow/dags/wine_pipeline.py
[2025-09-24T08:47:36.269+0000] {logging_mixin.py:190} INFO - [2025-09-24T08:47:36.269+0000] {dag.py:3239} INFO - Sync 2 DAGs
[2025-09-24T08:47:36.323+0000] {logging_mixin.py:190} INFO - [2025-09-24T08:47:36.322+0000] {dag.py:4180} INFO - Setting next_dagrun for data_processing to 2025-09-24 08:40:00+00:00, run_after=2025-09-24 08:45:00+00:00
[2025-09-24T08:47:36.337+0000] {logging_mixin.py:190} INFO - [2025-09-24T08:47:36.337+0000] {dag.py:4180} INFO - Setting next_dagrun for wine_pipeline to 2025-09-24 08:45:00+00:00, run_after=2025-09-24 08:50:00+00:00
[2025-09-24T08:47:36.372+0000] {processor.py:208} INFO - Processing /opt/airflow/dags/wine_pipeline.py took 2.385 seconds
[2025-09-24T08:48:06.540+0000] {processor.py:186} INFO - Started process (PID=1825) to work on /opt/airflow/dags/wine_pipeline.py
[2025-09-24T08:48:06.541+0000] {processor.py:914} INFO - Processing file /opt/airflow/dags/wine_pipeline.py for tasks to queue
[2025-09-24T08:48:06.543+0000] {logging_mixin.py:190} INFO - [2025-09-24T08:48:06.543+0000] {dagbag.py:588} INFO - Filling up the DagBag from /opt/airflow/dags/wine_pipeline.py
[2025-09-24T08:48:07.822+0000] {processor.py:925} INFO - DAG(s) 'wine_pipeline', 'data_processing' retrieved from /opt/airflow/dags/wine_pipeline.py
[2025-09-24T08:48:07.949+0000] {logging_mixin.py:190} INFO - [2025-09-24T08:48:07.949+0000] {dag.py:3239} INFO - Sync 2 DAGs
[2025-09-24T08:48:07.975+0000] {logging_mixin.py:190} INFO - [2025-09-24T08:48:07.974+0000] {dag.py:4180} INFO - Setting next_dagrun for data_processing to 2025-09-24 08:40:00+00:00, run_after=2025-09-24 08:45:00+00:00
[2025-09-24T08:48:07.983+0000] {logging_mixin.py:190} INFO - [2025-09-24T08:48:07.982+0000] {dag.py:4180} INFO - Setting next_dagrun for wine_pipeline to 2025-09-24 08:45:00+00:00, run_after=2025-09-24 08:50:00+00:00
[2025-09-24T08:48:08.010+0000] {processor.py:208} INFO - Processing /opt/airflow/dags/wine_pipeline.py took 1.478 seconds
[2025-09-24T08:48:38.224+0000] {processor.py:186} INFO - Started process (PID=1859) to work on /opt/airflow/dags/wine_pipeline.py
[2025-09-24T08:48:38.225+0000] {processor.py:914} INFO - Processing file /opt/airflow/dags/wine_pipeline.py for tasks to queue
[2025-09-24T08:48:38.229+0000] {logging_mixin.py:190} INFO - [2025-09-24T08:48:38.228+0000] {dagbag.py:588} INFO - Filling up the DagBag from /opt/airflow/dags/wine_pipeline.py
[2025-09-24T08:48:39.403+0000] {processor.py:925} INFO - DAG(s) 'wine_pipeline', 'data_processing' retrieved from /opt/airflow/dags/wine_pipeline.py
[2025-09-24T08:48:39.434+0000] {logging_mixin.py:190} INFO - [2025-09-24T08:48:39.434+0000] {dag.py:3239} INFO - Sync 2 DAGs
[2025-09-24T08:48:39.458+0000] {logging_mixin.py:190} INFO - [2025-09-24T08:48:39.458+0000] {dag.py:4180} INFO - Setting next_dagrun for data_processing to 2025-09-24 08:40:00+00:00, run_after=2025-09-24 08:45:00+00:00
[2025-09-24T08:48:39.464+0000] {logging_mixin.py:190} INFO - [2025-09-24T08:48:39.464+0000] {dag.py:4180} INFO - Setting next_dagrun for wine_pipeline to 2025-09-24 08:45:00+00:00, run_after=2025-09-24 08:50:00+00:00
[2025-09-24T08:48:39.488+0000] {processor.py:208} INFO - Processing /opt/airflow/dags/wine_pipeline.py took 1.271 seconds
[2025-09-24T08:49:09.618+0000] {processor.py:186} INFO - Started process (PID=1934) to work on /opt/airflow/dags/wine_pipeline.py
[2025-09-24T08:49:09.619+0000] {processor.py:914} INFO - Processing file /opt/airflow/dags/wine_pipeline.py for tasks to queue
[2025-09-24T08:49:09.622+0000] {logging_mixin.py:190} INFO - [2025-09-24T08:49:09.621+0000] {dagbag.py:588} INFO - Filling up the DagBag from /opt/airflow/dags/wine_pipeline.py
[2025-09-24T08:49:10.904+0000] {processor.py:925} INFO - DAG(s) 'data_processing', 'wine_pipeline' retrieved from /opt/airflow/dags/wine_pipeline.py
[2025-09-24T08:49:11.036+0000] {logging_mixin.py:190} INFO - [2025-09-24T08:49:11.036+0000] {dag.py:3239} INFO - Sync 2 DAGs
[2025-09-24T08:49:11.065+0000] {logging_mixin.py:190} INFO - [2025-09-24T08:49:11.065+0000] {dag.py:4180} INFO - Setting next_dagrun for data_processing to 2025-09-24 08:40:00+00:00, run_after=2025-09-24 08:45:00+00:00
[2025-09-24T08:49:11.072+0000] {logging_mixin.py:190} INFO - [2025-09-24T08:49:11.072+0000] {dag.py:4180} INFO - Setting next_dagrun for wine_pipeline to 2025-09-24 08:45:00+00:00, run_after=2025-09-24 08:50:00+00:00
[2025-09-24T08:49:11.098+0000] {processor.py:208} INFO - Processing /opt/airflow/dags/wine_pipeline.py took 1.488 seconds
[2025-09-24T08:49:41.502+0000] {processor.py:186} INFO - Started process (PID=1968) to work on /opt/airflow/dags/wine_pipeline.py
[2025-09-24T08:49:41.505+0000] {processor.py:914} INFO - Processing file /opt/airflow/dags/wine_pipeline.py for tasks to queue
[2025-09-24T08:49:41.509+0000] {logging_mixin.py:190} INFO - [2025-09-24T08:49:41.508+0000] {dagbag.py:588} INFO - Filling up the DagBag from /opt/airflow/dags/wine_pipeline.py
[2025-09-24T08:49:43.542+0000] {processor.py:925} INFO - DAG(s) 'wine_pipeline', 'data_processing' retrieved from /opt/airflow/dags/wine_pipeline.py
[2025-09-24T08:49:43.578+0000] {logging_mixin.py:190} INFO - [2025-09-24T08:49:43.578+0000] {dag.py:3239} INFO - Sync 2 DAGs
[2025-09-24T08:49:43.605+0000] {logging_mixin.py:190} INFO - [2025-09-24T08:49:43.605+0000] {dag.py:4180} INFO - Setting next_dagrun for data_processing to 2025-09-24 08:40:00+00:00, run_after=2025-09-24 08:45:00+00:00
[2025-09-24T08:49:43.612+0000] {logging_mixin.py:190} INFO - [2025-09-24T08:49:43.612+0000] {dag.py:4180} INFO - Setting next_dagrun for wine_pipeline to 2025-09-24 08:45:00+00:00, run_after=2025-09-24 08:50:00+00:00
[2025-09-24T08:49:43.631+0000] {processor.py:208} INFO - Processing /opt/airflow/dags/wine_pipeline.py took 2.144 seconds
[2025-09-24T08:50:14.079+0000] {processor.py:186} INFO - Started process (PID=2104) to work on /opt/airflow/dags/wine_pipeline.py
[2025-09-24T08:50:14.087+0000] {processor.py:914} INFO - Processing file /opt/airflow/dags/wine_pipeline.py for tasks to queue
[2025-09-24T08:50:14.101+0000] {logging_mixin.py:190} INFO - [2025-09-24T08:50:14.099+0000] {dagbag.py:588} INFO - Filling up the DagBag from /opt/airflow/dags/wine_pipeline.py
[2025-09-24T08:50:15.976+0000] {processor.py:925} INFO - DAG(s) 'data_processing', 'wine_pipeline' retrieved from /opt/airflow/dags/wine_pipeline.py
[2025-09-24T08:50:16.144+0000] {logging_mixin.py:190} INFO - [2025-09-24T08:50:16.144+0000] {dag.py:3239} INFO - Sync 2 DAGs
[2025-09-24T08:50:16.182+0000] {logging_mixin.py:190} INFO - [2025-09-24T08:50:16.181+0000] {dag.py:4180} INFO - Setting next_dagrun for data_processing to 2025-09-24 08:45:00+00:00, run_after=2025-09-24 08:50:00+00:00
[2025-09-24T08:50:16.191+0000] {logging_mixin.py:190} INFO - [2025-09-24T08:50:16.190+0000] {dag.py:4180} INFO - Setting next_dagrun for wine_pipeline to 2025-09-24 08:50:00+00:00, run_after=2025-09-24 08:55:00+00:00
[2025-09-24T08:50:16.221+0000] {processor.py:208} INFO - Processing /opt/airflow/dags/wine_pipeline.py took 2.169 seconds
[2025-09-24T08:50:46.592+0000] {processor.py:186} INFO - Started process (PID=2334) to work on /opt/airflow/dags/wine_pipeline.py
[2025-09-24T08:50:46.594+0000] {processor.py:914} INFO - Processing file /opt/airflow/dags/wine_pipeline.py for tasks to queue
[2025-09-24T08:50:46.603+0000] {logging_mixin.py:190} INFO - [2025-09-24T08:50:46.602+0000] {dagbag.py:588} INFO - Filling up the DagBag from /opt/airflow/dags/wine_pipeline.py
[2025-09-24T08:50:47.994+0000] {processor.py:925} INFO - DAG(s) 'wine_pipeline', 'data_processing' retrieved from /opt/airflow/dags/wine_pipeline.py
[2025-09-24T08:50:48.035+0000] {logging_mixin.py:190} INFO - [2025-09-24T08:50:48.035+0000] {dag.py:3239} INFO - Sync 2 DAGs
[2025-09-24T08:50:48.059+0000] {logging_mixin.py:190} INFO - [2025-09-24T08:50:48.059+0000] {dag.py:4180} INFO - Setting next_dagrun for data_processing to 2025-09-24 08:45:00+00:00, run_after=2025-09-24 08:50:00+00:00
[2025-09-24T08:50:48.066+0000] {logging_mixin.py:190} INFO - [2025-09-24T08:50:48.066+0000] {dag.py:4180} INFO - Setting next_dagrun for wine_pipeline to 2025-09-24 08:50:00+00:00, run_after=2025-09-24 08:55:00+00:00
[2025-09-24T08:50:48.091+0000] {processor.py:208} INFO - Processing /opt/airflow/dags/wine_pipeline.py took 1.510 seconds
[2025-09-24T08:51:18.533+0000] {processor.py:186} INFO - Started process (PID=2368) to work on /opt/airflow/dags/wine_pipeline.py
[2025-09-24T08:51:18.535+0000] {processor.py:914} INFO - Processing file /opt/airflow/dags/wine_pipeline.py for tasks to queue
[2025-09-24T08:51:18.541+0000] {logging_mixin.py:190} INFO - [2025-09-24T08:51:18.540+0000] {dagbag.py:588} INFO - Filling up the DagBag from /opt/airflow/dags/wine_pipeline.py
[2025-09-24T08:51:20.141+0000] {processor.py:925} INFO - DAG(s) 'data_processing', 'wine_pipeline' retrieved from /opt/airflow/dags/wine_pipeline.py
[2025-09-24T08:51:20.290+0000] {logging_mixin.py:190} INFO - [2025-09-24T08:51:20.290+0000] {dag.py:3239} INFO - Sync 2 DAGs
[2025-09-24T08:51:20.314+0000] {logging_mixin.py:190} INFO - [2025-09-24T08:51:20.313+0000] {dag.py:4180} INFO - Setting next_dagrun for data_processing to 2025-09-24 08:45:00+00:00, run_after=2025-09-24 08:50:00+00:00
[2025-09-24T08:51:20.321+0000] {logging_mixin.py:190} INFO - [2025-09-24T08:51:20.321+0000] {dag.py:4180} INFO - Setting next_dagrun for wine_pipeline to 2025-09-24 08:50:00+00:00, run_after=2025-09-24 08:55:00+00:00
[2025-09-24T08:51:20.341+0000] {processor.py:208} INFO - Processing /opt/airflow/dags/wine_pipeline.py took 1.820 seconds
[2025-09-24T08:51:50.664+0000] {processor.py:186} INFO - Started process (PID=2442) to work on /opt/airflow/dags/wine_pipeline.py
[2025-09-24T08:51:50.666+0000] {processor.py:914} INFO - Processing file /opt/airflow/dags/wine_pipeline.py for tasks to queue
[2025-09-24T08:51:50.673+0000] {logging_mixin.py:190} INFO - [2025-09-24T08:51:50.672+0000] {dagbag.py:588} INFO - Filling up the DagBag from /opt/airflow/dags/wine_pipeline.py
[2025-09-24T08:51:51.850+0000] {processor.py:925} INFO - DAG(s) 'data_processing', 'wine_pipeline' retrieved from /opt/airflow/dags/wine_pipeline.py
[2025-09-24T08:51:51.884+0000] {logging_mixin.py:190} INFO - [2025-09-24T08:51:51.884+0000] {dag.py:3239} INFO - Sync 2 DAGs
[2025-09-24T08:51:51.909+0000] {logging_mixin.py:190} INFO - [2025-09-24T08:51:51.908+0000] {dag.py:4180} INFO - Setting next_dagrun for data_processing to 2025-09-24 08:45:00+00:00, run_after=2025-09-24 08:50:00+00:00
[2025-09-24T08:51:51.917+0000] {logging_mixin.py:190} INFO - [2025-09-24T08:51:51.916+0000] {dag.py:4180} INFO - Setting next_dagrun for wine_pipeline to 2025-09-24 08:50:00+00:00, run_after=2025-09-24 08:55:00+00:00
[2025-09-24T08:51:51.939+0000] {processor.py:208} INFO - Processing /opt/airflow/dags/wine_pipeline.py took 1.283 seconds
[2025-09-24T08:52:22.387+0000] {processor.py:186} INFO - Started process (PID=2476) to work on /opt/airflow/dags/wine_pipeline.py
[2025-09-24T08:52:22.388+0000] {processor.py:914} INFO - Processing file /opt/airflow/dags/wine_pipeline.py for tasks to queue
[2025-09-24T08:52:22.392+0000] {logging_mixin.py:190} INFO - [2025-09-24T08:52:22.391+0000] {dagbag.py:588} INFO - Filling up the DagBag from /opt/airflow/dags/wine_pipeline.py
[2025-09-24T08:52:23.679+0000] {processor.py:925} INFO - DAG(s) 'wine_pipeline', 'data_processing' retrieved from /opt/airflow/dags/wine_pipeline.py
[2025-09-24T08:52:23.833+0000] {logging_mixin.py:190} INFO - [2025-09-24T08:52:23.833+0000] {dag.py:3239} INFO - Sync 2 DAGs
[2025-09-24T08:52:23.860+0000] {logging_mixin.py:190} INFO - [2025-09-24T08:52:23.859+0000] {dag.py:4180} INFO - Setting next_dagrun for data_processing to 2025-09-24 08:45:00+00:00, run_after=2025-09-24 08:50:00+00:00
[2025-09-24T08:52:23.868+0000] {logging_mixin.py:190} INFO - [2025-09-24T08:52:23.868+0000] {dag.py:4180} INFO - Setting next_dagrun for wine_pipeline to 2025-09-24 08:50:00+00:00, run_after=2025-09-24 08:55:00+00:00
[2025-09-24T08:52:23.894+0000] {processor.py:208} INFO - Processing /opt/airflow/dags/wine_pipeline.py took 1.517 seconds
[2025-09-24T08:52:54.280+0000] {processor.py:186} INFO - Started process (PID=2554) to work on /opt/airflow/dags/wine_pipeline.py
[2025-09-24T08:52:54.282+0000] {processor.py:914} INFO - Processing file /opt/airflow/dags/wine_pipeline.py for tasks to queue
[2025-09-24T08:52:54.285+0000] {logging_mixin.py:190} INFO - [2025-09-24T08:52:54.284+0000] {dagbag.py:588} INFO - Filling up the DagBag from /opt/airflow/dags/wine_pipeline.py
[2025-09-24T08:52:55.637+0000] {processor.py:925} INFO - DAG(s) 'wine_pipeline', 'data_processing' retrieved from /opt/airflow/dags/wine_pipeline.py
[2025-09-24T08:52:55.669+0000] {logging_mixin.py:190} INFO - [2025-09-24T08:52:55.669+0000] {dag.py:3239} INFO - Sync 2 DAGs
[2025-09-24T08:52:55.696+0000] {logging_mixin.py:190} INFO - [2025-09-24T08:52:55.696+0000] {dag.py:4180} INFO - Setting next_dagrun for data_processing to 2025-09-24 08:45:00+00:00, run_after=2025-09-24 08:50:00+00:00
[2025-09-24T08:52:55.703+0000] {logging_mixin.py:190} INFO - [2025-09-24T08:52:55.703+0000] {dag.py:4180} INFO - Setting next_dagrun for wine_pipeline to 2025-09-24 08:50:00+00:00, run_after=2025-09-24 08:55:00+00:00
[2025-09-24T08:52:55.720+0000] {processor.py:208} INFO - Processing /opt/airflow/dags/wine_pipeline.py took 1.450 seconds
[2025-09-24T08:53:26.135+0000] {processor.py:186} INFO - Started process (PID=2588) to work on /opt/airflow/dags/wine_pipeline.py
[2025-09-24T08:53:26.137+0000] {processor.py:914} INFO - Processing file /opt/airflow/dags/wine_pipeline.py for tasks to queue
[2025-09-24T08:53:26.147+0000] {logging_mixin.py:190} INFO - [2025-09-24T08:53:26.144+0000] {dagbag.py:588} INFO - Filling up the DagBag from /opt/airflow/dags/wine_pipeline.py
[2025-09-24T08:53:27.863+0000] {processor.py:925} INFO - DAG(s) 'wine_pipeline', 'data_processing' retrieved from /opt/airflow/dags/wine_pipeline.py
[2025-09-24T08:53:28.066+0000] {logging_mixin.py:190} INFO - [2025-09-24T08:53:28.065+0000] {dag.py:3239} INFO - Sync 2 DAGs
[2025-09-24T08:53:28.109+0000] {logging_mixin.py:190} INFO - [2025-09-24T08:53:28.109+0000] {dag.py:4180} INFO - Setting next_dagrun for data_processing to 2025-09-24 08:45:00+00:00, run_after=2025-09-24 08:50:00+00:00
[2025-09-24T08:53:28.118+0000] {logging_mixin.py:190} INFO - [2025-09-24T08:53:28.117+0000] {dag.py:4180} INFO - Setting next_dagrun for wine_pipeline to 2025-09-24 08:50:00+00:00, run_after=2025-09-24 08:55:00+00:00
[2025-09-24T08:53:28.153+0000] {processor.py:208} INFO - Processing /opt/airflow/dags/wine_pipeline.py took 2.037 seconds
[2025-09-24T08:53:58.556+0000] {processor.py:186} INFO - Started process (PID=2662) to work on /opt/airflow/dags/wine_pipeline.py
[2025-09-24T08:53:58.558+0000] {processor.py:914} INFO - Processing file /opt/airflow/dags/wine_pipeline.py for tasks to queue
[2025-09-24T08:53:58.565+0000] {logging_mixin.py:190} INFO - [2025-09-24T08:53:58.564+0000] {dagbag.py:588} INFO - Filling up the DagBag from /opt/airflow/dags/wine_pipeline.py
[2025-09-24T08:54:01.219+0000] {processor.py:925} INFO - DAG(s) 'data_processing', 'wine_pipeline' retrieved from /opt/airflow/dags/wine_pipeline.py
[2025-09-24T08:54:01.296+0000] {logging_mixin.py:190} INFO - [2025-09-24T08:54:01.295+0000] {dag.py:3239} INFO - Sync 2 DAGs
[2025-09-24T08:54:01.349+0000] {logging_mixin.py:190} INFO - [2025-09-24T08:54:01.349+0000] {dag.py:4180} INFO - Setting next_dagrun for data_processing to 2025-09-24 08:45:00+00:00, run_after=2025-09-24 08:50:00+00:00
[2025-09-24T08:54:01.362+0000] {logging_mixin.py:190} INFO - [2025-09-24T08:54:01.361+0000] {dag.py:4180} INFO - Setting next_dagrun for wine_pipeline to 2025-09-24 08:50:00+00:00, run_after=2025-09-24 08:55:00+00:00
[2025-09-24T08:54:01.393+0000] {processor.py:208} INFO - Processing /opt/airflow/dags/wine_pipeline.py took 2.849 seconds
[2025-09-24T08:54:31.598+0000] {processor.py:186} INFO - Started process (PID=2693) to work on /opt/airflow/dags/wine_pipeline.py
[2025-09-24T08:54:31.599+0000] {processor.py:914} INFO - Processing file /opt/airflow/dags/wine_pipeline.py for tasks to queue
[2025-09-24T08:54:31.602+0000] {logging_mixin.py:190} INFO - [2025-09-24T08:54:31.602+0000] {dagbag.py:588} INFO - Filling up the DagBag from /opt/airflow/dags/wine_pipeline.py
[2025-09-24T08:54:33.719+0000] {processor.py:925} INFO - DAG(s) 'wine_pipeline', 'data_processing' retrieved from /opt/airflow/dags/wine_pipeline.py
[2025-09-24T08:54:33.928+0000] {logging_mixin.py:190} INFO - [2025-09-24T08:54:33.928+0000] {dag.py:3239} INFO - Sync 2 DAGs
[2025-09-24T08:54:33.975+0000] {logging_mixin.py:190} INFO - [2025-09-24T08:54:33.975+0000] {dag.py:4180} INFO - Setting next_dagrun for data_processing to 2025-09-24 08:45:00+00:00, run_after=2025-09-24 08:50:00+00:00
[2025-09-24T08:54:33.985+0000] {logging_mixin.py:190} INFO - [2025-09-24T08:54:33.985+0000] {dag.py:4180} INFO - Setting next_dagrun for wine_pipeline to 2025-09-24 08:50:00+00:00, run_after=2025-09-24 08:55:00+00:00
[2025-09-24T08:54:34.018+0000] {processor.py:208} INFO - Processing /opt/airflow/dags/wine_pipeline.py took 2.429 seconds
[2025-09-24T08:55:04.441+0000] {processor.py:186} INFO - Started process (PID=2750) to work on /opt/airflow/dags/wine_pipeline.py
[2025-09-24T08:55:04.444+0000] {processor.py:914} INFO - Processing file /opt/airflow/dags/wine_pipeline.py for tasks to queue
[2025-09-24T08:55:04.451+0000] {logging_mixin.py:190} INFO - [2025-09-24T08:55:04.450+0000] {dagbag.py:588} INFO - Filling up the DagBag from /opt/airflow/dags/wine_pipeline.py
[2025-09-24T08:55:05.823+0000] {processor.py:925} INFO - DAG(s) 'wine_pipeline', 'data_processing' retrieved from /opt/airflow/dags/wine_pipeline.py
[2025-09-24T08:55:05.863+0000] {logging_mixin.py:190} INFO - [2025-09-24T08:55:05.863+0000] {dag.py:3239} INFO - Sync 2 DAGs
[2025-09-24T08:55:05.889+0000] {logging_mixin.py:190} INFO - [2025-09-24T08:55:05.889+0000] {dag.py:4180} INFO - Setting next_dagrun for data_processing to 2025-09-24 08:50:00+00:00, run_after=2025-09-24 08:55:00+00:00
[2025-09-24T08:55:05.896+0000] {logging_mixin.py:190} INFO - [2025-09-24T08:55:05.896+0000] {dag.py:4180} INFO - Setting next_dagrun for wine_pipeline to 2025-09-24 08:55:00+00:00, run_after=2025-09-24 09:00:00+00:00
[2025-09-24T08:55:05.914+0000] {processor.py:208} INFO - Processing /opt/airflow/dags/wine_pipeline.py took 1.486 seconds
