[2025-09-23T20:26:24.088+0000] {processor.py:186} INFO - Started process (PID=164) to work on /opt/airflow/dags/data_processing.py
[2025-09-23T20:26:24.090+0000] {processor.py:914} INFO - Processing file /opt/airflow/dags/data_processing.py for tasks to queue
[2025-09-23T20:26:24.094+0000] {logging_mixin.py:190} INFO - [2025-09-23T20:26:24.094+0000] {dagbag.py:588} INFO - Filling up the DagBag from /opt/airflow/dags/data_processing.py
[2025-09-23T20:26:26.606+0000] {processor.py:925} INFO - DAG(s) 'data_processing' retrieved from /opt/airflow/dags/data_processing.py
[2025-09-23T20:26:26.657+0000] {logging_mixin.py:190} INFO - [2025-09-23T20:26:26.656+0000] {dag.py:3239} INFO - Sync 1 DAGs
[2025-09-23T20:26:26.687+0000] {logging_mixin.py:190} INFO - [2025-09-23T20:26:26.687+0000] {dag.py:4180} INFO - Setting next_dagrun for data_processing to 2025-09-23 20:20:00+00:00, run_after=2025-09-23 20:25:00+00:00
[2025-09-23T20:26:26.711+0000] {processor.py:208} INFO - Processing /opt/airflow/dags/data_processing.py took 2.635 seconds
[2025-09-23T20:26:57.375+0000] {processor.py:186} INFO - Started process (PID=198) to work on /opt/airflow/dags/data_processing.py
[2025-09-23T20:26:57.380+0000] {processor.py:914} INFO - Processing file /opt/airflow/dags/data_processing.py for tasks to queue
[2025-09-23T20:26:57.383+0000] {logging_mixin.py:190} INFO - [2025-09-23T20:26:57.382+0000] {dagbag.py:588} INFO - Filling up the DagBag from /opt/airflow/dags/data_processing.py
[2025-09-23T20:26:58.883+0000] {processor.py:925} INFO - DAG(s) 'data_processing' retrieved from /opt/airflow/dags/data_processing.py
[2025-09-23T20:26:59.022+0000] {logging_mixin.py:190} INFO - [2025-09-23T20:26:59.021+0000] {dag.py:3239} INFO - Sync 1 DAGs
[2025-09-23T20:26:59.059+0000] {logging_mixin.py:190} INFO - [2025-09-23T20:26:59.058+0000] {dag.py:4180} INFO - Setting next_dagrun for data_processing to 2025-09-23 20:20:00+00:00, run_after=2025-09-23 20:25:00+00:00
[2025-09-23T20:26:59.091+0000] {processor.py:208} INFO - Processing /opt/airflow/dags/data_processing.py took 1.725 seconds
[2025-09-23T20:27:29.408+0000] {processor.py:186} INFO - Started process (PID=450) to work on /opt/airflow/dags/data_processing.py
[2025-09-23T20:27:29.410+0000] {processor.py:914} INFO - Processing file /opt/airflow/dags/data_processing.py for tasks to queue
[2025-09-23T20:27:29.414+0000] {logging_mixin.py:190} INFO - [2025-09-23T20:27:29.413+0000] {dagbag.py:588} INFO - Filling up the DagBag from /opt/airflow/dags/data_processing.py
[2025-09-23T20:27:31.190+0000] {processor.py:925} INFO - DAG(s) 'data_processing' retrieved from /opt/airflow/dags/data_processing.py
[2025-09-23T20:27:31.241+0000] {logging_mixin.py:190} INFO - [2025-09-23T20:27:31.240+0000] {dag.py:3239} INFO - Sync 1 DAGs
[2025-09-23T20:27:31.288+0000] {logging_mixin.py:190} INFO - [2025-09-23T20:27:31.287+0000] {dag.py:4180} INFO - Setting next_dagrun for data_processing to 2025-09-23 20:20:00+00:00, run_after=2025-09-23 20:25:00+00:00
[2025-09-23T20:27:31.319+0000] {processor.py:208} INFO - Processing /opt/airflow/dags/data_processing.py took 1.924 seconds
[2025-09-23T20:28:01.912+0000] {processor.py:186} INFO - Started process (PID=497) to work on /opt/airflow/dags/data_processing.py
[2025-09-23T20:28:01.913+0000] {processor.py:914} INFO - Processing file /opt/airflow/dags/data_processing.py for tasks to queue
[2025-09-23T20:28:01.917+0000] {logging_mixin.py:190} INFO - [2025-09-23T20:28:01.916+0000] {dagbag.py:588} INFO - Filling up the DagBag from /opt/airflow/dags/data_processing.py
[2025-09-23T20:28:03.183+0000] {processor.py:925} INFO - DAG(s) 'data_processing' retrieved from /opt/airflow/dags/data_processing.py
[2025-09-23T20:28:03.311+0000] {logging_mixin.py:190} INFO - [2025-09-23T20:28:03.311+0000] {dag.py:3239} INFO - Sync 1 DAGs
[2025-09-23T20:28:03.342+0000] {logging_mixin.py:190} INFO - [2025-09-23T20:28:03.342+0000] {dag.py:4180} INFO - Setting next_dagrun for data_processing to 2025-09-23 20:20:00+00:00, run_after=2025-09-23 20:25:00+00:00
[2025-09-23T20:28:03.363+0000] {processor.py:208} INFO - Processing /opt/airflow/dags/data_processing.py took 1.461 seconds
[2025-09-23T20:28:33.677+0000] {processor.py:186} INFO - Started process (PID=532) to work on /opt/airflow/dags/data_processing.py
[2025-09-23T20:28:33.679+0000] {processor.py:914} INFO - Processing file /opt/airflow/dags/data_processing.py for tasks to queue
[2025-09-23T20:28:33.682+0000] {logging_mixin.py:190} INFO - [2025-09-23T20:28:33.681+0000] {dagbag.py:588} INFO - Filling up the DagBag from /opt/airflow/dags/data_processing.py
[2025-09-23T20:28:34.977+0000] {processor.py:925} INFO - DAG(s) 'data_processing' retrieved from /opt/airflow/dags/data_processing.py
[2025-09-23T20:28:35.009+0000] {logging_mixin.py:190} INFO - [2025-09-23T20:28:35.009+0000] {dag.py:3239} INFO - Sync 1 DAGs
[2025-09-23T20:28:35.038+0000] {logging_mixin.py:190} INFO - [2025-09-23T20:28:35.038+0000] {dag.py:4180} INFO - Setting next_dagrun for data_processing to 2025-09-23 20:20:00+00:00, run_after=2025-09-23 20:25:00+00:00
[2025-09-23T20:28:35.065+0000] {processor.py:208} INFO - Processing /opt/airflow/dags/data_processing.py took 1.401 seconds
[2025-09-23T20:29:05.613+0000] {processor.py:186} INFO - Started process (PID=842) to work on /opt/airflow/dags/data_processing.py
[2025-09-23T20:29:05.619+0000] {processor.py:914} INFO - Processing file /opt/airflow/dags/data_processing.py for tasks to queue
[2025-09-23T20:29:05.626+0000] {logging_mixin.py:190} INFO - [2025-09-23T20:29:05.625+0000] {dagbag.py:588} INFO - Filling up the DagBag from /opt/airflow/dags/data_processing.py
[2025-09-23T20:29:07.173+0000] {processor.py:925} INFO - DAG(s) 'data_processing' retrieved from /opt/airflow/dags/data_processing.py
[2025-09-23T20:29:07.304+0000] {logging_mixin.py:190} INFO - [2025-09-23T20:29:07.304+0000] {dag.py:3239} INFO - Sync 1 DAGs
[2025-09-23T20:29:07.333+0000] {logging_mixin.py:190} INFO - [2025-09-23T20:29:07.333+0000] {dag.py:4180} INFO - Setting next_dagrun for data_processing to 2025-09-23 20:20:00+00:00, run_after=2025-09-23 20:25:00+00:00
[2025-09-23T20:29:07.361+0000] {processor.py:208} INFO - Processing /opt/airflow/dags/data_processing.py took 1.772 seconds
[2025-09-23T20:29:37.673+0000] {processor.py:186} INFO - Started process (PID=876) to work on /opt/airflow/dags/data_processing.py
[2025-09-23T20:29:37.675+0000] {processor.py:914} INFO - Processing file /opt/airflow/dags/data_processing.py for tasks to queue
[2025-09-23T20:29:37.678+0000] {logging_mixin.py:190} INFO - [2025-09-23T20:29:37.677+0000] {dagbag.py:588} INFO - Filling up the DagBag from /opt/airflow/dags/data_processing.py
[2025-09-23T20:29:38.958+0000] {processor.py:925} INFO - DAG(s) 'data_processing' retrieved from /opt/airflow/dags/data_processing.py
[2025-09-23T20:29:38.988+0000] {logging_mixin.py:190} INFO - [2025-09-23T20:29:38.987+0000] {dag.py:3239} INFO - Sync 1 DAGs
[2025-09-23T20:29:39.016+0000] {logging_mixin.py:190} INFO - [2025-09-23T20:29:39.016+0000] {dag.py:4180} INFO - Setting next_dagrun for data_processing to 2025-09-23 20:20:00+00:00, run_after=2025-09-23 20:25:00+00:00
[2025-09-23T20:29:39.041+0000] {processor.py:208} INFO - Processing /opt/airflow/dags/data_processing.py took 1.378 seconds
[2025-09-23T20:30:09.491+0000] {processor.py:186} INFO - Started process (PID=972) to work on /opt/airflow/dags/data_processing.py
[2025-09-23T20:30:09.492+0000] {processor.py:914} INFO - Processing file /opt/airflow/dags/data_processing.py for tasks to queue
[2025-09-23T20:30:09.495+0000] {logging_mixin.py:190} INFO - [2025-09-23T20:30:09.495+0000] {dagbag.py:588} INFO - Filling up the DagBag from /opt/airflow/dags/data_processing.py
[2025-09-23T20:30:10.857+0000] {processor.py:925} INFO - DAG(s) 'data_processing' retrieved from /opt/airflow/dags/data_processing.py
[2025-09-23T20:30:11.016+0000] {logging_mixin.py:190} INFO - [2025-09-23T20:30:11.015+0000] {dag.py:3239} INFO - Sync 1 DAGs
[2025-09-23T20:30:11.041+0000] {logging_mixin.py:190} INFO - [2025-09-23T20:30:11.041+0000] {dag.py:4180} INFO - Setting next_dagrun for data_processing to 2025-09-23 20:25:00+00:00, run_after=2025-09-23 20:30:00+00:00
[2025-09-23T20:30:11.066+0000] {processor.py:208} INFO - Processing /opt/airflow/dags/data_processing.py took 1.582 seconds
[2025-09-23T20:30:41.417+0000] {processor.py:186} INFO - Started process (PID=1241) to work on /opt/airflow/dags/data_processing.py
[2025-09-23T20:30:41.418+0000] {processor.py:914} INFO - Processing file /opt/airflow/dags/data_processing.py for tasks to queue
[2025-09-23T20:30:41.422+0000] {logging_mixin.py:190} INFO - [2025-09-23T20:30:41.421+0000] {dagbag.py:588} INFO - Filling up the DagBag from /opt/airflow/dags/data_processing.py
[2025-09-23T20:30:42.657+0000] {processor.py:925} INFO - DAG(s) 'data_processing' retrieved from /opt/airflow/dags/data_processing.py
[2025-09-23T20:30:42.689+0000] {logging_mixin.py:190} INFO - [2025-09-23T20:30:42.688+0000] {dag.py:3239} INFO - Sync 1 DAGs
[2025-09-23T20:30:42.715+0000] {logging_mixin.py:190} INFO - [2025-09-23T20:30:42.715+0000] {dag.py:4180} INFO - Setting next_dagrun for data_processing to 2025-09-23 20:25:00+00:00, run_after=2025-09-23 20:30:00+00:00
[2025-09-23T20:30:42.734+0000] {processor.py:208} INFO - Processing /opt/airflow/dags/data_processing.py took 1.326 seconds
[2025-09-23T20:31:13.168+0000] {processor.py:186} INFO - Started process (PID=1296) to work on /opt/airflow/dags/data_processing.py
[2025-09-23T20:31:13.172+0000] {processor.py:914} INFO - Processing file /opt/airflow/dags/data_processing.py for tasks to queue
[2025-09-23T20:31:13.177+0000] {logging_mixin.py:190} INFO - [2025-09-23T20:31:13.176+0000] {dagbag.py:588} INFO - Filling up the DagBag from /opt/airflow/dags/data_processing.py
[2025-09-23T20:31:15.036+0000] {processor.py:925} INFO - DAG(s) 'data_processing' retrieved from /opt/airflow/dags/data_processing.py
[2025-09-23T20:31:15.166+0000] {logging_mixin.py:190} INFO - [2025-09-23T20:31:15.165+0000] {dag.py:3239} INFO - Sync 1 DAGs
[2025-09-23T20:31:15.197+0000] {logging_mixin.py:190} INFO - [2025-09-23T20:31:15.197+0000] {dag.py:4180} INFO - Setting next_dagrun for data_processing to 2025-09-23 20:25:00+00:00, run_after=2025-09-23 20:30:00+00:00
[2025-09-23T20:31:15.231+0000] {processor.py:208} INFO - Processing /opt/airflow/dags/data_processing.py took 2.073 seconds
[2025-09-23T20:31:45.640+0000] {processor.py:186} INFO - Started process (PID=1350) to work on /opt/airflow/dags/data_processing.py
[2025-09-23T20:31:45.643+0000] {processor.py:914} INFO - Processing file /opt/airflow/dags/data_processing.py for tasks to queue
[2025-09-23T20:31:45.648+0000] {logging_mixin.py:190} INFO - [2025-09-23T20:31:45.647+0000] {dagbag.py:588} INFO - Filling up the DagBag from /opt/airflow/dags/data_processing.py
[2025-09-23T20:31:47.111+0000] {processor.py:925} INFO - DAG(s) 'data_processing' retrieved from /opt/airflow/dags/data_processing.py
[2025-09-23T20:31:47.140+0000] {logging_mixin.py:190} INFO - [2025-09-23T20:31:47.140+0000] {dag.py:3239} INFO - Sync 1 DAGs
[2025-09-23T20:31:47.171+0000] {logging_mixin.py:190} INFO - [2025-09-23T20:31:47.171+0000] {dag.py:4180} INFO - Setting next_dagrun for data_processing to 2025-09-23 20:25:00+00:00, run_after=2025-09-23 20:30:00+00:00
[2025-09-23T20:31:47.193+0000] {processor.py:208} INFO - Processing /opt/airflow/dags/data_processing.py took 1.567 seconds
[2025-09-23T20:32:17.661+0000] {processor.py:186} INFO - Started process (PID=1405) to work on /opt/airflow/dags/data_processing.py
[2025-09-23T20:32:17.662+0000] {processor.py:914} INFO - Processing file /opt/airflow/dags/data_processing.py for tasks to queue
[2025-09-23T20:32:17.666+0000] {logging_mixin.py:190} INFO - [2025-09-23T20:32:17.665+0000] {dagbag.py:588} INFO - Filling up the DagBag from /opt/airflow/dags/data_processing.py
[2025-09-23T20:32:19.149+0000] {processor.py:925} INFO - DAG(s) 'data_processing' retrieved from /opt/airflow/dags/data_processing.py
[2025-09-23T20:32:19.279+0000] {logging_mixin.py:190} INFO - [2025-09-23T20:32:19.278+0000] {dag.py:3239} INFO - Sync 1 DAGs
[2025-09-23T20:32:19.315+0000] {logging_mixin.py:190} INFO - [2025-09-23T20:32:19.314+0000] {dag.py:4180} INFO - Setting next_dagrun for data_processing to 2025-09-23 20:25:00+00:00, run_after=2025-09-23 20:30:00+00:00
[2025-09-23T20:32:19.343+0000] {processor.py:208} INFO - Processing /opt/airflow/dags/data_processing.py took 1.694 seconds
[2025-09-23T20:32:49.718+0000] {processor.py:186} INFO - Started process (PID=1460) to work on /opt/airflow/dags/data_processing.py
[2025-09-23T20:32:49.719+0000] {processor.py:914} INFO - Processing file /opt/airflow/dags/data_processing.py for tasks to queue
[2025-09-23T20:32:49.723+0000] {logging_mixin.py:190} INFO - [2025-09-23T20:32:49.722+0000] {dagbag.py:588} INFO - Filling up the DagBag from /opt/airflow/dags/data_processing.py
[2025-09-23T20:32:51.201+0000] {processor.py:925} INFO - DAG(s) 'data_processing' retrieved from /opt/airflow/dags/data_processing.py
[2025-09-23T20:32:51.240+0000] {logging_mixin.py:190} INFO - [2025-09-23T20:32:51.239+0000] {dag.py:3239} INFO - Sync 1 DAGs
[2025-09-23T20:32:51.285+0000] {logging_mixin.py:190} INFO - [2025-09-23T20:32:51.285+0000] {dag.py:4180} INFO - Setting next_dagrun for data_processing to 2025-09-23 20:25:00+00:00, run_after=2025-09-23 20:30:00+00:00
[2025-09-23T20:32:51.314+0000] {processor.py:208} INFO - Processing /opt/airflow/dags/data_processing.py took 1.607 seconds
[2025-09-23T20:33:21.734+0000] {processor.py:186} INFO - Started process (PID=1494) to work on /opt/airflow/dags/data_processing.py
[2025-09-23T20:33:21.736+0000] {processor.py:914} INFO - Processing file /opt/airflow/dags/data_processing.py for tasks to queue
[2025-09-23T20:33:21.738+0000] {logging_mixin.py:190} INFO - [2025-09-23T20:33:21.738+0000] {dagbag.py:588} INFO - Filling up the DagBag from /opt/airflow/dags/data_processing.py
[2025-09-23T20:33:22.999+0000] {processor.py:925} INFO - DAG(s) 'data_processing' retrieved from /opt/airflow/dags/data_processing.py
[2025-09-23T20:33:23.163+0000] {logging_mixin.py:190} INFO - [2025-09-23T20:33:23.162+0000] {dag.py:3239} INFO - Sync 1 DAGs
[2025-09-23T20:33:23.201+0000] {logging_mixin.py:190} INFO - [2025-09-23T20:33:23.200+0000] {dag.py:4180} INFO - Setting next_dagrun for data_processing to 2025-09-23 20:25:00+00:00, run_after=2025-09-23 20:30:00+00:00
[2025-09-23T20:33:23.235+0000] {processor.py:208} INFO - Processing /opt/airflow/dags/data_processing.py took 1.509 seconds
[2025-09-23T20:33:53.528+0000] {processor.py:186} INFO - Started process (PID=1549) to work on /opt/airflow/dags/data_processing.py
[2025-09-23T20:33:53.530+0000] {processor.py:914} INFO - Processing file /opt/airflow/dags/data_processing.py for tasks to queue
[2025-09-23T20:33:53.533+0000] {logging_mixin.py:190} INFO - [2025-09-23T20:33:53.533+0000] {dagbag.py:588} INFO - Filling up the DagBag from /opt/airflow/dags/data_processing.py
[2025-09-23T20:33:54.781+0000] {processor.py:925} INFO - DAG(s) 'data_processing' retrieved from /opt/airflow/dags/data_processing.py
[2025-09-23T20:33:54.813+0000] {logging_mixin.py:190} INFO - [2025-09-23T20:33:54.812+0000] {dag.py:3239} INFO - Sync 1 DAGs
[2025-09-23T20:33:54.838+0000] {logging_mixin.py:190} INFO - [2025-09-23T20:33:54.838+0000] {dag.py:4180} INFO - Setting next_dagrun for data_processing to 2025-09-23 20:25:00+00:00, run_after=2025-09-23 20:30:00+00:00
[2025-09-23T20:33:54.869+0000] {processor.py:208} INFO - Processing /opt/airflow/dags/data_processing.py took 1.350 seconds
[2025-09-23T20:34:25.294+0000] {processor.py:186} INFO - Started process (PID=1583) to work on /opt/airflow/dags/data_processing.py
[2025-09-23T20:34:25.295+0000] {processor.py:914} INFO - Processing file /opt/airflow/dags/data_processing.py for tasks to queue
[2025-09-23T20:34:25.298+0000] {logging_mixin.py:190} INFO - [2025-09-23T20:34:25.298+0000] {dagbag.py:588} INFO - Filling up the DagBag from /opt/airflow/dags/data_processing.py
[2025-09-23T20:34:26.469+0000] {processor.py:925} INFO - DAG(s) 'data_processing' retrieved from /opt/airflow/dags/data_processing.py
[2025-09-23T20:34:26.608+0000] {logging_mixin.py:190} INFO - [2025-09-23T20:34:26.607+0000] {dag.py:3239} INFO - Sync 1 DAGs
[2025-09-23T20:34:26.633+0000] {logging_mixin.py:190} INFO - [2025-09-23T20:34:26.633+0000] {dag.py:4180} INFO - Setting next_dagrun for data_processing to 2025-09-23 20:25:00+00:00, run_after=2025-09-23 20:30:00+00:00
[2025-09-23T20:34:26.654+0000] {processor.py:208} INFO - Processing /opt/airflow/dags/data_processing.py took 1.368 seconds
[2025-09-23T20:34:56.954+0000] {processor.py:186} INFO - Started process (PID=1617) to work on /opt/airflow/dags/data_processing.py
[2025-09-23T20:34:56.955+0000] {processor.py:914} INFO - Processing file /opt/airflow/dags/data_processing.py for tasks to queue
[2025-09-23T20:34:56.958+0000] {logging_mixin.py:190} INFO - [2025-09-23T20:34:56.958+0000] {dagbag.py:588} INFO - Filling up the DagBag from /opt/airflow/dags/data_processing.py
[2025-09-23T20:34:58.135+0000] {processor.py:925} INFO - DAG(s) 'data_processing' retrieved from /opt/airflow/dags/data_processing.py
[2025-09-23T20:34:58.167+0000] {logging_mixin.py:190} INFO - [2025-09-23T20:34:58.166+0000] {dag.py:3239} INFO - Sync 1 DAGs
[2025-09-23T20:34:58.199+0000] {logging_mixin.py:190} INFO - [2025-09-23T20:34:58.199+0000] {dag.py:4180} INFO - Setting next_dagrun for data_processing to 2025-09-23 20:25:00+00:00, run_after=2025-09-23 20:30:00+00:00
[2025-09-23T20:34:58.220+0000] {processor.py:208} INFO - Processing /opt/airflow/dags/data_processing.py took 1.275 seconds
[2025-09-23T20:35:28.640+0000] {processor.py:186} INFO - Started process (PID=1927) to work on /opt/airflow/dags/data_processing.py
[2025-09-23T20:35:28.641+0000] {processor.py:914} INFO - Processing file /opt/airflow/dags/data_processing.py for tasks to queue
[2025-09-23T20:35:28.644+0000] {logging_mixin.py:190} INFO - [2025-09-23T20:35:28.644+0000] {dagbag.py:588} INFO - Filling up the DagBag from /opt/airflow/dags/data_processing.py
[2025-09-23T20:35:29.820+0000] {processor.py:925} INFO - DAG(s) 'data_processing' retrieved from /opt/airflow/dags/data_processing.py
[2025-09-23T20:35:29.944+0000] {logging_mixin.py:190} INFO - [2025-09-23T20:35:29.943+0000] {dag.py:3239} INFO - Sync 1 DAGs
[2025-09-23T20:35:29.970+0000] {logging_mixin.py:190} INFO - [2025-09-23T20:35:29.969+0000] {dag.py:4180} INFO - Setting next_dagrun for data_processing to 2025-09-23 20:30:00+00:00, run_after=2025-09-23 20:35:00+00:00
[2025-09-23T20:35:29.992+0000] {processor.py:208} INFO - Processing /opt/airflow/dags/data_processing.py took 1.360 seconds
[2025-09-23T20:36:00.304+0000] {processor.py:186} INFO - Started process (PID=1961) to work on /opt/airflow/dags/data_processing.py
[2025-09-23T20:36:00.306+0000] {processor.py:914} INFO - Processing file /opt/airflow/dags/data_processing.py for tasks to queue
[2025-09-23T20:36:00.309+0000] {logging_mixin.py:190} INFO - [2025-09-23T20:36:00.309+0000] {dagbag.py:588} INFO - Filling up the DagBag from /opt/airflow/dags/data_processing.py
[2025-09-23T20:36:01.496+0000] {processor.py:925} INFO - DAG(s) 'data_processing' retrieved from /opt/airflow/dags/data_processing.py
[2025-09-23T20:36:01.526+0000] {logging_mixin.py:190} INFO - [2025-09-23T20:36:01.525+0000] {dag.py:3239} INFO - Sync 1 DAGs
[2025-09-23T20:36:01.550+0000] {logging_mixin.py:190} INFO - [2025-09-23T20:36:01.550+0000] {dag.py:4180} INFO - Setting next_dagrun for data_processing to 2025-09-23 20:30:00+00:00, run_after=2025-09-23 20:35:00+00:00
[2025-09-23T20:36:01.570+0000] {processor.py:208} INFO - Processing /opt/airflow/dags/data_processing.py took 1.276 seconds
[2025-09-23T20:36:32.043+0000] {processor.py:186} INFO - Started process (PID=2014) to work on /opt/airflow/dags/data_processing.py
[2025-09-23T20:36:32.044+0000] {processor.py:914} INFO - Processing file /opt/airflow/dags/data_processing.py for tasks to queue
[2025-09-23T20:36:32.047+0000] {logging_mixin.py:190} INFO - [2025-09-23T20:36:32.047+0000] {dagbag.py:588} INFO - Filling up the DagBag from /opt/airflow/dags/data_processing.py
[2025-09-23T20:36:33.240+0000] {processor.py:925} INFO - DAG(s) 'data_processing' retrieved from /opt/airflow/dags/data_processing.py
[2025-09-23T20:36:33.358+0000] {logging_mixin.py:190} INFO - [2025-09-23T20:36:33.358+0000] {dag.py:3239} INFO - Sync 1 DAGs
[2025-09-23T20:36:33.383+0000] {logging_mixin.py:190} INFO - [2025-09-23T20:36:33.382+0000] {dag.py:4180} INFO - Setting next_dagrun for data_processing to 2025-09-23 20:30:00+00:00, run_after=2025-09-23 20:35:00+00:00
[2025-09-23T20:36:33.404+0000] {processor.py:208} INFO - Processing /opt/airflow/dags/data_processing.py took 1.371 seconds
[2025-09-23T20:37:03.717+0000] {processor.py:186} INFO - Started process (PID=2048) to work on /opt/airflow/dags/data_processing.py
[2025-09-23T20:37:03.720+0000] {processor.py:914} INFO - Processing file /opt/airflow/dags/data_processing.py for tasks to queue
[2025-09-23T20:37:03.724+0000] {logging_mixin.py:190} INFO - [2025-09-23T20:37:03.723+0000] {dagbag.py:588} INFO - Filling up the DagBag from /opt/airflow/dags/data_processing.py
[2025-09-23T20:37:04.940+0000] {processor.py:925} INFO - DAG(s) 'data_processing' retrieved from /opt/airflow/dags/data_processing.py
[2025-09-23T20:37:04.969+0000] {logging_mixin.py:190} INFO - [2025-09-23T20:37:04.969+0000] {dag.py:3239} INFO - Sync 1 DAGs
[2025-09-23T20:37:04.993+0000] {logging_mixin.py:190} INFO - [2025-09-23T20:37:04.993+0000] {dag.py:4180} INFO - Setting next_dagrun for data_processing to 2025-09-23 20:30:00+00:00, run_after=2025-09-23 20:35:00+00:00
[2025-09-23T20:37:05.018+0000] {processor.py:208} INFO - Processing /opt/airflow/dags/data_processing.py took 1.311 seconds
[2025-09-23T20:37:35.464+0000] {processor.py:186} INFO - Started process (PID=2101) to work on /opt/airflow/dags/data_processing.py
[2025-09-23T20:37:35.466+0000] {processor.py:914} INFO - Processing file /opt/airflow/dags/data_processing.py for tasks to queue
[2025-09-23T20:37:35.469+0000] {logging_mixin.py:190} INFO - [2025-09-23T20:37:35.469+0000] {dagbag.py:588} INFO - Filling up the DagBag from /opt/airflow/dags/data_processing.py
[2025-09-23T20:37:37.734+0000] {processor.py:925} INFO - DAG(s) 'data_processing' retrieved from /opt/airflow/dags/data_processing.py
[2025-09-23T20:37:37.859+0000] {logging_mixin.py:190} INFO - [2025-09-23T20:37:37.857+0000] {dag.py:3239} INFO - Sync 1 DAGs
[2025-09-23T20:37:37.888+0000] {logging_mixin.py:190} INFO - [2025-09-23T20:37:37.887+0000] {dag.py:4180} INFO - Setting next_dagrun for data_processing to 2025-09-23 20:30:00+00:00, run_after=2025-09-23 20:35:00+00:00
[2025-09-23T20:37:37.911+0000] {processor.py:208} INFO - Processing /opt/airflow/dags/data_processing.py took 2.456 seconds
[2025-09-23T20:38:08.215+0000] {processor.py:186} INFO - Started process (PID=2135) to work on /opt/airflow/dags/data_processing.py
[2025-09-23T20:38:08.216+0000] {processor.py:914} INFO - Processing file /opt/airflow/dags/data_processing.py for tasks to queue
[2025-09-23T20:38:08.219+0000] {logging_mixin.py:190} INFO - [2025-09-23T20:38:08.219+0000] {dagbag.py:588} INFO - Filling up the DagBag from /opt/airflow/dags/data_processing.py
[2025-09-23T20:38:09.561+0000] {processor.py:925} INFO - DAG(s) 'data_processing' retrieved from /opt/airflow/dags/data_processing.py
[2025-09-23T20:38:09.592+0000] {logging_mixin.py:190} INFO - [2025-09-23T20:38:09.591+0000] {dag.py:3239} INFO - Sync 1 DAGs
[2025-09-23T20:38:09.620+0000] {logging_mixin.py:190} INFO - [2025-09-23T20:38:09.620+0000] {dag.py:4180} INFO - Setting next_dagrun for data_processing to 2025-09-23 20:30:00+00:00, run_after=2025-09-23 20:35:00+00:00
[2025-09-23T20:38:09.647+0000] {processor.py:208} INFO - Processing /opt/airflow/dags/data_processing.py took 1.442 seconds
[2025-09-23T20:38:40.103+0000] {processor.py:186} INFO - Started process (PID=2189) to work on /opt/airflow/dags/data_processing.py
[2025-09-23T20:38:40.104+0000] {processor.py:914} INFO - Processing file /opt/airflow/dags/data_processing.py for tasks to queue
[2025-09-23T20:38:40.107+0000] {logging_mixin.py:190} INFO - [2025-09-23T20:38:40.107+0000] {dagbag.py:588} INFO - Filling up the DagBag from /opt/airflow/dags/data_processing.py
[2025-09-23T20:38:41.332+0000] {processor.py:925} INFO - DAG(s) 'data_processing' retrieved from /opt/airflow/dags/data_processing.py
[2025-09-23T20:38:41.485+0000] {logging_mixin.py:190} INFO - [2025-09-23T20:38:41.484+0000] {dag.py:3239} INFO - Sync 1 DAGs
[2025-09-23T20:38:41.517+0000] {logging_mixin.py:190} INFO - [2025-09-23T20:38:41.516+0000] {dag.py:4180} INFO - Setting next_dagrun for data_processing to 2025-09-23 20:30:00+00:00, run_after=2025-09-23 20:35:00+00:00
[2025-09-23T20:38:41.542+0000] {processor.py:208} INFO - Processing /opt/airflow/dags/data_processing.py took 1.448 seconds
[2025-09-23T20:39:11.856+0000] {processor.py:186} INFO - Started process (PID=2223) to work on /opt/airflow/dags/data_processing.py
[2025-09-23T20:39:11.858+0000] {processor.py:914} INFO - Processing file /opt/airflow/dags/data_processing.py for tasks to queue
[2025-09-23T20:39:11.861+0000] {logging_mixin.py:190} INFO - [2025-09-23T20:39:11.861+0000] {dagbag.py:588} INFO - Filling up the DagBag from /opt/airflow/dags/data_processing.py
[2025-09-23T20:39:13.189+0000] {processor.py:925} INFO - DAG(s) 'data_processing' retrieved from /opt/airflow/dags/data_processing.py
[2025-09-23T20:39:13.223+0000] {logging_mixin.py:190} INFO - [2025-09-23T20:39:13.222+0000] {dag.py:3239} INFO - Sync 1 DAGs
[2025-09-23T20:39:13.251+0000] {logging_mixin.py:190} INFO - [2025-09-23T20:39:13.251+0000] {dag.py:4180} INFO - Setting next_dagrun for data_processing to 2025-09-23 20:30:00+00:00, run_after=2025-09-23 20:35:00+00:00
[2025-09-23T20:39:13.275+0000] {processor.py:208} INFO - Processing /opt/airflow/dags/data_processing.py took 1.430 seconds
[2025-09-23T20:39:43.758+0000] {processor.py:186} INFO - Started process (PID=2257) to work on /opt/airflow/dags/data_processing.py
[2025-09-23T20:39:43.760+0000] {processor.py:914} INFO - Processing file /opt/airflow/dags/data_processing.py for tasks to queue
[2025-09-23T20:39:43.764+0000] {logging_mixin.py:190} INFO - [2025-09-23T20:39:43.764+0000] {dagbag.py:588} INFO - Filling up the DagBag from /opt/airflow/dags/data_processing.py
[2025-09-23T20:39:45.015+0000] {processor.py:925} INFO - DAG(s) 'data_processing' retrieved from /opt/airflow/dags/data_processing.py
[2025-09-23T20:39:45.140+0000] {logging_mixin.py:190} INFO - [2025-09-23T20:39:45.139+0000] {dag.py:3239} INFO - Sync 1 DAGs
[2025-09-23T20:39:45.167+0000] {logging_mixin.py:190} INFO - [2025-09-23T20:39:45.166+0000] {dag.py:4180} INFO - Setting next_dagrun for data_processing to 2025-09-23 20:30:00+00:00, run_after=2025-09-23 20:35:00+00:00
[2025-09-23T20:39:45.192+0000] {processor.py:208} INFO - Processing /opt/airflow/dags/data_processing.py took 1.444 seconds
[2025-09-23T20:40:15.499+0000] {processor.py:186} INFO - Started process (PID=2492) to work on /opt/airflow/dags/data_processing.py
[2025-09-23T20:40:15.500+0000] {processor.py:914} INFO - Processing file /opt/airflow/dags/data_processing.py for tasks to queue
[2025-09-23T20:40:15.504+0000] {logging_mixin.py:190} INFO - [2025-09-23T20:40:15.503+0000] {dagbag.py:588} INFO - Filling up the DagBag from /opt/airflow/dags/data_processing.py
[2025-09-23T20:40:17.067+0000] {processor.py:925} INFO - DAG(s) 'data_processing' retrieved from /opt/airflow/dags/data_processing.py
[2025-09-23T20:40:17.098+0000] {logging_mixin.py:190} INFO - [2025-09-23T20:40:17.098+0000] {dag.py:3239} INFO - Sync 1 DAGs
[2025-09-23T20:40:17.126+0000] {logging_mixin.py:190} INFO - [2025-09-23T20:40:17.125+0000] {dag.py:4180} INFO - Setting next_dagrun for data_processing to 2025-09-23 20:35:00+00:00, run_after=2025-09-23 20:40:00+00:00
[2025-09-23T20:40:17.150+0000] {processor.py:208} INFO - Processing /opt/airflow/dags/data_processing.py took 1.663 seconds
[2025-09-23T20:40:47.626+0000] {processor.py:186} INFO - Started process (PID=2602) to work on /opt/airflow/dags/data_processing.py
[2025-09-23T20:40:47.627+0000] {processor.py:914} INFO - Processing file /opt/airflow/dags/data_processing.py for tasks to queue
[2025-09-23T20:40:47.632+0000] {logging_mixin.py:190} INFO - [2025-09-23T20:40:47.631+0000] {dagbag.py:588} INFO - Filling up the DagBag from /opt/airflow/dags/data_processing.py
[2025-09-23T20:40:49.019+0000] {processor.py:925} INFO - DAG(s) 'data_processing' retrieved from /opt/airflow/dags/data_processing.py
[2025-09-23T20:40:49.148+0000] {logging_mixin.py:190} INFO - [2025-09-23T20:40:49.147+0000] {dag.py:3239} INFO - Sync 1 DAGs
[2025-09-23T20:40:49.178+0000] {logging_mixin.py:190} INFO - [2025-09-23T20:40:49.177+0000] {dag.py:4180} INFO - Setting next_dagrun for data_processing to 2025-09-23 20:35:00+00:00, run_after=2025-09-23 20:40:00+00:00
[2025-09-23T20:40:49.212+0000] {processor.py:208} INFO - Processing /opt/airflow/dags/data_processing.py took 1.596 seconds
[2025-09-23T20:41:19.514+0000] {processor.py:186} INFO - Started process (PID=2636) to work on /opt/airflow/dags/data_processing.py
[2025-09-23T20:41:19.515+0000] {processor.py:914} INFO - Processing file /opt/airflow/dags/data_processing.py for tasks to queue
[2025-09-23T20:41:19.518+0000] {logging_mixin.py:190} INFO - [2025-09-23T20:41:19.518+0000] {dagbag.py:588} INFO - Filling up the DagBag from /opt/airflow/dags/data_processing.py
[2025-09-23T20:41:20.816+0000] {processor.py:925} INFO - DAG(s) 'data_processing' retrieved from /opt/airflow/dags/data_processing.py
[2025-09-23T20:41:20.848+0000] {logging_mixin.py:190} INFO - [2025-09-23T20:41:20.847+0000] {dag.py:3239} INFO - Sync 1 DAGs
[2025-09-23T20:41:20.876+0000] {logging_mixin.py:190} INFO - [2025-09-23T20:41:20.876+0000] {dag.py:4180} INFO - Setting next_dagrun for data_processing to 2025-09-23 20:35:00+00:00, run_after=2025-09-23 20:40:00+00:00
[2025-09-23T20:41:20.902+0000] {processor.py:208} INFO - Processing /opt/airflow/dags/data_processing.py took 1.399 seconds
[2025-09-23T20:41:51.376+0000] {processor.py:186} INFO - Started process (PID=2691) to work on /opt/airflow/dags/data_processing.py
[2025-09-23T20:41:51.377+0000] {processor.py:914} INFO - Processing file /opt/airflow/dags/data_processing.py for tasks to queue
[2025-09-23T20:41:51.381+0000] {logging_mixin.py:190} INFO - [2025-09-23T20:41:51.380+0000] {dagbag.py:588} INFO - Filling up the DagBag from /opt/airflow/dags/data_processing.py
[2025-09-23T20:41:52.631+0000] {processor.py:925} INFO - DAG(s) 'data_processing' retrieved from /opt/airflow/dags/data_processing.py
[2025-09-23T20:41:52.768+0000] {logging_mixin.py:190} INFO - [2025-09-23T20:41:52.767+0000] {dag.py:3239} INFO - Sync 1 DAGs
[2025-09-23T20:41:52.807+0000] {logging_mixin.py:190} INFO - [2025-09-23T20:41:52.806+0000] {dag.py:4180} INFO - Setting next_dagrun for data_processing to 2025-09-23 20:35:00+00:00, run_after=2025-09-23 20:40:00+00:00
[2025-09-23T20:41:52.843+0000] {processor.py:208} INFO - Processing /opt/airflow/dags/data_processing.py took 1.475 seconds
[2025-09-23T20:42:23.179+0000] {processor.py:186} INFO - Started process (PID=2725) to work on /opt/airflow/dags/data_processing.py
[2025-09-23T20:42:23.182+0000] {processor.py:914} INFO - Processing file /opt/airflow/dags/data_processing.py for tasks to queue
[2025-09-23T20:42:23.187+0000] {logging_mixin.py:190} INFO - [2025-09-23T20:42:23.187+0000] {dagbag.py:588} INFO - Filling up the DagBag from /opt/airflow/dags/data_processing.py
[2025-09-23T20:42:24.461+0000] {processor.py:925} INFO - DAG(s) 'data_processing' retrieved from /opt/airflow/dags/data_processing.py
[2025-09-23T20:42:24.495+0000] {logging_mixin.py:190} INFO - [2025-09-23T20:42:24.495+0000] {dag.py:3239} INFO - Sync 1 DAGs
[2025-09-23T20:42:24.523+0000] {logging_mixin.py:190} INFO - [2025-09-23T20:42:24.523+0000] {dag.py:4180} INFO - Setting next_dagrun for data_processing to 2025-09-23 20:35:00+00:00, run_after=2025-09-23 20:40:00+00:00
[2025-09-23T20:42:24.549+0000] {processor.py:208} INFO - Processing /opt/airflow/dags/data_processing.py took 1.383 seconds
[2025-09-23T20:42:54.978+0000] {processor.py:186} INFO - Started process (PID=2779) to work on /opt/airflow/dags/data_processing.py
[2025-09-23T20:42:54.979+0000] {processor.py:914} INFO - Processing file /opt/airflow/dags/data_processing.py for tasks to queue
[2025-09-23T20:42:54.982+0000] {logging_mixin.py:190} INFO - [2025-09-23T20:42:54.982+0000] {dagbag.py:588} INFO - Filling up the DagBag from /opt/airflow/dags/data_processing.py
[2025-09-23T20:42:56.375+0000] {processor.py:925} INFO - DAG(s) 'data_processing' retrieved from /opt/airflow/dags/data_processing.py
[2025-09-23T20:42:56.534+0000] {logging_mixin.py:190} INFO - [2025-09-23T20:42:56.533+0000] {dag.py:3239} INFO - Sync 1 DAGs
[2025-09-23T20:42:56.573+0000] {logging_mixin.py:190} INFO - [2025-09-23T20:42:56.572+0000] {dag.py:4180} INFO - Setting next_dagrun for data_processing to 2025-09-23 20:35:00+00:00, run_after=2025-09-23 20:40:00+00:00
[2025-09-23T20:42:56.619+0000] {processor.py:208} INFO - Processing /opt/airflow/dags/data_processing.py took 1.649 seconds
[2025-09-23T20:43:26.936+0000] {processor.py:186} INFO - Started process (PID=2813) to work on /opt/airflow/dags/data_processing.py
[2025-09-23T20:43:26.937+0000] {processor.py:914} INFO - Processing file /opt/airflow/dags/data_processing.py for tasks to queue
[2025-09-23T20:43:26.940+0000] {logging_mixin.py:190} INFO - [2025-09-23T20:43:26.940+0000] {dagbag.py:588} INFO - Filling up the DagBag from /opt/airflow/dags/data_processing.py
[2025-09-23T20:43:28.231+0000] {processor.py:925} INFO - DAG(s) 'data_processing' retrieved from /opt/airflow/dags/data_processing.py
[2025-09-23T20:43:28.264+0000] {logging_mixin.py:190} INFO - [2025-09-23T20:43:28.264+0000] {dag.py:3239} INFO - Sync 1 DAGs
[2025-09-23T20:43:28.293+0000] {logging_mixin.py:190} INFO - [2025-09-23T20:43:28.293+0000] {dag.py:4180} INFO - Setting next_dagrun for data_processing to 2025-09-23 20:35:00+00:00, run_after=2025-09-23 20:40:00+00:00
[2025-09-23T20:43:28.318+0000] {processor.py:208} INFO - Processing /opt/airflow/dags/data_processing.py took 1.393 seconds
[2025-09-23T20:43:58.796+0000] {processor.py:186} INFO - Started process (PID=2868) to work on /opt/airflow/dags/data_processing.py
[2025-09-23T20:43:58.798+0000] {processor.py:914} INFO - Processing file /opt/airflow/dags/data_processing.py for tasks to queue
[2025-09-23T20:43:58.801+0000] {logging_mixin.py:190} INFO - [2025-09-23T20:43:58.801+0000] {dagbag.py:588} INFO - Filling up the DagBag from /opt/airflow/dags/data_processing.py
[2025-09-23T20:44:00.112+0000] {processor.py:925} INFO - DAG(s) 'data_processing' retrieved from /opt/airflow/dags/data_processing.py
[2025-09-23T20:44:00.241+0000] {logging_mixin.py:190} INFO - [2025-09-23T20:44:00.241+0000] {dag.py:3239} INFO - Sync 1 DAGs
[2025-09-23T20:44:00.269+0000] {logging_mixin.py:190} INFO - [2025-09-23T20:44:00.269+0000] {dag.py:4180} INFO - Setting next_dagrun for data_processing to 2025-09-23 20:35:00+00:00, run_after=2025-09-23 20:40:00+00:00
[2025-09-23T20:44:00.297+0000] {processor.py:208} INFO - Processing /opt/airflow/dags/data_processing.py took 1.511 seconds
[2025-09-23T20:44:30.614+0000] {processor.py:186} INFO - Started process (PID=2902) to work on /opt/airflow/dags/data_processing.py
[2025-09-23T20:44:30.615+0000] {processor.py:914} INFO - Processing file /opt/airflow/dags/data_processing.py for tasks to queue
[2025-09-23T20:44:30.618+0000] {logging_mixin.py:190} INFO - [2025-09-23T20:44:30.618+0000] {dagbag.py:588} INFO - Filling up the DagBag from /opt/airflow/dags/data_processing.py
[2025-09-23T20:44:31.888+0000] {processor.py:925} INFO - DAG(s) 'data_processing' retrieved from /opt/airflow/dags/data_processing.py
[2025-09-23T20:44:31.928+0000] {logging_mixin.py:190} INFO - [2025-09-23T20:44:31.927+0000] {dag.py:3239} INFO - Sync 1 DAGs
[2025-09-23T20:44:31.955+0000] {logging_mixin.py:190} INFO - [2025-09-23T20:44:31.955+0000] {dag.py:4180} INFO - Setting next_dagrun for data_processing to 2025-09-23 20:35:00+00:00, run_after=2025-09-23 20:40:00+00:00
[2025-09-23T20:44:31.989+0000] {processor.py:208} INFO - Processing /opt/airflow/dags/data_processing.py took 1.385 seconds
[2025-09-23T20:45:02.446+0000] {processor.py:186} INFO - Started process (PID=2947) to work on /opt/airflow/dags/data_processing.py
[2025-09-23T20:45:02.448+0000] {processor.py:914} INFO - Processing file /opt/airflow/dags/data_processing.py for tasks to queue
[2025-09-23T20:45:02.451+0000] {logging_mixin.py:190} INFO - [2025-09-23T20:45:02.451+0000] {dagbag.py:588} INFO - Filling up the DagBag from /opt/airflow/dags/data_processing.py
[2025-09-23T20:45:03.850+0000] {processor.py:925} INFO - DAG(s) 'data_processing' retrieved from /opt/airflow/dags/data_processing.py
[2025-09-23T20:45:04.005+0000] {logging_mixin.py:190} INFO - [2025-09-23T20:45:04.004+0000] {dag.py:3239} INFO - Sync 1 DAGs
[2025-09-23T20:45:04.036+0000] {logging_mixin.py:190} INFO - [2025-09-23T20:45:04.035+0000] {dag.py:4180} INFO - Setting next_dagrun for data_processing to 2025-09-23 20:40:00+00:00, run_after=2025-09-23 20:45:00+00:00
[2025-09-23T20:45:04.060+0000] {processor.py:208} INFO - Processing /opt/airflow/dags/data_processing.py took 1.624 seconds
[2025-09-23T20:45:34.402+0000] {processor.py:186} INFO - Started process (PID=3247) to work on /opt/airflow/dags/data_processing.py
[2025-09-23T20:45:34.404+0000] {processor.py:914} INFO - Processing file /opt/airflow/dags/data_processing.py for tasks to queue
[2025-09-23T20:45:34.407+0000] {logging_mixin.py:190} INFO - [2025-09-23T20:45:34.406+0000] {dagbag.py:588} INFO - Filling up the DagBag from /opt/airflow/dags/data_processing.py
[2025-09-23T20:45:35.684+0000] {processor.py:925} INFO - DAG(s) 'data_processing' retrieved from /opt/airflow/dags/data_processing.py
[2025-09-23T20:45:35.715+0000] {logging_mixin.py:190} INFO - [2025-09-23T20:45:35.715+0000] {dag.py:3239} INFO - Sync 1 DAGs
[2025-09-23T20:45:35.747+0000] {logging_mixin.py:190} INFO - [2025-09-23T20:45:35.746+0000] {dag.py:4180} INFO - Setting next_dagrun for data_processing to 2025-09-23 20:40:00+00:00, run_after=2025-09-23 20:45:00+00:00
[2025-09-23T20:45:35.770+0000] {processor.py:208} INFO - Processing /opt/airflow/dags/data_processing.py took 1.379 seconds
[2025-09-23T20:46:06.237+0000] {processor.py:186} INFO - Started process (PID=3281) to work on /opt/airflow/dags/data_processing.py
[2025-09-23T20:46:06.240+0000] {processor.py:914} INFO - Processing file /opt/airflow/dags/data_processing.py for tasks to queue
[2025-09-23T20:46:06.248+0000] {logging_mixin.py:190} INFO - [2025-09-23T20:46:06.247+0000] {dagbag.py:588} INFO - Filling up the DagBag from /opt/airflow/dags/data_processing.py
[2025-09-23T20:46:07.510+0000] {processor.py:925} INFO - DAG(s) 'data_processing' retrieved from /opt/airflow/dags/data_processing.py
[2025-09-23T20:46:07.636+0000] {logging_mixin.py:190} INFO - [2025-09-23T20:46:07.636+0000] {dag.py:3239} INFO - Sync 1 DAGs
[2025-09-23T20:46:07.665+0000] {logging_mixin.py:190} INFO - [2025-09-23T20:46:07.665+0000] {dag.py:4180} INFO - Setting next_dagrun for data_processing to 2025-09-23 20:40:00+00:00, run_after=2025-09-23 20:45:00+00:00
[2025-09-23T20:46:07.690+0000] {processor.py:208} INFO - Processing /opt/airflow/dags/data_processing.py took 1.465 seconds
[2025-09-23T20:46:37.990+0000] {processor.py:186} INFO - Started process (PID=3337) to work on /opt/airflow/dags/data_processing.py
[2025-09-23T20:46:37.991+0000] {processor.py:914} INFO - Processing file /opt/airflow/dags/data_processing.py for tasks to queue
[2025-09-23T20:46:37.995+0000] {logging_mixin.py:190} INFO - [2025-09-23T20:46:37.994+0000] {dagbag.py:588} INFO - Filling up the DagBag from /opt/airflow/dags/data_processing.py
[2025-09-23T20:46:39.286+0000] {processor.py:925} INFO - DAG(s) 'data_processing' retrieved from /opt/airflow/dags/data_processing.py
[2025-09-23T20:46:39.318+0000] {logging_mixin.py:190} INFO - [2025-09-23T20:46:39.317+0000] {dag.py:3239} INFO - Sync 1 DAGs
[2025-09-23T20:46:39.347+0000] {logging_mixin.py:190} INFO - [2025-09-23T20:46:39.347+0000] {dag.py:4180} INFO - Setting next_dagrun for data_processing to 2025-09-23 20:40:00+00:00, run_after=2025-09-23 20:45:00+00:00
[2025-09-23T20:46:39.370+0000] {processor.py:208} INFO - Processing /opt/airflow/dags/data_processing.py took 1.389 seconds
[2025-09-23T20:47:09.820+0000] {processor.py:186} INFO - Started process (PID=3371) to work on /opt/airflow/dags/data_processing.py
[2025-09-23T20:47:09.822+0000] {processor.py:914} INFO - Processing file /opt/airflow/dags/data_processing.py for tasks to queue
[2025-09-23T20:47:09.825+0000] {logging_mixin.py:190} INFO - [2025-09-23T20:47:09.825+0000] {dagbag.py:588} INFO - Filling up the DagBag from /opt/airflow/dags/data_processing.py
[2025-09-23T20:47:11.093+0000] {processor.py:925} INFO - DAG(s) 'data_processing' retrieved from /opt/airflow/dags/data_processing.py
[2025-09-23T20:47:11.224+0000] {logging_mixin.py:190} INFO - [2025-09-23T20:47:11.223+0000] {dag.py:3239} INFO - Sync 1 DAGs
[2025-09-23T20:47:11.253+0000] {logging_mixin.py:190} INFO - [2025-09-23T20:47:11.253+0000] {dag.py:4180} INFO - Setting next_dagrun for data_processing to 2025-09-23 20:40:00+00:00, run_after=2025-09-23 20:45:00+00:00
[2025-09-23T20:47:11.275+0000] {processor.py:208} INFO - Processing /opt/airflow/dags/data_processing.py took 1.464 seconds
[2025-09-23T20:47:41.584+0000] {processor.py:186} INFO - Started process (PID=3424) to work on /opt/airflow/dags/data_processing.py
[2025-09-23T20:47:41.585+0000] {processor.py:914} INFO - Processing file /opt/airflow/dags/data_processing.py for tasks to queue
[2025-09-23T20:47:41.589+0000] {logging_mixin.py:190} INFO - [2025-09-23T20:47:41.588+0000] {dagbag.py:588} INFO - Filling up the DagBag from /opt/airflow/dags/data_processing.py
[2025-09-23T20:47:42.903+0000] {processor.py:925} INFO - DAG(s) 'data_processing' retrieved from /opt/airflow/dags/data_processing.py
[2025-09-23T20:47:42.937+0000] {logging_mixin.py:190} INFO - [2025-09-23T20:47:42.937+0000] {dag.py:3239} INFO - Sync 1 DAGs
[2025-09-23T20:47:42.970+0000] {logging_mixin.py:190} INFO - [2025-09-23T20:47:42.970+0000] {dag.py:4180} INFO - Setting next_dagrun for data_processing to 2025-09-23 20:40:00+00:00, run_after=2025-09-23 20:45:00+00:00
[2025-09-23T20:47:43.003+0000] {processor.py:208} INFO - Processing /opt/airflow/dags/data_processing.py took 1.430 seconds
[2025-09-23T20:48:13.494+0000] {processor.py:186} INFO - Started process (PID=3458) to work on /opt/airflow/dags/data_processing.py
[2025-09-23T20:48:13.496+0000] {processor.py:914} INFO - Processing file /opt/airflow/dags/data_processing.py for tasks to queue
[2025-09-23T20:48:13.499+0000] {logging_mixin.py:190} INFO - [2025-09-23T20:48:13.499+0000] {dagbag.py:588} INFO - Filling up the DagBag from /opt/airflow/dags/data_processing.py
[2025-09-23T20:48:14.696+0000] {processor.py:925} INFO - DAG(s) 'data_processing' retrieved from /opt/airflow/dags/data_processing.py
[2025-09-23T20:48:14.811+0000] {logging_mixin.py:190} INFO - [2025-09-23T20:48:14.811+0000] {dag.py:3239} INFO - Sync 1 DAGs
[2025-09-23T20:48:14.840+0000] {logging_mixin.py:190} INFO - [2025-09-23T20:48:14.840+0000] {dag.py:4180} INFO - Setting next_dagrun for data_processing to 2025-09-23 20:40:00+00:00, run_after=2025-09-23 20:45:00+00:00
[2025-09-23T20:48:14.860+0000] {processor.py:208} INFO - Processing /opt/airflow/dags/data_processing.py took 1.375 seconds
[2025-09-23T20:48:45.163+0000] {processor.py:186} INFO - Started process (PID=3513) to work on /opt/airflow/dags/data_processing.py
[2025-09-23T20:48:45.165+0000] {processor.py:914} INFO - Processing file /opt/airflow/dags/data_processing.py for tasks to queue
[2025-09-23T20:48:45.168+0000] {logging_mixin.py:190} INFO - [2025-09-23T20:48:45.168+0000] {dagbag.py:588} INFO - Filling up the DagBag from /opt/airflow/dags/data_processing.py
[2025-09-23T20:48:46.582+0000] {processor.py:925} INFO - DAG(s) 'data_processing' retrieved from /opt/airflow/dags/data_processing.py
[2025-09-23T20:48:46.616+0000] {logging_mixin.py:190} INFO - [2025-09-23T20:48:46.615+0000] {dag.py:3239} INFO - Sync 1 DAGs
[2025-09-23T20:48:46.644+0000] {logging_mixin.py:190} INFO - [2025-09-23T20:48:46.644+0000] {dag.py:4180} INFO - Setting next_dagrun for data_processing to 2025-09-23 20:40:00+00:00, run_after=2025-09-23 20:45:00+00:00
[2025-09-23T20:48:46.666+0000] {processor.py:208} INFO - Processing /opt/airflow/dags/data_processing.py took 1.512 seconds
[2025-09-23T20:51:35.158+0000] {processor.py:186} INFO - Started process (PID=163) to work on /opt/airflow/dags/data_processing.py
[2025-09-23T20:51:35.159+0000] {processor.py:914} INFO - Processing file /opt/airflow/dags/data_processing.py for tasks to queue
[2025-09-23T20:51:35.164+0000] {logging_mixin.py:190} INFO - [2025-09-23T20:51:35.163+0000] {dagbag.py:588} INFO - Filling up the DagBag from /opt/airflow/dags/data_processing.py
[2025-09-23T20:51:38.181+0000] {processor.py:925} INFO - DAG(s) 'data_processing' retrieved from /opt/airflow/dags/data_processing.py
[2025-09-23T20:51:38.649+0000] {logging_mixin.py:190} INFO - [2025-09-23T20:51:38.649+0000] {dag.py:3239} INFO - Sync 1 DAGs
[2025-09-23T20:51:38.678+0000] {logging_mixin.py:190} INFO - [2025-09-23T20:51:38.678+0000] {dag.py:4180} INFO - Setting next_dagrun for data_processing to 2025-09-23 20:45:00+00:00, run_after=2025-09-23 20:50:00+00:00
[2025-09-23T20:51:38.704+0000] {processor.py:208} INFO - Processing /opt/airflow/dags/data_processing.py took 3.555 seconds
[2025-09-23T20:52:09.117+0000] {processor.py:186} INFO - Started process (PID=502) to work on /opt/airflow/dags/data_processing.py
[2025-09-23T20:52:09.122+0000] {processor.py:914} INFO - Processing file /opt/airflow/dags/data_processing.py for tasks to queue
[2025-09-23T20:52:09.125+0000] {logging_mixin.py:190} INFO - [2025-09-23T20:52:09.125+0000] {dagbag.py:588} INFO - Filling up the DagBag from /opt/airflow/dags/data_processing.py
[2025-09-23T20:52:11.127+0000] {processor.py:925} INFO - DAG(s) 'data_processing' retrieved from /opt/airflow/dags/data_processing.py
[2025-09-23T20:52:11.146+0000] {logging_mixin.py:190} INFO - [2025-09-23T20:52:11.145+0000] {dag.py:3239} INFO - Sync 1 DAGs
[2025-09-23T20:52:11.170+0000] {logging_mixin.py:190} INFO - [2025-09-23T20:52:11.169+0000] {dag.py:4180} INFO - Setting next_dagrun for data_processing to 2025-09-23 20:45:00+00:00, run_after=2025-09-23 20:50:00+00:00
[2025-09-23T20:52:11.190+0000] {processor.py:208} INFO - Processing /opt/airflow/dags/data_processing.py took 2.084 seconds
[2025-09-23T20:52:41.590+0000] {processor.py:186} INFO - Started process (PID=532) to work on /opt/airflow/dags/data_processing.py
[2025-09-23T20:52:41.592+0000] {processor.py:914} INFO - Processing file /opt/airflow/dags/data_processing.py for tasks to queue
[2025-09-23T20:52:41.598+0000] {logging_mixin.py:190} INFO - [2025-09-23T20:52:41.597+0000] {dagbag.py:588} INFO - Filling up the DagBag from /opt/airflow/dags/data_processing.py
[2025-09-23T20:52:42.848+0000] {processor.py:925} INFO - DAG(s) 'data_processing' retrieved from /opt/airflow/dags/data_processing.py
[2025-09-23T20:52:42.971+0000] {logging_mixin.py:190} INFO - [2025-09-23T20:52:42.970+0000] {dag.py:3239} INFO - Sync 1 DAGs
[2025-09-23T20:52:43.001+0000] {logging_mixin.py:190} INFO - [2025-09-23T20:52:43.000+0000] {dag.py:4180} INFO - Setting next_dagrun for data_processing to 2025-09-23 20:45:00+00:00, run_after=2025-09-23 20:50:00+00:00
[2025-09-23T20:52:43.023+0000] {processor.py:208} INFO - Processing /opt/airflow/dags/data_processing.py took 1.464 seconds
[2025-09-23T20:53:13.357+0000] {processor.py:186} INFO - Started process (PID=612) to work on /opt/airflow/dags/data_processing.py
[2025-09-23T20:53:13.361+0000] {processor.py:914} INFO - Processing file /opt/airflow/dags/data_processing.py for tasks to queue
[2025-09-23T20:53:13.369+0000] {logging_mixin.py:190} INFO - [2025-09-23T20:53:13.368+0000] {dagbag.py:588} INFO - Filling up the DagBag from /opt/airflow/dags/data_processing.py
[2025-09-23T20:53:15.447+0000] {processor.py:925} INFO - DAG(s) 'data_processing' retrieved from /opt/airflow/dags/data_processing.py
[2025-09-23T20:53:15.479+0000] {logging_mixin.py:190} INFO - [2025-09-23T20:53:15.478+0000] {dag.py:3239} INFO - Sync 1 DAGs
[2025-09-23T20:53:15.539+0000] {logging_mixin.py:190} INFO - [2025-09-23T20:53:15.538+0000] {dag.py:4180} INFO - Setting next_dagrun for data_processing to 2025-09-23 20:45:00+00:00, run_after=2025-09-23 20:50:00+00:00
[2025-09-23T20:53:15.570+0000] {processor.py:208} INFO - Processing /opt/airflow/dags/data_processing.py took 2.224 seconds
[2025-09-23T20:53:45.898+0000] {processor.py:186} INFO - Started process (PID=642) to work on /opt/airflow/dags/data_processing.py
[2025-09-23T20:53:45.900+0000] {processor.py:914} INFO - Processing file /opt/airflow/dags/data_processing.py for tasks to queue
[2025-09-23T20:53:45.903+0000] {logging_mixin.py:190} INFO - [2025-09-23T20:53:45.903+0000] {dagbag.py:588} INFO - Filling up the DagBag from /opt/airflow/dags/data_processing.py
[2025-09-23T20:53:47.238+0000] {processor.py:925} INFO - DAG(s) 'data_processing' retrieved from /opt/airflow/dags/data_processing.py
[2025-09-23T20:53:47.367+0000] {logging_mixin.py:190} INFO - [2025-09-23T20:53:47.366+0000] {dag.py:3239} INFO - Sync 1 DAGs
[2025-09-23T20:53:47.399+0000] {logging_mixin.py:190} INFO - [2025-09-23T20:53:47.399+0000] {dag.py:4180} INFO - Setting next_dagrun for data_processing to 2025-09-23 20:45:00+00:00, run_after=2025-09-23 20:50:00+00:00
[2025-09-23T20:53:47.423+0000] {processor.py:208} INFO - Processing /opt/airflow/dags/data_processing.py took 1.534 seconds
[2025-09-23T20:54:17.767+0000] {processor.py:186} INFO - Started process (PID=716) to work on /opt/airflow/dags/data_processing.py
[2025-09-23T20:54:17.769+0000] {processor.py:914} INFO - Processing file /opt/airflow/dags/data_processing.py for tasks to queue
[2025-09-23T20:54:17.772+0000] {logging_mixin.py:190} INFO - [2025-09-23T20:54:17.771+0000] {dagbag.py:588} INFO - Filling up the DagBag from /opt/airflow/dags/data_processing.py
[2025-09-23T20:54:19.628+0000] {processor.py:925} INFO - DAG(s) 'data_processing' retrieved from /opt/airflow/dags/data_processing.py
[2025-09-23T20:54:19.665+0000] {logging_mixin.py:190} INFO - [2025-09-23T20:54:19.664+0000] {dag.py:3239} INFO - Sync 1 DAGs
[2025-09-23T20:54:19.696+0000] {logging_mixin.py:190} INFO - [2025-09-23T20:54:19.696+0000] {dag.py:4180} INFO - Setting next_dagrun for data_processing to 2025-09-23 20:45:00+00:00, run_after=2025-09-23 20:50:00+00:00
[2025-09-23T20:54:19.733+0000] {processor.py:208} INFO - Processing /opt/airflow/dags/data_processing.py took 1.974 seconds
[2025-09-23T20:54:49.906+0000] {processor.py:186} INFO - Started process (PID=750) to work on /opt/airflow/dags/data_processing.py
[2025-09-23T20:54:49.907+0000] {processor.py:914} INFO - Processing file /opt/airflow/dags/data_processing.py for tasks to queue
[2025-09-23T20:54:49.910+0000] {logging_mixin.py:190} INFO - [2025-09-23T20:54:49.910+0000] {dagbag.py:588} INFO - Filling up the DagBag from /opt/airflow/dags/data_processing.py
[2025-09-23T20:54:51.149+0000] {processor.py:925} INFO - DAG(s) 'data_processing' retrieved from /opt/airflow/dags/data_processing.py
[2025-09-23T20:54:51.308+0000] {logging_mixin.py:190} INFO - [2025-09-23T20:54:51.307+0000] {dag.py:3239} INFO - Sync 1 DAGs
[2025-09-23T20:54:51.338+0000] {logging_mixin.py:190} INFO - [2025-09-23T20:54:51.338+0000] {dag.py:4180} INFO - Setting next_dagrun for data_processing to 2025-09-23 20:45:00+00:00, run_after=2025-09-23 20:50:00+00:00
[2025-09-23T20:54:51.362+0000] {processor.py:208} INFO - Processing /opt/airflow/dags/data_processing.py took 1.466 seconds
