[2025-09-23T20:26:26.762+0000] {processor.py:186} INFO - Started process (PID=188) to work on /opt/airflow/dags/train_model.py
[2025-09-23T20:26:26.764+0000] {processor.py:914} INFO - Processing file /opt/airflow/dags/train_model.py for tasks to queue
[2025-09-23T20:26:26.768+0000] {logging_mixin.py:190} INFO - [2025-09-23T20:26:26.768+0000] {dagbag.py:588} INFO - Filling up the DagBag from /opt/airflow/dags/train_model.py
[2025-09-23T20:26:28.187+0000] {processor.py:925} INFO - DAG(s) 'wine_model_training' retrieved from /opt/airflow/dags/train_model.py
[2025-09-23T20:26:28.227+0000] {logging_mixin.py:190} INFO - [2025-09-23T20:26:28.226+0000] {dag.py:3239} INFO - Sync 1 DAGs
[2025-09-23T20:26:28.258+0000] {logging_mixin.py:190} INFO - [2025-09-23T20:26:28.257+0000] {dag.py:4180} INFO - Setting next_dagrun for wine_model_training to 2025-09-23 20:20:00+00:00, run_after=2025-09-23 20:25:00+00:00
[2025-09-23T20:26:28.281+0000] {processor.py:208} INFO - Processing /opt/airflow/dags/train_model.py took 1.527 seconds
[2025-09-23T20:26:59.085+0000] {processor.py:186} INFO - Started process (PID=222) to work on /opt/airflow/dags/train_model.py
[2025-09-23T20:26:59.086+0000] {processor.py:914} INFO - Processing file /opt/airflow/dags/train_model.py for tasks to queue
[2025-09-23T20:26:59.091+0000] {logging_mixin.py:190} INFO - [2025-09-23T20:26:59.090+0000] {dagbag.py:588} INFO - Filling up the DagBag from /opt/airflow/dags/train_model.py
[2025-09-23T20:27:00.287+0000] {processor.py:925} INFO - DAG(s) 'wine_model_training' retrieved from /opt/airflow/dags/train_model.py
[2025-09-23T20:27:00.321+0000] {logging_mixin.py:190} INFO - [2025-09-23T20:27:00.321+0000] {dag.py:3239} INFO - Sync 1 DAGs
[2025-09-23T20:27:00.353+0000] {logging_mixin.py:190} INFO - [2025-09-23T20:27:00.353+0000] {dag.py:4180} INFO - Setting next_dagrun for wine_model_training to 2025-09-23 20:20:00+00:00, run_after=2025-09-23 20:25:00+00:00
[2025-09-23T20:27:00.377+0000] {processor.py:208} INFO - Processing /opt/airflow/dags/train_model.py took 1.303 seconds
[2025-09-23T20:27:31.381+0000] {processor.py:186} INFO - Started process (PID=487) to work on /opt/airflow/dags/train_model.py
[2025-09-23T20:27:31.383+0000] {processor.py:914} INFO - Processing file /opt/airflow/dags/train_model.py for tasks to queue
[2025-09-23T20:27:31.387+0000] {logging_mixin.py:190} INFO - [2025-09-23T20:27:31.386+0000] {dagbag.py:588} INFO - Filling up the DagBag from /opt/airflow/dags/train_model.py
[2025-09-23T20:27:32.596+0000] {processor.py:925} INFO - DAG(s) 'wine_model_training' retrieved from /opt/airflow/dags/train_model.py
[2025-09-23T20:27:32.626+0000] {logging_mixin.py:190} INFO - [2025-09-23T20:27:32.625+0000] {dag.py:3239} INFO - Sync 1 DAGs
[2025-09-23T20:27:32.650+0000] {logging_mixin.py:190} INFO - [2025-09-23T20:27:32.650+0000] {dag.py:4180} INFO - Setting next_dagrun for wine_model_training to 2025-09-23 20:20:00+00:00, run_after=2025-09-23 20:25:00+00:00
[2025-09-23T20:27:32.670+0000] {processor.py:208} INFO - Processing /opt/airflow/dags/train_model.py took 1.299 seconds
[2025-09-23T20:28:03.342+0000] {processor.py:186} INFO - Started process (PID=521) to work on /opt/airflow/dags/train_model.py
[2025-09-23T20:28:03.343+0000] {processor.py:914} INFO - Processing file /opt/airflow/dags/train_model.py for tasks to queue
[2025-09-23T20:28:03.346+0000] {logging_mixin.py:190} INFO - [2025-09-23T20:28:03.345+0000] {dagbag.py:588} INFO - Filling up the DagBag from /opt/airflow/dags/train_model.py
[2025-09-23T20:28:04.367+0000] {processor.py:925} INFO - DAG(s) 'wine_model_training' retrieved from /opt/airflow/dags/train_model.py
[2025-09-23T20:28:04.401+0000] {logging_mixin.py:190} INFO - [2025-09-23T20:28:04.400+0000] {dag.py:3239} INFO - Sync 1 DAGs
[2025-09-23T20:28:04.431+0000] {logging_mixin.py:190} INFO - [2025-09-23T20:28:04.431+0000] {dag.py:4180} INFO - Setting next_dagrun for wine_model_training to 2025-09-23 20:20:00+00:00, run_after=2025-09-23 20:25:00+00:00
[2025-09-23T20:28:04.458+0000] {processor.py:208} INFO - Processing /opt/airflow/dags/train_model.py took 1.124 seconds
[2025-09-23T20:28:35.145+0000] {processor.py:186} INFO - Started process (PID=564) to work on /opt/airflow/dags/train_model.py
[2025-09-23T20:28:35.146+0000] {processor.py:914} INFO - Processing file /opt/airflow/dags/train_model.py for tasks to queue
[2025-09-23T20:28:35.151+0000] {logging_mixin.py:190} INFO - [2025-09-23T20:28:35.150+0000] {dagbag.py:588} INFO - Filling up the DagBag from /opt/airflow/dags/train_model.py
[2025-09-23T20:28:36.271+0000] {processor.py:925} INFO - DAG(s) 'wine_model_training' retrieved from /opt/airflow/dags/train_model.py
[2025-09-23T20:28:36.302+0000] {logging_mixin.py:190} INFO - [2025-09-23T20:28:36.301+0000] {dag.py:3239} INFO - Sync 1 DAGs
[2025-09-23T20:28:36.328+0000] {logging_mixin.py:190} INFO - [2025-09-23T20:28:36.328+0000] {dag.py:4180} INFO - Setting next_dagrun for wine_model_training to 2025-09-23 20:20:00+00:00, run_after=2025-09-23 20:25:00+00:00
[2025-09-23T20:28:36.346+0000] {processor.py:208} INFO - Processing /opt/airflow/dags/train_model.py took 1.213 seconds
[2025-09-23T20:29:07.333+0000] {processor.py:186} INFO - Started process (PID=866) to work on /opt/airflow/dags/train_model.py
[2025-09-23T20:29:07.335+0000] {processor.py:914} INFO - Processing file /opt/airflow/dags/train_model.py for tasks to queue
[2025-09-23T20:29:07.338+0000] {logging_mixin.py:190} INFO - [2025-09-23T20:29:07.337+0000] {dagbag.py:588} INFO - Filling up the DagBag from /opt/airflow/dags/train_model.py
[2025-09-23T20:29:08.447+0000] {processor.py:925} INFO - DAG(s) 'wine_model_training' retrieved from /opt/airflow/dags/train_model.py
[2025-09-23T20:29:08.479+0000] {logging_mixin.py:190} INFO - [2025-09-23T20:29:08.478+0000] {dag.py:3239} INFO - Sync 1 DAGs
[2025-09-23T20:29:08.503+0000] {logging_mixin.py:190} INFO - [2025-09-23T20:29:08.503+0000] {dag.py:4180} INFO - Setting next_dagrun for wine_model_training to 2025-09-23 20:20:00+00:00, run_after=2025-09-23 20:25:00+00:00
[2025-09-23T20:29:08.524+0000] {processor.py:208} INFO - Processing /opt/airflow/dags/train_model.py took 1.199 seconds
[2025-09-23T20:29:39.088+0000] {processor.py:186} INFO - Started process (PID=900) to work on /opt/airflow/dags/train_model.py
[2025-09-23T20:29:39.089+0000] {processor.py:914} INFO - Processing file /opt/airflow/dags/train_model.py for tasks to queue
[2025-09-23T20:29:39.091+0000] {logging_mixin.py:190} INFO - [2025-09-23T20:29:39.091+0000] {dagbag.py:588} INFO - Filling up the DagBag from /opt/airflow/dags/train_model.py
[2025-09-23T20:29:40.228+0000] {processor.py:925} INFO - DAG(s) 'wine_model_training' retrieved from /opt/airflow/dags/train_model.py
[2025-09-23T20:29:40.265+0000] {logging_mixin.py:190} INFO - [2025-09-23T20:29:40.265+0000] {dag.py:3239} INFO - Sync 1 DAGs
[2025-09-23T20:29:40.297+0000] {logging_mixin.py:190} INFO - [2025-09-23T20:29:40.297+0000] {dag.py:4180} INFO - Setting next_dagrun for wine_model_training to 2025-09-23 20:20:00+00:00, run_after=2025-09-23 20:25:00+00:00
[2025-09-23T20:29:40.326+0000] {processor.py:208} INFO - Processing /opt/airflow/dags/train_model.py took 1.247 seconds
[2025-09-23T20:30:11.025+0000] {processor.py:186} INFO - Started process (PID=1006) to work on /opt/airflow/dags/train_model.py
[2025-09-23T20:30:11.027+0000] {processor.py:914} INFO - Processing file /opt/airflow/dags/train_model.py for tasks to queue
[2025-09-23T20:30:11.030+0000] {logging_mixin.py:190} INFO - [2025-09-23T20:30:11.030+0000] {dagbag.py:588} INFO - Filling up the DagBag from /opt/airflow/dags/train_model.py
[2025-09-23T20:30:13.104+0000] {processor.py:925} INFO - DAG(s) 'wine_model_training' retrieved from /opt/airflow/dags/train_model.py
[2025-09-23T20:30:13.211+0000] {logging_mixin.py:190} INFO - [2025-09-23T20:30:13.210+0000] {dag.py:3239} INFO - Sync 1 DAGs
[2025-09-23T20:30:13.286+0000] {logging_mixin.py:190} INFO - [2025-09-23T20:30:13.286+0000] {dag.py:4180} INFO - Setting next_dagrun for wine_model_training to 2025-09-23 20:25:00+00:00, run_after=2025-09-23 20:30:00+00:00
[2025-09-23T20:30:13.362+0000] {processor.py:208} INFO - Processing /opt/airflow/dags/train_model.py took 2.344 seconds
[2025-09-23T20:30:43.791+0000] {processor.py:186} INFO - Started process (PID=1267) to work on /opt/airflow/dags/train_model.py
[2025-09-23T20:30:43.792+0000] {processor.py:914} INFO - Processing file /opt/airflow/dags/train_model.py for tasks to queue
[2025-09-23T20:30:43.795+0000] {logging_mixin.py:190} INFO - [2025-09-23T20:30:43.795+0000] {dagbag.py:588} INFO - Filling up the DagBag from /opt/airflow/dags/train_model.py
[2025-09-23T20:30:45.041+0000] {processor.py:925} INFO - DAG(s) 'wine_model_training' retrieved from /opt/airflow/dags/train_model.py
[2025-09-23T20:30:45.075+0000] {logging_mixin.py:190} INFO - [2025-09-23T20:30:45.074+0000] {dag.py:3239} INFO - Sync 1 DAGs
[2025-09-23T20:30:45.101+0000] {logging_mixin.py:190} INFO - [2025-09-23T20:30:45.101+0000] {dag.py:4180} INFO - Setting next_dagrun for wine_model_training to 2025-09-23 20:25:00+00:00, run_after=2025-09-23 20:30:00+00:00
[2025-09-23T20:30:45.118+0000] {processor.py:208} INFO - Processing /opt/airflow/dags/train_model.py took 1.337 seconds
[2025-09-23T20:31:15.239+0000] {processor.py:186} INFO - Started process (PID=1320) to work on /opt/airflow/dags/train_model.py
[2025-09-23T20:31:15.242+0000] {processor.py:914} INFO - Processing file /opt/airflow/dags/train_model.py for tasks to queue
[2025-09-23T20:31:15.245+0000] {logging_mixin.py:190} INFO - [2025-09-23T20:31:15.245+0000] {dagbag.py:588} INFO - Filling up the DagBag from /opt/airflow/dags/train_model.py
[2025-09-23T20:31:16.492+0000] {processor.py:925} INFO - DAG(s) 'wine_model_training' retrieved from /opt/airflow/dags/train_model.py
[2025-09-23T20:31:16.525+0000] {logging_mixin.py:190} INFO - [2025-09-23T20:31:16.524+0000] {dag.py:3239} INFO - Sync 1 DAGs
[2025-09-23T20:31:16.552+0000] {logging_mixin.py:190} INFO - [2025-09-23T20:31:16.552+0000] {dag.py:4180} INFO - Setting next_dagrun for wine_model_training to 2025-09-23 20:25:00+00:00, run_after=2025-09-23 20:30:00+00:00
[2025-09-23T20:31:16.579+0000] {processor.py:208} INFO - Processing /opt/airflow/dags/train_model.py took 1.353 seconds
[2025-09-23T20:31:47.239+0000] {processor.py:186} INFO - Started process (PID=1374) to work on /opt/airflow/dags/train_model.py
[2025-09-23T20:31:47.240+0000] {processor.py:914} INFO - Processing file /opt/airflow/dags/train_model.py for tasks to queue
[2025-09-23T20:31:47.243+0000] {logging_mixin.py:190} INFO - [2025-09-23T20:31:47.243+0000] {dagbag.py:588} INFO - Filling up the DagBag from /opt/airflow/dags/train_model.py
[2025-09-23T20:31:48.787+0000] {processor.py:925} INFO - DAG(s) 'wine_model_training' retrieved from /opt/airflow/dags/train_model.py
[2025-09-23T20:31:48.826+0000] {logging_mixin.py:190} INFO - [2025-09-23T20:31:48.826+0000] {dag.py:3239} INFO - Sync 1 DAGs
[2025-09-23T20:31:48.856+0000] {logging_mixin.py:190} INFO - [2025-09-23T20:31:48.856+0000] {dag.py:4180} INFO - Setting next_dagrun for wine_model_training to 2025-09-23 20:25:00+00:00, run_after=2025-09-23 20:30:00+00:00
[2025-09-23T20:31:48.882+0000] {processor.py:208} INFO - Processing /opt/airflow/dags/train_model.py took 1.651 seconds
[2025-09-23T20:32:19.303+0000] {processor.py:186} INFO - Started process (PID=1429) to work on /opt/airflow/dags/train_model.py
[2025-09-23T20:32:19.304+0000] {processor.py:914} INFO - Processing file /opt/airflow/dags/train_model.py for tasks to queue
[2025-09-23T20:32:19.307+0000] {logging_mixin.py:190} INFO - [2025-09-23T20:32:19.307+0000] {dagbag.py:588} INFO - Filling up the DagBag from /opt/airflow/dags/train_model.py
[2025-09-23T20:32:20.465+0000] {processor.py:925} INFO - DAG(s) 'wine_model_training' retrieved from /opt/airflow/dags/train_model.py
[2025-09-23T20:32:20.502+0000] {logging_mixin.py:190} INFO - [2025-09-23T20:32:20.501+0000] {dag.py:3239} INFO - Sync 1 DAGs
[2025-09-23T20:32:20.542+0000] {logging_mixin.py:190} INFO - [2025-09-23T20:32:20.542+0000] {dag.py:4180} INFO - Setting next_dagrun for wine_model_training to 2025-09-23 20:25:00+00:00, run_after=2025-09-23 20:30:00+00:00
[2025-09-23T20:32:20.561+0000] {processor.py:208} INFO - Processing /opt/airflow/dags/train_model.py took 1.269 seconds
[2025-09-23T20:32:51.371+0000] {processor.py:186} INFO - Started process (PID=1484) to work on /opt/airflow/dags/train_model.py
[2025-09-23T20:32:51.372+0000] {processor.py:914} INFO - Processing file /opt/airflow/dags/train_model.py for tasks to queue
[2025-09-23T20:32:51.377+0000] {logging_mixin.py:190} INFO - [2025-09-23T20:32:51.376+0000] {dagbag.py:588} INFO - Filling up the DagBag from /opt/airflow/dags/train_model.py
[2025-09-23T20:32:52.670+0000] {processor.py:925} INFO - DAG(s) 'wine_model_training' retrieved from /opt/airflow/dags/train_model.py
[2025-09-23T20:32:52.701+0000] {logging_mixin.py:190} INFO - [2025-09-23T20:32:52.701+0000] {dag.py:3239} INFO - Sync 1 DAGs
[2025-09-23T20:32:52.741+0000] {logging_mixin.py:190} INFO - [2025-09-23T20:32:52.741+0000] {dag.py:4180} INFO - Setting next_dagrun for wine_model_training to 2025-09-23 20:25:00+00:00, run_after=2025-09-23 20:30:00+00:00
[2025-09-23T20:32:52.776+0000] {processor.py:208} INFO - Processing /opt/airflow/dags/train_model.py took 1.413 seconds
[2025-09-23T20:33:23.213+0000] {processor.py:186} INFO - Started process (PID=1518) to work on /opt/airflow/dags/train_model.py
[2025-09-23T20:33:23.216+0000] {processor.py:914} INFO - Processing file /opt/airflow/dags/train_model.py for tasks to queue
[2025-09-23T20:33:23.220+0000] {logging_mixin.py:190} INFO - [2025-09-23T20:33:23.220+0000] {dagbag.py:588} INFO - Filling up the DagBag from /opt/airflow/dags/train_model.py
[2025-09-23T20:33:24.336+0000] {processor.py:925} INFO - DAG(s) 'wine_model_training' retrieved from /opt/airflow/dags/train_model.py
[2025-09-23T20:33:24.370+0000] {logging_mixin.py:190} INFO - [2025-09-23T20:33:24.369+0000] {dag.py:3239} INFO - Sync 1 DAGs
[2025-09-23T20:33:24.399+0000] {logging_mixin.py:190} INFO - [2025-09-23T20:33:24.399+0000] {dag.py:4180} INFO - Setting next_dagrun for wine_model_training to 2025-09-23 20:25:00+00:00, run_after=2025-09-23 20:30:00+00:00
[2025-09-23T20:33:24.428+0000] {processor.py:208} INFO - Processing /opt/airflow/dags/train_model.py took 1.226 seconds
[2025-09-23T20:33:54.912+0000] {processor.py:186} INFO - Started process (PID=1573) to work on /opt/airflow/dags/train_model.py
[2025-09-23T20:33:54.914+0000] {processor.py:914} INFO - Processing file /opt/airflow/dags/train_model.py for tasks to queue
[2025-09-23T20:33:54.917+0000] {logging_mixin.py:190} INFO - [2025-09-23T20:33:54.917+0000] {dagbag.py:588} INFO - Filling up the DagBag from /opt/airflow/dags/train_model.py
[2025-09-23T20:33:56.010+0000] {processor.py:925} INFO - DAG(s) 'wine_model_training' retrieved from /opt/airflow/dags/train_model.py
[2025-09-23T20:33:56.060+0000] {logging_mixin.py:190} INFO - [2025-09-23T20:33:56.059+0000] {dag.py:3239} INFO - Sync 1 DAGs
[2025-09-23T20:33:56.090+0000] {logging_mixin.py:190} INFO - [2025-09-23T20:33:56.090+0000] {dag.py:4180} INFO - Setting next_dagrun for wine_model_training to 2025-09-23 20:25:00+00:00, run_after=2025-09-23 20:30:00+00:00
[2025-09-23T20:33:56.107+0000] {processor.py:208} INFO - Processing /opt/airflow/dags/train_model.py took 1.201 seconds
[2025-09-23T20:34:26.619+0000] {processor.py:186} INFO - Started process (PID=1607) to work on /opt/airflow/dags/train_model.py
[2025-09-23T20:34:26.621+0000] {processor.py:914} INFO - Processing file /opt/airflow/dags/train_model.py for tasks to queue
[2025-09-23T20:34:26.624+0000] {logging_mixin.py:190} INFO - [2025-09-23T20:34:26.624+0000] {dagbag.py:588} INFO - Filling up the DagBag from /opt/airflow/dags/train_model.py
[2025-09-23T20:34:27.674+0000] {processor.py:925} INFO - DAG(s) 'wine_model_training' retrieved from /opt/airflow/dags/train_model.py
[2025-09-23T20:34:27.703+0000] {logging_mixin.py:190} INFO - [2025-09-23T20:34:27.702+0000] {dag.py:3239} INFO - Sync 1 DAGs
[2025-09-23T20:34:27.726+0000] {logging_mixin.py:190} INFO - [2025-09-23T20:34:27.726+0000] {dag.py:4180} INFO - Setting next_dagrun for wine_model_training to 2025-09-23 20:25:00+00:00, run_after=2025-09-23 20:30:00+00:00
[2025-09-23T20:34:27.743+0000] {processor.py:208} INFO - Processing /opt/airflow/dags/train_model.py took 1.131 seconds
[2025-09-23T20:34:58.267+0000] {processor.py:186} INFO - Started process (PID=1641) to work on /opt/airflow/dags/train_model.py
[2025-09-23T20:34:58.268+0000] {processor.py:914} INFO - Processing file /opt/airflow/dags/train_model.py for tasks to queue
[2025-09-23T20:34:58.271+0000] {logging_mixin.py:190} INFO - [2025-09-23T20:34:58.271+0000] {dagbag.py:588} INFO - Filling up the DagBag from /opt/airflow/dags/train_model.py
[2025-09-23T20:34:59.322+0000] {processor.py:925} INFO - DAG(s) 'wine_model_training' retrieved from /opt/airflow/dags/train_model.py
[2025-09-23T20:34:59.353+0000] {logging_mixin.py:190} INFO - [2025-09-23T20:34:59.352+0000] {dag.py:3239} INFO - Sync 1 DAGs
[2025-09-23T20:34:59.376+0000] {logging_mixin.py:190} INFO - [2025-09-23T20:34:59.376+0000] {dag.py:4180} INFO - Setting next_dagrun for wine_model_training to 2025-09-23 20:25:00+00:00, run_after=2025-09-23 20:30:00+00:00
[2025-09-23T20:34:59.398+0000] {processor.py:208} INFO - Processing /opt/airflow/dags/train_model.py took 1.138 seconds
[2025-09-23T20:35:30.001+0000] {processor.py:186} INFO - Started process (PID=1951) to work on /opt/airflow/dags/train_model.py
[2025-09-23T20:35:30.003+0000] {processor.py:914} INFO - Processing file /opt/airflow/dags/train_model.py for tasks to queue
[2025-09-23T20:35:30.006+0000] {logging_mixin.py:190} INFO - [2025-09-23T20:35:30.006+0000] {dagbag.py:588} INFO - Filling up the DagBag from /opt/airflow/dags/train_model.py
[2025-09-23T20:35:31.033+0000] {processor.py:925} INFO - DAG(s) 'wine_model_training' retrieved from /opt/airflow/dags/train_model.py
[2025-09-23T20:35:31.063+0000] {logging_mixin.py:190} INFO - [2025-09-23T20:35:31.062+0000] {dag.py:3239} INFO - Sync 1 DAGs
[2025-09-23T20:35:31.088+0000] {logging_mixin.py:190} INFO - [2025-09-23T20:35:31.088+0000] {dag.py:4180} INFO - Setting next_dagrun for wine_model_training to 2025-09-23 20:30:00+00:00, run_after=2025-09-23 20:35:00+00:00
[2025-09-23T20:35:31.109+0000] {processor.py:208} INFO - Processing /opt/airflow/dags/train_model.py took 1.115 seconds
[2025-09-23T20:36:01.617+0000] {processor.py:186} INFO - Started process (PID=1985) to work on /opt/airflow/dags/train_model.py
[2025-09-23T20:36:01.618+0000] {processor.py:914} INFO - Processing file /opt/airflow/dags/train_model.py for tasks to queue
[2025-09-23T20:36:01.621+0000] {logging_mixin.py:190} INFO - [2025-09-23T20:36:01.621+0000] {dagbag.py:588} INFO - Filling up the DagBag from /opt/airflow/dags/train_model.py
[2025-09-23T20:36:02.668+0000] {processor.py:925} INFO - DAG(s) 'wine_model_training' retrieved from /opt/airflow/dags/train_model.py
[2025-09-23T20:36:02.696+0000] {logging_mixin.py:190} INFO - [2025-09-23T20:36:02.696+0000] {dag.py:3239} INFO - Sync 1 DAGs
[2025-09-23T20:36:02.720+0000] {logging_mixin.py:190} INFO - [2025-09-23T20:36:02.720+0000] {dag.py:4180} INFO - Setting next_dagrun for wine_model_training to 2025-09-23 20:30:00+00:00, run_after=2025-09-23 20:35:00+00:00
[2025-09-23T20:36:02.742+0000] {processor.py:208} INFO - Processing /opt/airflow/dags/train_model.py took 1.132 seconds
[2025-09-23T20:36:33.403+0000] {processor.py:186} INFO - Started process (PID=2038) to work on /opt/airflow/dags/train_model.py
[2025-09-23T20:36:33.405+0000] {processor.py:914} INFO - Processing file /opt/airflow/dags/train_model.py for tasks to queue
[2025-09-23T20:36:33.408+0000] {logging_mixin.py:190} INFO - [2025-09-23T20:36:33.407+0000] {dagbag.py:588} INFO - Filling up the DagBag from /opt/airflow/dags/train_model.py
[2025-09-23T20:36:34.421+0000] {processor.py:925} INFO - DAG(s) 'wine_model_training' retrieved from /opt/airflow/dags/train_model.py
[2025-09-23T20:36:34.451+0000] {logging_mixin.py:190} INFO - [2025-09-23T20:36:34.451+0000] {dag.py:3239} INFO - Sync 1 DAGs
[2025-09-23T20:36:34.477+0000] {logging_mixin.py:190} INFO - [2025-09-23T20:36:34.477+0000] {dag.py:4180} INFO - Setting next_dagrun for wine_model_training to 2025-09-23 20:30:00+00:00, run_after=2025-09-23 20:35:00+00:00
[2025-09-23T20:36:34.500+0000] {processor.py:208} INFO - Processing /opt/airflow/dags/train_model.py took 1.104 seconds
[2025-09-23T20:37:05.062+0000] {processor.py:186} INFO - Started process (PID=2072) to work on /opt/airflow/dags/train_model.py
[2025-09-23T20:37:05.064+0000] {processor.py:914} INFO - Processing file /opt/airflow/dags/train_model.py for tasks to queue
[2025-09-23T20:37:05.067+0000] {logging_mixin.py:190} INFO - [2025-09-23T20:37:05.066+0000] {dagbag.py:588} INFO - Filling up the DagBag from /opt/airflow/dags/train_model.py
[2025-09-23T20:37:06.152+0000] {processor.py:925} INFO - DAG(s) 'wine_model_training' retrieved from /opt/airflow/dags/train_model.py
[2025-09-23T20:37:06.182+0000] {logging_mixin.py:190} INFO - [2025-09-23T20:37:06.181+0000] {dag.py:3239} INFO - Sync 1 DAGs
[2025-09-23T20:37:06.205+0000] {logging_mixin.py:190} INFO - [2025-09-23T20:37:06.205+0000] {dag.py:4180} INFO - Setting next_dagrun for wine_model_training to 2025-09-23 20:30:00+00:00, run_after=2025-09-23 20:35:00+00:00
[2025-09-23T20:37:06.225+0000] {processor.py:208} INFO - Processing /opt/airflow/dags/train_model.py took 1.170 seconds
[2025-09-23T20:37:37.915+0000] {processor.py:186} INFO - Started process (PID=2125) to work on /opt/airflow/dags/train_model.py
[2025-09-23T20:37:37.916+0000] {processor.py:914} INFO - Processing file /opt/airflow/dags/train_model.py for tasks to queue
[2025-09-23T20:37:37.920+0000] {logging_mixin.py:190} INFO - [2025-09-23T20:37:37.919+0000] {dagbag.py:588} INFO - Filling up the DagBag from /opt/airflow/dags/train_model.py
[2025-09-23T20:37:39.040+0000] {processor.py:925} INFO - DAG(s) 'wine_model_training' retrieved from /opt/airflow/dags/train_model.py
[2025-09-23T20:37:39.070+0000] {logging_mixin.py:190} INFO - [2025-09-23T20:37:39.070+0000] {dag.py:3239} INFO - Sync 1 DAGs
[2025-09-23T20:37:39.094+0000] {logging_mixin.py:190} INFO - [2025-09-23T20:37:39.094+0000] {dag.py:4180} INFO - Setting next_dagrun for wine_model_training to 2025-09-23 20:30:00+00:00, run_after=2025-09-23 20:35:00+00:00
[2025-09-23T20:37:39.118+0000] {processor.py:208} INFO - Processing /opt/airflow/dags/train_model.py took 1.211 seconds
[2025-09-23T20:38:09.694+0000] {processor.py:186} INFO - Started process (PID=2159) to work on /opt/airflow/dags/train_model.py
[2025-09-23T20:38:09.696+0000] {processor.py:914} INFO - Processing file /opt/airflow/dags/train_model.py for tasks to queue
[2025-09-23T20:38:09.699+0000] {logging_mixin.py:190} INFO - [2025-09-23T20:38:09.698+0000] {dagbag.py:588} INFO - Filling up the DagBag from /opt/airflow/dags/train_model.py
[2025-09-23T20:38:10.977+0000] {processor.py:925} INFO - DAG(s) 'wine_model_training' retrieved from /opt/airflow/dags/train_model.py
[2025-09-23T20:38:11.010+0000] {logging_mixin.py:190} INFO - [2025-09-23T20:38:11.010+0000] {dag.py:3239} INFO - Sync 1 DAGs
[2025-09-23T20:38:11.041+0000] {logging_mixin.py:190} INFO - [2025-09-23T20:38:11.041+0000] {dag.py:4180} INFO - Setting next_dagrun for wine_model_training to 2025-09-23 20:30:00+00:00, run_after=2025-09-23 20:35:00+00:00
[2025-09-23T20:38:11.068+0000] {processor.py:208} INFO - Processing /opt/airflow/dags/train_model.py took 1.382 seconds
[2025-09-23T20:38:41.523+0000] {processor.py:186} INFO - Started process (PID=2213) to work on /opt/airflow/dags/train_model.py
[2025-09-23T20:38:41.524+0000] {processor.py:914} INFO - Processing file /opt/airflow/dags/train_model.py for tasks to queue
[2025-09-23T20:38:41.526+0000] {logging_mixin.py:190} INFO - [2025-09-23T20:38:41.526+0000] {dagbag.py:588} INFO - Filling up the DagBag from /opt/airflow/dags/train_model.py
[2025-09-23T20:38:42.628+0000] {processor.py:925} INFO - DAG(s) 'wine_model_training' retrieved from /opt/airflow/dags/train_model.py
[2025-09-23T20:38:42.659+0000] {logging_mixin.py:190} INFO - [2025-09-23T20:38:42.659+0000] {dag.py:3239} INFO - Sync 1 DAGs
[2025-09-23T20:38:42.686+0000] {logging_mixin.py:190} INFO - [2025-09-23T20:38:42.686+0000] {dag.py:4180} INFO - Setting next_dagrun for wine_model_training to 2025-09-23 20:30:00+00:00, run_after=2025-09-23 20:35:00+00:00
[2025-09-23T20:38:42.708+0000] {processor.py:208} INFO - Processing /opt/airflow/dags/train_model.py took 1.193 seconds
[2025-09-23T20:39:13.326+0000] {processor.py:186} INFO - Started process (PID=2247) to work on /opt/airflow/dags/train_model.py
[2025-09-23T20:39:13.327+0000] {processor.py:914} INFO - Processing file /opt/airflow/dags/train_model.py for tasks to queue
[2025-09-23T20:39:13.332+0000] {logging_mixin.py:190} INFO - [2025-09-23T20:39:13.332+0000] {dagbag.py:588} INFO - Filling up the DagBag from /opt/airflow/dags/train_model.py
[2025-09-23T20:39:14.449+0000] {processor.py:925} INFO - DAG(s) 'wine_model_training' retrieved from /opt/airflow/dags/train_model.py
[2025-09-23T20:39:14.481+0000] {logging_mixin.py:190} INFO - [2025-09-23T20:39:14.481+0000] {dag.py:3239} INFO - Sync 1 DAGs
[2025-09-23T20:39:14.506+0000] {logging_mixin.py:190} INFO - [2025-09-23T20:39:14.506+0000] {dag.py:4180} INFO - Setting next_dagrun for wine_model_training to 2025-09-23 20:30:00+00:00, run_after=2025-09-23 20:35:00+00:00
[2025-09-23T20:39:14.529+0000] {processor.py:208} INFO - Processing /opt/airflow/dags/train_model.py took 1.212 seconds
[2025-09-23T20:39:45.193+0000] {processor.py:186} INFO - Started process (PID=2281) to work on /opt/airflow/dags/train_model.py
[2025-09-23T20:39:45.194+0000] {processor.py:914} INFO - Processing file /opt/airflow/dags/train_model.py for tasks to queue
[2025-09-23T20:39:45.199+0000] {logging_mixin.py:190} INFO - [2025-09-23T20:39:45.198+0000] {dagbag.py:588} INFO - Filling up the DagBag from /opt/airflow/dags/train_model.py
[2025-09-23T20:39:46.389+0000] {processor.py:925} INFO - DAG(s) 'wine_model_training' retrieved from /opt/airflow/dags/train_model.py
[2025-09-23T20:39:46.420+0000] {logging_mixin.py:190} INFO - [2025-09-23T20:39:46.420+0000] {dag.py:3239} INFO - Sync 1 DAGs
[2025-09-23T20:39:46.445+0000] {logging_mixin.py:190} INFO - [2025-09-23T20:39:46.445+0000] {dag.py:4180} INFO - Setting next_dagrun for wine_model_training to 2025-09-23 20:30:00+00:00, run_after=2025-09-23 20:35:00+00:00
[2025-09-23T20:39:46.466+0000] {processor.py:208} INFO - Processing /opt/airflow/dags/train_model.py took 1.282 seconds
[2025-09-23T20:40:17.208+0000] {processor.py:186} INFO - Started process (PID=2538) to work on /opt/airflow/dags/train_model.py
[2025-09-23T20:40:17.210+0000] {processor.py:914} INFO - Processing file /opt/airflow/dags/train_model.py for tasks to queue
[2025-09-23T20:40:17.215+0000] {logging_mixin.py:190} INFO - [2025-09-23T20:40:17.214+0000] {dagbag.py:588} INFO - Filling up the DagBag from /opt/airflow/dags/train_model.py
[2025-09-23T20:40:18.425+0000] {processor.py:925} INFO - DAG(s) 'wine_model_training' retrieved from /opt/airflow/dags/train_model.py
[2025-09-23T20:40:18.457+0000] {logging_mixin.py:190} INFO - [2025-09-23T20:40:18.456+0000] {dag.py:3239} INFO - Sync 1 DAGs
[2025-09-23T20:40:18.487+0000] {logging_mixin.py:190} INFO - [2025-09-23T20:40:18.487+0000] {dag.py:4180} INFO - Setting next_dagrun for wine_model_training to 2025-09-23 20:35:00+00:00, run_after=2025-09-23 20:40:00+00:00
[2025-09-23T20:40:18.511+0000] {processor.py:208} INFO - Processing /opt/airflow/dags/train_model.py took 1.315 seconds
[2025-09-23T20:40:49.220+0000] {processor.py:186} INFO - Started process (PID=2626) to work on /opt/airflow/dags/train_model.py
[2025-09-23T20:40:49.222+0000] {processor.py:914} INFO - Processing file /opt/airflow/dags/train_model.py for tasks to queue
[2025-09-23T20:40:49.226+0000] {logging_mixin.py:190} INFO - [2025-09-23T20:40:49.225+0000] {dagbag.py:588} INFO - Filling up the DagBag from /opt/airflow/dags/train_model.py
[2025-09-23T20:40:50.346+0000] {processor.py:925} INFO - DAG(s) 'wine_model_training' retrieved from /opt/airflow/dags/train_model.py
[2025-09-23T20:40:50.377+0000] {logging_mixin.py:190} INFO - [2025-09-23T20:40:50.377+0000] {dag.py:3239} INFO - Sync 1 DAGs
[2025-09-23T20:40:50.408+0000] {logging_mixin.py:190} INFO - [2025-09-23T20:40:50.408+0000] {dag.py:4180} INFO - Setting next_dagrun for wine_model_training to 2025-09-23 20:35:00+00:00, run_after=2025-09-23 20:40:00+00:00
[2025-09-23T20:40:50.432+0000] {processor.py:208} INFO - Processing /opt/airflow/dags/train_model.py took 1.223 seconds
[2025-09-23T20:41:20.952+0000] {processor.py:186} INFO - Started process (PID=2660) to work on /opt/airflow/dags/train_model.py
[2025-09-23T20:41:20.954+0000] {processor.py:914} INFO - Processing file /opt/airflow/dags/train_model.py for tasks to queue
[2025-09-23T20:41:20.956+0000] {logging_mixin.py:190} INFO - [2025-09-23T20:41:20.956+0000] {dagbag.py:588} INFO - Filling up the DagBag from /opt/airflow/dags/train_model.py
[2025-09-23T20:41:22.065+0000] {processor.py:925} INFO - DAG(s) 'wine_model_training' retrieved from /opt/airflow/dags/train_model.py
[2025-09-23T20:41:22.097+0000] {logging_mixin.py:190} INFO - [2025-09-23T20:41:22.096+0000] {dag.py:3239} INFO - Sync 1 DAGs
[2025-09-23T20:41:22.124+0000] {logging_mixin.py:190} INFO - [2025-09-23T20:41:22.124+0000] {dag.py:4180} INFO - Setting next_dagrun for wine_model_training to 2025-09-23 20:35:00+00:00, run_after=2025-09-23 20:40:00+00:00
[2025-09-23T20:41:22.149+0000] {processor.py:208} INFO - Processing /opt/airflow/dags/train_model.py took 1.206 seconds
[2025-09-23T20:41:52.811+0000] {processor.py:186} INFO - Started process (PID=2715) to work on /opt/airflow/dags/train_model.py
[2025-09-23T20:41:52.813+0000] {processor.py:914} INFO - Processing file /opt/airflow/dags/train_model.py for tasks to queue
[2025-09-23T20:41:52.818+0000] {logging_mixin.py:190} INFO - [2025-09-23T20:41:52.818+0000] {dagbag.py:588} INFO - Filling up the DagBag from /opt/airflow/dags/train_model.py
[2025-09-23T20:41:54.007+0000] {processor.py:925} INFO - DAG(s) 'wine_model_training' retrieved from /opt/airflow/dags/train_model.py
[2025-09-23T20:41:54.041+0000] {logging_mixin.py:190} INFO - [2025-09-23T20:41:54.040+0000] {dag.py:3239} INFO - Sync 1 DAGs
[2025-09-23T20:41:54.069+0000] {logging_mixin.py:190} INFO - [2025-09-23T20:41:54.069+0000] {dag.py:4180} INFO - Setting next_dagrun for wine_model_training to 2025-09-23 20:35:00+00:00, run_after=2025-09-23 20:40:00+00:00
[2025-09-23T20:41:54.092+0000] {processor.py:208} INFO - Processing /opt/airflow/dags/train_model.py took 1.292 seconds
[2025-09-23T20:42:24.601+0000] {processor.py:186} INFO - Started process (PID=2749) to work on /opt/airflow/dags/train_model.py
[2025-09-23T20:42:24.603+0000] {processor.py:914} INFO - Processing file /opt/airflow/dags/train_model.py for tasks to queue
[2025-09-23T20:42:24.607+0000] {logging_mixin.py:190} INFO - [2025-09-23T20:42:24.606+0000] {dagbag.py:588} INFO - Filling up the DagBag from /opt/airflow/dags/train_model.py
[2025-09-23T20:42:25.725+0000] {processor.py:925} INFO - DAG(s) 'wine_model_training' retrieved from /opt/airflow/dags/train_model.py
[2025-09-23T20:42:25.756+0000] {logging_mixin.py:190} INFO - [2025-09-23T20:42:25.756+0000] {dag.py:3239} INFO - Sync 1 DAGs
[2025-09-23T20:42:25.782+0000] {logging_mixin.py:190} INFO - [2025-09-23T20:42:25.782+0000] {dag.py:4180} INFO - Setting next_dagrun for wine_model_training to 2025-09-23 20:35:00+00:00, run_after=2025-09-23 20:40:00+00:00
[2025-09-23T20:42:25.804+0000] {processor.py:208} INFO - Processing /opt/airflow/dags/train_model.py took 1.212 seconds
[2025-09-23T20:42:56.624+0000] {processor.py:186} INFO - Started process (PID=2803) to work on /opt/airflow/dags/train_model.py
[2025-09-23T20:42:56.627+0000] {processor.py:914} INFO - Processing file /opt/airflow/dags/train_model.py for tasks to queue
[2025-09-23T20:42:56.631+0000] {logging_mixin.py:190} INFO - [2025-09-23T20:42:56.631+0000] {dagbag.py:588} INFO - Filling up the DagBag from /opt/airflow/dags/train_model.py
[2025-09-23T20:42:58.152+0000] {processor.py:925} INFO - DAG(s) 'wine_model_training' retrieved from /opt/airflow/dags/train_model.py
[2025-09-23T20:42:58.190+0000] {logging_mixin.py:190} INFO - [2025-09-23T20:42:58.189+0000] {dag.py:3239} INFO - Sync 1 DAGs
[2025-09-23T20:42:58.219+0000] {logging_mixin.py:190} INFO - [2025-09-23T20:42:58.219+0000] {dag.py:4180} INFO - Setting next_dagrun for wine_model_training to 2025-09-23 20:35:00+00:00, run_after=2025-09-23 20:40:00+00:00
[2025-09-23T20:42:58.257+0000] {processor.py:208} INFO - Processing /opt/airflow/dags/train_model.py took 1.648 seconds
[2025-09-23T20:43:28.371+0000] {processor.py:186} INFO - Started process (PID=2837) to work on /opt/airflow/dags/train_model.py
[2025-09-23T20:43:28.373+0000] {processor.py:914} INFO - Processing file /opt/airflow/dags/train_model.py for tasks to queue
[2025-09-23T20:43:28.376+0000] {logging_mixin.py:190} INFO - [2025-09-23T20:43:28.376+0000] {dagbag.py:588} INFO - Filling up the DagBag from /opt/airflow/dags/train_model.py
[2025-09-23T20:43:29.562+0000] {processor.py:925} INFO - DAG(s) 'wine_model_training' retrieved from /opt/airflow/dags/train_model.py
[2025-09-23T20:43:29.593+0000] {logging_mixin.py:190} INFO - [2025-09-23T20:43:29.592+0000] {dag.py:3239} INFO - Sync 1 DAGs
[2025-09-23T20:43:29.621+0000] {logging_mixin.py:190} INFO - [2025-09-23T20:43:29.621+0000] {dag.py:4180} INFO - Setting next_dagrun for wine_model_training to 2025-09-23 20:35:00+00:00, run_after=2025-09-23 20:40:00+00:00
[2025-09-23T20:43:29.642+0000] {processor.py:208} INFO - Processing /opt/airflow/dags/train_model.py took 1.279 seconds
[2025-09-23T20:44:00.289+0000] {processor.py:186} INFO - Started process (PID=2892) to work on /opt/airflow/dags/train_model.py
[2025-09-23T20:44:00.290+0000] {processor.py:914} INFO - Processing file /opt/airflow/dags/train_model.py for tasks to queue
[2025-09-23T20:44:00.295+0000] {logging_mixin.py:190} INFO - [2025-09-23T20:44:00.294+0000] {dagbag.py:588} INFO - Filling up the DagBag from /opt/airflow/dags/train_model.py
[2025-09-23T20:44:01.435+0000] {processor.py:925} INFO - DAG(s) 'wine_model_training' retrieved from /opt/airflow/dags/train_model.py
[2025-09-23T20:44:01.465+0000] {logging_mixin.py:190} INFO - [2025-09-23T20:44:01.465+0000] {dag.py:3239} INFO - Sync 1 DAGs
[2025-09-23T20:44:01.492+0000] {logging_mixin.py:190} INFO - [2025-09-23T20:44:01.491+0000] {dag.py:4180} INFO - Setting next_dagrun for wine_model_training to 2025-09-23 20:35:00+00:00, run_after=2025-09-23 20:40:00+00:00
[2025-09-23T20:44:01.515+0000] {processor.py:208} INFO - Processing /opt/airflow/dags/train_model.py took 1.234 seconds
[2025-09-23T20:44:32.036+0000] {processor.py:186} INFO - Started process (PID=2926) to work on /opt/airflow/dags/train_model.py
[2025-09-23T20:44:32.037+0000] {processor.py:914} INFO - Processing file /opt/airflow/dags/train_model.py for tasks to queue
[2025-09-23T20:44:32.040+0000] {logging_mixin.py:190} INFO - [2025-09-23T20:44:32.040+0000] {dagbag.py:588} INFO - Filling up the DagBag from /opt/airflow/dags/train_model.py
[2025-09-23T20:44:33.181+0000] {processor.py:925} INFO - DAG(s) 'wine_model_training' retrieved from /opt/airflow/dags/train_model.py
[2025-09-23T20:44:33.216+0000] {logging_mixin.py:190} INFO - [2025-09-23T20:44:33.215+0000] {dag.py:3239} INFO - Sync 1 DAGs
[2025-09-23T20:44:33.242+0000] {logging_mixin.py:190} INFO - [2025-09-23T20:44:33.241+0000] {dag.py:4180} INFO - Setting next_dagrun for wine_model_training to 2025-09-23 20:35:00+00:00, run_after=2025-09-23 20:40:00+00:00
[2025-09-23T20:44:33.266+0000] {processor.py:208} INFO - Processing /opt/airflow/dags/train_model.py took 1.237 seconds
[2025-09-23T20:45:04.092+0000] {processor.py:186} INFO - Started process (PID=2980) to work on /opt/airflow/dags/train_model.py
[2025-09-23T20:45:04.094+0000] {processor.py:914} INFO - Processing file /opt/airflow/dags/train_model.py for tasks to queue
[2025-09-23T20:45:04.098+0000] {logging_mixin.py:190} INFO - [2025-09-23T20:45:04.097+0000] {dagbag.py:588} INFO - Filling up the DagBag from /opt/airflow/dags/train_model.py
[2025-09-23T20:45:05.297+0000] {processor.py:925} INFO - DAG(s) 'wine_model_training' retrieved from /opt/airflow/dags/train_model.py
[2025-09-23T20:45:05.337+0000] {logging_mixin.py:190} INFO - [2025-09-23T20:45:05.336+0000] {dag.py:3239} INFO - Sync 1 DAGs
[2025-09-23T20:45:05.369+0000] {logging_mixin.py:190} INFO - [2025-09-23T20:45:05.369+0000] {dag.py:4180} INFO - Setting next_dagrun for wine_model_training to 2025-09-23 20:40:00+00:00, run_after=2025-09-23 20:45:00+00:00
[2025-09-23T20:45:05.394+0000] {processor.py:208} INFO - Processing /opt/airflow/dags/train_model.py took 1.315 seconds
[2025-09-23T20:45:35.825+0000] {processor.py:186} INFO - Started process (PID=3271) to work on /opt/airflow/dags/train_model.py
[2025-09-23T20:45:35.827+0000] {processor.py:914} INFO - Processing file /opt/airflow/dags/train_model.py for tasks to queue
[2025-09-23T20:45:35.830+0000] {logging_mixin.py:190} INFO - [2025-09-23T20:45:35.830+0000] {dagbag.py:588} INFO - Filling up the DagBag from /opt/airflow/dags/train_model.py
[2025-09-23T20:45:37.038+0000] {processor.py:925} INFO - DAG(s) 'wine_model_training' retrieved from /opt/airflow/dags/train_model.py
[2025-09-23T20:45:37.069+0000] {logging_mixin.py:190} INFO - [2025-09-23T20:45:37.069+0000] {dag.py:3239} INFO - Sync 1 DAGs
[2025-09-23T20:45:37.095+0000] {logging_mixin.py:190} INFO - [2025-09-23T20:45:37.095+0000] {dag.py:4180} INFO - Setting next_dagrun for wine_model_training to 2025-09-23 20:40:00+00:00, run_after=2025-09-23 20:45:00+00:00
[2025-09-23T20:45:37.120+0000] {processor.py:208} INFO - Processing /opt/airflow/dags/train_model.py took 1.303 seconds
[2025-09-23T20:46:07.700+0000] {processor.py:186} INFO - Started process (PID=3305) to work on /opt/airflow/dags/train_model.py
[2025-09-23T20:46:07.702+0000] {processor.py:914} INFO - Processing file /opt/airflow/dags/train_model.py for tasks to queue
[2025-09-23T20:46:07.705+0000] {logging_mixin.py:190} INFO - [2025-09-23T20:46:07.705+0000] {dagbag.py:588} INFO - Filling up the DagBag from /opt/airflow/dags/train_model.py
[2025-09-23T20:46:08.854+0000] {processor.py:925} INFO - DAG(s) 'wine_model_training' retrieved from /opt/airflow/dags/train_model.py
[2025-09-23T20:46:08.891+0000] {logging_mixin.py:190} INFO - [2025-09-23T20:46:08.890+0000] {dag.py:3239} INFO - Sync 1 DAGs
[2025-09-23T20:46:08.923+0000] {logging_mixin.py:190} INFO - [2025-09-23T20:46:08.923+0000] {dag.py:4180} INFO - Setting next_dagrun for wine_model_training to 2025-09-23 20:40:00+00:00, run_after=2025-09-23 20:45:00+00:00
[2025-09-23T20:46:08.948+0000] {processor.py:208} INFO - Processing /opt/airflow/dags/train_model.py took 1.258 seconds
[2025-09-23T20:46:39.419+0000] {processor.py:186} INFO - Started process (PID=3361) to work on /opt/airflow/dags/train_model.py
[2025-09-23T20:46:39.420+0000] {processor.py:914} INFO - Processing file /opt/airflow/dags/train_model.py for tasks to queue
[2025-09-23T20:46:39.422+0000] {logging_mixin.py:190} INFO - [2025-09-23T20:46:39.422+0000] {dagbag.py:588} INFO - Filling up the DagBag from /opt/airflow/dags/train_model.py
[2025-09-23T20:46:40.537+0000] {processor.py:925} INFO - DAG(s) 'wine_model_training' retrieved from /opt/airflow/dags/train_model.py
[2025-09-23T20:46:40.570+0000] {logging_mixin.py:190} INFO - [2025-09-23T20:46:40.570+0000] {dag.py:3239} INFO - Sync 1 DAGs
[2025-09-23T20:46:40.597+0000] {logging_mixin.py:190} INFO - [2025-09-23T20:46:40.597+0000] {dag.py:4180} INFO - Setting next_dagrun for wine_model_training to 2025-09-23 20:40:00+00:00, run_after=2025-09-23 20:45:00+00:00
[2025-09-23T20:46:40.619+0000] {processor.py:208} INFO - Processing /opt/airflow/dags/train_model.py took 1.208 seconds
[2025-09-23T20:47:11.257+0000] {processor.py:186} INFO - Started process (PID=3395) to work on /opt/airflow/dags/train_model.py
[2025-09-23T20:47:11.259+0000] {processor.py:914} INFO - Processing file /opt/airflow/dags/train_model.py for tasks to queue
[2025-09-23T20:47:11.263+0000] {logging_mixin.py:190} INFO - [2025-09-23T20:47:11.262+0000] {dagbag.py:588} INFO - Filling up the DagBag from /opt/airflow/dags/train_model.py
[2025-09-23T20:47:12.394+0000] {processor.py:925} INFO - DAG(s) 'wine_model_training' retrieved from /opt/airflow/dags/train_model.py
[2025-09-23T20:47:12.428+0000] {logging_mixin.py:190} INFO - [2025-09-23T20:47:12.428+0000] {dag.py:3239} INFO - Sync 1 DAGs
[2025-09-23T20:47:12.454+0000] {logging_mixin.py:190} INFO - [2025-09-23T20:47:12.454+0000] {dag.py:4180} INFO - Setting next_dagrun for wine_model_training to 2025-09-23 20:40:00+00:00, run_after=2025-09-23 20:45:00+00:00
[2025-09-23T20:47:12.479+0000] {processor.py:208} INFO - Processing /opt/airflow/dags/train_model.py took 1.230 seconds
[2025-09-23T20:47:43.063+0000] {processor.py:186} INFO - Started process (PID=3448) to work on /opt/airflow/dags/train_model.py
[2025-09-23T20:47:43.064+0000] {processor.py:914} INFO - Processing file /opt/airflow/dags/train_model.py for tasks to queue
[2025-09-23T20:47:43.067+0000] {logging_mixin.py:190} INFO - [2025-09-23T20:47:43.067+0000] {dagbag.py:588} INFO - Filling up the DagBag from /opt/airflow/dags/train_model.py
[2025-09-23T20:47:44.240+0000] {processor.py:925} INFO - DAG(s) 'wine_model_training' retrieved from /opt/airflow/dags/train_model.py
[2025-09-23T20:47:44.271+0000] {logging_mixin.py:190} INFO - [2025-09-23T20:47:44.271+0000] {dag.py:3239} INFO - Sync 1 DAGs
[2025-09-23T20:47:44.296+0000] {logging_mixin.py:190} INFO - [2025-09-23T20:47:44.296+0000] {dag.py:4180} INFO - Setting next_dagrun for wine_model_training to 2025-09-23 20:40:00+00:00, run_after=2025-09-23 20:45:00+00:00
[2025-09-23T20:47:44.322+0000] {processor.py:208} INFO - Processing /opt/airflow/dags/train_model.py took 1.268 seconds
[2025-09-23T20:48:14.841+0000] {processor.py:186} INFO - Started process (PID=3482) to work on /opt/airflow/dags/train_model.py
[2025-09-23T20:48:14.842+0000] {processor.py:914} INFO - Processing file /opt/airflow/dags/train_model.py for tasks to queue
[2025-09-23T20:48:14.845+0000] {logging_mixin.py:190} INFO - [2025-09-23T20:48:14.844+0000] {dagbag.py:588} INFO - Filling up the DagBag from /opt/airflow/dags/train_model.py
[2025-09-23T20:48:15.898+0000] {processor.py:925} INFO - DAG(s) 'wine_model_training' retrieved from /opt/airflow/dags/train_model.py
[2025-09-23T20:48:15.927+0000] {logging_mixin.py:190} INFO - [2025-09-23T20:48:15.927+0000] {dag.py:3239} INFO - Sync 1 DAGs
[2025-09-23T20:48:15.951+0000] {logging_mixin.py:190} INFO - [2025-09-23T20:48:15.951+0000] {dag.py:4180} INFO - Setting next_dagrun for wine_model_training to 2025-09-23 20:40:00+00:00, run_after=2025-09-23 20:45:00+00:00
[2025-09-23T20:48:15.972+0000] {processor.py:208} INFO - Processing /opt/airflow/dags/train_model.py took 1.138 seconds
[2025-09-23T20:48:46.718+0000] {processor.py:186} INFO - Started process (PID=3537) to work on /opt/airflow/dags/train_model.py
[2025-09-23T20:48:46.719+0000] {processor.py:914} INFO - Processing file /opt/airflow/dags/train_model.py for tasks to queue
[2025-09-23T20:48:46.723+0000] {logging_mixin.py:190} INFO - [2025-09-23T20:48:46.722+0000] {dagbag.py:588} INFO - Filling up the DagBag from /opt/airflow/dags/train_model.py
[2025-09-23T20:48:47.787+0000] {processor.py:925} INFO - DAG(s) 'wine_model_training' retrieved from /opt/airflow/dags/train_model.py
[2025-09-23T20:48:47.821+0000] {logging_mixin.py:190} INFO - [2025-09-23T20:48:47.820+0000] {dag.py:3239} INFO - Sync 1 DAGs
[2025-09-23T20:48:47.852+0000] {logging_mixin.py:190} INFO - [2025-09-23T20:48:47.852+0000] {dag.py:4180} INFO - Setting next_dagrun for wine_model_training to 2025-09-23 20:40:00+00:00, run_after=2025-09-23 20:45:00+00:00
[2025-09-23T20:48:47.873+0000] {processor.py:208} INFO - Processing /opt/airflow/dags/train_model.py took 1.163 seconds
[2025-09-23T20:51:38.427+0000] {processor.py:186} INFO - Started process (PID=197) to work on /opt/airflow/dags/train_model.py
[2025-09-23T20:51:38.430+0000] {processor.py:914} INFO - Processing file /opt/airflow/dags/train_model.py for tasks to queue
[2025-09-23T20:51:38.436+0000] {logging_mixin.py:190} INFO - [2025-09-23T20:51:38.435+0000] {dagbag.py:588} INFO - Filling up the DagBag from /opt/airflow/dags/train_model.py
[2025-09-23T20:51:40.170+0000] {processor.py:925} INFO - DAG(s) 'wine_model_training' retrieved from /opt/airflow/dags/train_model.py
[2025-09-23T20:51:40.223+0000] {logging_mixin.py:190} INFO - [2025-09-23T20:51:40.222+0000] {dag.py:3239} INFO - Sync 1 DAGs
[2025-09-23T20:51:40.269+0000] {logging_mixin.py:190} INFO - [2025-09-23T20:51:40.269+0000] {dag.py:4180} INFO - Setting next_dagrun for wine_model_training to 2025-09-23 20:45:00+00:00, run_after=2025-09-23 20:50:00+00:00
[2025-09-23T20:51:40.306+0000] {processor.py:208} INFO - Processing /opt/airflow/dags/train_model.py took 1.888 seconds
[2025-09-23T20:52:11.046+0000] {processor.py:186} INFO - Started process (PID=522) to work on /opt/airflow/dags/train_model.py
[2025-09-23T20:52:11.048+0000] {processor.py:914} INFO - Processing file /opt/airflow/dags/train_model.py for tasks to queue
[2025-09-23T20:52:11.052+0000] {logging_mixin.py:190} INFO - [2025-09-23T20:52:11.052+0000] {dagbag.py:588} INFO - Filling up the DagBag from /opt/airflow/dags/train_model.py
[2025-09-23T20:52:12.134+0000] {processor.py:925} INFO - DAG(s) 'wine_model_training' retrieved from /opt/airflow/dags/train_model.py
[2025-09-23T20:52:12.163+0000] {logging_mixin.py:190} INFO - [2025-09-23T20:52:12.163+0000] {dag.py:3239} INFO - Sync 1 DAGs
[2025-09-23T20:52:12.189+0000] {logging_mixin.py:190} INFO - [2025-09-23T20:52:12.188+0000] {dag.py:4180} INFO - Setting next_dagrun for wine_model_training to 2025-09-23 20:45:00+00:00, run_after=2025-09-23 20:50:00+00:00
[2025-09-23T20:52:12.210+0000] {processor.py:208} INFO - Processing /opt/airflow/dags/train_model.py took 1.177 seconds
[2025-09-23T20:52:42.970+0000] {processor.py:186} INFO - Started process (PID=556) to work on /opt/airflow/dags/train_model.py
[2025-09-23T20:52:42.971+0000] {processor.py:914} INFO - Processing file /opt/airflow/dags/train_model.py for tasks to queue
[2025-09-23T20:52:42.974+0000] {logging_mixin.py:190} INFO - [2025-09-23T20:52:42.974+0000] {dagbag.py:588} INFO - Filling up the DagBag from /opt/airflow/dags/train_model.py
[2025-09-23T20:52:44.631+0000] {processor.py:925} INFO - DAG(s) 'wine_model_training' retrieved from /opt/airflow/dags/train_model.py
[2025-09-23T20:52:44.669+0000] {logging_mixin.py:190} INFO - [2025-09-23T20:52:44.668+0000] {dag.py:3239} INFO - Sync 1 DAGs
[2025-09-23T20:52:44.698+0000] {logging_mixin.py:190} INFO - [2025-09-23T20:52:44.697+0000] {dag.py:4180} INFO - Setting next_dagrun for wine_model_training to 2025-09-23 20:45:00+00:00, run_after=2025-09-23 20:50:00+00:00
[2025-09-23T20:52:44.724+0000] {processor.py:208} INFO - Processing /opt/airflow/dags/train_model.py took 1.762 seconds
[2025-09-23T20:53:15.429+0000] {processor.py:186} INFO - Started process (PID=632) to work on /opt/airflow/dags/train_model.py
[2025-09-23T20:53:15.432+0000] {processor.py:914} INFO - Processing file /opt/airflow/dags/train_model.py for tasks to queue
[2025-09-23T20:53:15.441+0000] {logging_mixin.py:190} INFO - [2025-09-23T20:53:15.440+0000] {dagbag.py:588} INFO - Filling up the DagBag from /opt/airflow/dags/train_model.py
[2025-09-23T20:53:16.853+0000] {processor.py:925} INFO - DAG(s) 'wine_model_training' retrieved from /opt/airflow/dags/train_model.py
[2025-09-23T20:53:16.889+0000] {logging_mixin.py:190} INFO - [2025-09-23T20:53:16.888+0000] {dag.py:3239} INFO - Sync 1 DAGs
[2025-09-23T20:53:16.916+0000] {logging_mixin.py:190} INFO - [2025-09-23T20:53:16.916+0000] {dag.py:4180} INFO - Setting next_dagrun for wine_model_training to 2025-09-23 20:45:00+00:00, run_after=2025-09-23 20:50:00+00:00
[2025-09-23T20:53:16.938+0000] {processor.py:208} INFO - Processing /opt/airflow/dags/train_model.py took 1.522 seconds
[2025-09-23T20:53:47.383+0000] {processor.py:186} INFO - Started process (PID=666) to work on /opt/airflow/dags/train_model.py
[2025-09-23T20:53:47.384+0000] {processor.py:914} INFO - Processing file /opt/airflow/dags/train_model.py for tasks to queue
[2025-09-23T20:53:47.387+0000] {logging_mixin.py:190} INFO - [2025-09-23T20:53:47.387+0000] {dagbag.py:588} INFO - Filling up the DagBag from /opt/airflow/dags/train_model.py
[2025-09-23T20:53:48.517+0000] {processor.py:925} INFO - DAG(s) 'wine_model_training' retrieved from /opt/airflow/dags/train_model.py
[2025-09-23T20:53:48.547+0000] {logging_mixin.py:190} INFO - [2025-09-23T20:53:48.547+0000] {dag.py:3239} INFO - Sync 1 DAGs
[2025-09-23T20:53:48.573+0000] {logging_mixin.py:190} INFO - [2025-09-23T20:53:48.572+0000] {dag.py:4180} INFO - Setting next_dagrun for wine_model_training to 2025-09-23 20:45:00+00:00, run_after=2025-09-23 20:50:00+00:00
[2025-09-23T20:53:48.595+0000] {processor.py:208} INFO - Processing /opt/airflow/dags/train_model.py took 1.221 seconds
[2025-09-23T20:54:19.820+0000] {processor.py:186} INFO - Started process (PID=740) to work on /opt/airflow/dags/train_model.py
[2025-09-23T20:54:19.823+0000] {processor.py:914} INFO - Processing file /opt/airflow/dags/train_model.py for tasks to queue
[2025-09-23T20:54:19.830+0000] {logging_mixin.py:190} INFO - [2025-09-23T20:54:19.829+0000] {dagbag.py:588} INFO - Filling up the DagBag from /opt/airflow/dags/train_model.py
[2025-09-23T20:54:21.529+0000] {processor.py:925} INFO - DAG(s) 'wine_model_training' retrieved from /opt/airflow/dags/train_model.py
[2025-09-23T20:54:21.559+0000] {logging_mixin.py:190} INFO - [2025-09-23T20:54:21.559+0000] {dag.py:3239} INFO - Sync 1 DAGs
[2025-09-23T20:54:21.585+0000] {logging_mixin.py:190} INFO - [2025-09-23T20:54:21.585+0000] {dag.py:4180} INFO - Setting next_dagrun for wine_model_training to 2025-09-23 20:45:00+00:00, run_after=2025-09-23 20:50:00+00:00
[2025-09-23T20:54:21.603+0000] {processor.py:208} INFO - Processing /opt/airflow/dags/train_model.py took 1.795 seconds
[2025-09-23T20:54:51.770+0000] {processor.py:186} INFO - Started process (PID=776) to work on /opt/airflow/dags/train_model.py
[2025-09-23T20:54:51.771+0000] {processor.py:914} INFO - Processing file /opt/airflow/dags/train_model.py for tasks to queue
[2025-09-23T20:54:51.774+0000] {logging_mixin.py:190} INFO - [2025-09-23T20:54:51.774+0000] {dagbag.py:588} INFO - Filling up the DagBag from /opt/airflow/dags/train_model.py
[2025-09-23T20:54:52.827+0000] {processor.py:925} INFO - DAG(s) 'wine_model_training' retrieved from /opt/airflow/dags/train_model.py
[2025-09-23T20:54:52.856+0000] {logging_mixin.py:190} INFO - [2025-09-23T20:54:52.856+0000] {dag.py:3239} INFO - Sync 1 DAGs
[2025-09-23T20:54:52.881+0000] {logging_mixin.py:190} INFO - [2025-09-23T20:54:52.881+0000] {dag.py:4180} INFO - Setting next_dagrun for wine_model_training to 2025-09-23 20:45:00+00:00, run_after=2025-09-23 20:50:00+00:00
[2025-09-23T20:54:52.902+0000] {processor.py:208} INFO - Processing /opt/airflow/dags/train_model.py took 1.140 seconds
