[2025-09-23T20:26:24.107+0000] {processor.py:186} INFO - Started process (PID=167) to work on /opt/airflow/dags/wine_pipeline.py
[2025-09-23T20:26:24.109+0000] {processor.py:914} INFO - Processing file /opt/airflow/dags/wine_pipeline.py for tasks to queue
[2025-09-23T20:26:24.112+0000] {logging_mixin.py:190} INFO - [2025-09-23T20:26:24.112+0000] {dagbag.py:588} INFO - Filling up the DagBag from /opt/airflow/dags/wine_pipeline.py
[2025-09-23T20:26:26.631+0000] {processor.py:925} INFO - DAG(s) 'wine_pipeline', 'data_processing' retrieved from /opt/airflow/dags/wine_pipeline.py
[2025-09-23T20:26:26.977+0000] {logging_mixin.py:190} INFO - [2025-09-23T20:26:26.976+0000] {dag.py:3239} INFO - Sync 2 DAGs
[2025-09-23T20:26:27.010+0000] {logging_mixin.py:190} INFO - [2025-09-23T20:26:27.010+0000] {dag.py:4180} INFO - Setting next_dagrun for data_processing to 2025-09-23 20:20:00+00:00, run_after=2025-09-23 20:25:00+00:00
[2025-09-23T20:26:27.017+0000] {logging_mixin.py:190} INFO - [2025-09-23T20:26:27.017+0000] {dag.py:4180} INFO - Setting next_dagrun for wine_pipeline to 2025-09-23 20:25:00+00:00, run_after=2025-09-23 20:30:00+00:00
[2025-09-23T20:26:27.042+0000] {processor.py:208} INFO - Processing /opt/airflow/dags/wine_pipeline.py took 2.945 seconds
[2025-09-23T20:26:57.387+0000] {processor.py:186} INFO - Started process (PID=201) to work on /opt/airflow/dags/wine_pipeline.py
[2025-09-23T20:26:57.390+0000] {processor.py:914} INFO - Processing file /opt/airflow/dags/wine_pipeline.py for tasks to queue
[2025-09-23T20:26:57.393+0000] {logging_mixin.py:190} INFO - [2025-09-23T20:26:57.393+0000] {dagbag.py:588} INFO - Filling up the DagBag from /opt/airflow/dags/wine_pipeline.py
[2025-09-23T20:26:58.923+0000] {processor.py:925} INFO - DAG(s) 'wine_pipeline', 'data_processing' retrieved from /opt/airflow/dags/wine_pipeline.py
[2025-09-23T20:26:58.960+0000] {logging_mixin.py:190} INFO - [2025-09-23T20:26:58.960+0000] {dag.py:3239} INFO - Sync 2 DAGs
[2025-09-23T20:26:58.989+0000] {logging_mixin.py:190} INFO - [2025-09-23T20:26:58.989+0000] {dag.py:4180} INFO - Setting next_dagrun for data_processing to 2025-09-23 20:20:00+00:00, run_after=2025-09-23 20:25:00+00:00
[2025-09-23T20:26:58.997+0000] {logging_mixin.py:190} INFO - [2025-09-23T20:26:58.997+0000] {dag.py:4180} INFO - Setting next_dagrun for wine_pipeline to 2025-09-23 20:25:00+00:00, run_after=2025-09-23 20:30:00+00:00
[2025-09-23T20:26:59.028+0000] {processor.py:208} INFO - Processing /opt/airflow/dags/wine_pipeline.py took 1.651 seconds
[2025-09-23T20:27:29.415+0000] {processor.py:186} INFO - Started process (PID=453) to work on /opt/airflow/dags/wine_pipeline.py
[2025-09-23T20:27:29.417+0000] {processor.py:914} INFO - Processing file /opt/airflow/dags/wine_pipeline.py for tasks to queue
[2025-09-23T20:27:29.421+0000] {logging_mixin.py:190} INFO - [2025-09-23T20:27:29.420+0000] {dagbag.py:588} INFO - Filling up the DagBag from /opt/airflow/dags/wine_pipeline.py
[2025-09-23T20:27:31.266+0000] {processor.py:925} INFO - DAG(s) 'data_processing', 'wine_pipeline' retrieved from /opt/airflow/dags/wine_pipeline.py
[2025-09-23T20:27:31.472+0000] {logging_mixin.py:190} INFO - [2025-09-23T20:27:31.472+0000] {dag.py:3239} INFO - Sync 2 DAGs
[2025-09-23T20:27:31.521+0000] {logging_mixin.py:190} INFO - [2025-09-23T20:27:31.520+0000] {dag.py:4180} INFO - Setting next_dagrun for data_processing to 2025-09-23 20:20:00+00:00, run_after=2025-09-23 20:25:00+00:00
[2025-09-23T20:27:31.532+0000] {logging_mixin.py:190} INFO - [2025-09-23T20:27:31.532+0000] {dag.py:4180} INFO - Setting next_dagrun for wine_pipeline to 2025-09-23 20:25:00+00:00, run_after=2025-09-23 20:30:00+00:00
[2025-09-23T20:27:31.565+0000] {processor.py:208} INFO - Processing /opt/airflow/dags/wine_pipeline.py took 2.159 seconds
[2025-09-23T20:28:01.921+0000] {processor.py:186} INFO - Started process (PID=500) to work on /opt/airflow/dags/wine_pipeline.py
[2025-09-23T20:28:01.923+0000] {processor.py:914} INFO - Processing file /opt/airflow/dags/wine_pipeline.py for tasks to queue
[2025-09-23T20:28:01.926+0000] {logging_mixin.py:190} INFO - [2025-09-23T20:28:01.926+0000] {dagbag.py:588} INFO - Filling up the DagBag from /opt/airflow/dags/wine_pipeline.py
[2025-09-23T20:28:03.198+0000] {processor.py:925} INFO - DAG(s) 'wine_pipeline', 'data_processing' retrieved from /opt/airflow/dags/wine_pipeline.py
[2025-09-23T20:28:03.231+0000] {logging_mixin.py:190} INFO - [2025-09-23T20:28:03.231+0000] {dag.py:3239} INFO - Sync 2 DAGs
[2025-09-23T20:28:03.257+0000] {logging_mixin.py:190} INFO - [2025-09-23T20:28:03.256+0000] {dag.py:4180} INFO - Setting next_dagrun for data_processing to 2025-09-23 20:20:00+00:00, run_after=2025-09-23 20:25:00+00:00
[2025-09-23T20:28:03.264+0000] {logging_mixin.py:190} INFO - [2025-09-23T20:28:03.264+0000] {dag.py:4180} INFO - Setting next_dagrun for wine_pipeline to 2025-09-23 20:25:00+00:00, run_after=2025-09-23 20:30:00+00:00
[2025-09-23T20:28:03.290+0000] {processor.py:208} INFO - Processing /opt/airflow/dags/wine_pipeline.py took 1.379 seconds
[2025-09-23T20:28:33.686+0000] {processor.py:186} INFO - Started process (PID=535) to work on /opt/airflow/dags/wine_pipeline.py
[2025-09-23T20:28:33.687+0000] {processor.py:914} INFO - Processing file /opt/airflow/dags/wine_pipeline.py for tasks to queue
[2025-09-23T20:28:33.693+0000] {logging_mixin.py:190} INFO - [2025-09-23T20:28:33.692+0000] {dagbag.py:588} INFO - Filling up the DagBag from /opt/airflow/dags/wine_pipeline.py
[2025-09-23T20:28:34.999+0000] {processor.py:925} INFO - DAG(s) 'wine_pipeline', 'data_processing' retrieved from /opt/airflow/dags/wine_pipeline.py
[2025-09-23T20:28:35.142+0000] {logging_mixin.py:190} INFO - [2025-09-23T20:28:35.141+0000] {dag.py:3239} INFO - Sync 2 DAGs
[2025-09-23T20:28:35.175+0000] {logging_mixin.py:190} INFO - [2025-09-23T20:28:35.175+0000] {dag.py:4180} INFO - Setting next_dagrun for data_processing to 2025-09-23 20:20:00+00:00, run_after=2025-09-23 20:25:00+00:00
[2025-09-23T20:28:35.182+0000] {logging_mixin.py:190} INFO - [2025-09-23T20:28:35.182+0000] {dag.py:4180} INFO - Setting next_dagrun for wine_pipeline to 2025-09-23 20:25:00+00:00, run_after=2025-09-23 20:30:00+00:00
[2025-09-23T20:28:35.214+0000] {processor.py:208} INFO - Processing /opt/airflow/dags/wine_pipeline.py took 1.540 seconds
[2025-09-23T20:29:05.642+0000] {processor.py:186} INFO - Started process (PID=845) to work on /opt/airflow/dags/wine_pipeline.py
[2025-09-23T20:29:05.644+0000] {processor.py:914} INFO - Processing file /opt/airflow/dags/wine_pipeline.py for tasks to queue
[2025-09-23T20:29:05.651+0000] {logging_mixin.py:190} INFO - [2025-09-23T20:29:05.650+0000] {dagbag.py:588} INFO - Filling up the DagBag from /opt/airflow/dags/wine_pipeline.py
[2025-09-23T20:29:07.186+0000] {processor.py:925} INFO - DAG(s) 'wine_pipeline', 'data_processing' retrieved from /opt/airflow/dags/wine_pipeline.py
[2025-09-23T20:29:07.230+0000] {logging_mixin.py:190} INFO - [2025-09-23T20:29:07.230+0000] {dag.py:3239} INFO - Sync 2 DAGs
[2025-09-23T20:29:07.256+0000] {logging_mixin.py:190} INFO - [2025-09-23T20:29:07.256+0000] {dag.py:4180} INFO - Setting next_dagrun for data_processing to 2025-09-23 20:20:00+00:00, run_after=2025-09-23 20:25:00+00:00
[2025-09-23T20:29:07.264+0000] {logging_mixin.py:190} INFO - [2025-09-23T20:29:07.264+0000] {dag.py:4180} INFO - Setting next_dagrun for wine_pipeline to 2025-09-23 20:25:00+00:00, run_after=2025-09-23 20:30:00+00:00
[2025-09-23T20:29:07.284+0000] {processor.py:208} INFO - Processing /opt/airflow/dags/wine_pipeline.py took 1.661 seconds
[2025-09-23T20:29:37.683+0000] {processor.py:186} INFO - Started process (PID=879) to work on /opt/airflow/dags/wine_pipeline.py
[2025-09-23T20:29:37.685+0000] {processor.py:914} INFO - Processing file /opt/airflow/dags/wine_pipeline.py for tasks to queue
[2025-09-23T20:29:37.688+0000] {logging_mixin.py:190} INFO - [2025-09-23T20:29:37.687+0000] {dagbag.py:588} INFO - Filling up the DagBag from /opt/airflow/dags/wine_pipeline.py
[2025-09-23T20:29:38.975+0000] {processor.py:925} INFO - DAG(s) 'data_processing', 'wine_pipeline' retrieved from /opt/airflow/dags/wine_pipeline.py
[2025-09-23T20:29:39.114+0000] {logging_mixin.py:190} INFO - [2025-09-23T20:29:39.113+0000] {dag.py:3239} INFO - Sync 2 DAGs
[2025-09-23T20:29:39.143+0000] {logging_mixin.py:190} INFO - [2025-09-23T20:29:39.143+0000] {dag.py:4180} INFO - Setting next_dagrun for data_processing to 2025-09-23 20:20:00+00:00, run_after=2025-09-23 20:25:00+00:00
[2025-09-23T20:29:39.151+0000] {logging_mixin.py:190} INFO - [2025-09-23T20:29:39.150+0000] {dag.py:4180} INFO - Setting next_dagrun for wine_pipeline to 2025-09-23 20:25:00+00:00, run_after=2025-09-23 20:30:00+00:00
[2025-09-23T20:29:39.174+0000] {processor.py:208} INFO - Processing /opt/airflow/dags/wine_pipeline.py took 1.499 seconds
[2025-09-23T20:30:09.496+0000] {processor.py:186} INFO - Started process (PID=975) to work on /opt/airflow/dags/wine_pipeline.py
[2025-09-23T20:30:09.498+0000] {processor.py:914} INFO - Processing file /opt/airflow/dags/wine_pipeline.py for tasks to queue
[2025-09-23T20:30:09.502+0000] {logging_mixin.py:190} INFO - [2025-09-23T20:30:09.500+0000] {dagbag.py:588} INFO - Filling up the DagBag from /opt/airflow/dags/wine_pipeline.py
[2025-09-23T20:30:10.863+0000] {processor.py:925} INFO - DAG(s) 'data_processing', 'wine_pipeline' retrieved from /opt/airflow/dags/wine_pipeline.py
[2025-09-23T20:30:10.900+0000] {logging_mixin.py:190} INFO - [2025-09-23T20:30:10.899+0000] {dag.py:3239} INFO - Sync 2 DAGs
[2025-09-23T20:30:10.934+0000] {logging_mixin.py:190} INFO - [2025-09-23T20:30:10.934+0000] {dag.py:4180} INFO - Setting next_dagrun for data_processing to 2025-09-23 20:25:00+00:00, run_after=2025-09-23 20:30:00+00:00
[2025-09-23T20:30:10.944+0000] {logging_mixin.py:190} INFO - [2025-09-23T20:30:10.944+0000] {dag.py:4180} INFO - Setting next_dagrun for wine_pipeline to 2025-09-23 20:30:00+00:00, run_after=2025-09-23 20:35:00+00:00
[2025-09-23T20:30:10.970+0000] {processor.py:208} INFO - Processing /opt/airflow/dags/wine_pipeline.py took 1.481 seconds
[2025-09-23T20:30:41.426+0000] {processor.py:186} INFO - Started process (PID=1244) to work on /opt/airflow/dags/wine_pipeline.py
[2025-09-23T20:30:41.429+0000] {processor.py:914} INFO - Processing file /opt/airflow/dags/wine_pipeline.py for tasks to queue
[2025-09-23T20:30:41.432+0000] {logging_mixin.py:190} INFO - [2025-09-23T20:30:41.431+0000] {dagbag.py:588} INFO - Filling up the DagBag from /opt/airflow/dags/wine_pipeline.py
[2025-09-23T20:30:42.680+0000] {processor.py:925} INFO - DAG(s) 'data_processing', 'wine_pipeline' retrieved from /opt/airflow/dags/wine_pipeline.py
[2025-09-23T20:30:42.801+0000] {logging_mixin.py:190} INFO - [2025-09-23T20:30:42.801+0000] {dag.py:3239} INFO - Sync 2 DAGs
[2025-09-23T20:30:42.823+0000] {logging_mixin.py:190} INFO - [2025-09-23T20:30:42.823+0000] {dag.py:4180} INFO - Setting next_dagrun for data_processing to 2025-09-23 20:25:00+00:00, run_after=2025-09-23 20:30:00+00:00
[2025-09-23T20:30:42.829+0000] {logging_mixin.py:190} INFO - [2025-09-23T20:30:42.829+0000] {dag.py:4180} INFO - Setting next_dagrun for wine_pipeline to 2025-09-23 20:30:00+00:00, run_after=2025-09-23 20:35:00+00:00
[2025-09-23T20:30:42.846+0000] {processor.py:208} INFO - Processing /opt/airflow/dags/wine_pipeline.py took 1.428 seconds
[2025-09-23T20:31:13.182+0000] {processor.py:186} INFO - Started process (PID=1299) to work on /opt/airflow/dags/wine_pipeline.py
[2025-09-23T20:31:13.184+0000] {processor.py:914} INFO - Processing file /opt/airflow/dags/wine_pipeline.py for tasks to queue
[2025-09-23T20:31:13.189+0000] {logging_mixin.py:190} INFO - [2025-09-23T20:31:13.189+0000] {dagbag.py:588} INFO - Filling up the DagBag from /opt/airflow/dags/wine_pipeline.py
[2025-09-23T20:31:15.084+0000] {processor.py:925} INFO - DAG(s) 'data_processing', 'wine_pipeline' retrieved from /opt/airflow/dags/wine_pipeline.py
[2025-09-23T20:31:15.119+0000] {logging_mixin.py:190} INFO - [2025-09-23T20:31:15.119+0000] {dag.py:3239} INFO - Sync 2 DAGs
[2025-09-23T20:31:15.147+0000] {logging_mixin.py:190} INFO - [2025-09-23T20:31:15.146+0000] {dag.py:4180} INFO - Setting next_dagrun for data_processing to 2025-09-23 20:25:00+00:00, run_after=2025-09-23 20:30:00+00:00
[2025-09-23T20:31:15.155+0000] {logging_mixin.py:190} INFO - [2025-09-23T20:31:15.155+0000] {dag.py:4180} INFO - Setting next_dagrun for wine_pipeline to 2025-09-23 20:30:00+00:00, run_after=2025-09-23 20:35:00+00:00
[2025-09-23T20:31:15.176+0000] {processor.py:208} INFO - Processing /opt/airflow/dags/wine_pipeline.py took 2.009 seconds
[2025-09-23T20:31:45.658+0000] {processor.py:186} INFO - Started process (PID=1353) to work on /opt/airflow/dags/wine_pipeline.py
[2025-09-23T20:31:45.660+0000] {processor.py:914} INFO - Processing file /opt/airflow/dags/wine_pipeline.py for tasks to queue
[2025-09-23T20:31:45.670+0000] {logging_mixin.py:190} INFO - [2025-09-23T20:31:45.669+0000] {dagbag.py:588} INFO - Filling up the DagBag from /opt/airflow/dags/wine_pipeline.py
[2025-09-23T20:31:47.114+0000] {processor.py:925} INFO - DAG(s) 'wine_pipeline', 'data_processing' retrieved from /opt/airflow/dags/wine_pipeline.py
[2025-09-23T20:31:47.250+0000] {logging_mixin.py:190} INFO - [2025-09-23T20:31:47.250+0000] {dag.py:3239} INFO - Sync 2 DAGs
[2025-09-23T20:31:47.278+0000] {logging_mixin.py:190} INFO - [2025-09-23T20:31:47.278+0000] {dag.py:4180} INFO - Setting next_dagrun for data_processing to 2025-09-23 20:25:00+00:00, run_after=2025-09-23 20:30:00+00:00
[2025-09-23T20:31:47.285+0000] {logging_mixin.py:190} INFO - [2025-09-23T20:31:47.285+0000] {dag.py:4180} INFO - Setting next_dagrun for wine_pipeline to 2025-09-23 20:30:00+00:00, run_after=2025-09-23 20:35:00+00:00
[2025-09-23T20:31:47.316+0000] {processor.py:208} INFO - Processing /opt/airflow/dags/wine_pipeline.py took 1.670 seconds
[2025-09-23T20:32:17.669+0000] {processor.py:186} INFO - Started process (PID=1408) to work on /opt/airflow/dags/wine_pipeline.py
[2025-09-23T20:32:17.671+0000] {processor.py:914} INFO - Processing file /opt/airflow/dags/wine_pipeline.py for tasks to queue
[2025-09-23T20:32:17.675+0000] {logging_mixin.py:190} INFO - [2025-09-23T20:32:17.674+0000] {dagbag.py:588} INFO - Filling up the DagBag from /opt/airflow/dags/wine_pipeline.py
[2025-09-23T20:32:19.157+0000] {processor.py:925} INFO - DAG(s) 'wine_pipeline', 'data_processing' retrieved from /opt/airflow/dags/wine_pipeline.py
[2025-09-23T20:32:19.191+0000] {logging_mixin.py:190} INFO - [2025-09-23T20:32:19.191+0000] {dag.py:3239} INFO - Sync 2 DAGs
[2025-09-23T20:32:19.219+0000] {logging_mixin.py:190} INFO - [2025-09-23T20:32:19.218+0000] {dag.py:4180} INFO - Setting next_dagrun for data_processing to 2025-09-23 20:25:00+00:00, run_after=2025-09-23 20:30:00+00:00
[2025-09-23T20:32:19.225+0000] {logging_mixin.py:190} INFO - [2025-09-23T20:32:19.225+0000] {dag.py:4180} INFO - Setting next_dagrun for wine_pipeline to 2025-09-23 20:30:00+00:00, run_after=2025-09-23 20:35:00+00:00
[2025-09-23T20:32:19.249+0000] {processor.py:208} INFO - Processing /opt/airflow/dags/wine_pipeline.py took 1.588 seconds
[2025-09-23T20:32:49.725+0000] {processor.py:186} INFO - Started process (PID=1463) to work on /opt/airflow/dags/wine_pipeline.py
[2025-09-23T20:32:49.727+0000] {processor.py:914} INFO - Processing file /opt/airflow/dags/wine_pipeline.py for tasks to queue
[2025-09-23T20:32:49.730+0000] {logging_mixin.py:190} INFO - [2025-09-23T20:32:49.730+0000] {dagbag.py:588} INFO - Filling up the DagBag from /opt/airflow/dags/wine_pipeline.py
[2025-09-23T20:32:51.202+0000] {processor.py:925} INFO - DAG(s) 'wine_pipeline', 'data_processing' retrieved from /opt/airflow/dags/wine_pipeline.py
[2025-09-23T20:32:51.397+0000] {logging_mixin.py:190} INFO - [2025-09-23T20:32:51.397+0000] {dag.py:3239} INFO - Sync 2 DAGs
[2025-09-23T20:32:51.432+0000] {logging_mixin.py:190} INFO - [2025-09-23T20:32:51.431+0000] {dag.py:4180} INFO - Setting next_dagrun for data_processing to 2025-09-23 20:25:00+00:00, run_after=2025-09-23 20:30:00+00:00
[2025-09-23T20:32:51.445+0000] {logging_mixin.py:190} INFO - [2025-09-23T20:32:51.444+0000] {dag.py:4180} INFO - Setting next_dagrun for wine_pipeline to 2025-09-23 20:30:00+00:00, run_after=2025-09-23 20:35:00+00:00
[2025-09-23T20:32:51.470+0000] {processor.py:208} INFO - Processing /opt/airflow/dags/wine_pipeline.py took 1.754 seconds
[2025-09-23T20:33:21.745+0000] {processor.py:186} INFO - Started process (PID=1497) to work on /opt/airflow/dags/wine_pipeline.py
[2025-09-23T20:33:21.748+0000] {processor.py:914} INFO - Processing file /opt/airflow/dags/wine_pipeline.py for tasks to queue
[2025-09-23T20:33:21.754+0000] {logging_mixin.py:190} INFO - [2025-09-23T20:33:21.753+0000] {dagbag.py:588} INFO - Filling up the DagBag from /opt/airflow/dags/wine_pipeline.py
[2025-09-23T20:33:23.029+0000] {processor.py:925} INFO - DAG(s) 'wine_pipeline', 'data_processing' retrieved from /opt/airflow/dags/wine_pipeline.py
[2025-09-23T20:33:23.076+0000] {logging_mixin.py:190} INFO - [2025-09-23T20:33:23.076+0000] {dag.py:3239} INFO - Sync 2 DAGs
[2025-09-23T20:33:23.108+0000] {logging_mixin.py:190} INFO - [2025-09-23T20:33:23.108+0000] {dag.py:4180} INFO - Setting next_dagrun for data_processing to 2025-09-23 20:25:00+00:00, run_after=2025-09-23 20:30:00+00:00
[2025-09-23T20:33:23.116+0000] {logging_mixin.py:190} INFO - [2025-09-23T20:33:23.116+0000] {dag.py:4180} INFO - Setting next_dagrun for wine_pipeline to 2025-09-23 20:30:00+00:00, run_after=2025-09-23 20:35:00+00:00
[2025-09-23T20:33:23.146+0000] {processor.py:208} INFO - Processing /opt/airflow/dags/wine_pipeline.py took 1.409 seconds
[2025-09-23T20:33:53.538+0000] {processor.py:186} INFO - Started process (PID=1552) to work on /opt/airflow/dags/wine_pipeline.py
[2025-09-23T20:33:53.540+0000] {processor.py:914} INFO - Processing file /opt/airflow/dags/wine_pipeline.py for tasks to queue
[2025-09-23T20:33:53.546+0000] {logging_mixin.py:190} INFO - [2025-09-23T20:33:53.545+0000] {dagbag.py:588} INFO - Filling up the DagBag from /opt/airflow/dags/wine_pipeline.py
[2025-09-23T20:33:54.815+0000] {processor.py:925} INFO - DAG(s) 'wine_pipeline', 'data_processing' retrieved from /opt/airflow/dags/wine_pipeline.py
[2025-09-23T20:33:54.943+0000] {logging_mixin.py:190} INFO - [2025-09-23T20:33:54.943+0000] {dag.py:3239} INFO - Sync 2 DAGs
[2025-09-23T20:33:54.974+0000] {logging_mixin.py:190} INFO - [2025-09-23T20:33:54.974+0000] {dag.py:4180} INFO - Setting next_dagrun for data_processing to 2025-09-23 20:25:00+00:00, run_after=2025-09-23 20:30:00+00:00
[2025-09-23T20:33:54.981+0000] {logging_mixin.py:190} INFO - [2025-09-23T20:33:54.981+0000] {dag.py:4180} INFO - Setting next_dagrun for wine_pipeline to 2025-09-23 20:30:00+00:00, run_after=2025-09-23 20:35:00+00:00
[2025-09-23T20:33:55.002+0000] {processor.py:208} INFO - Processing /opt/airflow/dags/wine_pipeline.py took 1.474 seconds
[2025-09-23T20:34:25.301+0000] {processor.py:186} INFO - Started process (PID=1586) to work on /opt/airflow/dags/wine_pipeline.py
[2025-09-23T20:34:25.303+0000] {processor.py:914} INFO - Processing file /opt/airflow/dags/wine_pipeline.py for tasks to queue
[2025-09-23T20:34:25.306+0000] {logging_mixin.py:190} INFO - [2025-09-23T20:34:25.305+0000] {dagbag.py:588} INFO - Filling up the DagBag from /opt/airflow/dags/wine_pipeline.py
[2025-09-23T20:34:26.465+0000] {processor.py:925} INFO - DAG(s) 'wine_pipeline', 'data_processing' retrieved from /opt/airflow/dags/wine_pipeline.py
[2025-09-23T20:34:26.502+0000] {logging_mixin.py:190} INFO - [2025-09-23T20:34:26.502+0000] {dag.py:3239} INFO - Sync 2 DAGs
[2025-09-23T20:34:26.528+0000] {logging_mixin.py:190} INFO - [2025-09-23T20:34:26.528+0000] {dag.py:4180} INFO - Setting next_dagrun for data_processing to 2025-09-23 20:25:00+00:00, run_after=2025-09-23 20:30:00+00:00
[2025-09-23T20:34:26.539+0000] {logging_mixin.py:190} INFO - [2025-09-23T20:34:26.539+0000] {dag.py:4180} INFO - Setting next_dagrun for wine_pipeline to 2025-09-23 20:30:00+00:00, run_after=2025-09-23 20:35:00+00:00
[2025-09-23T20:34:26.565+0000] {processor.py:208} INFO - Processing /opt/airflow/dags/wine_pipeline.py took 1.271 seconds
[2025-09-23T20:34:56.965+0000] {processor.py:186} INFO - Started process (PID=1620) to work on /opt/airflow/dags/wine_pipeline.py
[2025-09-23T20:34:56.967+0000] {processor.py:914} INFO - Processing file /opt/airflow/dags/wine_pipeline.py for tasks to queue
[2025-09-23T20:34:56.971+0000] {logging_mixin.py:190} INFO - [2025-09-23T20:34:56.971+0000] {dagbag.py:588} INFO - Filling up the DagBag from /opt/airflow/dags/wine_pipeline.py
[2025-09-23T20:34:58.164+0000] {processor.py:925} INFO - DAG(s) 'data_processing', 'wine_pipeline' retrieved from /opt/airflow/dags/wine_pipeline.py
[2025-09-23T20:34:58.299+0000] {logging_mixin.py:190} INFO - [2025-09-23T20:34:58.299+0000] {dag.py:3239} INFO - Sync 2 DAGs
[2025-09-23T20:34:58.324+0000] {logging_mixin.py:190} INFO - [2025-09-23T20:34:58.324+0000] {dag.py:4180} INFO - Setting next_dagrun for data_processing to 2025-09-23 20:25:00+00:00, run_after=2025-09-23 20:30:00+00:00
[2025-09-23T20:34:58.330+0000] {logging_mixin.py:190} INFO - [2025-09-23T20:34:58.330+0000] {dag.py:4180} INFO - Setting next_dagrun for wine_pipeline to 2025-09-23 20:30:00+00:00, run_after=2025-09-23 20:35:00+00:00
[2025-09-23T20:34:58.349+0000] {processor.py:208} INFO - Processing /opt/airflow/dags/wine_pipeline.py took 1.392 seconds
[2025-09-23T20:35:28.649+0000] {processor.py:186} INFO - Started process (PID=1930) to work on /opt/airflow/dags/wine_pipeline.py
[2025-09-23T20:35:28.651+0000] {processor.py:914} INFO - Processing file /opt/airflow/dags/wine_pipeline.py for tasks to queue
[2025-09-23T20:35:28.656+0000] {logging_mixin.py:190} INFO - [2025-09-23T20:35:28.654+0000] {dagbag.py:588} INFO - Filling up the DagBag from /opt/airflow/dags/wine_pipeline.py
[2025-09-23T20:35:29.863+0000] {processor.py:925} INFO - DAG(s) 'data_processing', 'wine_pipeline' retrieved from /opt/airflow/dags/wine_pipeline.py
[2025-09-23T20:35:29.894+0000] {logging_mixin.py:190} INFO - [2025-09-23T20:35:29.894+0000] {dag.py:3239} INFO - Sync 2 DAGs
[2025-09-23T20:35:29.921+0000] {logging_mixin.py:190} INFO - [2025-09-23T20:35:29.921+0000] {dag.py:4180} INFO - Setting next_dagrun for data_processing to 2025-09-23 20:30:00+00:00, run_after=2025-09-23 20:35:00+00:00
[2025-09-23T20:35:29.927+0000] {logging_mixin.py:190} INFO - [2025-09-23T20:35:29.927+0000] {dag.py:4180} INFO - Setting next_dagrun for wine_pipeline to 2025-09-23 20:35:00+00:00, run_after=2025-09-23 20:40:00+00:00
[2025-09-23T20:35:29.955+0000] {processor.py:208} INFO - Processing /opt/airflow/dags/wine_pipeline.py took 1.314 seconds
[2025-09-23T20:36:00.313+0000] {processor.py:186} INFO - Started process (PID=1964) to work on /opt/airflow/dags/wine_pipeline.py
[2025-09-23T20:36:00.315+0000] {processor.py:914} INFO - Processing file /opt/airflow/dags/wine_pipeline.py for tasks to queue
[2025-09-23T20:36:00.319+0000] {logging_mixin.py:190} INFO - [2025-09-23T20:36:00.318+0000] {dagbag.py:588} INFO - Filling up the DagBag from /opt/airflow/dags/wine_pipeline.py
[2025-09-23T20:36:01.537+0000] {processor.py:925} INFO - DAG(s) 'data_processing', 'wine_pipeline' retrieved from /opt/airflow/dags/wine_pipeline.py
[2025-09-23T20:36:01.664+0000] {logging_mixin.py:190} INFO - [2025-09-23T20:36:01.664+0000] {dag.py:3239} INFO - Sync 2 DAGs
[2025-09-23T20:36:01.688+0000] {logging_mixin.py:190} INFO - [2025-09-23T20:36:01.687+0000] {dag.py:4180} INFO - Setting next_dagrun for data_processing to 2025-09-23 20:30:00+00:00, run_after=2025-09-23 20:35:00+00:00
[2025-09-23T20:36:01.694+0000] {logging_mixin.py:190} INFO - [2025-09-23T20:36:01.694+0000] {dag.py:4180} INFO - Setting next_dagrun for wine_pipeline to 2025-09-23 20:35:00+00:00, run_after=2025-09-23 20:40:00+00:00
[2025-09-23T20:36:01.711+0000] {processor.py:208} INFO - Processing /opt/airflow/dags/wine_pipeline.py took 1.407 seconds
[2025-09-23T20:36:32.050+0000] {processor.py:186} INFO - Started process (PID=2017) to work on /opt/airflow/dags/wine_pipeline.py
[2025-09-23T20:36:32.051+0000] {processor.py:914} INFO - Processing file /opt/airflow/dags/wine_pipeline.py for tasks to queue
[2025-09-23T20:36:32.054+0000] {logging_mixin.py:190} INFO - [2025-09-23T20:36:32.054+0000] {dagbag.py:588} INFO - Filling up the DagBag from /opt/airflow/dags/wine_pipeline.py
[2025-09-23T20:36:33.270+0000] {processor.py:925} INFO - DAG(s) 'data_processing', 'wine_pipeline' retrieved from /opt/airflow/dags/wine_pipeline.py
[2025-09-23T20:36:33.304+0000] {logging_mixin.py:190} INFO - [2025-09-23T20:36:33.304+0000] {dag.py:3239} INFO - Sync 2 DAGs
[2025-09-23T20:36:33.329+0000] {logging_mixin.py:190} INFO - [2025-09-23T20:36:33.329+0000] {dag.py:4180} INFO - Setting next_dagrun for data_processing to 2025-09-23 20:30:00+00:00, run_after=2025-09-23 20:35:00+00:00
[2025-09-23T20:36:33.335+0000] {logging_mixin.py:190} INFO - [2025-09-23T20:36:33.335+0000] {dag.py:4180} INFO - Setting next_dagrun for wine_pipeline to 2025-09-23 20:35:00+00:00, run_after=2025-09-23 20:40:00+00:00
[2025-09-23T20:36:33.358+0000] {processor.py:208} INFO - Processing /opt/airflow/dags/wine_pipeline.py took 1.316 seconds
[2025-09-23T20:37:03.723+0000] {processor.py:186} INFO - Started process (PID=2051) to work on /opt/airflow/dags/wine_pipeline.py
[2025-09-23T20:37:03.723+0000] {processor.py:914} INFO - Processing file /opt/airflow/dags/wine_pipeline.py for tasks to queue
[2025-09-23T20:37:03.728+0000] {logging_mixin.py:190} INFO - [2025-09-23T20:37:03.727+0000] {dagbag.py:588} INFO - Filling up the DagBag from /opt/airflow/dags/wine_pipeline.py
[2025-09-23T20:37:04.966+0000] {processor.py:925} INFO - DAG(s) 'data_processing', 'wine_pipeline' retrieved from /opt/airflow/dags/wine_pipeline.py
[2025-09-23T20:37:05.098+0000] {logging_mixin.py:190} INFO - [2025-09-23T20:37:05.098+0000] {dag.py:3239} INFO - Sync 2 DAGs
[2025-09-23T20:37:05.124+0000] {logging_mixin.py:190} INFO - [2025-09-23T20:37:05.124+0000] {dag.py:4180} INFO - Setting next_dagrun for data_processing to 2025-09-23 20:30:00+00:00, run_after=2025-09-23 20:35:00+00:00
[2025-09-23T20:37:05.131+0000] {logging_mixin.py:190} INFO - [2025-09-23T20:37:05.131+0000] {dag.py:4180} INFO - Setting next_dagrun for wine_pipeline to 2025-09-23 20:35:00+00:00, run_after=2025-09-23 20:40:00+00:00
[2025-09-23T20:37:05.155+0000] {processor.py:208} INFO - Processing /opt/airflow/dags/wine_pipeline.py took 1.441 seconds
[2025-09-23T20:37:35.473+0000] {processor.py:186} INFO - Started process (PID=2104) to work on /opt/airflow/dags/wine_pipeline.py
[2025-09-23T20:37:35.474+0000] {processor.py:914} INFO - Processing file /opt/airflow/dags/wine_pipeline.py for tasks to queue
[2025-09-23T20:37:35.478+0000] {logging_mixin.py:190} INFO - [2025-09-23T20:37:35.477+0000] {dagbag.py:588} INFO - Filling up the DagBag from /opt/airflow/dags/wine_pipeline.py
[2025-09-23T20:37:37.772+0000] {processor.py:925} INFO - DAG(s) 'wine_pipeline', 'data_processing' retrieved from /opt/airflow/dags/wine_pipeline.py
[2025-09-23T20:37:37.806+0000] {logging_mixin.py:190} INFO - [2025-09-23T20:37:37.806+0000] {dag.py:3239} INFO - Sync 2 DAGs
[2025-09-23T20:37:37.832+0000] {logging_mixin.py:190} INFO - [2025-09-23T20:37:37.832+0000] {dag.py:4180} INFO - Setting next_dagrun for data_processing to 2025-09-23 20:30:00+00:00, run_after=2025-09-23 20:35:00+00:00
[2025-09-23T20:37:37.840+0000] {logging_mixin.py:190} INFO - [2025-09-23T20:37:37.840+0000] {dag.py:4180} INFO - Setting next_dagrun for wine_pipeline to 2025-09-23 20:35:00+00:00, run_after=2025-09-23 20:40:00+00:00
[2025-09-23T20:37:37.865+0000] {processor.py:208} INFO - Processing /opt/airflow/dags/wine_pipeline.py took 2.399 seconds
[2025-09-23T20:38:08.223+0000] {processor.py:186} INFO - Started process (PID=2138) to work on /opt/airflow/dags/wine_pipeline.py
[2025-09-23T20:38:08.224+0000] {processor.py:914} INFO - Processing file /opt/airflow/dags/wine_pipeline.py for tasks to queue
[2025-09-23T20:38:08.227+0000] {logging_mixin.py:190} INFO - [2025-09-23T20:38:08.226+0000] {dagbag.py:588} INFO - Filling up the DagBag from /opt/airflow/dags/wine_pipeline.py
[2025-09-23T20:38:09.579+0000] {processor.py:925} INFO - DAG(s) 'wine_pipeline', 'data_processing' retrieved from /opt/airflow/dags/wine_pipeline.py
[2025-09-23T20:38:09.724+0000] {logging_mixin.py:190} INFO - [2025-09-23T20:38:09.723+0000] {dag.py:3239} INFO - Sync 2 DAGs
[2025-09-23T20:38:09.761+0000] {logging_mixin.py:190} INFO - [2025-09-23T20:38:09.760+0000] {dag.py:4180} INFO - Setting next_dagrun for data_processing to 2025-09-23 20:30:00+00:00, run_after=2025-09-23 20:35:00+00:00
[2025-09-23T20:38:09.769+0000] {logging_mixin.py:190} INFO - [2025-09-23T20:38:09.769+0000] {dag.py:4180} INFO - Setting next_dagrun for wine_pipeline to 2025-09-23 20:35:00+00:00, run_after=2025-09-23 20:40:00+00:00
[2025-09-23T20:38:09.799+0000] {processor.py:208} INFO - Processing /opt/airflow/dags/wine_pipeline.py took 1.584 seconds
[2025-09-23T20:38:40.109+0000] {processor.py:186} INFO - Started process (PID=2192) to work on /opt/airflow/dags/wine_pipeline.py
[2025-09-23T20:38:40.111+0000] {processor.py:914} INFO - Processing file /opt/airflow/dags/wine_pipeline.py for tasks to queue
[2025-09-23T20:38:40.114+0000] {logging_mixin.py:190} INFO - [2025-09-23T20:38:40.113+0000] {dagbag.py:588} INFO - Filling up the DagBag from /opt/airflow/dags/wine_pipeline.py
[2025-09-23T20:38:41.361+0000] {processor.py:925} INFO - DAG(s) 'wine_pipeline', 'data_processing' retrieved from /opt/airflow/dags/wine_pipeline.py
[2025-09-23T20:38:41.411+0000] {logging_mixin.py:190} INFO - [2025-09-23T20:38:41.411+0000] {dag.py:3239} INFO - Sync 2 DAGs
[2025-09-23T20:38:41.440+0000] {logging_mixin.py:190} INFO - [2025-09-23T20:38:41.440+0000] {dag.py:4180} INFO - Setting next_dagrun for data_processing to 2025-09-23 20:30:00+00:00, run_after=2025-09-23 20:35:00+00:00
[2025-09-23T20:38:41.447+0000] {logging_mixin.py:190} INFO - [2025-09-23T20:38:41.447+0000] {dag.py:4180} INFO - Setting next_dagrun for wine_pipeline to 2025-09-23 20:35:00+00:00, run_after=2025-09-23 20:40:00+00:00
[2025-09-23T20:38:41.469+0000] {processor.py:208} INFO - Processing /opt/airflow/dags/wine_pipeline.py took 1.368 seconds
[2025-09-23T20:39:11.869+0000] {processor.py:186} INFO - Started process (PID=2226) to work on /opt/airflow/dags/wine_pipeline.py
[2025-09-23T20:39:11.871+0000] {processor.py:914} INFO - Processing file /opt/airflow/dags/wine_pipeline.py for tasks to queue
[2025-09-23T20:39:11.876+0000] {logging_mixin.py:190} INFO - [2025-09-23T20:39:11.874+0000] {dagbag.py:588} INFO - Filling up the DagBag from /opt/airflow/dags/wine_pipeline.py
[2025-09-23T20:39:13.211+0000] {processor.py:925} INFO - DAG(s) 'data_processing', 'wine_pipeline' retrieved from /opt/airflow/dags/wine_pipeline.py
[2025-09-23T20:39:13.372+0000] {logging_mixin.py:190} INFO - [2025-09-23T20:39:13.372+0000] {dag.py:3239} INFO - Sync 2 DAGs
[2025-09-23T20:39:13.405+0000] {logging_mixin.py:190} INFO - [2025-09-23T20:39:13.404+0000] {dag.py:4180} INFO - Setting next_dagrun for data_processing to 2025-09-23 20:30:00+00:00, run_after=2025-09-23 20:35:00+00:00
[2025-09-23T20:39:13.413+0000] {logging_mixin.py:190} INFO - [2025-09-23T20:39:13.412+0000] {dag.py:4180} INFO - Setting next_dagrun for wine_pipeline to 2025-09-23 20:35:00+00:00, run_after=2025-09-23 20:40:00+00:00
[2025-09-23T20:39:13.434+0000] {processor.py:208} INFO - Processing /opt/airflow/dags/wine_pipeline.py took 1.577 seconds
[2025-09-23T20:39:43.767+0000] {processor.py:186} INFO - Started process (PID=2260) to work on /opt/airflow/dags/wine_pipeline.py
[2025-09-23T20:39:43.768+0000] {processor.py:914} INFO - Processing file /opt/airflow/dags/wine_pipeline.py for tasks to queue
[2025-09-23T20:39:43.772+0000] {logging_mixin.py:190} INFO - [2025-09-23T20:39:43.771+0000] {dagbag.py:588} INFO - Filling up the DagBag from /opt/airflow/dags/wine_pipeline.py
[2025-09-23T20:39:45.048+0000] {processor.py:925} INFO - DAG(s) 'data_processing', 'wine_pipeline' retrieved from /opt/airflow/dags/wine_pipeline.py
[2025-09-23T20:39:45.083+0000] {logging_mixin.py:190} INFO - [2025-09-23T20:39:45.082+0000] {dag.py:3239} INFO - Sync 2 DAGs
[2025-09-23T20:39:45.109+0000] {logging_mixin.py:190} INFO - [2025-09-23T20:39:45.108+0000] {dag.py:4180} INFO - Setting next_dagrun for data_processing to 2025-09-23 20:30:00+00:00, run_after=2025-09-23 20:35:00+00:00
[2025-09-23T20:39:45.116+0000] {logging_mixin.py:190} INFO - [2025-09-23T20:39:45.116+0000] {dag.py:4180} INFO - Setting next_dagrun for wine_pipeline to 2025-09-23 20:35:00+00:00, run_after=2025-09-23 20:40:00+00:00
[2025-09-23T20:39:45.140+0000] {processor.py:208} INFO - Processing /opt/airflow/dags/wine_pipeline.py took 1.383 seconds
[2025-09-23T20:40:15.506+0000] {processor.py:186} INFO - Started process (PID=2495) to work on /opt/airflow/dags/wine_pipeline.py
[2025-09-23T20:40:15.507+0000] {processor.py:914} INFO - Processing file /opt/airflow/dags/wine_pipeline.py for tasks to queue
[2025-09-23T20:40:15.510+0000] {logging_mixin.py:190} INFO - [2025-09-23T20:40:15.510+0000] {dagbag.py:588} INFO - Filling up the DagBag from /opt/airflow/dags/wine_pipeline.py
[2025-09-23T20:40:17.054+0000] {processor.py:925} INFO - DAG(s) 'wine_pipeline', 'data_processing' retrieved from /opt/airflow/dags/wine_pipeline.py
[2025-09-23T20:40:17.231+0000] {logging_mixin.py:190} INFO - [2025-09-23T20:40:17.230+0000] {dag.py:3239} INFO - Sync 2 DAGs
[2025-09-23T20:40:17.286+0000] {logging_mixin.py:190} INFO - [2025-09-23T20:40:17.286+0000] {dag.py:4180} INFO - Setting next_dagrun for data_processing to 2025-09-23 20:35:00+00:00, run_after=2025-09-23 20:40:00+00:00
[2025-09-23T20:40:17.295+0000] {logging_mixin.py:190} INFO - [2025-09-23T20:40:17.295+0000] {dag.py:4180} INFO - Setting next_dagrun for wine_pipeline to 2025-09-23 20:40:00+00:00, run_after=2025-09-23 20:45:00+00:00
[2025-09-23T20:40:17.319+0000] {processor.py:208} INFO - Processing /opt/airflow/dags/wine_pipeline.py took 1.823 seconds
[2025-09-23T20:40:47.635+0000] {processor.py:186} INFO - Started process (PID=2605) to work on /opt/airflow/dags/wine_pipeline.py
[2025-09-23T20:40:47.638+0000] {processor.py:914} INFO - Processing file /opt/airflow/dags/wine_pipeline.py for tasks to queue
[2025-09-23T20:40:47.642+0000] {logging_mixin.py:190} INFO - [2025-09-23T20:40:47.641+0000] {dagbag.py:588} INFO - Filling up the DagBag from /opt/airflow/dags/wine_pipeline.py
[2025-09-23T20:40:49.057+0000] {processor.py:925} INFO - DAG(s) 'data_processing', 'wine_pipeline' retrieved from /opt/airflow/dags/wine_pipeline.py
[2025-09-23T20:40:49.091+0000] {logging_mixin.py:190} INFO - [2025-09-23T20:40:49.091+0000] {dag.py:3239} INFO - Sync 2 DAGs
[2025-09-23T20:40:49.120+0000] {logging_mixin.py:190} INFO - [2025-09-23T20:40:49.120+0000] {dag.py:4180} INFO - Setting next_dagrun for data_processing to 2025-09-23 20:35:00+00:00, run_after=2025-09-23 20:40:00+00:00
[2025-09-23T20:40:49.131+0000] {logging_mixin.py:190} INFO - [2025-09-23T20:40:49.131+0000] {dag.py:4180} INFO - Setting next_dagrun for wine_pipeline to 2025-09-23 20:40:00+00:00, run_after=2025-09-23 20:45:00+00:00
[2025-09-23T20:40:49.156+0000] {processor.py:208} INFO - Processing /opt/airflow/dags/wine_pipeline.py took 1.531 seconds
[2025-09-23T20:41:19.523+0000] {processor.py:186} INFO - Started process (PID=2639) to work on /opt/airflow/dags/wine_pipeline.py
[2025-09-23T20:41:19.524+0000] {processor.py:914} INFO - Processing file /opt/airflow/dags/wine_pipeline.py for tasks to queue
[2025-09-23T20:41:19.527+0000] {logging_mixin.py:190} INFO - [2025-09-23T20:41:19.527+0000] {dagbag.py:588} INFO - Filling up the DagBag from /opt/airflow/dags/wine_pipeline.py
[2025-09-23T20:41:20.836+0000] {processor.py:925} INFO - DAG(s) 'wine_pipeline', 'data_processing' retrieved from /opt/airflow/dags/wine_pipeline.py
[2025-09-23T20:41:20.976+0000] {logging_mixin.py:190} INFO - [2025-09-23T20:41:20.975+0000] {dag.py:3239} INFO - Sync 2 DAGs
[2025-09-23T20:41:21.004+0000] {logging_mixin.py:190} INFO - [2025-09-23T20:41:21.004+0000] {dag.py:4180} INFO - Setting next_dagrun for data_processing to 2025-09-23 20:35:00+00:00, run_after=2025-09-23 20:40:00+00:00
[2025-09-23T20:41:21.010+0000] {logging_mixin.py:190} INFO - [2025-09-23T20:41:21.010+0000] {dag.py:4180} INFO - Setting next_dagrun for wine_pipeline to 2025-09-23 20:40:00+00:00, run_after=2025-09-23 20:45:00+00:00
[2025-09-23T20:41:21.034+0000] {processor.py:208} INFO - Processing /opt/airflow/dags/wine_pipeline.py took 1.520 seconds
[2025-09-23T20:41:51.384+0000] {processor.py:186} INFO - Started process (PID=2694) to work on /opt/airflow/dags/wine_pipeline.py
[2025-09-23T20:41:51.385+0000] {processor.py:914} INFO - Processing file /opt/airflow/dags/wine_pipeline.py for tasks to queue
[2025-09-23T20:41:51.389+0000] {logging_mixin.py:190} INFO - [2025-09-23T20:41:51.388+0000] {dagbag.py:588} INFO - Filling up the DagBag from /opt/airflow/dags/wine_pipeline.py
[2025-09-23T20:41:52.651+0000] {processor.py:925} INFO - DAG(s) 'wine_pipeline', 'data_processing' retrieved from /opt/airflow/dags/wine_pipeline.py
[2025-09-23T20:41:52.687+0000] {logging_mixin.py:190} INFO - [2025-09-23T20:41:52.686+0000] {dag.py:3239} INFO - Sync 2 DAGs
[2025-09-23T20:41:52.714+0000] {logging_mixin.py:190} INFO - [2025-09-23T20:41:52.713+0000] {dag.py:4180} INFO - Setting next_dagrun for data_processing to 2025-09-23 20:35:00+00:00, run_after=2025-09-23 20:40:00+00:00
[2025-09-23T20:41:52.720+0000] {logging_mixin.py:190} INFO - [2025-09-23T20:41:52.720+0000] {dag.py:4180} INFO - Setting next_dagrun for wine_pipeline to 2025-09-23 20:40:00+00:00, run_after=2025-09-23 20:45:00+00:00
[2025-09-23T20:41:52.744+0000] {processor.py:208} INFO - Processing /opt/airflow/dags/wine_pipeline.py took 1.369 seconds
[2025-09-23T20:42:23.191+0000] {processor.py:186} INFO - Started process (PID=2728) to work on /opt/airflow/dags/wine_pipeline.py
[2025-09-23T20:42:23.193+0000] {processor.py:914} INFO - Processing file /opt/airflow/dags/wine_pipeline.py for tasks to queue
[2025-09-23T20:42:23.197+0000] {logging_mixin.py:190} INFO - [2025-09-23T20:42:23.197+0000] {dagbag.py:588} INFO - Filling up the DagBag from /opt/airflow/dags/wine_pipeline.py
[2025-09-23T20:42:24.464+0000] {processor.py:925} INFO - DAG(s) 'wine_pipeline', 'data_processing' retrieved from /opt/airflow/dags/wine_pipeline.py
[2025-09-23T20:42:24.607+0000] {logging_mixin.py:190} INFO - [2025-09-23T20:42:24.606+0000] {dag.py:3239} INFO - Sync 2 DAGs
[2025-09-23T20:42:24.638+0000] {logging_mixin.py:190} INFO - [2025-09-23T20:42:24.638+0000] {dag.py:4180} INFO - Setting next_dagrun for data_processing to 2025-09-23 20:35:00+00:00, run_after=2025-09-23 20:40:00+00:00
[2025-09-23T20:42:24.647+0000] {logging_mixin.py:190} INFO - [2025-09-23T20:42:24.647+0000] {dag.py:4180} INFO - Setting next_dagrun for wine_pipeline to 2025-09-23 20:40:00+00:00, run_after=2025-09-23 20:45:00+00:00
[2025-09-23T20:42:24.669+0000] {processor.py:208} INFO - Processing /opt/airflow/dags/wine_pipeline.py took 1.489 seconds
[2025-09-23T20:42:54.987+0000] {processor.py:186} INFO - Started process (PID=2782) to work on /opt/airflow/dags/wine_pipeline.py
[2025-09-23T20:42:54.988+0000] {processor.py:914} INFO - Processing file /opt/airflow/dags/wine_pipeline.py for tasks to queue
[2025-09-23T20:42:54.991+0000] {logging_mixin.py:190} INFO - [2025-09-23T20:42:54.991+0000] {dagbag.py:588} INFO - Filling up the DagBag from /opt/airflow/dags/wine_pipeline.py
[2025-09-23T20:42:56.430+0000] {processor.py:925} INFO - DAG(s) 'data_processing', 'wine_pipeline' retrieved from /opt/airflow/dags/wine_pipeline.py
[2025-09-23T20:42:56.471+0000] {logging_mixin.py:190} INFO - [2025-09-23T20:42:56.471+0000] {dag.py:3239} INFO - Sync 2 DAGs
[2025-09-23T20:42:56.505+0000] {logging_mixin.py:190} INFO - [2025-09-23T20:42:56.505+0000] {dag.py:4180} INFO - Setting next_dagrun for data_processing to 2025-09-23 20:35:00+00:00, run_after=2025-09-23 20:40:00+00:00
[2025-09-23T20:42:56.516+0000] {logging_mixin.py:190} INFO - [2025-09-23T20:42:56.515+0000] {dag.py:4180} INFO - Setting next_dagrun for wine_pipeline to 2025-09-23 20:40:00+00:00, run_after=2025-09-23 20:45:00+00:00
[2025-09-23T20:42:56.547+0000] {processor.py:208} INFO - Processing /opt/airflow/dags/wine_pipeline.py took 1.569 seconds
[2025-09-23T20:43:26.945+0000] {processor.py:186} INFO - Started process (PID=2816) to work on /opt/airflow/dags/wine_pipeline.py
[2025-09-23T20:43:26.946+0000] {processor.py:914} INFO - Processing file /opt/airflow/dags/wine_pipeline.py for tasks to queue
[2025-09-23T20:43:26.950+0000] {logging_mixin.py:190} INFO - [2025-09-23T20:43:26.949+0000] {dagbag.py:588} INFO - Filling up the DagBag from /opt/airflow/dags/wine_pipeline.py
[2025-09-23T20:43:28.273+0000] {processor.py:925} INFO - DAG(s) 'wine_pipeline', 'data_processing' retrieved from /opt/airflow/dags/wine_pipeline.py
[2025-09-23T20:43:28.418+0000] {logging_mixin.py:190} INFO - [2025-09-23T20:43:28.418+0000] {dag.py:3239} INFO - Sync 2 DAGs
[2025-09-23T20:43:28.448+0000] {logging_mixin.py:190} INFO - [2025-09-23T20:43:28.448+0000] {dag.py:4180} INFO - Setting next_dagrun for data_processing to 2025-09-23 20:35:00+00:00, run_after=2025-09-23 20:40:00+00:00
[2025-09-23T20:43:28.454+0000] {logging_mixin.py:190} INFO - [2025-09-23T20:43:28.454+0000] {dag.py:4180} INFO - Setting next_dagrun for wine_pipeline to 2025-09-23 20:40:00+00:00, run_after=2025-09-23 20:45:00+00:00
[2025-09-23T20:43:28.480+0000] {processor.py:208} INFO - Processing /opt/airflow/dags/wine_pipeline.py took 1.545 seconds
[2025-09-23T20:43:58.805+0000] {processor.py:186} INFO - Started process (PID=2871) to work on /opt/airflow/dags/wine_pipeline.py
[2025-09-23T20:43:58.806+0000] {processor.py:914} INFO - Processing file /opt/airflow/dags/wine_pipeline.py for tasks to queue
[2025-09-23T20:43:58.811+0000] {logging_mixin.py:190} INFO - [2025-09-23T20:43:58.810+0000] {dagbag.py:588} INFO - Filling up the DagBag from /opt/airflow/dags/wine_pipeline.py
[2025-09-23T20:44:00.137+0000] {processor.py:925} INFO - DAG(s) 'data_processing', 'wine_pipeline' retrieved from /opt/airflow/dags/wine_pipeline.py
[2025-09-23T20:44:00.176+0000] {logging_mixin.py:190} INFO - [2025-09-23T20:44:00.175+0000] {dag.py:3239} INFO - Sync 2 DAGs
[2025-09-23T20:44:00.203+0000] {logging_mixin.py:190} INFO - [2025-09-23T20:44:00.203+0000] {dag.py:4180} INFO - Setting next_dagrun for data_processing to 2025-09-23 20:35:00+00:00, run_after=2025-09-23 20:40:00+00:00
[2025-09-23T20:44:00.209+0000] {logging_mixin.py:190} INFO - [2025-09-23T20:44:00.209+0000] {dag.py:4180} INFO - Setting next_dagrun for wine_pipeline to 2025-09-23 20:40:00+00:00, run_after=2025-09-23 20:45:00+00:00
[2025-09-23T20:44:00.235+0000] {processor.py:208} INFO - Processing /opt/airflow/dags/wine_pipeline.py took 1.439 seconds
[2025-09-23T20:44:30.623+0000] {processor.py:186} INFO - Started process (PID=2905) to work on /opt/airflow/dags/wine_pipeline.py
[2025-09-23T20:44:30.624+0000] {processor.py:914} INFO - Processing file /opt/airflow/dags/wine_pipeline.py for tasks to queue
[2025-09-23T20:44:30.628+0000] {logging_mixin.py:190} INFO - [2025-09-23T20:44:30.628+0000] {dagbag.py:588} INFO - Filling up the DagBag from /opt/airflow/dags/wine_pipeline.py
[2025-09-23T20:44:31.927+0000] {processor.py:925} INFO - DAG(s) 'wine_pipeline', 'data_processing' retrieved from /opt/airflow/dags/wine_pipeline.py
[2025-09-23T20:44:32.084+0000] {logging_mixin.py:190} INFO - [2025-09-23T20:44:32.083+0000] {dag.py:3239} INFO - Sync 2 DAGs
[2025-09-23T20:44:32.109+0000] {logging_mixin.py:190} INFO - [2025-09-23T20:44:32.109+0000] {dag.py:4180} INFO - Setting next_dagrun for data_processing to 2025-09-23 20:35:00+00:00, run_after=2025-09-23 20:40:00+00:00
[2025-09-23T20:44:32.117+0000] {logging_mixin.py:190} INFO - [2025-09-23T20:44:32.117+0000] {dag.py:4180} INFO - Setting next_dagrun for wine_pipeline to 2025-09-23 20:40:00+00:00, run_after=2025-09-23 20:45:00+00:00
[2025-09-23T20:44:32.143+0000] {processor.py:208} INFO - Processing /opt/airflow/dags/wine_pipeline.py took 1.529 seconds
[2025-09-23T20:45:02.455+0000] {processor.py:186} INFO - Started process (PID=2950) to work on /opt/airflow/dags/wine_pipeline.py
[2025-09-23T20:45:02.457+0000] {processor.py:914} INFO - Processing file /opt/airflow/dags/wine_pipeline.py for tasks to queue
[2025-09-23T20:45:02.462+0000] {logging_mixin.py:190} INFO - [2025-09-23T20:45:02.461+0000] {dagbag.py:588} INFO - Filling up the DagBag from /opt/airflow/dags/wine_pipeline.py
[2025-09-23T20:45:03.929+0000] {processor.py:925} INFO - DAG(s) 'wine_pipeline', 'data_processing' retrieved from /opt/airflow/dags/wine_pipeline.py
[2025-09-23T20:45:03.969+0000] {logging_mixin.py:190} INFO - [2025-09-23T20:45:03.969+0000] {dag.py:3239} INFO - Sync 2 DAGs
[2025-09-23T20:45:03.997+0000] {logging_mixin.py:190} INFO - [2025-09-23T20:45:03.997+0000] {dag.py:4180} INFO - Setting next_dagrun for data_processing to 2025-09-23 20:40:00+00:00, run_after=2025-09-23 20:45:00+00:00
[2025-09-23T20:45:04.004+0000] {logging_mixin.py:190} INFO - [2025-09-23T20:45:04.004+0000] {dag.py:4180} INFO - Setting next_dagrun for wine_pipeline to 2025-09-23 20:45:00+00:00, run_after=2025-09-23 20:50:00+00:00
[2025-09-23T20:45:04.031+0000] {processor.py:208} INFO - Processing /opt/airflow/dags/wine_pipeline.py took 1.585 seconds
[2025-09-23T20:45:34.413+0000] {processor.py:186} INFO - Started process (PID=3250) to work on /opt/airflow/dags/wine_pipeline.py
[2025-09-23T20:45:34.414+0000] {processor.py:914} INFO - Processing file /opt/airflow/dags/wine_pipeline.py for tasks to queue
[2025-09-23T20:45:34.417+0000] {logging_mixin.py:190} INFO - [2025-09-23T20:45:34.417+0000] {dagbag.py:588} INFO - Filling up the DagBag from /opt/airflow/dags/wine_pipeline.py
[2025-09-23T20:45:35.718+0000] {processor.py:925} INFO - DAG(s) 'data_processing', 'wine_pipeline' retrieved from /opt/airflow/dags/wine_pipeline.py
[2025-09-23T20:45:35.868+0000] {logging_mixin.py:190} INFO - [2025-09-23T20:45:35.868+0000] {dag.py:3239} INFO - Sync 2 DAGs
[2025-09-23T20:45:35.902+0000] {logging_mixin.py:190} INFO - [2025-09-23T20:45:35.902+0000] {dag.py:4180} INFO - Setting next_dagrun for data_processing to 2025-09-23 20:40:00+00:00, run_after=2025-09-23 20:45:00+00:00
[2025-09-23T20:45:35.908+0000] {logging_mixin.py:190} INFO - [2025-09-23T20:45:35.908+0000] {dag.py:4180} INFO - Setting next_dagrun for wine_pipeline to 2025-09-23 20:45:00+00:00, run_after=2025-09-23 20:50:00+00:00
[2025-09-23T20:45:35.929+0000] {processor.py:208} INFO - Processing /opt/airflow/dags/wine_pipeline.py took 1.526 seconds
[2025-09-23T20:46:06.268+0000] {processor.py:186} INFO - Started process (PID=3284) to work on /opt/airflow/dags/wine_pipeline.py
[2025-09-23T20:46:06.270+0000] {processor.py:914} INFO - Processing file /opt/airflow/dags/wine_pipeline.py for tasks to queue
[2025-09-23T20:46:06.278+0000] {logging_mixin.py:190} INFO - [2025-09-23T20:46:06.277+0000] {dagbag.py:588} INFO - Filling up the DagBag from /opt/airflow/dags/wine_pipeline.py
[2025-09-23T20:46:07.554+0000] {processor.py:925} INFO - DAG(s) 'wine_pipeline', 'data_processing' retrieved from /opt/airflow/dags/wine_pipeline.py
[2025-09-23T20:46:07.587+0000] {logging_mixin.py:190} INFO - [2025-09-23T20:46:07.587+0000] {dag.py:3239} INFO - Sync 2 DAGs
[2025-09-23T20:46:07.615+0000] {logging_mixin.py:190} INFO - [2025-09-23T20:46:07.615+0000] {dag.py:4180} INFO - Setting next_dagrun for data_processing to 2025-09-23 20:40:00+00:00, run_after=2025-09-23 20:45:00+00:00
[2025-09-23T20:46:07.622+0000] {logging_mixin.py:190} INFO - [2025-09-23T20:46:07.622+0000] {dag.py:4180} INFO - Setting next_dagrun for wine_pipeline to 2025-09-23 20:45:00+00:00, run_after=2025-09-23 20:50:00+00:00
[2025-09-23T20:46:07.646+0000] {processor.py:208} INFO - Processing /opt/airflow/dags/wine_pipeline.py took 1.393 seconds
[2025-09-23T20:46:37.997+0000] {processor.py:186} INFO - Started process (PID=3340) to work on /opt/airflow/dags/wine_pipeline.py
[2025-09-23T20:46:37.998+0000] {processor.py:914} INFO - Processing file /opt/airflow/dags/wine_pipeline.py for tasks to queue
[2025-09-23T20:46:38.001+0000] {logging_mixin.py:190} INFO - [2025-09-23T20:46:38.001+0000] {dagbag.py:588} INFO - Filling up the DagBag from /opt/airflow/dags/wine_pipeline.py
[2025-09-23T20:46:39.319+0000] {processor.py:925} INFO - DAG(s) 'data_processing', 'wine_pipeline' retrieved from /opt/airflow/dags/wine_pipeline.py
[2025-09-23T20:46:39.457+0000] {logging_mixin.py:190} INFO - [2025-09-23T20:46:39.457+0000] {dag.py:3239} INFO - Sync 2 DAGs
[2025-09-23T20:46:39.484+0000] {logging_mixin.py:190} INFO - [2025-09-23T20:46:39.484+0000] {dag.py:4180} INFO - Setting next_dagrun for data_processing to 2025-09-23 20:40:00+00:00, run_after=2025-09-23 20:45:00+00:00
[2025-09-23T20:46:39.490+0000] {logging_mixin.py:190} INFO - [2025-09-23T20:46:39.490+0000] {dag.py:4180} INFO - Setting next_dagrun for wine_pipeline to 2025-09-23 20:45:00+00:00, run_after=2025-09-23 20:50:00+00:00
[2025-09-23T20:46:39.513+0000] {processor.py:208} INFO - Processing /opt/airflow/dags/wine_pipeline.py took 1.524 seconds
[2025-09-23T20:47:09.830+0000] {processor.py:186} INFO - Started process (PID=3374) to work on /opt/airflow/dags/wine_pipeline.py
[2025-09-23T20:47:09.831+0000] {processor.py:914} INFO - Processing file /opt/airflow/dags/wine_pipeline.py for tasks to queue
[2025-09-23T20:47:09.835+0000] {logging_mixin.py:190} INFO - [2025-09-23T20:47:09.834+0000] {dagbag.py:588} INFO - Filling up the DagBag from /opt/airflow/dags/wine_pipeline.py
[2025-09-23T20:47:11.108+0000] {processor.py:925} INFO - DAG(s) 'wine_pipeline', 'data_processing' retrieved from /opt/airflow/dags/wine_pipeline.py
[2025-09-23T20:47:11.147+0000] {logging_mixin.py:190} INFO - [2025-09-23T20:47:11.146+0000] {dag.py:3239} INFO - Sync 2 DAGs
[2025-09-23T20:47:11.175+0000] {logging_mixin.py:190} INFO - [2025-09-23T20:47:11.174+0000] {dag.py:4180} INFO - Setting next_dagrun for data_processing to 2025-09-23 20:40:00+00:00, run_after=2025-09-23 20:45:00+00:00
[2025-09-23T20:47:11.182+0000] {logging_mixin.py:190} INFO - [2025-09-23T20:47:11.182+0000] {dag.py:4180} INFO - Setting next_dagrun for wine_pipeline to 2025-09-23 20:45:00+00:00, run_after=2025-09-23 20:50:00+00:00
[2025-09-23T20:47:11.205+0000] {processor.py:208} INFO - Processing /opt/airflow/dags/wine_pipeline.py took 1.385 seconds
[2025-09-23T20:47:41.594+0000] {processor.py:186} INFO - Started process (PID=3427) to work on /opt/airflow/dags/wine_pipeline.py
[2025-09-23T20:47:41.597+0000] {processor.py:914} INFO - Processing file /opt/airflow/dags/wine_pipeline.py for tasks to queue
[2025-09-23T20:47:41.601+0000] {logging_mixin.py:190} INFO - [2025-09-23T20:47:41.600+0000] {dagbag.py:588} INFO - Filling up the DagBag from /opt/airflow/dags/wine_pipeline.py
[2025-09-23T20:47:42.933+0000] {processor.py:925} INFO - DAG(s) 'wine_pipeline', 'data_processing' retrieved from /opt/airflow/dags/wine_pipeline.py
[2025-09-23T20:47:43.101+0000] {logging_mixin.py:190} INFO - [2025-09-23T20:47:43.100+0000] {dag.py:3239} INFO - Sync 2 DAGs
[2025-09-23T20:47:43.128+0000] {logging_mixin.py:190} INFO - [2025-09-23T20:47:43.128+0000] {dag.py:4180} INFO - Setting next_dagrun for data_processing to 2025-09-23 20:40:00+00:00, run_after=2025-09-23 20:45:00+00:00
[2025-09-23T20:47:43.139+0000] {logging_mixin.py:190} INFO - [2025-09-23T20:47:43.139+0000] {dag.py:4180} INFO - Setting next_dagrun for wine_pipeline to 2025-09-23 20:45:00+00:00, run_after=2025-09-23 20:50:00+00:00
[2025-09-23T20:47:43.172+0000] {processor.py:208} INFO - Processing /opt/airflow/dags/wine_pipeline.py took 1.588 seconds
[2025-09-23T20:48:13.503+0000] {processor.py:186} INFO - Started process (PID=3461) to work on /opt/airflow/dags/wine_pipeline.py
[2025-09-23T20:48:13.505+0000] {processor.py:914} INFO - Processing file /opt/airflow/dags/wine_pipeline.py for tasks to queue
[2025-09-23T20:48:13.511+0000] {logging_mixin.py:190} INFO - [2025-09-23T20:48:13.511+0000] {dagbag.py:588} INFO - Filling up the DagBag from /opt/airflow/dags/wine_pipeline.py
[2025-09-23T20:48:14.708+0000] {processor.py:925} INFO - DAG(s) 'data_processing', 'wine_pipeline' retrieved from /opt/airflow/dags/wine_pipeline.py
[2025-09-23T20:48:14.740+0000] {logging_mixin.py:190} INFO - [2025-09-23T20:48:14.740+0000] {dag.py:3239} INFO - Sync 2 DAGs
[2025-09-23T20:48:14.765+0000] {logging_mixin.py:190} INFO - [2025-09-23T20:48:14.765+0000] {dag.py:4180} INFO - Setting next_dagrun for data_processing to 2025-09-23 20:40:00+00:00, run_after=2025-09-23 20:45:00+00:00
[2025-09-23T20:48:14.773+0000] {logging_mixin.py:190} INFO - [2025-09-23T20:48:14.773+0000] {dag.py:4180} INFO - Setting next_dagrun for wine_pipeline to 2025-09-23 20:45:00+00:00, run_after=2025-09-23 20:50:00+00:00
[2025-09-23T20:48:14.794+0000] {processor.py:208} INFO - Processing /opt/airflow/dags/wine_pipeline.py took 1.300 seconds
[2025-09-23T20:48:45.173+0000] {processor.py:186} INFO - Started process (PID=3516) to work on /opt/airflow/dags/wine_pipeline.py
[2025-09-23T20:48:45.174+0000] {processor.py:914} INFO - Processing file /opt/airflow/dags/wine_pipeline.py for tasks to queue
[2025-09-23T20:48:45.177+0000] {logging_mixin.py:190} INFO - [2025-09-23T20:48:45.176+0000] {dagbag.py:588} INFO - Filling up the DagBag from /opt/airflow/dags/wine_pipeline.py
[2025-09-23T20:48:46.577+0000] {processor.py:925} INFO - DAG(s) 'data_processing', 'wine_pipeline' retrieved from /opt/airflow/dags/wine_pipeline.py
[2025-09-23T20:48:46.723+0000] {logging_mixin.py:190} INFO - [2025-09-23T20:48:46.723+0000] {dag.py:3239} INFO - Sync 2 DAGs
[2025-09-23T20:48:46.751+0000] {logging_mixin.py:190} INFO - [2025-09-23T20:48:46.750+0000] {dag.py:4180} INFO - Setting next_dagrun for data_processing to 2025-09-23 20:40:00+00:00, run_after=2025-09-23 20:45:00+00:00
[2025-09-23T20:48:46.757+0000] {logging_mixin.py:190} INFO - [2025-09-23T20:48:46.757+0000] {dag.py:4180} INFO - Setting next_dagrun for wine_pipeline to 2025-09-23 20:45:00+00:00, run_after=2025-09-23 20:50:00+00:00
[2025-09-23T20:48:46.782+0000] {processor.py:208} INFO - Processing /opt/airflow/dags/wine_pipeline.py took 1.618 seconds
[2025-09-23T20:51:35.172+0000] {processor.py:186} INFO - Started process (PID=166) to work on /opt/airflow/dags/wine_pipeline.py
[2025-09-23T20:51:35.174+0000] {processor.py:914} INFO - Processing file /opt/airflow/dags/wine_pipeline.py for tasks to queue
[2025-09-23T20:51:35.178+0000] {logging_mixin.py:190} INFO - [2025-09-23T20:51:35.177+0000] {dagbag.py:588} INFO - Filling up the DagBag from /opt/airflow/dags/wine_pipeline.py
[2025-09-23T20:51:38.180+0000] {processor.py:925} INFO - DAG(s) 'data_processing', 'wine_pipeline' retrieved from /opt/airflow/dags/wine_pipeline.py
[2025-09-23T20:51:38.276+0000] {logging_mixin.py:190} INFO - [2025-09-23T20:51:38.275+0000] {dag.py:3239} INFO - Sync 2 DAGs
[2025-09-23T20:51:38.325+0000] {logging_mixin.py:190} INFO - [2025-09-23T20:51:38.325+0000] {dag.py:4180} INFO - Setting next_dagrun for data_processing to 2025-09-23 20:45:00+00:00, run_after=2025-09-23 20:50:00+00:00
[2025-09-23T20:51:38.339+0000] {logging_mixin.py:190} INFO - [2025-09-23T20:51:38.339+0000] {dag.py:4180} INFO - Setting next_dagrun for wine_pipeline to 2025-09-23 20:50:00+00:00, run_after=2025-09-23 20:55:00+00:00
[2025-09-23T20:51:38.368+0000] {processor.py:208} INFO - Processing /opt/airflow/dags/wine_pipeline.py took 3.204 seconds
[2025-09-23T20:52:08.647+0000] {processor.py:186} INFO - Started process (PID=498) to work on /opt/airflow/dags/wine_pipeline.py
[2025-09-23T20:52:08.653+0000] {processor.py:914} INFO - Processing file /opt/airflow/dags/wine_pipeline.py for tasks to queue
[2025-09-23T20:52:08.664+0000] {logging_mixin.py:190} INFO - [2025-09-23T20:52:08.661+0000] {dagbag.py:588} INFO - Filling up the DagBag from /opt/airflow/dags/wine_pipeline.py
[2025-09-23T20:52:10.619+0000] {processor.py:925} INFO - DAG(s) 'wine_pipeline', 'data_processing' retrieved from /opt/airflow/dags/wine_pipeline.py
[2025-09-23T20:52:10.846+0000] {logging_mixin.py:190} INFO - [2025-09-23T20:52:10.846+0000] {dag.py:3239} INFO - Sync 2 DAGs
[2025-09-23T20:52:10.896+0000] {logging_mixin.py:190} INFO - [2025-09-23T20:52:10.896+0000] {dag.py:4180} INFO - Setting next_dagrun for data_processing to 2025-09-23 20:45:00+00:00, run_after=2025-09-23 20:50:00+00:00
[2025-09-23T20:52:10.908+0000] {logging_mixin.py:190} INFO - [2025-09-23T20:52:10.907+0000] {dag.py:4180} INFO - Setting next_dagrun for wine_pipeline to 2025-09-23 20:50:00+00:00, run_after=2025-09-23 20:55:00+00:00
[2025-09-23T20:52:10.948+0000] {processor.py:208} INFO - Processing /opt/airflow/dags/wine_pipeline.py took 2.324 seconds
[2025-09-23T20:52:41.607+0000] {processor.py:186} INFO - Started process (PID=535) to work on /opt/airflow/dags/wine_pipeline.py
[2025-09-23T20:52:41.609+0000] {processor.py:914} INFO - Processing file /opt/airflow/dags/wine_pipeline.py for tasks to queue
[2025-09-23T20:52:41.616+0000] {logging_mixin.py:190} INFO - [2025-09-23T20:52:41.616+0000] {dagbag.py:588} INFO - Filling up the DagBag from /opt/airflow/dags/wine_pipeline.py
[2025-09-23T20:52:42.838+0000] {processor.py:925} INFO - DAG(s) 'data_processing', 'wine_pipeline' retrieved from /opt/airflow/dags/wine_pipeline.py
[2025-09-23T20:52:42.875+0000] {logging_mixin.py:190} INFO - [2025-09-23T20:52:42.874+0000] {dag.py:3239} INFO - Sync 2 DAGs
[2025-09-23T20:52:42.901+0000] {logging_mixin.py:190} INFO - [2025-09-23T20:52:42.901+0000] {dag.py:4180} INFO - Setting next_dagrun for data_processing to 2025-09-23 20:45:00+00:00, run_after=2025-09-23 20:50:00+00:00
[2025-09-23T20:52:42.907+0000] {logging_mixin.py:190} INFO - [2025-09-23T20:52:42.907+0000] {dag.py:4180} INFO - Setting next_dagrun for wine_pipeline to 2025-09-23 20:50:00+00:00, run_after=2025-09-23 20:55:00+00:00
[2025-09-23T20:52:42.926+0000] {processor.py:208} INFO - Processing /opt/airflow/dags/wine_pipeline.py took 1.334 seconds
[2025-09-23T20:53:13.015+0000] {processor.py:186} INFO - Started process (PID=608) to work on /opt/airflow/dags/wine_pipeline.py
[2025-09-23T20:53:13.016+0000] {processor.py:914} INFO - Processing file /opt/airflow/dags/wine_pipeline.py for tasks to queue
[2025-09-23T20:53:13.019+0000] {logging_mixin.py:190} INFO - [2025-09-23T20:53:13.019+0000] {dagbag.py:588} INFO - Filling up the DagBag from /opt/airflow/dags/wine_pipeline.py
[2025-09-23T20:53:14.807+0000] {processor.py:925} INFO - DAG(s) 'data_processing', 'wine_pipeline' retrieved from /opt/airflow/dags/wine_pipeline.py
[2025-09-23T20:53:15.127+0000] {logging_mixin.py:190} INFO - [2025-09-23T20:53:15.126+0000] {dag.py:3239} INFO - Sync 2 DAGs
[2025-09-23T20:53:15.226+0000] {logging_mixin.py:190} INFO - [2025-09-23T20:53:15.225+0000] {dag.py:4180} INFO - Setting next_dagrun for data_processing to 2025-09-23 20:45:00+00:00, run_after=2025-09-23 20:50:00+00:00
[2025-09-23T20:53:15.276+0000] {logging_mixin.py:190} INFO - [2025-09-23T20:53:15.276+0000] {dag.py:4180} INFO - Setting next_dagrun for wine_pipeline to 2025-09-23 20:50:00+00:00, run_after=2025-09-23 20:55:00+00:00
[2025-09-23T20:53:15.337+0000] {processor.py:208} INFO - Processing /opt/airflow/dags/wine_pipeline.py took 2.332 seconds
[2025-09-23T20:53:45.907+0000] {processor.py:186} INFO - Started process (PID=645) to work on /opt/airflow/dags/wine_pipeline.py
[2025-09-23T20:53:45.909+0000] {processor.py:914} INFO - Processing file /opt/airflow/dags/wine_pipeline.py for tasks to queue
[2025-09-23T20:53:45.912+0000] {logging_mixin.py:190} INFO - [2025-09-23T20:53:45.911+0000] {dagbag.py:588} INFO - Filling up the DagBag from /opt/airflow/dags/wine_pipeline.py
[2025-09-23T20:53:47.239+0000] {processor.py:925} INFO - DAG(s) 'wine_pipeline', 'data_processing' retrieved from /opt/airflow/dags/wine_pipeline.py
[2025-09-23T20:53:47.274+0000] {logging_mixin.py:190} INFO - [2025-09-23T20:53:47.274+0000] {dag.py:3239} INFO - Sync 2 DAGs
[2025-09-23T20:53:47.302+0000] {logging_mixin.py:190} INFO - [2025-09-23T20:53:47.301+0000] {dag.py:4180} INFO - Setting next_dagrun for data_processing to 2025-09-23 20:45:00+00:00, run_after=2025-09-23 20:50:00+00:00
[2025-09-23T20:53:47.310+0000] {logging_mixin.py:190} INFO - [2025-09-23T20:53:47.309+0000] {dag.py:4180} INFO - Setting next_dagrun for wine_pipeline to 2025-09-23 20:50:00+00:00, run_after=2025-09-23 20:55:00+00:00
[2025-09-23T20:53:47.333+0000] {processor.py:208} INFO - Processing /opt/airflow/dags/wine_pipeline.py took 1.434 seconds
[2025-09-23T20:54:17.777+0000] {processor.py:186} INFO - Started process (PID=719) to work on /opt/airflow/dags/wine_pipeline.py
[2025-09-23T20:54:17.778+0000] {processor.py:914} INFO - Processing file /opt/airflow/dags/wine_pipeline.py for tasks to queue
[2025-09-23T20:54:17.781+0000] {logging_mixin.py:190} INFO - [2025-09-23T20:54:17.781+0000] {dagbag.py:588} INFO - Filling up the DagBag from /opt/airflow/dags/wine_pipeline.py
[2025-09-23T20:54:19.684+0000] {processor.py:925} INFO - DAG(s) 'wine_pipeline', 'data_processing' retrieved from /opt/airflow/dags/wine_pipeline.py
[2025-09-23T20:54:19.930+0000] {logging_mixin.py:190} INFO - [2025-09-23T20:54:19.929+0000] {dag.py:3239} INFO - Sync 2 DAGs
[2025-09-23T20:54:19.976+0000] {logging_mixin.py:190} INFO - [2025-09-23T20:54:19.976+0000] {dag.py:4180} INFO - Setting next_dagrun for data_processing to 2025-09-23 20:45:00+00:00, run_after=2025-09-23 20:50:00+00:00
[2025-09-23T20:54:19.987+0000] {logging_mixin.py:190} INFO - [2025-09-23T20:54:19.987+0000] {dag.py:4180} INFO - Setting next_dagrun for wine_pipeline to 2025-09-23 20:50:00+00:00, run_after=2025-09-23 20:55:00+00:00
[2025-09-23T20:54:20.027+0000] {processor.py:208} INFO - Processing /opt/airflow/dags/wine_pipeline.py took 2.259 seconds
[2025-09-23T20:54:50.392+0000] {processor.py:186} INFO - Started process (PID=761) to work on /opt/airflow/dags/wine_pipeline.py
[2025-09-23T20:54:50.398+0000] {processor.py:914} INFO - Processing file /opt/airflow/dags/wine_pipeline.py for tasks to queue
[2025-09-23T20:54:50.402+0000] {logging_mixin.py:190} INFO - [2025-09-23T20:54:50.402+0000] {dagbag.py:588} INFO - Filling up the DagBag from /opt/airflow/dags/wine_pipeline.py
[2025-09-23T20:54:51.641+0000] {processor.py:925} INFO - DAG(s) 'wine_pipeline', 'data_processing' retrieved from /opt/airflow/dags/wine_pipeline.py
[2025-09-23T20:54:51.674+0000] {logging_mixin.py:190} INFO - [2025-09-23T20:54:51.674+0000] {dag.py:3239} INFO - Sync 2 DAGs
[2025-09-23T20:54:51.701+0000] {logging_mixin.py:190} INFO - [2025-09-23T20:54:51.701+0000] {dag.py:4180} INFO - Setting next_dagrun for data_processing to 2025-09-23 20:45:00+00:00, run_after=2025-09-23 20:50:00+00:00
[2025-09-23T20:54:51.707+0000] {logging_mixin.py:190} INFO - [2025-09-23T20:54:51.707+0000] {dag.py:4180} INFO - Setting next_dagrun for wine_pipeline to 2025-09-23 20:50:00+00:00, run_after=2025-09-23 20:55:00+00:00
[2025-09-23T20:54:51.725+0000] {processor.py:208} INFO - Processing /opt/airflow/dags/wine_pipeline.py took 1.352 seconds
