[2025-09-24T08:43:23.790+0000] {local_task_job_runner.py:123} INFO - ::group::Pre task execution logs
[2025-09-24T08:43:23.839+0000] {taskinstance.py:2612} INFO - Dependencies all met for dep_context=non-requeueable deps ti=<TaskInstance: wine_pipeline.stage3_deploy_compose scheduled__2025-09-24T08:35:00+00:00 [queued]>
[2025-09-24T08:43:23.855+0000] {taskinstance.py:2612} INFO - Dependencies all met for dep_context=requeueable deps ti=<TaskInstance: wine_pipeline.stage3_deploy_compose scheduled__2025-09-24T08:35:00+00:00 [queued]>
[2025-09-24T08:43:23.857+0000] {taskinstance.py:2865} INFO - Starting attempt 2 of 4
[2025-09-24T08:43:23.877+0000] {taskinstance.py:2888} INFO - Executing <Task(BashOperator): stage3_deploy_compose> on 2025-09-24 08:35:00+00:00
[2025-09-24T08:43:23.884+0000] {standard_task_runner.py:72} INFO - Started process 983 to run task
[2025-09-24T08:43:23.889+0000] {standard_task_runner.py:104} INFO - Running: ['***', 'tasks', 'run', 'wine_pipeline', 'stage3_deploy_compose', 'scheduled__2025-09-24T08:35:00+00:00', '--job-id', '12', '--raw', '--subdir', 'DAGS_FOLDER/wine_pipeline.py', '--cfg-path', '/tmp/tmpq8zstskk']
[2025-09-24T08:43:23.893+0000] {standard_task_runner.py:105} INFO - Job 12: Subtask stage3_deploy_compose
[2025-09-24T08:43:23.972+0000] {task_command.py:467} INFO - Running <TaskInstance: wine_pipeline.stage3_deploy_compose scheduled__2025-09-24T08:35:00+00:00 [running]> on host 995626deecfe
[2025-09-24T08:43:24.131+0000] {taskinstance.py:3131} INFO - Exporting env vars: AIRFLOW_CTX_DAG_OWNER='***' AIRFLOW_CTX_DAG_ID='wine_pipeline' AIRFLOW_CTX_TASK_ID='stage3_deploy_compose' AIRFLOW_CTX_EXECUTION_DATE='2025-09-24T08:35:00+00:00' AIRFLOW_CTX_TRY_NUMBER='2' AIRFLOW_CTX_DAG_RUN_ID='scheduled__2025-09-24T08:35:00+00:00'
[2025-09-24T08:43:24.134+0000] {taskinstance.py:731} INFO - ::endgroup::
[2025-09-24T08:43:24.161+0000] {subprocess.py:78} INFO - Tmp dir root location: /tmp
[2025-09-24T08:43:24.164+0000] {subprocess.py:88} INFO - Running command: ['/usr/bin/bash', '-c', 'docker compose -f /opt/***/code/deployment/docker-compose.yml up -d --build']
[2025-09-24T08:43:24.182+0000] {subprocess.py:99} INFO - Output:
[2025-09-24T08:43:24.367+0000] {subprocess.py:106} INFO - time="2025-09-24T08:43:24Z" level=warning msg="/opt/***/code/deployment/docker-compose.yml: the attribute `version` is obsolete, it will be ignored, please remove it to avoid potential confusion"
[2025-09-24T08:43:24.643+0000] {subprocess.py:106} INFO - time="2025-09-24T08:43:24Z" level=warning msg="Docker Compose is configured to build using Bake, but buildx isn't installed"
[2025-09-24T08:43:24.865+0000] {subprocess.py:106} INFO - #0 building with "default" instance using docker driver
[2025-09-24T08:43:24.866+0000] {subprocess.py:106} INFO - 
[2025-09-24T08:43:24.867+0000] {subprocess.py:106} INFO - #1 [api internal] load build definition from Dockerfile
[2025-09-24T08:43:24.868+0000] {subprocess.py:106} INFO - #1 transferring dockerfile: 264B 0.0s done
[2025-09-24T08:43:24.869+0000] {subprocess.py:106} INFO - #1 DONE 0.0s
[2025-09-24T08:43:24.870+0000] {subprocess.py:106} INFO - 
[2025-09-24T08:43:24.872+0000] {subprocess.py:106} INFO - #2 [***-init internal] load build definition from Dockerfile
[2025-09-24T08:43:24.873+0000] {subprocess.py:106} INFO - #2 transferring dockerfile: 386B 0.0s done
[2025-09-24T08:43:24.874+0000] {subprocess.py:106} INFO - #2 DONE 0.1s
[2025-09-24T08:43:24.874+0000] {subprocess.py:106} INFO - 
[2025-09-24T08:43:24.875+0000] {subprocess.py:106} INFO - #3 [***-init internal] load metadata for docker.io/apache/***:2.10.2-python3.11
[2025-09-24T08:43:24.877+0000] {subprocess.py:106} INFO - #3 DONE 0.0s
[2025-09-24T08:43:24.877+0000] {subprocess.py:106} INFO - 
[2025-09-24T08:43:24.878+0000] {subprocess.py:106} INFO - #4 [***-init internal] load .dockerignore
[2025-09-24T08:43:24.879+0000] {subprocess.py:106} INFO - #4 transferring context:
[2025-09-24T08:43:24.967+0000] {subprocess.py:106} INFO - #4 transferring context: 2B done
[2025-09-24T08:43:24.968+0000] {subprocess.py:106} INFO - #4 DONE 0.0s
[2025-09-24T08:43:24.970+0000] {subprocess.py:106} INFO - 
[2025-09-24T08:43:24.973+0000] {subprocess.py:106} INFO - #5 [***-init 1/4] FROM docker.io/apache/***:2.10.2-python3.11@sha256:7c68d8ac3cf1b2c69eeb91da64c1578dc8376d33abf34267bf6e547d071cae39
[2025-09-24T08:43:24.975+0000] {subprocess.py:106} INFO - #5 resolve docker.io/apache/***:2.10.2-python3.11@sha256:7c68d8ac3cf1b2c69eeb91da64c1578dc8376d33abf34267bf6e547d071cae39 0.0s done
[2025-09-24T08:43:24.976+0000] {subprocess.py:106} INFO - #5 DONE 0.0s
[2025-09-24T08:43:24.977+0000] {subprocess.py:106} INFO - 
[2025-09-24T08:43:24.978+0000] {subprocess.py:106} INFO - #6 [***-init internal] load build context
[2025-09-24T08:43:25.087+0000] {subprocess.py:106} INFO - #6 transferring context: 37B done
[2025-09-24T08:43:25.089+0000] {subprocess.py:106} INFO - #6 DONE 0.0s
[2025-09-24T08:43:25.092+0000] {subprocess.py:106} INFO - 
[2025-09-24T08:43:25.093+0000] {subprocess.py:106} INFO - #7 [api internal] load metadata for docker.io/library/python:3.10-slim
[2025-09-24T08:43:25.094+0000] {subprocess.py:106} INFO - #7 DONE 0.3s
[2025-09-24T08:43:25.192+0000] {subprocess.py:106} INFO - 
[2025-09-24T08:43:25.193+0000] {subprocess.py:106} INFO - #8 [***-init 4/4] RUN apt-get update && apt-get install -y docker.io docker-compose-plugin && rm -rf /var/lib/apt/lists/*
[2025-09-24T08:43:25.194+0000] {subprocess.py:106} INFO - #8 CACHED
[2025-09-24T08:43:25.196+0000] {subprocess.py:106} INFO - 
[2025-09-24T08:43:25.198+0000] {subprocess.py:106} INFO - #9 [api internal] load .dockerignore
[2025-09-24T08:43:25.199+0000] {subprocess.py:106} INFO - #9 transferring context: 2B done
[2025-09-24T08:43:25.202+0000] {subprocess.py:106} INFO - #9 DONE 0.0s
[2025-09-24T08:43:25.204+0000] {subprocess.py:106} INFO - 
[2025-09-24T08:43:25.205+0000] {subprocess.py:106} INFO - #10 [***-init] exporting to image
[2025-09-24T08:43:25.206+0000] {subprocess.py:106} INFO - #10 exporting layers
[2025-09-24T08:43:25.292+0000] {subprocess.py:106} INFO - #10 ...
[2025-09-24T08:43:25.294+0000] {subprocess.py:106} INFO - 
[2025-09-24T08:43:25.296+0000] {subprocess.py:106} INFO - #11 [api internal] load build context
[2025-09-24T08:43:25.297+0000] {subprocess.py:106} INFO - #11 transferring context: 64B done
[2025-09-24T08:43:25.297+0000] {subprocess.py:106} INFO - #11 DONE 0.0s
[2025-09-24T08:43:25.298+0000] {subprocess.py:106} INFO - 
[2025-09-24T08:43:25.299+0000] {subprocess.py:106} INFO - #12 [api 1/5] FROM docker.io/library/python:3.10-slim@sha256:f8081b61393cc16b2339d377bb523a5646cdd28fc6105612b3893c405d27f730
[2025-09-24T08:43:25.299+0000] {subprocess.py:106} INFO - #12 resolve docker.io/library/python:3.10-slim@sha256:f8081b61393cc16b2339d377bb523a5646cdd28fc6105612b3893c405d27f730 0.0s done
[2025-09-24T08:43:25.300+0000] {subprocess.py:106} INFO - #12 DONE 0.1s
[2025-09-24T08:43:25.301+0000] {subprocess.py:106} INFO - 
[2025-09-24T08:43:25.301+0000] {subprocess.py:106} INFO - #13 [api 2/5] WORKDIR /app
[2025-09-24T08:43:25.302+0000] {subprocess.py:106} INFO - #13 CACHED
[2025-09-24T08:43:25.303+0000] {subprocess.py:106} INFO - 
[2025-09-24T08:43:25.303+0000] {subprocess.py:106} INFO - #14 [api 4/5] RUN pip install --no-cache-dir -r requirements.txt
[2025-09-24T08:43:25.304+0000] {subprocess.py:106} INFO - #14 CACHED
[2025-09-24T08:43:25.305+0000] {subprocess.py:106} INFO - 
[2025-09-24T08:43:25.306+0000] {subprocess.py:106} INFO - #15 [api 3/5] COPY requirements.txt .
[2025-09-24T08:43:25.307+0000] {subprocess.py:106} INFO - #15 CACHED
[2025-09-24T08:43:25.307+0000] {subprocess.py:106} INFO - 
[2025-09-24T08:43:25.308+0000] {subprocess.py:106} INFO - #16 [api 5/5] COPY main.py .
[2025-09-24T08:43:25.309+0000] {subprocess.py:106} INFO - #16 CACHED
[2025-09-24T08:43:25.310+0000] {subprocess.py:106} INFO - 
[2025-09-24T08:43:25.311+0000] {subprocess.py:106} INFO - #10 [***-init] exporting to image
[2025-09-24T08:43:25.312+0000] {subprocess.py:106} INFO - #10 exporting layers 0.1s done
[2025-09-24T08:43:25.313+0000] {subprocess.py:106} INFO - #10 exporting manifest sha256:3b6730eb1620bb781b42c0b6cc530ed634b0611b617e822aeaaa37bfabe012d2 done
[2025-09-24T08:43:25.314+0000] {subprocess.py:106} INFO - #10 exporting config sha256:c27e40ae84fb2db54ba8f998e6782c401c446e98e1b3f9e95cad4216e6d0e138 done
[2025-09-24T08:43:25.315+0000] {subprocess.py:106} INFO - #10 exporting attestation manifest sha256:152671a15ff6edbd1fc8aff1df06ca335fa9ab324400e09cf089d19766f7eed9
[2025-09-24T08:43:25.395+0000] {subprocess.py:106} INFO - #10 exporting attestation manifest sha256:152671a15ff6edbd1fc8aff1df06ca335fa9ab324400e09cf089d19766f7eed9 0.0s done
[2025-09-24T08:43:25.396+0000] {subprocess.py:106} INFO - #10 exporting manifest list sha256:5a01a478b7b6308a8b5262f4a7337b4963b335a4fa9b8142550ca316a0b647cb 0.0s done
[2025-09-24T08:43:25.397+0000] {subprocess.py:106} INFO - #10 naming to docker.io/library/wine-***-init:latest 0.0s done
[2025-09-24T08:43:25.398+0000] {subprocess.py:106} INFO - #10 unpacking to docker.io/library/wine-***-init:latest
[2025-09-24T08:43:25.497+0000] {subprocess.py:106} INFO - #10 ...
[2025-09-24T08:43:25.501+0000] {subprocess.py:106} INFO - 
[2025-09-24T08:43:25.504+0000] {subprocess.py:106} INFO - #17 [api] exporting to image
[2025-09-24T08:43:25.505+0000] {subprocess.py:106} INFO - #17 exporting layers done
[2025-09-24T08:43:25.509+0000] {subprocess.py:106} INFO - #17 exporting manifest sha256:1181bbbf188104c9b72cb7a4b2576a16324961a8a400b6cbb89476beb8892567 done
[2025-09-24T08:43:25.510+0000] {subprocess.py:106} INFO - #17 exporting config sha256:6aba02f92f2678889022da532e9cdcd4a3e3d2d98ebb364e58680ff23fa3269b done
[2025-09-24T08:43:25.512+0000] {subprocess.py:106} INFO - #17 exporting attestation manifest sha256:28c3a319a41cf485e076816fadb040914595f85fa44ac4e5caef96642bedc909 0.1s done
[2025-09-24T08:43:25.513+0000] {subprocess.py:106} INFO - #17 exporting manifest list sha256:f194dcbe87092ee7e2b46ed5aad8511f528709817481a08f870d560cd7e1b394 0.0s done
[2025-09-24T08:43:25.514+0000] {subprocess.py:106} INFO - #17 naming to docker.io/library/wine-api:latest done
[2025-09-24T08:43:25.515+0000] {subprocess.py:106} INFO - #17 unpacking to docker.io/library/wine-api:latest 0.0s done
[2025-09-24T08:43:25.516+0000] {subprocess.py:106} INFO - #17 DONE 0.2s
[2025-09-24T08:43:25.517+0000] {subprocess.py:106} INFO - 
[2025-09-24T08:43:25.518+0000] {subprocess.py:106} INFO - #10 [***-init] exporting to image
[2025-09-24T08:43:25.520+0000] {subprocess.py:106} INFO - #10 unpacking to docker.io/library/wine-***-init:latest 0.1s done
[2025-09-24T08:43:25.742+0000] {subprocess.py:106} INFO - #10 DONE 0.5s
[2025-09-24T08:43:25.743+0000] {subprocess.py:106} INFO - 
[2025-09-24T08:43:25.745+0000] {subprocess.py:106} INFO - #18 [api] resolving provenance for metadata file
[2025-09-24T08:43:25.747+0000] {subprocess.py:106} INFO - #18 DONE 0.0s
[2025-09-24T08:43:25.941+0000] {subprocess.py:106} INFO - 
[2025-09-24T08:43:25.942+0000] {subprocess.py:106} INFO - #19 [app internal] load build definition from Dockerfile
[2025-09-24T08:43:25.943+0000] {subprocess.py:106} INFO - #19 transferring dockerfile: 232B 0.0s done
[2025-09-24T08:43:25.944+0000] {subprocess.py:106} INFO - #19 DONE 0.0s
[2025-09-24T08:43:25.945+0000] {subprocess.py:106} INFO - 
[2025-09-24T08:43:25.945+0000] {subprocess.py:106} INFO - #7 [app internal] load metadata for docker.io/library/python:3.10-slim
[2025-09-24T08:43:26.086+0000] {subprocess.py:106} INFO - #7 DONE 0.6s
[2025-09-24T08:43:26.189+0000] {subprocess.py:106} INFO - 
[2025-09-24T08:43:26.191+0000] {subprocess.py:106} INFO - #20 [app internal] load .dockerignore
[2025-09-24T08:43:26.192+0000] {subprocess.py:106} INFO - #20 transferring context: 2B 0.0s done
[2025-09-24T08:43:26.192+0000] {subprocess.py:106} INFO - #20 DONE 0.0s
[2025-09-24T08:43:26.193+0000] {subprocess.py:106} INFO - 
[2025-09-24T08:43:26.193+0000] {subprocess.py:106} INFO - #12 [app 1/5] FROM docker.io/library/python:3.10-slim@sha256:f8081b61393cc16b2339d377bb523a5646cdd28fc6105612b3893c405d27f730
[2025-09-24T08:43:26.194+0000] {subprocess.py:106} INFO - #12 resolve docker.io/library/python:3.10-slim@sha256:f8081b61393cc16b2339d377bb523a5646cdd28fc6105612b3893c405d27f730 0.1s done
[2025-09-24T08:43:26.195+0000] {subprocess.py:106} INFO - #12 DONE 0.1s
[2025-09-24T08:43:26.195+0000] {subprocess.py:106} INFO - 
[2025-09-24T08:43:26.196+0000] {subprocess.py:106} INFO - #21 [app internal] load build context
[2025-09-24T08:43:26.197+0000] {subprocess.py:106} INFO - #21 transferring context: 63B 0.0s done
[2025-09-24T08:43:26.198+0000] {subprocess.py:106} INFO - #21 DONE 0.1s
[2025-09-24T08:43:26.199+0000] {subprocess.py:106} INFO - 
[2025-09-24T08:43:26.200+0000] {subprocess.py:106} INFO - #22 [app 3/5] COPY requirements.txt .
[2025-09-24T08:43:26.202+0000] {subprocess.py:106} INFO - #22 CACHED
[2025-09-24T08:43:26.205+0000] {subprocess.py:106} INFO - 
[2025-09-24T08:43:26.207+0000] {subprocess.py:106} INFO - #23 [app 4/5] RUN pip install --no-cache-dir -r requirements.txt
[2025-09-24T08:43:26.208+0000] {subprocess.py:106} INFO - #23 CACHED
[2025-09-24T08:43:26.209+0000] {subprocess.py:106} INFO - 
[2025-09-24T08:43:26.212+0000] {subprocess.py:106} INFO - #13 [app 2/5] WORKDIR /app
[2025-09-24T08:43:26.213+0000] {subprocess.py:106} INFO - #13 CACHED
[2025-09-24T08:43:26.213+0000] {subprocess.py:106} INFO - 
[2025-09-24T08:43:26.214+0000] {subprocess.py:106} INFO - #24 [app 5/5] COPY app.py .
[2025-09-24T08:43:26.216+0000] {subprocess.py:106} INFO - #24 CACHED
[2025-09-24T08:43:26.218+0000] {subprocess.py:106} INFO - 
[2025-09-24T08:43:26.219+0000] {subprocess.py:106} INFO - #25 [app] exporting to image
[2025-09-24T08:43:26.318+0000] {subprocess.py:106} INFO - #25 exporting layers done
[2025-09-24T08:43:26.320+0000] {subprocess.py:106} INFO - #25 exporting manifest sha256:ed39c8a1281e8641f8221aa358161ed4a853cfca766b2391723ef213149408a1 done
[2025-09-24T08:43:26.321+0000] {subprocess.py:106} INFO - #25 exporting config sha256:6f0abffb2ffefdf85f78ba18149c8f66629e2f426c54fc38cab1a328af33f1f1 done
[2025-09-24T08:43:26.321+0000] {subprocess.py:106} INFO - #25 exporting attestation manifest sha256:af6aec22f8c89ffa3be14151dc801d411faa29ea25acd17216ef9df7becaa37b 0.1s done
[2025-09-24T08:43:26.323+0000] {subprocess.py:106} INFO - #25 exporting manifest list sha256:1d27d21206a668686cd8bcab81a76ba1af03f98349cc6e0d319369a751310dad 0.0s done
[2025-09-24T08:43:26.324+0000] {subprocess.py:106} INFO - #25 naming to docker.io/library/wine-app:latest
[2025-09-24T08:43:26.481+0000] {subprocess.py:106} INFO - #25 naming to docker.io/library/wine-app:latest done
[2025-09-24T08:43:26.483+0000] {subprocess.py:106} INFO - #25 unpacking to docker.io/library/wine-app:latest 0.0s done
[2025-09-24T08:43:26.483+0000] {subprocess.py:106} INFO - #25 DONE 0.3s
[2025-09-24T08:43:26.836+0000] {subprocess.py:106} INFO - 
[2025-09-24T08:43:26.839+0000] {subprocess.py:106} INFO - #26 [app] resolving provenance for metadata file
[2025-09-24T08:43:27.115+0000] {subprocess.py:106} INFO - #26 DONE 0.1s
[2025-09-24T08:43:27.125+0000] {subprocess.py:106} INFO - 
[2025-09-24T08:43:27.135+0000] {subprocess.py:106} INFO - #27 [***-init] resolving provenance for metadata file
[2025-09-24T08:43:27.139+0000] {subprocess.py:106} INFO - #27 DONE 0.0s
[2025-09-24T08:43:27.300+0000] {subprocess.py:106} INFO - 
[2025-09-24T08:43:27.302+0000] {subprocess.py:106} INFO - #28 [***-webserver internal] load build definition from Dockerfile
[2025-09-24T08:43:27.303+0000] {subprocess.py:106} INFO - #28 transferring dockerfile: 386B 0.0s done
[2025-09-24T08:43:27.305+0000] {subprocess.py:106} INFO - #28 DONE 0.1s
[2025-09-24T08:43:27.310+0000] {subprocess.py:106} INFO - 
[2025-09-24T08:43:27.312+0000] {subprocess.py:106} INFO - #29 [***-scheduler internal] load build definition from Dockerfile
[2025-09-24T08:43:27.314+0000] {subprocess.py:106} INFO - #29 transferring dockerfile: 386B 0.1s done
[2025-09-24T08:43:27.315+0000] {subprocess.py:106} INFO - #29 DONE 0.1s
[2025-09-24T08:43:27.319+0000] {subprocess.py:106} INFO - 
[2025-09-24T08:43:27.322+0000] {subprocess.py:106} INFO - #3 [***-webserver internal] load metadata for docker.io/apache/***:2.10.2-python3.11
[2025-09-24T08:43:27.503+0000] {subprocess.py:106} INFO - #3 DONE 0.1s
[2025-09-24T08:43:27.504+0000] {subprocess.py:106} INFO - 
[2025-09-24T08:43:27.506+0000] {subprocess.py:106} INFO - #30 [***-webserver internal] load .dockerignore
[2025-09-24T08:43:27.508+0000] {subprocess.py:106} INFO - #30 transferring context: 2B 0.0s done
[2025-09-24T08:43:27.509+0000] {subprocess.py:106} INFO - #30 DONE 0.0s
[2025-09-24T08:43:27.510+0000] {subprocess.py:106} INFO - 
[2025-09-24T08:43:27.511+0000] {subprocess.py:106} INFO - #31 [***-scheduler internal] load .dockerignore
[2025-09-24T08:43:27.512+0000] {subprocess.py:106} INFO - #31 transferring context: 2B 0.0s done
[2025-09-24T08:43:27.513+0000] {subprocess.py:106} INFO - #31 DONE 0.1s
[2025-09-24T08:43:27.517+0000] {subprocess.py:106} INFO - 
[2025-09-24T08:43:27.520+0000] {subprocess.py:106} INFO - #32 [***-webserver internal] load build context
[2025-09-24T08:43:27.522+0000] {subprocess.py:106} INFO - #32 DONE 0.0s
[2025-09-24T08:43:27.524+0000] {subprocess.py:106} INFO - 
[2025-09-24T08:43:27.526+0000] {subprocess.py:106} INFO - #33 [***-scheduler internal] load build context
[2025-09-24T08:43:27.528+0000] {subprocess.py:106} INFO - #33 DONE 0.0s
[2025-09-24T08:43:27.530+0000] {subprocess.py:106} INFO - 
[2025-09-24T08:43:27.534+0000] {subprocess.py:106} INFO - #5 [***-scheduler 1/4] FROM docker.io/apache/***:2.10.2-python3.11@sha256:7c68d8ac3cf1b2c69eeb91da64c1578dc8376d33abf34267bf6e547d071cae39
[2025-09-24T08:43:27.535+0000] {subprocess.py:106} INFO - #5 resolve docker.io/apache/***:2.10.2-python3.11@sha256:7c68d8ac3cf1b2c69eeb91da64c1578dc8376d33abf34267bf6e547d071cae39 0.1s done
[2025-09-24T08:43:27.616+0000] {subprocess.py:106} INFO - #5 resolve docker.io/apache/***:2.10.2-python3.11@sha256:7c68d8ac3cf1b2c69eeb91da64c1578dc8376d33abf34267bf6e547d071cae39 0.1s done
[2025-09-24T08:43:27.644+0000] {subprocess.py:106} INFO - #5 DONE 0.2s
[2025-09-24T08:43:27.645+0000] {subprocess.py:106} INFO - 
[2025-09-24T08:43:27.646+0000] {subprocess.py:106} INFO - #33 [***-scheduler internal] load build context
[2025-09-24T08:43:27.647+0000] {subprocess.py:106} INFO - #33 transferring context: 37B 0.0s done
[2025-09-24T08:43:27.649+0000] {subprocess.py:106} INFO - #33 DONE 0.0s
[2025-09-24T08:43:27.650+0000] {subprocess.py:106} INFO - 
[2025-09-24T08:43:27.651+0000] {subprocess.py:106} INFO - #32 [***-webserver internal] load build context
[2025-09-24T08:43:27.655+0000] {subprocess.py:106} INFO - #32 transferring context: 37B 0.0s done
[2025-09-24T08:43:27.657+0000] {subprocess.py:106} INFO - #32 DONE 0.0s
[2025-09-24T08:43:27.897+0000] {subprocess.py:106} INFO - 
[2025-09-24T08:43:27.899+0000] {subprocess.py:106} INFO - #34 [***-scheduler 3/4] RUN pip install --no-cache-dir -r requirements.txt
[2025-09-24T08:43:27.901+0000] {subprocess.py:106} INFO - #34 CACHED
[2025-09-24T08:43:27.902+0000] {subprocess.py:106} INFO - 
[2025-09-24T08:43:27.903+0000] {subprocess.py:106} INFO - #35 [***-scheduler 2/4] COPY requirements.txt .
[2025-09-24T08:43:27.904+0000] {subprocess.py:106} INFO - #35 CACHED
[2025-09-24T08:43:27.904+0000] {subprocess.py:106} INFO - 
[2025-09-24T08:43:27.905+0000] {subprocess.py:106} INFO - #36 [***-scheduler 4/4] RUN apt-get update && apt-get install -y docker.io docker-compose-plugin && rm -rf /var/lib/apt/lists/*
[2025-09-24T08:43:28.156+0000] {subprocess.py:106} INFO - #36 CACHED
[2025-09-24T08:43:28.157+0000] {subprocess.py:106} INFO - 
[2025-09-24T08:43:28.159+0000] {subprocess.py:106} INFO - #37 [***-webserver] exporting to image
[2025-09-24T08:43:28.160+0000] {subprocess.py:106} INFO - #37 exporting layers 0.1s done
[2025-09-24T08:43:28.161+0000] {subprocess.py:106} INFO - #37 exporting manifest sha256:bad0bf9a8db32890ad8045476cfefd1bc14f143acdf22ef5c6d56595a7f3353a done
[2025-09-24T08:43:28.165+0000] {subprocess.py:106} INFO - #37 exporting config sha256:8214e94519fa00a221aedab120bea13f65720b04bb6d2b0d36b8230bc067a18e
[2025-09-24T08:43:28.282+0000] {subprocess.py:106} INFO - #37 exporting config sha256:8214e94519fa00a221aedab120bea13f65720b04bb6d2b0d36b8230bc067a18e done
[2025-09-24T08:43:28.284+0000] {subprocess.py:106} INFO - #37 exporting attestation manifest sha256:5b94a44c404e31cf07464d88a13fbce961fa472da10d2f2511d21ef443554ce9 0.1s done
[2025-09-24T08:43:28.286+0000] {subprocess.py:106} INFO - #37 exporting manifest list sha256:02d2949fa8e685800253ca88ec9ce2156fd6a0c99892cd84ffec74d49153b0e2 0.0s done
[2025-09-24T08:43:28.288+0000] {subprocess.py:106} INFO - #37 naming to docker.io/library/wine-***-webserver:latest
[2025-09-24T08:43:28.416+0000] {subprocess.py:106} INFO - #37 naming to docker.io/library/wine-***-webserver:latest 0.0s done
[2025-09-24T08:43:28.417+0000] {subprocess.py:106} INFO - #37 unpacking to docker.io/library/wine-***-webserver:latest 0.1s done
[2025-09-24T08:43:28.609+0000] {subprocess.py:106} INFO - #37 DONE 0.5s
[2025-09-24T08:43:28.611+0000] {subprocess.py:106} INFO - 
[2025-09-24T08:43:28.612+0000] {subprocess.py:106} INFO - #38 [***-scheduler] exporting to image
[2025-09-24T08:43:28.614+0000] {subprocess.py:106} INFO - #38 exporting layers 0.1s done
[2025-09-24T08:43:28.615+0000] {subprocess.py:106} INFO - #38 exporting manifest sha256:d220193b669c4746d9fd0f51fa9291f767e76d2a37d165b1f82ad809a6cd4f8b 0.0s done
[2025-09-24T08:43:28.616+0000] {subprocess.py:106} INFO - #38 exporting config sha256:1f688f34aff1aeaf0b0a029fc3d07fe82acf01946ecec928a9682d8cdc1f5c2e done
[2025-09-24T08:43:28.618+0000] {subprocess.py:106} INFO - #38 exporting attestation manifest sha256:453eb8751f7d8ed905e4070eb16a42063b7fc7d108cbc20f13c0636ccbdce554 0.1s done
[2025-09-24T08:43:28.619+0000] {subprocess.py:106} INFO - #38 exporting manifest list sha256:cef4949f6dd76b4ff69916c6058be9156382a9ee86e6716bbc34fc14635d3308 0.0s done
[2025-09-24T08:43:28.621+0000] {subprocess.py:106} INFO - #38 naming to docker.io/library/wine-***-scheduler:latest done
[2025-09-24T08:43:28.621+0000] {subprocess.py:106} INFO - #38 unpacking to docker.io/library/wine-***-scheduler:latest 0.1s done
[2025-09-24T08:43:28.834+0000] {subprocess.py:106} INFO - #38 DONE 0.6s
[2025-09-24T08:43:29.982+0000] {subprocess.py:106} INFO - 
[2025-09-24T08:43:29.985+0000] {subprocess.py:106} INFO - #39 [***-webserver] resolving provenance for metadata file
[2025-09-24T08:43:30.108+0000] {subprocess.py:106} INFO - #39 DONE 0.1s
[2025-09-24T08:43:30.111+0000] {subprocess.py:106} INFO - 
[2025-09-24T08:43:30.115+0000] {subprocess.py:106} INFO - #40 [***-scheduler] resolving provenance for metadata file
[2025-09-24T08:43:30.117+0000] {subprocess.py:106} INFO - #40 DONE 0.0s
[2025-09-24T08:43:30.120+0000] {subprocess.py:106} INFO -  ***-init  Built
[2025-09-24T08:43:30.130+0000] {subprocess.py:106} INFO -  ***-scheduler  Built
[2025-09-24T08:43:30.139+0000] {subprocess.py:106} INFO -  ***-webserver  Built
[2025-09-24T08:43:30.144+0000] {subprocess.py:106} INFO -  api  Built
[2025-09-24T08:43:30.145+0000] {subprocess.py:106} INFO -  app  Built
[2025-09-24T08:43:30.250+0000] {subprocess.py:106} INFO -  Container wine-api-1  Recreate
[2025-09-24T08:43:30.252+0000] {subprocess.py:106} INFO -  Container wine-postgres-1  Running
[2025-09-24T08:43:30.253+0000] {subprocess.py:106} INFO -  Container wine-***-init-1  Recreate
[2025-09-24T08:43:30.603+0000] {subprocess.py:106} INFO -  Container wine-api-1  Recreated
[2025-09-24T08:43:30.607+0000] {subprocess.py:106} INFO -  Container wine-app-1  Recreate
[2025-09-24T08:43:31.033+0000] {subprocess.py:106} INFO -  Container wine-app-1  Recreated
[2025-09-24T08:43:31.390+0000] {subprocess.py:106} INFO -  Container wine-***-init-1  Recreated
[2025-09-24T08:43:31.396+0000] {subprocess.py:106} INFO -  Container wine-***-scheduler-1  Recreate
[2025-09-24T08:43:31.401+0000] {subprocess.py:106} INFO -  Container wine-***-webserver-1  Recreate
[2025-09-24T08:43:32.529+0000] {subprocess.py:106} INFO -  Container wine-***-webserver-1  Recreated
[2025-09-24T08:43:32.594+0000] {subprocess.py:106} INFO -  Container wine-***-scheduler-1  Recreated
[2025-09-24T08:43:33.032+0000] {subprocess.py:106} INFO -  Container wine-postgres-1  Waiting
[2025-09-24T08:43:33.034+0000] {subprocess.py:106} INFO -  Container wine-api-1  Starting
[2025-09-24T08:43:33.554+0000] {subprocess.py:106} INFO -  Container wine-postgres-1  Healthy
[2025-09-24T08:43:33.562+0000] {subprocess.py:106} INFO -  Container wine-***-init-1  Starting
[2025-09-24T08:43:33.577+0000] {subprocess.py:106} INFO - Error response from daemon: mounts denied:
[2025-09-24T08:43:33.579+0000] {subprocess.py:106} INFO - The path /opt/***/models is not shared from the host and is not known to Docker.
[2025-09-24T08:43:33.583+0000] {subprocess.py:106} INFO - You can configure shared paths from Docker -> Preferences... -> Resources -> File Sharing.
[2025-09-24T08:43:33.586+0000] {subprocess.py:106} INFO - See https://docs.docker.com/go/mac-file-sharing/ for more info.
[2025-09-24T08:43:33.589+0000] {subprocess.py:110} INFO - Command exited with return code 1
[2025-09-24T08:43:33.646+0000] {taskinstance.py:3310} ERROR - Task failed with exception
Traceback (most recent call last):
  File "/home/airflow/.local/lib/python3.11/site-packages/airflow/models/taskinstance.py", line 767, in _execute_task
    result = _execute_callable(context=context, **execute_callable_kwargs)
             ^^^^^^^^^^^^^^^^^^^^^^^^^^^^^^^^^^^^^^^^^^^^^^^^^^^^^^^^^^^^^
  File "/home/airflow/.local/lib/python3.11/site-packages/airflow/models/taskinstance.py", line 733, in _execute_callable
    return ExecutionCallableRunner(
           ^^^^^^^^^^^^^^^^^^^^^^^^
  File "/home/airflow/.local/lib/python3.11/site-packages/airflow/utils/operator_helpers.py", line 252, in run
    return self.func(*args, **kwargs)
           ^^^^^^^^^^^^^^^^^^^^^^^^^^
  File "/home/airflow/.local/lib/python3.11/site-packages/airflow/models/baseoperator.py", line 406, in wrapper
    return func(self, *args, **kwargs)
           ^^^^^^^^^^^^^^^^^^^^^^^^^^^
  File "/home/airflow/.local/lib/python3.11/site-packages/airflow/providers/standard/operators/bash.py", line 232, in execute
    raise AirflowException(
airflow.exceptions.AirflowException: Bash command failed. The command returned a non-zero exit code 1.
[2025-09-24T08:43:33.693+0000] {taskinstance.py:1225} INFO - Marking task as UP_FOR_RETRY. dag_id=wine_pipeline, task_id=stage3_deploy_compose, run_id=scheduled__2025-09-24T08:35:00+00:00, execution_date=20250924T083500, start_date=20250924T084323, end_date=20250924T084333
[2025-09-24T08:43:33.788+0000] {taskinstance.py:340} INFO - ::group::Post task execution logs
[2025-09-24T08:43:33.791+0000] {standard_task_runner.py:124} ERROR - Failed to execute job 12 for task stage3_deploy_compose (Bash command failed. The command returned a non-zero exit code 1.; 983)
Traceback (most recent call last):
  File "/home/airflow/.local/lib/python3.11/site-packages/airflow/task/task_runner/standard_task_runner.py", line 117, in _start_by_fork
    ret = args.func(args, dag=self.dag)
          ^^^^^^^^^^^^^^^^^^^^^^^^^^^^^
  File "/home/airflow/.local/lib/python3.11/site-packages/airflow/cli/cli_config.py", line 49, in command
    return func(*args, **kwargs)
           ^^^^^^^^^^^^^^^^^^^^^
  File "/home/airflow/.local/lib/python3.11/site-packages/airflow/utils/cli.py", line 115, in wrapper
    return f(*args, **kwargs)
           ^^^^^^^^^^^^^^^^^^
  File "/home/airflow/.local/lib/python3.11/site-packages/airflow/cli/commands/task_command.py", line 483, in task_run
    task_return_code = _run_task_by_selected_method(args, _dag, ti)
                       ^^^^^^^^^^^^^^^^^^^^^^^^^^^^^^^^^^^^^^^^^^^^
  File "/home/airflow/.local/lib/python3.11/site-packages/airflow/cli/commands/task_command.py", line 256, in _run_task_by_selected_method
    return _run_raw_task(args, ti)
           ^^^^^^^^^^^^^^^^^^^^^^^
  File "/home/airflow/.local/lib/python3.11/site-packages/airflow/cli/commands/task_command.py", line 341, in _run_raw_task
    return ti._run_raw_task(
           ^^^^^^^^^^^^^^^^^
  File "/home/airflow/.local/lib/python3.11/site-packages/airflow/utils/session.py", line 97, in wrapper
    return func(*args, session=session, **kwargs)
           ^^^^^^^^^^^^^^^^^^^^^^^^^^^^^^^^^^^^^^
  File "/home/airflow/.local/lib/python3.11/site-packages/airflow/models/taskinstance.py", line 3004, in _run_raw_task
    return _run_raw_task(
           ^^^^^^^^^^^^^^
  File "/home/airflow/.local/lib/python3.11/site-packages/airflow/models/taskinstance.py", line 273, in _run_raw_task
    TaskInstance._execute_task_with_callbacks(
  File "/home/airflow/.local/lib/python3.11/site-packages/airflow/models/taskinstance.py", line 3158, in _execute_task_with_callbacks
    result = self._execute_task(context, task_orig)
             ^^^^^^^^^^^^^^^^^^^^^^^^^^^^^^^^^^^^^^
  File "/home/airflow/.local/lib/python3.11/site-packages/airflow/models/taskinstance.py", line 3182, in _execute_task
    return _execute_task(self, context, task_orig)
           ^^^^^^^^^^^^^^^^^^^^^^^^^^^^^^^^^^^^^^^
  File "/home/airflow/.local/lib/python3.11/site-packages/airflow/models/taskinstance.py", line 767, in _execute_task
    result = _execute_callable(context=context, **execute_callable_kwargs)
             ^^^^^^^^^^^^^^^^^^^^^^^^^^^^^^^^^^^^^^^^^^^^^^^^^^^^^^^^^^^^^
  File "/home/airflow/.local/lib/python3.11/site-packages/airflow/models/taskinstance.py", line 733, in _execute_callable
    return ExecutionCallableRunner(
           ^^^^^^^^^^^^^^^^^^^^^^^^
  File "/home/airflow/.local/lib/python3.11/site-packages/airflow/utils/operator_helpers.py", line 252, in run
    return self.func(*args, **kwargs)
           ^^^^^^^^^^^^^^^^^^^^^^^^^^
  File "/home/airflow/.local/lib/python3.11/site-packages/airflow/models/baseoperator.py", line 406, in wrapper
    return func(self, *args, **kwargs)
           ^^^^^^^^^^^^^^^^^^^^^^^^^^^
  File "/home/airflow/.local/lib/python3.11/site-packages/airflow/providers/standard/operators/bash.py", line 232, in execute
    raise AirflowException(
airflow.exceptions.AirflowException: Bash command failed. The command returned a non-zero exit code 1.
[2025-09-24T08:43:33.852+0000] {local_task_job_runner.py:266} INFO - Task exited with return code 1
[2025-09-24T08:43:33.898+0000] {standard_task_runner.py:217} INFO - Process not found (most likely exited), stop collecting metrics
[2025-09-24T08:43:33.904+0000] {taskinstance.py:3900} INFO - 0 downstream tasks scheduled from follow-on schedule check
[2025-09-24T08:43:33.912+0000] {local_task_job_runner.py:245} INFO - ::endgroup::
