[2025-09-24T08:44:37.297+0000] {local_task_job_runner.py:123} INFO - ::group::Pre task execution logs
[2025-09-24T08:44:37.341+0000] {taskinstance.py:2612} INFO - Dependencies all met for dep_context=non-requeueable deps ti=<TaskInstance: wine_pipeline.stage3_deploy_compose scheduled__2025-09-24T08:35:00+00:00 [queued]>
[2025-09-24T08:44:37.380+0000] {taskinstance.py:2612} INFO - Dependencies all met for dep_context=requeueable deps ti=<TaskInstance: wine_pipeline.stage3_deploy_compose scheduled__2025-09-24T08:35:00+00:00 [queued]>
[2025-09-24T08:44:37.384+0000] {taskinstance.py:2865} INFO - Starting attempt 3 of 4
[2025-09-24T08:44:37.431+0000] {taskinstance.py:2888} INFO - Executing <Task(BashOperator): stage3_deploy_compose> on 2025-09-24 08:35:00+00:00
[2025-09-24T08:44:37.451+0000] {standard_task_runner.py:72} INFO - Started process 1129 to run task
[2025-09-24T08:44:37.459+0000] {standard_task_runner.py:104} INFO - Running: ['***', 'tasks', 'run', 'wine_pipeline', 'stage3_deploy_compose', 'scheduled__2025-09-24T08:35:00+00:00', '--job-id', '14', '--raw', '--subdir', 'DAGS_FOLDER/wine_pipeline.py', '--cfg-path', '/tmp/tmptlfhj5_y']
[2025-09-24T08:44:37.463+0000] {standard_task_runner.py:105} INFO - Job 14: Subtask stage3_deploy_compose
[2025-09-24T08:44:37.583+0000] {task_command.py:467} INFO - Running <TaskInstance: wine_pipeline.stage3_deploy_compose scheduled__2025-09-24T08:35:00+00:00 [running]> on host 995626deecfe
[2025-09-24T08:44:37.858+0000] {taskinstance.py:3131} INFO - Exporting env vars: AIRFLOW_CTX_DAG_OWNER='***' AIRFLOW_CTX_DAG_ID='wine_pipeline' AIRFLOW_CTX_TASK_ID='stage3_deploy_compose' AIRFLOW_CTX_EXECUTION_DATE='2025-09-24T08:35:00+00:00' AIRFLOW_CTX_TRY_NUMBER='3' AIRFLOW_CTX_DAG_RUN_ID='scheduled__2025-09-24T08:35:00+00:00'
[2025-09-24T08:44:37.865+0000] {taskinstance.py:731} INFO - ::endgroup::
[2025-09-24T08:44:37.941+0000] {subprocess.py:78} INFO - Tmp dir root location: /tmp
[2025-09-24T08:44:37.943+0000] {subprocess.py:88} INFO - Running command: ['/usr/bin/bash', '-c', 'docker compose -f /opt/***/code/deployment/docker-compose.yml up -d --build']
[2025-09-24T08:44:37.978+0000] {subprocess.py:99} INFO - Output:
[2025-09-24T08:44:38.338+0000] {subprocess.py:106} INFO - time="2025-09-24T08:44:38Z" level=warning msg="/opt/***/code/deployment/docker-compose.yml: the attribute `version` is obsolete, it will be ignored, please remove it to avoid potential confusion"
[2025-09-24T08:44:38.771+0000] {subprocess.py:106} INFO - time="2025-09-24T08:44:38Z" level=warning msg="Docker Compose is configured to build using Bake, but buildx isn't installed"
[2025-09-24T08:44:39.257+0000] {subprocess.py:106} INFO - #0 building with "default" instance using docker driver
[2025-09-24T08:44:39.258+0000] {subprocess.py:106} INFO - 
[2025-09-24T08:44:39.259+0000] {subprocess.py:106} INFO - #1 [api internal] load build definition from Dockerfile
[2025-09-24T08:44:39.261+0000] {subprocess.py:106} INFO - #1 transferring dockerfile: 264B 0.0s done
[2025-09-24T08:44:39.265+0000] {subprocess.py:106} INFO - #1 DONE 0.0s
[2025-09-24T08:44:39.267+0000] {subprocess.py:106} INFO - 
[2025-09-24T08:44:39.269+0000] {subprocess.py:106} INFO - #2 [***-init internal] load build definition from Dockerfile
[2025-09-24T08:44:39.270+0000] {subprocess.py:106} INFO - #2 transferring dockerfile: 386B 0.0s done
[2025-09-24T08:44:39.277+0000] {subprocess.py:106} INFO - #2 DONE 0.1s
[2025-09-24T08:44:39.278+0000] {subprocess.py:106} INFO - 
[2025-09-24T08:44:39.284+0000] {subprocess.py:106} INFO - #3 [***-init internal] load metadata for docker.io/apache/***:2.10.2-python3.11
[2025-09-24T08:44:39.292+0000] {subprocess.py:106} INFO - #3 DONE 0.1s
[2025-09-24T08:44:39.294+0000] {subprocess.py:106} INFO - 
[2025-09-24T08:44:39.297+0000] {subprocess.py:106} INFO - #4 [api internal] load metadata for docker.io/library/python:3.10-slim
[2025-09-24T08:44:39.430+0000] {subprocess.py:106} INFO - #4 ...
[2025-09-24T08:44:39.436+0000] {subprocess.py:106} INFO - 
[2025-09-24T08:44:39.443+0000] {subprocess.py:106} INFO - #5 [***-init internal] load .dockerignore
[2025-09-24T08:44:39.444+0000] {subprocess.py:106} INFO - #5 transferring context: 2B 0.0s done
[2025-09-24T08:44:39.452+0000] {subprocess.py:106} INFO - #5 DONE 0.0s
[2025-09-24T08:44:39.456+0000] {subprocess.py:106} INFO - 
[2025-09-24T08:44:39.459+0000] {subprocess.py:106} INFO - #6 [***-init internal] load build context
[2025-09-24T08:44:39.462+0000] {subprocess.py:106} INFO - #6 DONE 0.0s
[2025-09-24T08:44:39.558+0000] {subprocess.py:106} INFO - 
[2025-09-24T08:44:39.565+0000] {subprocess.py:106} INFO - #4 [api internal] load metadata for docker.io/library/python:3.10-slim
[2025-09-24T08:44:39.566+0000] {subprocess.py:106} INFO - #4 DONE 0.4s
[2025-09-24T08:44:39.568+0000] {subprocess.py:106} INFO - 
[2025-09-24T08:44:39.570+0000] {subprocess.py:106} INFO - #7 [***-init 1/4] FROM docker.io/apache/***:2.10.2-python3.11@sha256:7c68d8ac3cf1b2c69eeb91da64c1578dc8376d33abf34267bf6e547d071cae39
[2025-09-24T08:44:39.571+0000] {subprocess.py:106} INFO - #7 resolve docker.io/apache/***:2.10.2-python3.11@sha256:7c68d8ac3cf1b2c69eeb91da64c1578dc8376d33abf34267bf6e547d071cae39
[2025-09-24T08:44:39.674+0000] {subprocess.py:106} INFO - #7 resolve docker.io/apache/***:2.10.2-python3.11@sha256:7c68d8ac3cf1b2c69eeb91da64c1578dc8376d33abf34267bf6e547d071cae39 0.2s done
[2025-09-24T08:44:39.676+0000] {subprocess.py:106} INFO - #7 DONE 0.2s
[2025-09-24T08:44:39.679+0000] {subprocess.py:106} INFO - 
[2025-09-24T08:44:39.715+0000] {subprocess.py:106} INFO - #6 [***-init internal] load build context
[2025-09-24T08:44:39.837+0000] {subprocess.py:106} INFO - #6 transferring context: 37B 0.1s done
[2025-09-24T08:44:39.847+0000] {subprocess.py:106} INFO - #6 DONE 0.1s
[2025-09-24T08:44:39.853+0000] {subprocess.py:106} INFO - 
[2025-09-24T08:44:39.854+0000] {subprocess.py:106} INFO - #8 [api internal] load .dockerignore
[2025-09-24T08:44:39.895+0000] {subprocess.py:106} INFO - #8 transferring context: 2B 0.0s done
[2025-09-24T08:44:39.902+0000] {subprocess.py:106} INFO - #8 DONE 0.1s
[2025-09-24T08:44:39.987+0000] {subprocess.py:106} INFO - 
[2025-09-24T08:44:39.990+0000] {subprocess.py:106} INFO - #9 [api internal] load build context
[2025-09-24T08:44:39.991+0000] {subprocess.py:106} INFO - #9 DONE 0.0s
[2025-09-24T08:44:40.000+0000] {subprocess.py:106} INFO - 
[2025-09-24T08:44:40.001+0000] {subprocess.py:106} INFO - #10 [api 1/5] FROM docker.io/library/python:3.10-slim@sha256:f8081b61393cc16b2339d377bb523a5646cdd28fc6105612b3893c405d27f730
[2025-09-24T08:44:40.001+0000] {subprocess.py:106} INFO - #10 resolve docker.io/library/python:3.10-slim@sha256:f8081b61393cc16b2339d377bb523a5646cdd28fc6105612b3893c405d27f730
[2025-09-24T08:44:40.013+0000] {subprocess.py:106} INFO - #10 resolve docker.io/library/python:3.10-slim@sha256:f8081b61393cc16b2339d377bb523a5646cdd28fc6105612b3893c405d27f730 0.2s done
[2025-09-24T08:44:40.016+0000] {subprocess.py:106} INFO - #10 DONE 0.2s
[2025-09-24T08:44:40.183+0000] {subprocess.py:106} INFO - 
[2025-09-24T08:44:40.186+0000] {subprocess.py:106} INFO - #9 [api internal] load build context
[2025-09-24T08:44:40.289+0000] {subprocess.py:106} INFO - #9 transferring context: 64B 0.0s done
[2025-09-24T08:44:40.298+0000] {subprocess.py:106} INFO - #9 DONE 0.1s
[2025-09-24T08:44:40.299+0000] {subprocess.py:106} INFO - 
[2025-09-24T08:44:40.300+0000] {subprocess.py:106} INFO - #11 [***-init 2/4] COPY requirements.txt .
[2025-09-24T08:44:40.302+0000] {subprocess.py:106} INFO - #11 CACHED
[2025-09-24T08:44:40.303+0000] {subprocess.py:106} INFO - 
[2025-09-24T08:44:40.305+0000] {subprocess.py:106} INFO - #12 [***-init 3/4] RUN pip install --no-cache-dir -r requirements.txt
[2025-09-24T08:44:40.306+0000] {subprocess.py:106} INFO - #12 CACHED
[2025-09-24T08:44:40.307+0000] {subprocess.py:106} INFO - 
[2025-09-24T08:44:40.308+0000] {subprocess.py:106} INFO - #13 [***-init 4/4] RUN apt-get update && apt-get install -y docker.io docker-compose-plugin && rm -rf /var/lib/apt/lists/*
[2025-09-24T08:44:40.309+0000] {subprocess.py:106} INFO - #13 CACHED
[2025-09-24T08:44:40.411+0000] {subprocess.py:106} INFO - 
[2025-09-24T08:44:40.415+0000] {subprocess.py:106} INFO - #14 [api 4/5] RUN pip install --no-cache-dir -r requirements.txt
[2025-09-24T08:44:40.424+0000] {subprocess.py:106} INFO - #14 CACHED
[2025-09-24T08:44:40.428+0000] {subprocess.py:106} INFO - 
[2025-09-24T08:44:40.433+0000] {subprocess.py:106} INFO - #15 [api 2/5] WORKDIR /app
[2025-09-24T08:44:40.445+0000] {subprocess.py:106} INFO - #15 CACHED
[2025-09-24T08:44:40.446+0000] {subprocess.py:106} INFO - 
[2025-09-24T08:44:40.448+0000] {subprocess.py:106} INFO - #16 [api 3/5] COPY requirements.txt .
[2025-09-24T08:44:40.449+0000] {subprocess.py:106} INFO - #16 CACHED
[2025-09-24T08:44:40.450+0000] {subprocess.py:106} INFO - 
[2025-09-24T08:44:40.454+0000] {subprocess.py:106} INFO - #17 [api 5/5] COPY main.py .
[2025-09-24T08:44:40.456+0000] {subprocess.py:106} INFO - #17 CACHED
[2025-09-24T08:44:40.459+0000] {subprocess.py:106} INFO - 
[2025-09-24T08:44:40.462+0000] {subprocess.py:106} INFO - #18 [api] exporting to image
[2025-09-24T08:44:40.465+0000] {subprocess.py:106} INFO - #18 exporting layers 0.0s done
[2025-09-24T08:44:40.467+0000] {subprocess.py:106} INFO - #18 exporting manifest sha256:1181bbbf188104c9b72cb7a4b2576a16324961a8a400b6cbb89476beb8892567 0.0s done
[2025-09-24T08:44:40.470+0000] {subprocess.py:106} INFO - #18 exporting config sha256:6aba02f92f2678889022da532e9cdcd4a3e3d2d98ebb364e58680ff23fa3269b 0.0s done
[2025-09-24T08:44:40.521+0000] {subprocess.py:106} INFO - #18 exporting attestation manifest sha256:6cb187f01e47cd61aec59e9b269da3381f4c1e76788b2f89da2c10341d9ce454
[2025-09-24T08:44:40.644+0000] {subprocess.py:106} INFO - #18 exporting attestation manifest sha256:6cb187f01e47cd61aec59e9b269da3381f4c1e76788b2f89da2c10341d9ce454 0.1s done
[2025-09-24T08:44:40.645+0000] {subprocess.py:106} INFO - #18 exporting manifest list sha256:7739126180ee60219d383bb06d1b3ba321338e5b32a1bca9c78ff99ac1da4d0e 0.0s done
[2025-09-24T08:44:40.647+0000] {subprocess.py:106} INFO - #18 naming to docker.io/library/wine-api:latest 0.0s done
[2025-09-24T08:44:40.649+0000] {subprocess.py:106} INFO - #18 unpacking to docker.io/library/wine-api:latest 0.0s done
[2025-09-24T08:44:40.784+0000] {subprocess.py:106} INFO - #18 DONE 0.5s
[2025-09-24T08:44:40.787+0000] {subprocess.py:106} INFO - 
[2025-09-24T08:44:40.789+0000] {subprocess.py:106} INFO - #19 [***-init] exporting to image
[2025-09-24T08:44:40.791+0000] {subprocess.py:106} INFO - #19 exporting layers 0.2s done
[2025-09-24T08:44:40.792+0000] {subprocess.py:106} INFO - #19 exporting manifest sha256:3b6730eb1620bb781b42c0b6cc530ed634b0611b617e822aeaaa37bfabe012d2 done
[2025-09-24T08:44:40.794+0000] {subprocess.py:106} INFO - #19 exporting config sha256:c27e40ae84fb2db54ba8f998e6782c401c446e98e1b3f9e95cad4216e6d0e138 0.0s done
[2025-09-24T08:44:40.797+0000] {subprocess.py:106} INFO - #19 exporting attestation manifest sha256:ed5c271644e39149dfdb3a984e4684b87f4109548e91791ba2989df4d397caf5 0.1s done
[2025-09-24T08:44:40.798+0000] {subprocess.py:106} INFO - #19 exporting manifest list sha256:5da9ad48a95b6dd8eb94183bdf58b82d983e1f0db33b3a64b2113fe776b9a73c 0.0s done
[2025-09-24T08:44:40.799+0000] {subprocess.py:106} INFO - #19 naming to docker.io/library/wine-***-init:latest done
[2025-09-24T08:44:40.802+0000] {subprocess.py:106} INFO - #19 unpacking to docker.io/library/wine-***-init:latest
[2025-09-24T08:44:40.997+0000] {subprocess.py:106} INFO - #19 unpacking to docker.io/library/wine-***-init:latest 0.2s done
[2025-09-24T08:44:41.156+0000] {subprocess.py:106} INFO - #19 ...
[2025-09-24T08:44:41.160+0000] {subprocess.py:106} INFO - 
[2025-09-24T08:44:41.161+0000] {subprocess.py:106} INFO - #20 [api] resolving provenance for metadata file
[2025-09-24T08:44:41.162+0000] {subprocess.py:106} INFO - #20 DONE 0.0s
[2025-09-24T08:44:41.369+0000] {subprocess.py:106} INFO - 
[2025-09-24T08:44:41.370+0000] {subprocess.py:106} INFO - #19 [***-init] exporting to image
[2025-09-24T08:44:41.373+0000] {subprocess.py:106} INFO - #19 DONE 0.9s
[2025-09-24T08:44:41.375+0000] {subprocess.py:106} INFO - 
[2025-09-24T08:44:41.379+0000] {subprocess.py:106} INFO - #21 [app internal] load build definition from Dockerfile
[2025-09-24T08:44:41.381+0000] {subprocess.py:106} INFO - #21 transferring dockerfile: 232B 0.0s done
[2025-09-24T08:44:41.382+0000] {subprocess.py:106} INFO - #21 DONE 0.0s
[2025-09-24T08:44:41.387+0000] {subprocess.py:106} INFO - 
[2025-09-24T08:44:41.389+0000] {subprocess.py:106} INFO - #4 [app internal] load metadata for docker.io/library/python:3.10-slim
[2025-09-24T08:44:41.478+0000] {subprocess.py:106} INFO - #4 DONE 0.6s
[2025-09-24T08:44:41.641+0000] {subprocess.py:106} INFO - 
[2025-09-24T08:44:41.643+0000] {subprocess.py:106} INFO - #22 [app internal] load .dockerignore
[2025-09-24T08:44:41.647+0000] {subprocess.py:106} INFO - #22 transferring context: 2B 0.0s done
[2025-09-24T08:44:41.648+0000] {subprocess.py:106} INFO - #22 DONE 0.0s
[2025-09-24T08:44:41.650+0000] {subprocess.py:106} INFO - 
[2025-09-24T08:44:41.651+0000] {subprocess.py:106} INFO - #23 [app internal] load build context
[2025-09-24T08:44:41.652+0000] {subprocess.py:106} INFO - #23 transferring context: 63B done
[2025-09-24T08:44:41.654+0000] {subprocess.py:106} INFO - #23 DONE 0.0s
[2025-09-24T08:44:41.656+0000] {subprocess.py:106} INFO - 
[2025-09-24T08:44:41.658+0000] {subprocess.py:106} INFO - #10 [app 1/5] FROM docker.io/library/python:3.10-slim@sha256:f8081b61393cc16b2339d377bb523a5646cdd28fc6105612b3893c405d27f730
[2025-09-24T08:44:41.659+0000] {subprocess.py:106} INFO - #10 resolve docker.io/library/python:3.10-slim@sha256:f8081b61393cc16b2339d377bb523a5646cdd28fc6105612b3893c405d27f730 0.1s done
[2025-09-24T08:44:41.660+0000] {subprocess.py:106} INFO - #10 DONE 0.3s
[2025-09-24T08:44:41.763+0000] {subprocess.py:106} INFO - 
[2025-09-24T08:44:41.769+0000] {subprocess.py:106} INFO - #24 [app 4/5] RUN pip install --no-cache-dir -r requirements.txt
[2025-09-24T08:44:41.774+0000] {subprocess.py:106} INFO - #24 CACHED
[2025-09-24T08:44:41.778+0000] {subprocess.py:106} INFO - 
[2025-09-24T08:44:41.783+0000] {subprocess.py:106} INFO - #15 [app 2/5] WORKDIR /app
[2025-09-24T08:44:41.785+0000] {subprocess.py:106} INFO - #15 CACHED
[2025-09-24T08:44:41.787+0000] {subprocess.py:106} INFO - 
[2025-09-24T08:44:41.790+0000] {subprocess.py:106} INFO - #25 [app 3/5] COPY requirements.txt .
[2025-09-24T08:44:41.794+0000] {subprocess.py:106} INFO - #25 CACHED
[2025-09-24T08:44:41.796+0000] {subprocess.py:106} INFO - 
[2025-09-24T08:44:41.797+0000] {subprocess.py:106} INFO - #26 [app 5/5] COPY app.py .
[2025-09-24T08:44:41.799+0000] {subprocess.py:106} INFO - #26 CACHED
[2025-09-24T08:44:41.801+0000] {subprocess.py:106} INFO - 
[2025-09-24T08:44:41.803+0000] {subprocess.py:106} INFO - #27 [app] exporting to image
[2025-09-24T08:44:41.806+0000] {subprocess.py:106} INFO - #27 exporting layers 0.0s done
[2025-09-24T08:44:41.808+0000] {subprocess.py:106} INFO - #27 exporting manifest sha256:ed39c8a1281e8641f8221aa358161ed4a853cfca766b2391723ef213149408a1
[2025-09-24T08:44:41.875+0000] {subprocess.py:106} INFO - #27 exporting manifest sha256:ed39c8a1281e8641f8221aa358161ed4a853cfca766b2391723ef213149408a1 0.0s done
[2025-09-24T08:44:41.877+0000] {subprocess.py:106} INFO - #27 exporting config sha256:6f0abffb2ffefdf85f78ba18149c8f66629e2f426c54fc38cab1a328af33f1f1 0.0s done
[2025-09-24T08:44:41.878+0000] {subprocess.py:106} INFO - #27 exporting attestation manifest sha256:d46422d72ebfb127183b0afcb2edaede8da4e40aabaf787ce9c4af518a59e940
[2025-09-24T08:44:41.992+0000] {subprocess.py:106} INFO - #27 exporting attestation manifest sha256:d46422d72ebfb127183b0afcb2edaede8da4e40aabaf787ce9c4af518a59e940 0.1s done
[2025-09-24T08:44:41.996+0000] {subprocess.py:106} INFO - #27 exporting manifest list sha256:926977086ae556d818d3cdd7ca89da80e894b3d2a2a6fc3e84c511357f6c3114
[2025-09-24T08:44:42.102+0000] {subprocess.py:106} INFO - #27 exporting manifest list sha256:926977086ae556d818d3cdd7ca89da80e894b3d2a2a6fc3e84c511357f6c3114 0.1s done
[2025-09-24T08:44:42.104+0000] {subprocess.py:106} INFO - #27 naming to docker.io/library/wine-app:latest done
[2025-09-24T08:44:42.106+0000] {subprocess.py:106} INFO - #27 unpacking to docker.io/library/wine-app:latest 0.1s done
[2025-09-24T08:44:42.482+0000] {subprocess.py:106} INFO - #27 DONE 0.8s
[2025-09-24T08:44:42.623+0000] {subprocess.py:106} INFO - 
[2025-09-24T08:44:42.635+0000] {subprocess.py:106} INFO - #28 [***-init] resolving provenance for metadata file
[2025-09-24T08:44:42.639+0000] {subprocess.py:106} INFO - #28 DONE 0.1s
[2025-09-24T08:44:43.081+0000] {subprocess.py:106} INFO - 
[2025-09-24T08:44:43.084+0000] {subprocess.py:106} INFO - #29 [***-scheduler internal] load build definition from Dockerfile
[2025-09-24T08:44:43.085+0000] {subprocess.py:106} INFO - #29 transferring dockerfile: 386B 0.0s done
[2025-09-24T08:44:43.086+0000] {subprocess.py:106} INFO - #29 DONE 0.1s
[2025-09-24T08:44:43.090+0000] {subprocess.py:106} INFO - 
[2025-09-24T08:44:43.091+0000] {subprocess.py:106} INFO - #30 [***-webserver internal] load build definition from Dockerfile
[2025-09-24T08:44:43.093+0000] {subprocess.py:106} INFO - #30 transferring dockerfile: 386B 0.0s done
[2025-09-24T08:44:43.094+0000] {subprocess.py:106} INFO - #30 DONE 0.1s
[2025-09-24T08:44:43.097+0000] {subprocess.py:106} INFO - 
[2025-09-24T08:44:43.100+0000] {subprocess.py:106} INFO - #31 [app] resolving provenance for metadata file
[2025-09-24T08:44:43.188+0000] {subprocess.py:106} INFO - #31 DONE 0.0s
[2025-09-24T08:44:43.193+0000] {subprocess.py:106} INFO - 
[2025-09-24T08:44:43.194+0000] {subprocess.py:106} INFO - #3 [***-scheduler internal] load metadata for docker.io/apache/***:2.10.2-python3.11
[2025-09-24T08:44:43.195+0000] {subprocess.py:106} INFO - #3 DONE 0.2s
[2025-09-24T08:44:43.197+0000] {subprocess.py:106} INFO - 
[2025-09-24T08:44:43.198+0000] {subprocess.py:106} INFO - #32 [***-webserver internal] load .dockerignore
[2025-09-24T08:44:43.200+0000] {subprocess.py:106} INFO - #32 transferring context: 2B 0.0s done
[2025-09-24T08:44:43.202+0000] {subprocess.py:106} INFO - #32 DONE 0.0s
[2025-09-24T08:44:43.204+0000] {subprocess.py:106} INFO - 
[2025-09-24T08:44:43.205+0000] {subprocess.py:106} INFO - #33 [***-scheduler internal] load .dockerignore
[2025-09-24T08:44:43.205+0000] {subprocess.py:106} INFO - #33 transferring context: 2B done
[2025-09-24T08:44:43.206+0000] {subprocess.py:106} INFO - #33 DONE 0.0s
[2025-09-24T08:44:43.313+0000] {subprocess.py:106} INFO - 
[2025-09-24T08:44:43.318+0000] {subprocess.py:106} INFO - #34 [***-scheduler internal] load build context
[2025-09-24T08:44:43.326+0000] {subprocess.py:106} INFO - #34 DONE 0.0s
[2025-09-24T08:44:43.383+0000] {subprocess.py:106} INFO - 
[2025-09-24T08:44:43.396+0000] {subprocess.py:106} INFO - #7 [***-scheduler 1/4] FROM docker.io/apache/***:2.10.2-python3.11@sha256:7c68d8ac3cf1b2c69eeb91da64c1578dc8376d33abf34267bf6e547d071cae39
[2025-09-24T08:44:43.406+0000] {subprocess.py:106} INFO - #7 resolve docker.io/apache/***:2.10.2-python3.11@sha256:7c68d8ac3cf1b2c69eeb91da64c1578dc8376d33abf34267bf6e547d071cae39 0.1s done
[2025-09-24T08:44:43.408+0000] {subprocess.py:106} INFO - #7 DONE 0.3s
[2025-09-24T08:44:43.411+0000] {subprocess.py:106} INFO - 
[2025-09-24T08:44:43.413+0000] {subprocess.py:106} INFO - #35 [***-webserver internal] load build context
[2025-09-24T08:44:43.559+0000] {subprocess.py:106} INFO - #35 transferring context: 37B 0.0s done
[2025-09-24T08:44:43.561+0000] {subprocess.py:106} INFO - #35 DONE 0.1s
[2025-09-24T08:44:43.563+0000] {subprocess.py:106} INFO - 
[2025-09-24T08:44:43.566+0000] {subprocess.py:106} INFO - #34 [***-scheduler internal] load build context
[2025-09-24T08:44:43.567+0000] {subprocess.py:106} INFO - #34 transferring context: 37B 0.1s done
[2025-09-24T08:44:43.570+0000] {subprocess.py:106} INFO - #34 DONE 0.1s
[2025-09-24T08:44:43.651+0000] {subprocess.py:106} INFO - 
[2025-09-24T08:44:43.652+0000] {subprocess.py:106} INFO - #36 [***-webserver 3/4] RUN pip install --no-cache-dir -r requirements.txt
[2025-09-24T08:44:43.653+0000] {subprocess.py:106} INFO - #36 CACHED
[2025-09-24T08:44:43.658+0000] {subprocess.py:106} INFO - 
[2025-09-24T08:44:43.660+0000] {subprocess.py:106} INFO - #37 [***-webserver 2/4] COPY requirements.txt .
[2025-09-24T08:44:43.669+0000] {subprocess.py:106} INFO - #37 CACHED
[2025-09-24T08:44:43.674+0000] {subprocess.py:106} INFO - 
[2025-09-24T08:44:43.680+0000] {subprocess.py:106} INFO - #38 [***-webserver 4/4] RUN apt-get update && apt-get install -y docker.io docker-compose-plugin && rm -rf /var/lib/apt/lists/*
[2025-09-24T08:44:43.913+0000] {subprocess.py:106} INFO - #38 CACHED
[2025-09-24T08:44:43.914+0000] {subprocess.py:106} INFO - 
[2025-09-24T08:44:43.916+0000] {subprocess.py:106} INFO - #39 [***-webserver] exporting to image
[2025-09-24T08:44:43.917+0000] {subprocess.py:106} INFO - #39 exporting layers 0.1s done
[2025-09-24T08:44:43.918+0000] {subprocess.py:106} INFO - #39 exporting manifest sha256:bad0bf9a8db32890ad8045476cfefd1bc14f143acdf22ef5c6d56595a7f3353a done
[2025-09-24T08:44:43.919+0000] {subprocess.py:106} INFO - #39 exporting config sha256:8214e94519fa00a221aedab120bea13f65720b04bb6d2b0d36b8230bc067a18e done
[2025-09-24T08:44:44.037+0000] {subprocess.py:106} INFO - #39 exporting attestation manifest sha256:57867bf54dc13ac09270158974ff810f9dacd189824e79abc24044923f6602f9 0.1s done
[2025-09-24T08:44:44.038+0000] {subprocess.py:106} INFO - #39 exporting manifest list sha256:7bdf7e1266c7fddc95096ec456c753918d5542bec2eba2b3c42f4d0057f4eefa 0.0s done
[2025-09-24T08:44:44.040+0000] {subprocess.py:106} INFO - #39 naming to docker.io/library/wine-***-webserver:latest
[2025-09-24T08:44:44.150+0000] {subprocess.py:106} INFO - #39 naming to docker.io/library/wine-***-webserver:latest 0.0s done
[2025-09-24T08:44:44.152+0000] {subprocess.py:106} INFO - #39 unpacking to docker.io/library/wine-***-webserver:latest 0.1s done
[2025-09-24T08:44:44.336+0000] {subprocess.py:106} INFO - #39 DONE 0.5s
[2025-09-24T08:44:44.338+0000] {subprocess.py:106} INFO - 
[2025-09-24T08:44:44.340+0000] {subprocess.py:106} INFO - #40 [***-scheduler] exporting to image
[2025-09-24T08:44:44.342+0000] {subprocess.py:106} INFO - #40 exporting layers 0.1s done
[2025-09-24T08:44:44.342+0000] {subprocess.py:106} INFO - #40 exporting manifest sha256:d220193b669c4746d9fd0f51fa9291f767e76d2a37d165b1f82ad809a6cd4f8b done
[2025-09-24T08:44:44.344+0000] {subprocess.py:106} INFO - #40 exporting config sha256:1f688f34aff1aeaf0b0a029fc3d07fe82acf01946ecec928a9682d8cdc1f5c2e done
[2025-09-24T08:44:44.347+0000] {subprocess.py:106} INFO - #40 exporting attestation manifest sha256:8d2d1191d312fe48442a31868398040e0091d51e3f55408c33968e3588f6e5ec 0.1s done
[2025-09-24T08:44:44.348+0000] {subprocess.py:106} INFO - #40 exporting manifest list sha256:744b856fbb6bd7664c9347b293fd257d94aa2a14a98ccc326fabde4d7ff3704b 0.0s done
[2025-09-24T08:44:44.349+0000] {subprocess.py:106} INFO - #40 naming to docker.io/library/wine-***-scheduler:latest done
[2025-09-24T08:44:44.350+0000] {subprocess.py:106} INFO - #40 unpacking to docker.io/library/wine-***-scheduler:latest 0.1s done
[2025-09-24T08:44:44.524+0000] {subprocess.py:106} INFO - #40 DONE 0.5s
[2025-09-24T08:44:44.973+0000] {subprocess.py:106} INFO - 
[2025-09-24T08:44:44.975+0000] {subprocess.py:106} INFO - #41 [***-webserver] resolving provenance for metadata file
[2025-09-24T08:44:45.096+0000] {subprocess.py:106} INFO - #41 DONE 0.1s
[2025-09-24T08:44:45.097+0000] {subprocess.py:106} INFO - 
[2025-09-24T08:44:45.098+0000] {subprocess.py:106} INFO - #42 [***-scheduler] resolving provenance for metadata file
[2025-09-24T08:44:45.099+0000] {subprocess.py:106} INFO - #42 DONE 0.0s
[2025-09-24T08:44:45.101+0000] {subprocess.py:106} INFO -  ***-init  Built
[2025-09-24T08:44:45.107+0000] {subprocess.py:106} INFO -  ***-scheduler  Built
[2025-09-24T08:44:45.109+0000] {subprocess.py:106} INFO -  ***-webserver  Built
[2025-09-24T08:44:45.113+0000] {subprocess.py:106} INFO -  api  Built
[2025-09-24T08:44:45.115+0000] {subprocess.py:106} INFO -  app  Built
[2025-09-24T08:44:45.203+0000] {subprocess.py:106} INFO -  Container wine-postgres-1  Running
[2025-09-24T08:44:45.204+0000] {subprocess.py:106} INFO -  Container wine-***-init-1  Recreate
[2025-09-24T08:44:45.212+0000] {subprocess.py:106} INFO -  Container wine-api-1  Recreate
[2025-09-24T08:44:45.489+0000] {subprocess.py:106} INFO -  Container wine-api-1  Recreated
[2025-09-24T08:44:45.490+0000] {subprocess.py:106} INFO -  Container wine-app-1  Recreate
[2025-09-24T08:44:45.997+0000] {subprocess.py:106} INFO -  Container wine-app-1  Recreated
[2025-09-24T08:44:46.506+0000] {subprocess.py:106} INFO -  Container wine-***-init-1  Recreated
[2025-09-24T08:44:46.508+0000] {subprocess.py:106} INFO -  Container wine-***-scheduler-1  Recreate
[2025-09-24T08:44:46.510+0000] {subprocess.py:106} INFO -  Container wine-***-webserver-1  Recreate
[2025-09-24T08:44:47.740+0000] {subprocess.py:106} INFO -  Container wine-***-webserver-1  Recreated
[2025-09-24T08:44:47.855+0000] {subprocess.py:106} INFO -  Container wine-***-scheduler-1  Recreated
[2025-09-24T08:44:48.190+0000] {subprocess.py:106} INFO -  Container wine-api-1  Starting
[2025-09-24T08:44:48.192+0000] {subprocess.py:106} INFO -  Container wine-postgres-1  Waiting
[2025-09-24T08:44:48.712+0000] {subprocess.py:106} INFO -  Container wine-postgres-1  Healthy
[2025-09-24T08:44:48.722+0000] {subprocess.py:106} INFO -  Container wine-***-init-1  Starting
[2025-09-24T08:44:48.738+0000] {subprocess.py:106} INFO - Error response from daemon: mounts denied:
[2025-09-24T08:44:48.739+0000] {subprocess.py:106} INFO - The path /opt/***/models is not shared from the host and is not known to Docker.
[2025-09-24T08:44:48.740+0000] {subprocess.py:106} INFO - You can configure shared paths from Docker -> Preferences... -> Resources -> File Sharing.
[2025-09-24T08:44:48.742+0000] {subprocess.py:106} INFO - See https://docs.docker.com/go/mac-file-sharing/ for more info.
[2025-09-24T08:44:48.756+0000] {subprocess.py:110} INFO - Command exited with return code 1
[2025-09-24T08:44:48.859+0000] {taskinstance.py:3310} ERROR - Task failed with exception
Traceback (most recent call last):
  File "/home/airflow/.local/lib/python3.11/site-packages/airflow/models/taskinstance.py", line 767, in _execute_task
    result = _execute_callable(context=context, **execute_callable_kwargs)
             ^^^^^^^^^^^^^^^^^^^^^^^^^^^^^^^^^^^^^^^^^^^^^^^^^^^^^^^^^^^^^
  File "/home/airflow/.local/lib/python3.11/site-packages/airflow/models/taskinstance.py", line 733, in _execute_callable
    return ExecutionCallableRunner(
           ^^^^^^^^^^^^^^^^^^^^^^^^
  File "/home/airflow/.local/lib/python3.11/site-packages/airflow/utils/operator_helpers.py", line 252, in run
    return self.func(*args, **kwargs)
           ^^^^^^^^^^^^^^^^^^^^^^^^^^
  File "/home/airflow/.local/lib/python3.11/site-packages/airflow/models/baseoperator.py", line 406, in wrapper
    return func(self, *args, **kwargs)
           ^^^^^^^^^^^^^^^^^^^^^^^^^^^
  File "/home/airflow/.local/lib/python3.11/site-packages/airflow/providers/standard/operators/bash.py", line 232, in execute
    raise AirflowException(
airflow.exceptions.AirflowException: Bash command failed. The command returned a non-zero exit code 1.
[2025-09-24T08:44:48.925+0000] {taskinstance.py:1225} INFO - Marking task as UP_FOR_RETRY. dag_id=wine_pipeline, task_id=stage3_deploy_compose, run_id=scheduled__2025-09-24T08:35:00+00:00, execution_date=20250924T083500, start_date=20250924T084437, end_date=20250924T084448
[2025-09-24T08:44:48.982+0000] {taskinstance.py:340} INFO - ::group::Post task execution logs
[2025-09-24T08:44:48.995+0000] {standard_task_runner.py:124} ERROR - Failed to execute job 14 for task stage3_deploy_compose (Bash command failed. The command returned a non-zero exit code 1.; 1129)
Traceback (most recent call last):
  File "/home/airflow/.local/lib/python3.11/site-packages/airflow/task/task_runner/standard_task_runner.py", line 117, in _start_by_fork
    ret = args.func(args, dag=self.dag)
          ^^^^^^^^^^^^^^^^^^^^^^^^^^^^^
  File "/home/airflow/.local/lib/python3.11/site-packages/airflow/cli/cli_config.py", line 49, in command
    return func(*args, **kwargs)
           ^^^^^^^^^^^^^^^^^^^^^
  File "/home/airflow/.local/lib/python3.11/site-packages/airflow/utils/cli.py", line 115, in wrapper
    return f(*args, **kwargs)
           ^^^^^^^^^^^^^^^^^^
  File "/home/airflow/.local/lib/python3.11/site-packages/airflow/cli/commands/task_command.py", line 483, in task_run
    task_return_code = _run_task_by_selected_method(args, _dag, ti)
                       ^^^^^^^^^^^^^^^^^^^^^^^^^^^^^^^^^^^^^^^^^^^^
  File "/home/airflow/.local/lib/python3.11/site-packages/airflow/cli/commands/task_command.py", line 256, in _run_task_by_selected_method
    return _run_raw_task(args, ti)
           ^^^^^^^^^^^^^^^^^^^^^^^
  File "/home/airflow/.local/lib/python3.11/site-packages/airflow/cli/commands/task_command.py", line 341, in _run_raw_task
    return ti._run_raw_task(
           ^^^^^^^^^^^^^^^^^
  File "/home/airflow/.local/lib/python3.11/site-packages/airflow/utils/session.py", line 97, in wrapper
    return func(*args, session=session, **kwargs)
           ^^^^^^^^^^^^^^^^^^^^^^^^^^^^^^^^^^^^^^
  File "/home/airflow/.local/lib/python3.11/site-packages/airflow/models/taskinstance.py", line 3004, in _run_raw_task
    return _run_raw_task(
           ^^^^^^^^^^^^^^
  File "/home/airflow/.local/lib/python3.11/site-packages/airflow/models/taskinstance.py", line 273, in _run_raw_task
    TaskInstance._execute_task_with_callbacks(
  File "/home/airflow/.local/lib/python3.11/site-packages/airflow/models/taskinstance.py", line 3158, in _execute_task_with_callbacks
    result = self._execute_task(context, task_orig)
             ^^^^^^^^^^^^^^^^^^^^^^^^^^^^^^^^^^^^^^
  File "/home/airflow/.local/lib/python3.11/site-packages/airflow/models/taskinstance.py", line 3182, in _execute_task
    return _execute_task(self, context, task_orig)
           ^^^^^^^^^^^^^^^^^^^^^^^^^^^^^^^^^^^^^^^
  File "/home/airflow/.local/lib/python3.11/site-packages/airflow/models/taskinstance.py", line 767, in _execute_task
    result = _execute_callable(context=context, **execute_callable_kwargs)
             ^^^^^^^^^^^^^^^^^^^^^^^^^^^^^^^^^^^^^^^^^^^^^^^^^^^^^^^^^^^^^
  File "/home/airflow/.local/lib/python3.11/site-packages/airflow/models/taskinstance.py", line 733, in _execute_callable
    return ExecutionCallableRunner(
           ^^^^^^^^^^^^^^^^^^^^^^^^
  File "/home/airflow/.local/lib/python3.11/site-packages/airflow/utils/operator_helpers.py", line 252, in run
    return self.func(*args, **kwargs)
           ^^^^^^^^^^^^^^^^^^^^^^^^^^
  File "/home/airflow/.local/lib/python3.11/site-packages/airflow/models/baseoperator.py", line 406, in wrapper
    return func(self, *args, **kwargs)
           ^^^^^^^^^^^^^^^^^^^^^^^^^^^
  File "/home/airflow/.local/lib/python3.11/site-packages/airflow/providers/standard/operators/bash.py", line 232, in execute
    raise AirflowException(
airflow.exceptions.AirflowException: Bash command failed. The command returned a non-zero exit code 1.
[2025-09-24T08:44:49.040+0000] {local_task_job_runner.py:266} INFO - Task exited with return code 1
[2025-09-24T08:44:49.114+0000] {taskinstance.py:3900} INFO - 0 downstream tasks scheduled from follow-on schedule check
[2025-09-24T08:44:49.129+0000] {local_task_job_runner.py:245} INFO - ::endgroup::
