2025-09-23 16:34:35,245 | INFO | Start run_id=eaf29e1428ed458d98fd37b15dd26c2d
2025-09-23 16:34:38,664 | INFO | CV acc mean=0.97906 std=0.02771
2025-09-23 16:34:39,159 | INFO | Test metrics: {'accuracy': 1.0, 'f1_macro': 1.0, 'balanced_accuracy': 1.0}
2025-09-23 16:34:39,515 | INFO | Confusion matrix:
[[12  0  0]
 [ 0 14  0]
 [ 0  0 10]]
2025-09-23 16:34:45,083 | INFO | Saved model: /Users/valerianeganova/wine-classification-pipeline/models/wine_model.pkl
2025-09-23 16:34:45,084 | INFO | Saved feature names: /Users/valerianeganova/wine-classification-pipeline/models/feature_names.pkl
2025-09-23 16:34:45,085 | INFO | MLflow artifact store: /Users/valerianeganova/wine-classification-pipeline/mlruns
2025-09-23 16:34:45,085 | INFO | Wrote metrics JSON: /Users/valerianeganova/wine-classification-pipeline/logs/last_metrics.json
2025-09-23 22:02:03,633 | INFO | Start run_id=14322a62a99142bdac21c8995131960e
2025-09-23 22:02:07,382 | INFO | CV acc mean=0.97906 std=0.02771
2025-09-23 22:02:07,905 | INFO | Test metrics: {'accuracy': 1.0, 'f1_macro': 1.0, 'balanced_accuracy': 1.0}
2025-09-23 22:02:08,290 | INFO | Confusion matrix:
[[12  0  0]
 [ 0 14  0]
 [ 0  0 10]]
2025-09-23 22:02:14,120 | INFO | Saved model: /Users/valerianeganova/wine-classification-pipeline/models/wine_model.pkl
2025-09-23 22:02:14,121 | INFO | Saved feature names: /Users/valerianeganova/wine-classification-pipeline/models/feature_names.pkl
2025-09-23 22:02:14,121 | INFO | MLflow artifact store: /Users/valerianeganova/wine-classification-pipeline/mlruns
2025-09-23 22:02:14,122 | INFO | Wrote metrics JSON: /Users/valerianeganova/wine-classification-pipeline/logs/last_metrics.json
