[2025-09-24T08:52:43.635+0000] {local_task_job_runner.py:123} INFO - ::group::Pre task execution logs
[2025-09-24T08:52:43.659+0000] {taskinstance.py:2612} INFO - Dependencies all met for dep_context=non-requeueable deps ti=<TaskInstance: wine_pipeline.stage3_deploy_compose scheduled__2025-09-24T08:45:00+00:00 [queued]>
[2025-09-24T08:52:43.668+0000] {taskinstance.py:2612} INFO - Dependencies all met for dep_context=requeueable deps ti=<TaskInstance: wine_pipeline.stage3_deploy_compose scheduled__2025-09-24T08:45:00+00:00 [queued]>
[2025-09-24T08:52:43.669+0000] {taskinstance.py:2865} INFO - Starting attempt 3 of 4
[2025-09-24T08:52:43.686+0000] {taskinstance.py:2888} INFO - Executing <Task(BashOperator): stage3_deploy_compose> on 2025-09-24 08:45:00+00:00
[2025-09-24T08:52:43.695+0000] {standard_task_runner.py:72} INFO - Started process 2516 to run task
[2025-09-24T08:52:43.700+0000] {standard_task_runner.py:104} INFO - Running: ['***', 'tasks', 'run', 'wine_pipeline', 'stage3_deploy_compose', 'scheduled__2025-09-24T08:45:00+00:00', '--job-id', '29', '--raw', '--subdir', 'DAGS_FOLDER/wine_pipeline.py', '--cfg-path', '/tmp/tmptkyl0jzs']
[2025-09-24T08:52:43.704+0000] {standard_task_runner.py:105} INFO - Job 29: Subtask stage3_deploy_compose
[2025-09-24T08:52:43.777+0000] {task_command.py:467} INFO - Running <TaskInstance: wine_pipeline.stage3_deploy_compose scheduled__2025-09-24T08:45:00+00:00 [running]> on host 995626deecfe
[2025-09-24T08:52:43.884+0000] {taskinstance.py:3131} INFO - Exporting env vars: AIRFLOW_CTX_DAG_OWNER='***' AIRFLOW_CTX_DAG_ID='wine_pipeline' AIRFLOW_CTX_TASK_ID='stage3_deploy_compose' AIRFLOW_CTX_EXECUTION_DATE='2025-09-24T08:45:00+00:00' AIRFLOW_CTX_TRY_NUMBER='3' AIRFLOW_CTX_DAG_RUN_ID='scheduled__2025-09-24T08:45:00+00:00'
[2025-09-24T08:52:43.885+0000] {taskinstance.py:731} INFO - ::endgroup::
[2025-09-24T08:52:43.901+0000] {subprocess.py:78} INFO - Tmp dir root location: /tmp
[2025-09-24T08:52:43.902+0000] {subprocess.py:88} INFO - Running command: ['/usr/bin/bash', '-c', 'docker compose -f /opt/***/code/deployment/docker-compose.yml up -d --build']
[2025-09-24T08:52:43.918+0000] {subprocess.py:99} INFO - Output:
[2025-09-24T08:52:44.038+0000] {subprocess.py:106} INFO - time="2025-09-24T08:52:44Z" level=warning msg="/opt/***/code/deployment/docker-compose.yml: the attribute `version` is obsolete, it will be ignored, please remove it to avoid potential confusion"
[2025-09-24T08:52:44.206+0000] {subprocess.py:106} INFO - time="2025-09-24T08:52:44Z" level=warning msg="Docker Compose is configured to build using Bake, but buildx isn't installed"
[2025-09-24T08:52:44.451+0000] {subprocess.py:106} INFO - #0 building with "default" instance using docker driver
[2025-09-24T08:52:44.452+0000] {subprocess.py:106} INFO - 
[2025-09-24T08:52:44.453+0000] {subprocess.py:106} INFO - #1 [***-init internal] load build definition from Dockerfile
[2025-09-24T08:52:44.453+0000] {subprocess.py:106} INFO - #1 transferring dockerfile: 386B 0.0s done
[2025-09-24T08:52:44.454+0000] {subprocess.py:106} INFO - #1 DONE 0.0s
[2025-09-24T08:52:44.455+0000] {subprocess.py:106} INFO - 
[2025-09-24T08:52:44.455+0000] {subprocess.py:106} INFO - #2 [api internal] load build definition from Dockerfile
[2025-09-24T08:52:44.456+0000] {subprocess.py:106} INFO - #2 transferring dockerfile: 264B done
[2025-09-24T08:52:44.456+0000] {subprocess.py:106} INFO - #2 DONE 0.0s
[2025-09-24T08:52:44.457+0000] {subprocess.py:106} INFO - 
[2025-09-24T08:52:44.458+0000] {subprocess.py:106} INFO - #3 [***-init internal] load metadata for docker.io/apache/***:2.10.2-python3.11
[2025-09-24T08:52:44.459+0000] {subprocess.py:106} INFO - #3 DONE 0.0s
[2025-09-24T08:52:44.460+0000] {subprocess.py:106} INFO - 
[2025-09-24T08:52:44.461+0000] {subprocess.py:106} INFO - #4 [***-init internal] load .dockerignore
[2025-09-24T08:52:44.462+0000] {subprocess.py:106} INFO - #4 transferring context: 2B done
[2025-09-24T08:52:44.463+0000] {subprocess.py:106} INFO - #4 DONE 0.0s
[2025-09-24T08:52:44.464+0000] {subprocess.py:106} INFO - 
[2025-09-24T08:52:44.465+0000] {subprocess.py:106} INFO - #5 [***-init internal] load build context
[2025-09-24T08:52:44.466+0000] {subprocess.py:106} INFO - #5 DONE 0.0s
[2025-09-24T08:52:44.466+0000] {subprocess.py:106} INFO - 
[2025-09-24T08:52:44.467+0000] {subprocess.py:106} INFO - #6 [***-init 1/4] FROM docker.io/apache/***:2.10.2-python3.11@sha256:7c68d8ac3cf1b2c69eeb91da64c1578dc8376d33abf34267bf6e547d071cae39
[2025-09-24T08:52:44.468+0000] {subprocess.py:106} INFO - #6 resolve docker.io/apache/***:2.10.2-python3.11@sha256:7c68d8ac3cf1b2c69eeb91da64c1578dc8376d33abf34267bf6e547d071cae39 0.0s done
[2025-09-24T08:52:44.469+0000] {subprocess.py:106} INFO - #6 DONE 0.0s
[2025-09-24T08:52:44.469+0000] {subprocess.py:106} INFO - 
[2025-09-24T08:52:44.470+0000] {subprocess.py:106} INFO - #7 [api internal] load metadata for docker.io/library/python:3.10-slim
[2025-09-24T08:52:44.554+0000] {subprocess.py:106} INFO - #7 ...
[2025-09-24T08:52:44.554+0000] {subprocess.py:106} INFO - 
[2025-09-24T08:52:44.555+0000] {subprocess.py:106} INFO - #5 [***-init internal] load build context
[2025-09-24T08:52:44.556+0000] {subprocess.py:106} INFO - #5 transferring context: 37B done
[2025-09-24T08:52:44.556+0000] {subprocess.py:106} INFO - #5 DONE 0.0s
[2025-09-24T08:52:44.557+0000] {subprocess.py:106} INFO - 
[2025-09-24T08:52:44.559+0000] {subprocess.py:106} INFO - #8 [***-init 2/4] COPY requirements.txt .
[2025-09-24T08:52:44.560+0000] {subprocess.py:106} INFO - #8 CACHED
[2025-09-24T08:52:44.561+0000] {subprocess.py:106} INFO - 
[2025-09-24T08:52:44.562+0000] {subprocess.py:106} INFO - #9 [***-init 3/4] RUN pip install --no-cache-dir -r requirements.txt
[2025-09-24T08:52:44.563+0000] {subprocess.py:106} INFO - #9 CACHED
[2025-09-24T08:52:44.564+0000] {subprocess.py:106} INFO - 
[2025-09-24T08:52:44.566+0000] {subprocess.py:106} INFO - #10 [***-init 4/4] RUN apt-get update && apt-get install -y docker.io docker-compose-plugin && rm -rf /var/lib/apt/lists/*
[2025-09-24T08:52:44.567+0000] {subprocess.py:106} INFO - #10 CACHED
[2025-09-24T08:52:44.659+0000] {subprocess.py:106} INFO - 
[2025-09-24T08:52:44.661+0000] {subprocess.py:106} INFO - #11 [***-init] exporting to image
[2025-09-24T08:52:44.661+0000] {subprocess.py:106} INFO - #11 exporting layers 0.0s done
[2025-09-24T08:52:44.662+0000] {subprocess.py:106} INFO - #11 exporting manifest sha256:3b6730eb1620bb781b42c0b6cc530ed634b0611b617e822aeaaa37bfabe012d2 done
[2025-09-24T08:52:44.662+0000] {subprocess.py:106} INFO - #11 exporting config sha256:c27e40ae84fb2db54ba8f998e6782c401c446e98e1b3f9e95cad4216e6d0e138 done
[2025-09-24T08:52:44.663+0000] {subprocess.py:106} INFO - #11 exporting attestation manifest sha256:6ac003739dd0fc7bb57fb14c01d9f15a3eb5c5414ef30dee040487db9986c97d 0.0s done
[2025-09-24T08:52:44.664+0000] {subprocess.py:106} INFO - #11 exporting manifest list sha256:c45897bab6006c0cc1d29b278a169ac64fb9606d1afce36256b0f8ab47379f98
[2025-09-24T08:52:44.850+0000] {subprocess.py:106} INFO - #11 exporting manifest list sha256:c45897bab6006c0cc1d29b278a169ac64fb9606d1afce36256b0f8ab47379f98 0.0s done
[2025-09-24T08:52:44.851+0000] {subprocess.py:106} INFO - #11 naming to docker.io/library/wine-***-init:latest done
[2025-09-24T08:52:44.852+0000] {subprocess.py:106} INFO - #11 unpacking to docker.io/library/wine-***-init:latest 0.1s done
[2025-09-24T08:52:44.853+0000] {subprocess.py:106} INFO - #11 DONE 0.3s
[2025-09-24T08:52:44.853+0000] {subprocess.py:106} INFO - 
[2025-09-24T08:52:44.854+0000] {subprocess.py:106} INFO - #7 [api internal] load metadata for docker.io/library/python:3.10-slim
[2025-09-24T08:52:45.292+0000] {subprocess.py:106} INFO - #7 ...
[2025-09-24T08:52:45.293+0000] {subprocess.py:106} INFO - 
[2025-09-24T08:52:45.295+0000] {subprocess.py:106} INFO - #12 [***-init] resolving provenance for metadata file
[2025-09-24T08:52:45.296+0000] {subprocess.py:106} INFO - #12 DONE 0.0s
[2025-09-24T08:52:45.416+0000] {subprocess.py:106} INFO - 
[2025-09-24T08:52:45.421+0000] {subprocess.py:106} INFO - #13 [***-webserver internal] load build definition from Dockerfile
[2025-09-24T08:52:45.422+0000] {subprocess.py:106} INFO - #13 transferring dockerfile: 386B 0.0s done
[2025-09-24T08:52:45.424+0000] {subprocess.py:106} INFO - #13 DONE 0.0s
[2025-09-24T08:52:45.425+0000] {subprocess.py:106} INFO - 
[2025-09-24T08:52:45.425+0000] {subprocess.py:106} INFO - #14 [***-scheduler internal] load build definition from Dockerfile
[2025-09-24T08:52:45.428+0000] {subprocess.py:106} INFO - #14 transferring dockerfile: 386B 0.0s done
[2025-09-24T08:52:45.429+0000] {subprocess.py:106} INFO - #14 DONE 0.0s
[2025-09-24T08:52:45.431+0000] {subprocess.py:106} INFO - 
[2025-09-24T08:52:45.432+0000] {subprocess.py:106} INFO - #3 [***-webserver internal] load metadata for docker.io/apache/***:2.10.2-python3.11
[2025-09-24T08:52:45.433+0000] {subprocess.py:106} INFO - #3 DONE 0.1s
[2025-09-24T08:52:45.434+0000] {subprocess.py:106} INFO - 
[2025-09-24T08:52:45.435+0000] {subprocess.py:106} INFO - #15 [***-scheduler internal] load .dockerignore
[2025-09-24T08:52:45.437+0000] {subprocess.py:106} INFO - #15 transferring context: 2B 0.0s done
[2025-09-24T08:52:45.437+0000] {subprocess.py:106} INFO - #15 DONE 0.0s
[2025-09-24T08:52:45.439+0000] {subprocess.py:106} INFO - 
[2025-09-24T08:52:45.440+0000] {subprocess.py:106} INFO - #16 [***-webserver internal] load .dockerignore
[2025-09-24T08:52:45.442+0000] {subprocess.py:106} INFO - #16 transferring context: 2B 0.0s done
[2025-09-24T08:52:45.443+0000] {subprocess.py:106} INFO - #16 DONE 0.0s
[2025-09-24T08:52:45.444+0000] {subprocess.py:106} INFO - 
[2025-09-24T08:52:45.446+0000] {subprocess.py:106} INFO - #6 [***-scheduler 1/4] FROM docker.io/apache/***:2.10.2-python3.11@sha256:7c68d8ac3cf1b2c69eeb91da64c1578dc8376d33abf34267bf6e547d071cae39
[2025-09-24T08:52:45.517+0000] {subprocess.py:106} INFO - #6 resolve docker.io/apache/***:2.10.2-python3.11@sha256:7c68d8ac3cf1b2c69eeb91da64c1578dc8376d33abf34267bf6e547d071cae39 0.1s done
[2025-09-24T08:52:45.519+0000] {subprocess.py:106} INFO - #6 DONE 0.1s
[2025-09-24T08:52:45.521+0000] {subprocess.py:106} INFO - 
[2025-09-24T08:52:45.522+0000] {subprocess.py:106} INFO - #17 [***-scheduler internal] load build context
[2025-09-24T08:52:45.524+0000] {subprocess.py:106} INFO - #17 DONE 0.0s
[2025-09-24T08:52:45.526+0000] {subprocess.py:106} INFO - 
[2025-09-24T08:52:45.528+0000] {subprocess.py:106} INFO - #18 [***-webserver internal] load build context
[2025-09-24T08:52:45.643+0000] {subprocess.py:106} INFO - #18 transferring context: 37B done
[2025-09-24T08:52:45.644+0000] {subprocess.py:106} INFO - #18 DONE 0.0s
[2025-09-24T08:52:45.645+0000] {subprocess.py:106} INFO - 
[2025-09-24T08:52:45.646+0000] {subprocess.py:106} INFO - #17 [***-scheduler internal] load build context
[2025-09-24T08:52:45.647+0000] {subprocess.py:106} INFO - #17 transferring context: 37B 0.0s done
[2025-09-24T08:52:45.648+0000] {subprocess.py:106} INFO - #17 DONE 0.0s
[2025-09-24T08:52:45.649+0000] {subprocess.py:106} INFO - 
[2025-09-24T08:52:45.651+0000] {subprocess.py:106} INFO - #19 [***-webserver 2/4] COPY requirements.txt .
[2025-09-24T08:52:45.652+0000] {subprocess.py:106} INFO - #19 CACHED
[2025-09-24T08:52:45.652+0000] {subprocess.py:106} INFO - 
[2025-09-24T08:52:45.653+0000] {subprocess.py:106} INFO - #20 [***-webserver 3/4] RUN pip install --no-cache-dir -r requirements.txt
[2025-09-24T08:52:45.654+0000] {subprocess.py:106} INFO - #20 CACHED
[2025-09-24T08:52:45.654+0000] {subprocess.py:106} INFO - 
[2025-09-24T08:52:45.656+0000] {subprocess.py:106} INFO - #21 [***-webserver 4/4] RUN apt-get update && apt-get install -y docker.io docker-compose-plugin && rm -rf /var/lib/apt/lists/*
[2025-09-24T08:52:45.744+0000] {subprocess.py:106} INFO - #21 CACHED
[2025-09-24T08:52:45.745+0000] {subprocess.py:106} INFO - 
[2025-09-24T08:52:45.747+0000] {subprocess.py:106} INFO - #7 [api internal] load metadata for docker.io/library/python:3.10-slim
[2025-09-24T08:52:45.748+0000] {subprocess.py:106} INFO - #7 DONE 1.4s
[2025-09-24T08:52:45.749+0000] {subprocess.py:106} INFO - 
[2025-09-24T08:52:45.750+0000] {subprocess.py:106} INFO - #22 [***-webserver] exporting to image
[2025-09-24T08:52:45.845+0000] {subprocess.py:106} INFO - #22 ...
[2025-09-24T08:52:45.847+0000] {subprocess.py:106} INFO - 
[2025-09-24T08:52:45.848+0000] {subprocess.py:106} INFO - #23 [api internal] load .dockerignore
[2025-09-24T08:52:45.849+0000] {subprocess.py:106} INFO - #23 transferring context: 2B done
[2025-09-24T08:52:45.850+0000] {subprocess.py:106} INFO - #23 DONE 0.0s
[2025-09-24T08:52:45.852+0000] {subprocess.py:106} INFO - 
[2025-09-24T08:52:45.853+0000] {subprocess.py:106} INFO - #24 [api internal] load build context
[2025-09-24T08:52:45.854+0000] {subprocess.py:106} INFO - #24 transferring context: 64B done
[2025-09-24T08:52:45.856+0000] {subprocess.py:106} INFO - #24 DONE 0.0s
[2025-09-24T08:52:45.857+0000] {subprocess.py:106} INFO - 
[2025-09-24T08:52:45.858+0000] {subprocess.py:106} INFO - #22 [***-webserver] exporting to image
[2025-09-24T08:52:45.859+0000] {subprocess.py:106} INFO - #22 exporting layers 0.1s done
[2025-09-24T08:52:45.859+0000] {subprocess.py:106} INFO - #22 exporting manifest sha256:bad0bf9a8db32890ad8045476cfefd1bc14f143acdf22ef5c6d56595a7f3353a done
[2025-09-24T08:52:45.860+0000] {subprocess.py:106} INFO - #22 exporting config sha256:8214e94519fa00a221aedab120bea13f65720b04bb6d2b0d36b8230bc067a18e done
[2025-09-24T08:52:45.861+0000] {subprocess.py:106} INFO - #22 exporting attestation manifest sha256:fbc8555b2871f1895654099cf5a21b11b62ae3030d8018a64dfe77d19861a02b 0.0s done
[2025-09-24T08:52:45.862+0000] {subprocess.py:106} INFO - #22 exporting manifest list sha256:d0bbcc1eb846138525702d731ecae696196309f5929b26159f8b040294362c46
[2025-09-24T08:52:45.948+0000] {subprocess.py:106} INFO - #22 ...
[2025-09-24T08:52:45.949+0000] {subprocess.py:106} INFO - 
[2025-09-24T08:52:45.950+0000] {subprocess.py:106} INFO - #25 [api 1/5] FROM docker.io/library/python:3.10-slim@sha256:f8081b61393cc16b2339d377bb523a5646cdd28fc6105612b3893c405d27f730
[2025-09-24T08:52:45.951+0000] {subprocess.py:106} INFO - #25 resolve docker.io/library/python:3.10-slim@sha256:f8081b61393cc16b2339d377bb523a5646cdd28fc6105612b3893c405d27f730 0.1s done
[2025-09-24T08:52:45.952+0000] {subprocess.py:106} INFO - #25 DONE 0.1s
[2025-09-24T08:52:45.953+0000] {subprocess.py:106} INFO - 
[2025-09-24T08:52:45.954+0000] {subprocess.py:106} INFO - #26 [api 3/5] COPY requirements.txt .
[2025-09-24T08:52:45.955+0000] {subprocess.py:106} INFO - #26 CACHED
[2025-09-24T08:52:45.956+0000] {subprocess.py:106} INFO - 
[2025-09-24T08:52:45.957+0000] {subprocess.py:106} INFO - #27 [api 4/5] RUN pip install --no-cache-dir -r requirements.txt
[2025-09-24T08:52:45.958+0000] {subprocess.py:106} INFO - #27 CACHED
[2025-09-24T08:52:45.959+0000] {subprocess.py:106} INFO - 
[2025-09-24T08:52:45.960+0000] {subprocess.py:106} INFO - #28 [api 2/5] WORKDIR /app
[2025-09-24T08:52:45.961+0000] {subprocess.py:106} INFO - #28 CACHED
[2025-09-24T08:52:45.962+0000] {subprocess.py:106} INFO - 
[2025-09-24T08:52:45.962+0000] {subprocess.py:106} INFO - #29 [api 5/5] COPY main.py .
[2025-09-24T08:52:45.964+0000] {subprocess.py:106} INFO - #29 CACHED
[2025-09-24T08:52:45.964+0000] {subprocess.py:106} INFO - 
[2025-09-24T08:52:45.965+0000] {subprocess.py:106} INFO - #22 [***-webserver] exporting to image
[2025-09-24T08:52:45.966+0000] {subprocess.py:106} INFO - #22 exporting manifest list sha256:d0bbcc1eb846138525702d731ecae696196309f5929b26159f8b040294362c46 0.0s done
[2025-09-24T08:52:45.967+0000] {subprocess.py:106} INFO - #22 naming to docker.io/library/wine-***-webserver:latest done
[2025-09-24T08:52:45.969+0000] {subprocess.py:106} INFO - #22 unpacking to docker.io/library/wine-***-webserver:latest 0.1s done
[2025-09-24T08:52:46.089+0000] {subprocess.py:106} INFO - #22 DONE 0.4s
[2025-09-24T08:52:46.090+0000] {subprocess.py:106} INFO - 
[2025-09-24T08:52:46.091+0000] {subprocess.py:106} INFO - #30 [api] exporting to image
[2025-09-24T08:52:46.094+0000] {subprocess.py:106} INFO - #30 exporting layers done
[2025-09-24T08:52:46.095+0000] {subprocess.py:106} INFO - #30 exporting manifest sha256:1181bbbf188104c9b72cb7a4b2576a16324961a8a400b6cbb89476beb8892567 done
[2025-09-24T08:52:46.095+0000] {subprocess.py:106} INFO - #30 exporting config sha256:6aba02f92f2678889022da532e9cdcd4a3e3d2d98ebb364e58680ff23fa3269b done
[2025-09-24T08:52:46.097+0000] {subprocess.py:106} INFO - #30 exporting attestation manifest sha256:812a92d63f0e7a42858bf12b5e8e15d2dd58b3aad48519b441c34dd12feb4143 0.0s done
[2025-09-24T08:52:46.097+0000] {subprocess.py:106} INFO - #30 exporting manifest list sha256:403e16f6d68181297a9c6442764fc81c0d12ffafadabad423fc66caba2953ed9 0.0s done
[2025-09-24T08:52:46.103+0000] {subprocess.py:106} INFO - #30 naming to docker.io/library/wine-api:latest done
[2025-09-24T08:52:46.104+0000] {subprocess.py:106} INFO - #30 unpacking to docker.io/library/wine-api:latest 0.0s done
[2025-09-24T08:52:46.105+0000] {subprocess.py:106} INFO - #30 DONE 0.2s
[2025-09-24T08:52:46.106+0000] {subprocess.py:106} INFO - 
[2025-09-24T08:52:46.108+0000] {subprocess.py:106} INFO - #31 [***-scheduler] exporting to image
[2025-09-24T08:52:46.110+0000] {subprocess.py:106} INFO - #31 exporting layers 0.1s done
[2025-09-24T08:52:46.113+0000] {subprocess.py:106} INFO - #31 exporting manifest sha256:d220193b669c4746d9fd0f51fa9291f767e76d2a37d165b1f82ad809a6cd4f8b done
[2025-09-24T08:52:46.114+0000] {subprocess.py:106} INFO - #31 exporting config sha256:1f688f34aff1aeaf0b0a029fc3d07fe82acf01946ecec928a9682d8cdc1f5c2e done
[2025-09-24T08:52:46.115+0000] {subprocess.py:106} INFO - #31 exporting attestation manifest sha256:49f8b57b889eda0c6290ab8cd608edfa449c8e38bcd02a9c830b813f9b9c92e1 0.0s done
[2025-09-24T08:52:46.116+0000] {subprocess.py:106} INFO - #31 exporting manifest list sha256:1c5ea031a4bf66ba0f4fe56fd359d01dba7923c87cbfd844ef53fbc2ab666746 0.0s done
[2025-09-24T08:52:46.117+0000] {subprocess.py:106} INFO - #31 naming to docker.io/library/wine-***-scheduler:latest done
[2025-09-24T08:52:46.118+0000] {subprocess.py:106} INFO - #31 unpacking to docker.io/library/wine-***-scheduler:latest 0.1s done
[2025-09-24T08:52:46.239+0000] {subprocess.py:106} INFO - #31 DONE 0.4s
[2025-09-24T08:52:46.241+0000] {subprocess.py:106} INFO - 
[2025-09-24T08:52:46.243+0000] {subprocess.py:106} INFO - #32 [api] resolving provenance for metadata file
[2025-09-24T08:52:46.244+0000] {subprocess.py:106} INFO - #32 DONE 0.0s
[2025-09-24T08:52:46.430+0000] {subprocess.py:106} INFO - 
[2025-09-24T08:52:46.430+0000] {subprocess.py:106} INFO - #33 [app internal] load build definition from Dockerfile
[2025-09-24T08:52:46.431+0000] {subprocess.py:106} INFO - #33 transferring dockerfile: 232B 0.0s done
[2025-09-24T08:52:46.432+0000] {subprocess.py:106} INFO - #33 DONE 0.0s
[2025-09-24T08:52:46.432+0000] {subprocess.py:106} INFO - 
[2025-09-24T08:52:46.433+0000] {subprocess.py:106} INFO - #7 [app internal] load metadata for docker.io/library/python:3.10-slim
[2025-09-24T08:52:46.516+0000] {subprocess.py:106} INFO - #7 DONE 1.6s
[2025-09-24T08:52:46.621+0000] {subprocess.py:106} INFO - 
[2025-09-24T08:52:46.622+0000] {subprocess.py:106} INFO - #34 [app internal] load .dockerignore
[2025-09-24T08:52:46.623+0000] {subprocess.py:106} INFO - #34 transferring context: 2B done
[2025-09-24T08:52:46.624+0000] {subprocess.py:106} INFO - #34 DONE 0.0s
[2025-09-24T08:52:46.625+0000] {subprocess.py:106} INFO - 
[2025-09-24T08:52:46.626+0000] {subprocess.py:106} INFO - #35 [app internal] load build context
[2025-09-24T08:52:46.628+0000] {subprocess.py:106} INFO - #35 transferring context: 63B done
[2025-09-24T08:52:46.629+0000] {subprocess.py:106} INFO - #35 DONE 0.0s
[2025-09-24T08:52:46.630+0000] {subprocess.py:106} INFO - 
[2025-09-24T08:52:46.631+0000] {subprocess.py:106} INFO - #25 [app 1/5] FROM docker.io/library/python:3.10-slim@sha256:f8081b61393cc16b2339d377bb523a5646cdd28fc6105612b3893c405d27f730
[2025-09-24T08:52:46.633+0000] {subprocess.py:106} INFO - #25 resolve docker.io/library/python:3.10-slim@sha256:f8081b61393cc16b2339d377bb523a5646cdd28fc6105612b3893c405d27f730 0.1s done
[2025-09-24T08:52:46.635+0000] {subprocess.py:106} INFO - #25 DONE 0.1s
[2025-09-24T08:52:46.636+0000] {subprocess.py:106} INFO - 
[2025-09-24T08:52:46.637+0000] {subprocess.py:106} INFO - #36 [app 3/5] COPY requirements.txt .
[2025-09-24T08:52:46.638+0000] {subprocess.py:106} INFO - #36 CACHED
[2025-09-24T08:52:46.641+0000] {subprocess.py:106} INFO - 
[2025-09-24T08:52:46.643+0000] {subprocess.py:106} INFO - #28 [app 2/5] WORKDIR /app
[2025-09-24T08:52:46.645+0000] {subprocess.py:106} INFO - #28 CACHED
[2025-09-24T08:52:46.647+0000] {subprocess.py:106} INFO - 
[2025-09-24T08:52:46.650+0000] {subprocess.py:106} INFO - #37 [app 4/5] RUN pip install --no-cache-dir -r requirements.txt
[2025-09-24T08:52:46.652+0000] {subprocess.py:106} INFO - #37 CACHED
[2025-09-24T08:52:46.653+0000] {subprocess.py:106} INFO - 
[2025-09-24T08:52:46.654+0000] {subprocess.py:106} INFO - #38 [app 5/5] COPY app.py .
[2025-09-24T08:52:46.722+0000] {subprocess.py:106} INFO - #38 CACHED
[2025-09-24T08:52:46.723+0000] {subprocess.py:106} INFO - 
[2025-09-24T08:52:46.725+0000] {subprocess.py:106} INFO - #39 [***-webserver] resolving provenance for metadata file
[2025-09-24T08:52:46.726+0000] {subprocess.py:106} INFO - #39 DONE 0.1s
[2025-09-24T08:52:46.727+0000] {subprocess.py:106} INFO - 
[2025-09-24T08:52:46.728+0000] {subprocess.py:106} INFO - #40 [app] exporting to image
[2025-09-24T08:52:46.731+0000] {subprocess.py:106} INFO - #40 exporting layers done
[2025-09-24T08:52:46.733+0000] {subprocess.py:106} INFO - #40 exporting manifest sha256:ed39c8a1281e8641f8221aa358161ed4a853cfca766b2391723ef213149408a1 done
[2025-09-24T08:52:46.734+0000] {subprocess.py:106} INFO - #40 exporting config sha256:6f0abffb2ffefdf85f78ba18149c8f66629e2f426c54fc38cab1a328af33f1f1 done
[2025-09-24T08:52:46.734+0000] {subprocess.py:106} INFO - #40 exporting attestation manifest sha256:43c92775c0bfd956897157a74a46cd1ddaf98d8ae52a9417cd9fdabc31b6ca05 0.0s done
[2025-09-24T08:52:46.735+0000] {subprocess.py:106} INFO - #40 exporting manifest list sha256:93957c1053fc8b3cb1dbf53f33e30c9259a371472181f6d37386ee64d9d95fe5 0.0s done
[2025-09-24T08:52:46.736+0000] {subprocess.py:106} INFO - #40 naming to docker.io/library/wine-app:latest
[2025-09-24T08:52:46.890+0000] {subprocess.py:106} INFO - #40 naming to docker.io/library/wine-app:latest done
[2025-09-24T08:52:46.892+0000] {subprocess.py:106} INFO - #40 unpacking to docker.io/library/wine-app:latest 0.0s done
[2025-09-24T08:52:46.893+0000] {subprocess.py:106} INFO - #40 DONE 0.2s
[2025-09-24T08:52:46.894+0000] {subprocess.py:106} INFO - 
[2025-09-24T08:52:46.895+0000] {subprocess.py:106} INFO - #41 [***-scheduler] resolving provenance for metadata file
[2025-09-24T08:52:46.896+0000] {subprocess.py:106} INFO - #41 DONE 0.0s
[2025-09-24T08:52:46.896+0000] {subprocess.py:106} INFO - 
[2025-09-24T08:52:46.897+0000] {subprocess.py:106} INFO - #42 [app] resolving provenance for metadata file
[2025-09-24T08:52:46.906+0000] {subprocess.py:106} INFO - #42 DONE 0.0s
[2025-09-24T08:52:46.907+0000] {subprocess.py:106} INFO -  ***-init  Built
[2025-09-24T08:52:46.909+0000] {subprocess.py:106} INFO -  ***-scheduler  Built
[2025-09-24T08:52:46.911+0000] {subprocess.py:106} INFO -  ***-webserver  Built
[2025-09-24T08:52:46.911+0000] {subprocess.py:106} INFO -  api  Built
[2025-09-24T08:52:46.912+0000] {subprocess.py:106} INFO -  app  Built
[2025-09-24T08:52:46.971+0000] {subprocess.py:106} INFO -  Container wine-api-1  Recreate
[2025-09-24T08:52:46.972+0000] {subprocess.py:106} INFO -  Container wine-postgres-1  Running
[2025-09-24T08:52:46.973+0000] {subprocess.py:106} INFO -  Container wine-***-init-1  Recreate
[2025-09-24T08:52:47.213+0000] {subprocess.py:106} INFO -  Container wine-api-1  Recreated
[2025-09-24T08:52:47.216+0000] {subprocess.py:106} INFO -  Container wine-app-1  Recreate
[2025-09-24T08:52:47.644+0000] {subprocess.py:106} INFO -  Container wine-app-1  Recreated
[2025-09-24T08:52:48.136+0000] {subprocess.py:106} INFO -  Container wine-***-init-1  Recreated
[2025-09-24T08:52:48.138+0000] {subprocess.py:106} INFO -  Container wine-***-scheduler-1  Recreate
[2025-09-24T08:52:48.140+0000] {subprocess.py:106} INFO -  Container wine-***-webserver-1  Recreate
[2025-09-24T08:52:49.427+0000] {subprocess.py:106} INFO -  Container wine-***-webserver-1  Recreated
[2025-09-24T08:52:49.460+0000] {subprocess.py:106} INFO -  Container wine-***-scheduler-1  Recreated
[2025-09-24T08:52:49.687+0000] {subprocess.py:106} INFO -  Container wine-api-1  Starting
[2025-09-24T08:52:49.699+0000] {subprocess.py:106} INFO -  Container wine-postgres-1  Waiting
[2025-09-24T08:52:50.202+0000] {subprocess.py:106} INFO -  Container wine-postgres-1  Healthy
[2025-09-24T08:52:50.204+0000] {subprocess.py:106} INFO -  Container wine-***-init-1  Starting
[2025-09-24T08:52:50.218+0000] {subprocess.py:106} INFO - Error response from daemon: mounts denied:
[2025-09-24T08:52:50.220+0000] {subprocess.py:106} INFO - The path /opt/***/models is not shared from the host and is not known to Docker.
[2025-09-24T08:52:50.221+0000] {subprocess.py:106} INFO - You can configure shared paths from Docker -> Preferences... -> Resources -> File Sharing.
[2025-09-24T08:52:50.228+0000] {subprocess.py:106} INFO - See https://docs.docker.com/go/mac-file-sharing/ for more info.
[2025-09-24T08:52:50.236+0000] {subprocess.py:110} INFO - Command exited with return code 1
[2025-09-24T08:52:50.280+0000] {taskinstance.py:3310} ERROR - Task failed with exception
Traceback (most recent call last):
  File "/home/airflow/.local/lib/python3.11/site-packages/airflow/models/taskinstance.py", line 767, in _execute_task
    result = _execute_callable(context=context, **execute_callable_kwargs)
             ^^^^^^^^^^^^^^^^^^^^^^^^^^^^^^^^^^^^^^^^^^^^^^^^^^^^^^^^^^^^^
  File "/home/airflow/.local/lib/python3.11/site-packages/airflow/models/taskinstance.py", line 733, in _execute_callable
    return ExecutionCallableRunner(
           ^^^^^^^^^^^^^^^^^^^^^^^^
  File "/home/airflow/.local/lib/python3.11/site-packages/airflow/utils/operator_helpers.py", line 252, in run
    return self.func(*args, **kwargs)
           ^^^^^^^^^^^^^^^^^^^^^^^^^^
  File "/home/airflow/.local/lib/python3.11/site-packages/airflow/models/baseoperator.py", line 406, in wrapper
    return func(self, *args, **kwargs)
           ^^^^^^^^^^^^^^^^^^^^^^^^^^^
  File "/home/airflow/.local/lib/python3.11/site-packages/airflow/providers/standard/operators/bash.py", line 232, in execute
    raise AirflowException(
airflow.exceptions.AirflowException: Bash command failed. The command returned a non-zero exit code 1.
[2025-09-24T08:52:50.317+0000] {taskinstance.py:1225} INFO - Marking task as UP_FOR_RETRY. dag_id=wine_pipeline, task_id=stage3_deploy_compose, run_id=scheduled__2025-09-24T08:45:00+00:00, execution_date=20250924T084500, start_date=20250924T085243, end_date=20250924T085250
[2025-09-24T08:52:50.371+0000] {taskinstance.py:340} INFO - ::group::Post task execution logs
[2025-09-24T08:52:50.374+0000] {standard_task_runner.py:124} ERROR - Failed to execute job 29 for task stage3_deploy_compose (Bash command failed. The command returned a non-zero exit code 1.; 2516)
Traceback (most recent call last):
  File "/home/airflow/.local/lib/python3.11/site-packages/airflow/task/task_runner/standard_task_runner.py", line 117, in _start_by_fork
    ret = args.func(args, dag=self.dag)
          ^^^^^^^^^^^^^^^^^^^^^^^^^^^^^
  File "/home/airflow/.local/lib/python3.11/site-packages/airflow/cli/cli_config.py", line 49, in command
    return func(*args, **kwargs)
           ^^^^^^^^^^^^^^^^^^^^^
  File "/home/airflow/.local/lib/python3.11/site-packages/airflow/utils/cli.py", line 115, in wrapper
    return f(*args, **kwargs)
           ^^^^^^^^^^^^^^^^^^
  File "/home/airflow/.local/lib/python3.11/site-packages/airflow/cli/commands/task_command.py", line 483, in task_run
    task_return_code = _run_task_by_selected_method(args, _dag, ti)
                       ^^^^^^^^^^^^^^^^^^^^^^^^^^^^^^^^^^^^^^^^^^^^
  File "/home/airflow/.local/lib/python3.11/site-packages/airflow/cli/commands/task_command.py", line 256, in _run_task_by_selected_method
    return _run_raw_task(args, ti)
           ^^^^^^^^^^^^^^^^^^^^^^^
  File "/home/airflow/.local/lib/python3.11/site-packages/airflow/cli/commands/task_command.py", line 341, in _run_raw_task
    return ti._run_raw_task(
           ^^^^^^^^^^^^^^^^^
  File "/home/airflow/.local/lib/python3.11/site-packages/airflow/utils/session.py", line 97, in wrapper
    return func(*args, session=session, **kwargs)
           ^^^^^^^^^^^^^^^^^^^^^^^^^^^^^^^^^^^^^^
  File "/home/airflow/.local/lib/python3.11/site-packages/airflow/models/taskinstance.py", line 3004, in _run_raw_task
    return _run_raw_task(
           ^^^^^^^^^^^^^^
  File "/home/airflow/.local/lib/python3.11/site-packages/airflow/models/taskinstance.py", line 273, in _run_raw_task
    TaskInstance._execute_task_with_callbacks(
  File "/home/airflow/.local/lib/python3.11/site-packages/airflow/models/taskinstance.py", line 3158, in _execute_task_with_callbacks
    result = self._execute_task(context, task_orig)
             ^^^^^^^^^^^^^^^^^^^^^^^^^^^^^^^^^^^^^^
  File "/home/airflow/.local/lib/python3.11/site-packages/airflow/models/taskinstance.py", line 3182, in _execute_task
    return _execute_task(self, context, task_orig)
           ^^^^^^^^^^^^^^^^^^^^^^^^^^^^^^^^^^^^^^^
  File "/home/airflow/.local/lib/python3.11/site-packages/airflow/models/taskinstance.py", line 767, in _execute_task
    result = _execute_callable(context=context, **execute_callable_kwargs)
             ^^^^^^^^^^^^^^^^^^^^^^^^^^^^^^^^^^^^^^^^^^^^^^^^^^^^^^^^^^^^^
  File "/home/airflow/.local/lib/python3.11/site-packages/airflow/models/taskinstance.py", line 733, in _execute_callable
    return ExecutionCallableRunner(
           ^^^^^^^^^^^^^^^^^^^^^^^^
  File "/home/airflow/.local/lib/python3.11/site-packages/airflow/utils/operator_helpers.py", line 252, in run
    return self.func(*args, **kwargs)
           ^^^^^^^^^^^^^^^^^^^^^^^^^^
  File "/home/airflow/.local/lib/python3.11/site-packages/airflow/models/baseoperator.py", line 406, in wrapper
    return func(self, *args, **kwargs)
           ^^^^^^^^^^^^^^^^^^^^^^^^^^^
  File "/home/airflow/.local/lib/python3.11/site-packages/airflow/providers/standard/operators/bash.py", line 232, in execute
    raise AirflowException(
airflow.exceptions.AirflowException: Bash command failed. The command returned a non-zero exit code 1.
[2025-09-24T08:52:50.422+0000] {local_task_job_runner.py:266} INFO - Task exited with return code 1
[2025-09-24T08:52:50.468+0000] {taskinstance.py:3900} INFO - 0 downstream tasks scheduled from follow-on schedule check
[2025-09-24T08:52:50.476+0000] {local_task_job_runner.py:245} INFO - ::endgroup::
