[2025-09-24T08:53:52.080+0000] {local_task_job_runner.py:123} INFO - ::group::Pre task execution logs
[2025-09-24T08:53:52.102+0000] {taskinstance.py:2612} INFO - Dependencies all met for dep_context=non-requeueable deps ti=<TaskInstance: wine_pipeline.stage3_deploy_compose scheduled__2025-09-24T08:45:00+00:00 [queued]>
[2025-09-24T08:53:52.110+0000] {taskinstance.py:2612} INFO - Dependencies all met for dep_context=requeueable deps ti=<TaskInstance: wine_pipeline.stage3_deploy_compose scheduled__2025-09-24T08:45:00+00:00 [queued]>
[2025-09-24T08:53:52.111+0000] {taskinstance.py:2865} INFO - Starting attempt 4 of 4
[2025-09-24T08:53:52.126+0000] {taskinstance.py:2888} INFO - Executing <Task(BashOperator): stage3_deploy_compose> on 2025-09-24 08:45:00+00:00
[2025-09-24T08:53:52.134+0000] {standard_task_runner.py:72} INFO - Started process 2628 to run task
[2025-09-24T08:53:52.139+0000] {standard_task_runner.py:104} INFO - Running: ['***', 'tasks', 'run', 'wine_pipeline', 'stage3_deploy_compose', 'scheduled__2025-09-24T08:45:00+00:00', '--job-id', '30', '--raw', '--subdir', 'DAGS_FOLDER/wine_pipeline.py', '--cfg-path', '/tmp/tmptdl_c8kw']
[2025-09-24T08:53:52.142+0000] {standard_task_runner.py:105} INFO - Job 30: Subtask stage3_deploy_compose
[2025-09-24T08:53:52.217+0000] {task_command.py:467} INFO - Running <TaskInstance: wine_pipeline.stage3_deploy_compose scheduled__2025-09-24T08:45:00+00:00 [running]> on host 995626deecfe
[2025-09-24T08:53:52.329+0000] {taskinstance.py:3131} INFO - Exporting env vars: AIRFLOW_CTX_DAG_OWNER='***' AIRFLOW_CTX_DAG_ID='wine_pipeline' AIRFLOW_CTX_TASK_ID='stage3_deploy_compose' AIRFLOW_CTX_EXECUTION_DATE='2025-09-24T08:45:00+00:00' AIRFLOW_CTX_TRY_NUMBER='4' AIRFLOW_CTX_DAG_RUN_ID='scheduled__2025-09-24T08:45:00+00:00'
[2025-09-24T08:53:52.330+0000] {taskinstance.py:731} INFO - ::endgroup::
[2025-09-24T08:53:52.347+0000] {subprocess.py:78} INFO - Tmp dir root location: /tmp
[2025-09-24T08:53:52.349+0000] {subprocess.py:88} INFO - Running command: ['/usr/bin/bash', '-c', 'docker compose -f /opt/***/code/deployment/docker-compose.yml up -d --build']
[2025-09-24T08:53:52.369+0000] {subprocess.py:99} INFO - Output:
[2025-09-24T08:53:52.523+0000] {subprocess.py:106} INFO - time="2025-09-24T08:53:52Z" level=warning msg="/opt/***/code/deployment/docker-compose.yml: the attribute `version` is obsolete, it will be ignored, please remove it to avoid potential confusion"
[2025-09-24T08:53:52.766+0000] {subprocess.py:106} INFO - time="2025-09-24T08:53:52Z" level=warning msg="Docker Compose is configured to build using Bake, but buildx isn't installed"
[2025-09-24T08:53:53.028+0000] {subprocess.py:106} INFO - #0 building with "default" instance using docker driver
[2025-09-24T08:53:53.031+0000] {subprocess.py:106} INFO - 
[2025-09-24T08:53:53.032+0000] {subprocess.py:106} INFO - #1 [***-init internal] load build definition from Dockerfile
[2025-09-24T08:53:53.032+0000] {subprocess.py:106} INFO - #1 transferring dockerfile: 386B 0.0s done
[2025-09-24T08:53:53.033+0000] {subprocess.py:106} INFO - #1 DONE 0.0s
[2025-09-24T08:53:53.034+0000] {subprocess.py:106} INFO - 
[2025-09-24T08:53:53.034+0000] {subprocess.py:106} INFO - #2 [api internal] load build definition from Dockerfile
[2025-09-24T08:53:53.035+0000] {subprocess.py:106} INFO - #2 transferring dockerfile: 264B 0.0s done
[2025-09-24T08:53:53.036+0000] {subprocess.py:106} INFO - #2 DONE 0.0s
[2025-09-24T08:53:53.036+0000] {subprocess.py:106} INFO - 
[2025-09-24T08:53:53.037+0000] {subprocess.py:106} INFO - #3 [***-init internal] load metadata for docker.io/apache/***:2.10.2-python3.11
[2025-09-24T08:53:53.037+0000] {subprocess.py:106} INFO - #3 DONE 0.0s
[2025-09-24T08:53:53.038+0000] {subprocess.py:106} INFO - 
[2025-09-24T08:53:53.038+0000] {subprocess.py:106} INFO - #4 [***-init internal] load .dockerignore
[2025-09-24T08:53:53.039+0000] {subprocess.py:106} INFO - #4 transferring context: 2B done
[2025-09-24T08:53:53.039+0000] {subprocess.py:106} INFO - #4 DONE 0.0s
[2025-09-24T08:53:53.040+0000] {subprocess.py:106} INFO - 
[2025-09-24T08:53:53.041+0000] {subprocess.py:106} INFO - #5 [***-init internal] load build context
[2025-09-24T08:53:53.041+0000] {subprocess.py:106} INFO - #5 DONE 0.0s
[2025-09-24T08:53:53.042+0000] {subprocess.py:106} INFO - 
[2025-09-24T08:53:53.042+0000] {subprocess.py:106} INFO - #6 [***-init 1/4] FROM docker.io/apache/***:2.10.2-python3.11@sha256:7c68d8ac3cf1b2c69eeb91da64c1578dc8376d33abf34267bf6e547d071cae39
[2025-09-24T08:53:53.043+0000] {subprocess.py:106} INFO - #6 resolve docker.io/apache/***:2.10.2-python3.11@sha256:7c68d8ac3cf1b2c69eeb91da64c1578dc8376d33abf34267bf6e547d071cae39 0.0s done
[2025-09-24T08:53:53.043+0000] {subprocess.py:106} INFO - #6 DONE 0.0s
[2025-09-24T08:53:53.044+0000] {subprocess.py:106} INFO - 
[2025-09-24T08:53:53.045+0000] {subprocess.py:106} INFO - #7 [api internal] load metadata for docker.io/library/python:3.10-slim
[2025-09-24T08:53:53.133+0000] {subprocess.py:106} INFO - #7 ...
[2025-09-24T08:53:53.134+0000] {subprocess.py:106} INFO - 
[2025-09-24T08:53:53.136+0000] {subprocess.py:106} INFO - #5 [***-init internal] load build context
[2025-09-24T08:53:53.139+0000] {subprocess.py:106} INFO - #5 transferring context: 37B done
[2025-09-24T08:53:53.140+0000] {subprocess.py:106} INFO - #5 DONE 0.0s
[2025-09-24T08:53:53.141+0000] {subprocess.py:106} INFO - 
[2025-09-24T08:53:53.141+0000] {subprocess.py:106} INFO - #8 [***-init 2/4] COPY requirements.txt .
[2025-09-24T08:53:53.143+0000] {subprocess.py:106} INFO - #8 CACHED
[2025-09-24T08:53:53.143+0000] {subprocess.py:106} INFO - 
[2025-09-24T08:53:53.144+0000] {subprocess.py:106} INFO - #9 [***-init 3/4] RUN pip install --no-cache-dir -r requirements.txt
[2025-09-24T08:53:53.145+0000] {subprocess.py:106} INFO - #9 CACHED
[2025-09-24T08:53:53.146+0000] {subprocess.py:106} INFO - 
[2025-09-24T08:53:53.147+0000] {subprocess.py:106} INFO - #10 [***-init 4/4] RUN apt-get update && apt-get install -y docker.io docker-compose-plugin && rm -rf /var/lib/apt/lists/*
[2025-09-24T08:53:53.148+0000] {subprocess.py:106} INFO - #10 CACHED
[2025-09-24T08:53:53.277+0000] {subprocess.py:106} INFO - 
[2025-09-24T08:53:53.279+0000] {subprocess.py:106} INFO - #11 [***-init] exporting to image
[2025-09-24T08:53:53.279+0000] {subprocess.py:106} INFO - #11 exporting layers 0.0s done
[2025-09-24T08:53:53.280+0000] {subprocess.py:106} INFO - #11 exporting manifest sha256:3b6730eb1620bb781b42c0b6cc530ed634b0611b617e822aeaaa37bfabe012d2 done
[2025-09-24T08:53:53.280+0000] {subprocess.py:106} INFO - #11 exporting config sha256:c27e40ae84fb2db54ba8f998e6782c401c446e98e1b3f9e95cad4216e6d0e138 done
[2025-09-24T08:53:53.281+0000] {subprocess.py:106} INFO - #11 exporting attestation manifest sha256:5bcdcaccd5fb1f2b45cbac01f6907aa51f012979cdfbfae2ed221e00a37ed3cc 0.0s done
[2025-09-24T08:53:53.281+0000] {subprocess.py:106} INFO - #11 exporting manifest list sha256:f0a07c2b4d9cc064d39595c1846b9ab9d825146a9f4f51393bf1c7fa9b5d7637 done
[2025-09-24T08:53:53.282+0000] {subprocess.py:106} INFO - #11 naming to docker.io/library/wine-***-init:latest done
[2025-09-24T08:53:53.282+0000] {subprocess.py:106} INFO - #11 unpacking to docker.io/library/wine-***-init:latest 0.1s done
[2025-09-24T08:53:53.424+0000] {subprocess.py:106} INFO - #11 DONE 0.3s
[2025-09-24T08:53:53.427+0000] {subprocess.py:106} INFO - 
[2025-09-24T08:53:53.431+0000] {subprocess.py:106} INFO - #7 [api internal] load metadata for docker.io/library/python:3.10-slim
[2025-09-24T08:53:53.668+0000] {subprocess.py:106} INFO - #7 DONE 0.7s
[2025-09-24T08:53:53.773+0000] {subprocess.py:106} INFO - 
[2025-09-24T08:53:53.775+0000] {subprocess.py:106} INFO - #12 [api internal] load .dockerignore
[2025-09-24T08:53:53.777+0000] {subprocess.py:106} INFO - #12 transferring context: 2B done
[2025-09-24T08:53:53.779+0000] {subprocess.py:106} INFO - #12 DONE 0.0s
[2025-09-24T08:53:53.781+0000] {subprocess.py:106} INFO - 
[2025-09-24T08:53:53.782+0000] {subprocess.py:106} INFO - #13 [api 1/5] FROM docker.io/library/python:3.10-slim@sha256:f8081b61393cc16b2339d377bb523a5646cdd28fc6105612b3893c405d27f730
[2025-09-24T08:53:53.784+0000] {subprocess.py:106} INFO - #13 resolve docker.io/library/python:3.10-slim@sha256:f8081b61393cc16b2339d377bb523a5646cdd28fc6105612b3893c405d27f730 0.0s done
[2025-09-24T08:53:53.787+0000] {subprocess.py:106} INFO - #13 DONE 0.0s
[2025-09-24T08:53:53.788+0000] {subprocess.py:106} INFO - 
[2025-09-24T08:53:53.789+0000] {subprocess.py:106} INFO - #14 [api internal] load build context
[2025-09-24T08:53:53.791+0000] {subprocess.py:106} INFO - #14 transferring context: 64B 0.0s done
[2025-09-24T08:53:53.793+0000] {subprocess.py:106} INFO - #14 DONE 0.1s
[2025-09-24T08:53:53.794+0000] {subprocess.py:106} INFO - 
[2025-09-24T08:53:53.795+0000] {subprocess.py:106} INFO - #15 [api 2/5] WORKDIR /app
[2025-09-24T08:53:53.796+0000] {subprocess.py:106} INFO - #15 CACHED
[2025-09-24T08:53:53.797+0000] {subprocess.py:106} INFO - 
[2025-09-24T08:53:53.797+0000] {subprocess.py:106} INFO - #16 [api 4/5] RUN pip install --no-cache-dir -r requirements.txt
[2025-09-24T08:53:53.799+0000] {subprocess.py:106} INFO - #16 CACHED
[2025-09-24T08:53:53.801+0000] {subprocess.py:106} INFO - 
[2025-09-24T08:53:53.802+0000] {subprocess.py:106} INFO - #17 [api 3/5] COPY requirements.txt .
[2025-09-24T08:53:53.804+0000] {subprocess.py:106} INFO - #17 CACHED
[2025-09-24T08:53:53.805+0000] {subprocess.py:106} INFO - 
[2025-09-24T08:53:53.806+0000] {subprocess.py:106} INFO - #18 [api 5/5] COPY main.py .
[2025-09-24T08:53:53.807+0000] {subprocess.py:106} INFO - #18 CACHED
[2025-09-24T08:53:53.808+0000] {subprocess.py:106} INFO - 
[2025-09-24T08:53:53.809+0000] {subprocess.py:106} INFO - #19 [api] exporting to image
[2025-09-24T08:53:53.809+0000] {subprocess.py:106} INFO - #19 exporting layers done
[2025-09-24T08:53:53.810+0000] {subprocess.py:106} INFO - #19 exporting manifest sha256:1181bbbf188104c9b72cb7a4b2576a16324961a8a400b6cbb89476beb8892567 done
[2025-09-24T08:53:53.811+0000] {subprocess.py:106} INFO - #19 exporting config sha256:6aba02f92f2678889022da532e9cdcd4a3e3d2d98ebb364e58680ff23fa3269b
[2025-09-24T08:53:53.899+0000] {subprocess.py:106} INFO - #19 exporting config sha256:6aba02f92f2678889022da532e9cdcd4a3e3d2d98ebb364e58680ff23fa3269b done
[2025-09-24T08:53:53.900+0000] {subprocess.py:106} INFO - #19 exporting attestation manifest sha256:1c85cc4c94ac6ee2caa4724cbccbf2defc2a48fd507bd905092c1d9697aa5b9b 0.0s done
[2025-09-24T08:53:53.902+0000] {subprocess.py:106} INFO - #19 exporting manifest list sha256:0aaafc32945fbb4732581ec7b241c53be1528a750e54ecdab04c35499476aa2b 0.0s done
[2025-09-24T08:53:53.903+0000] {subprocess.py:106} INFO - #19 naming to docker.io/library/wine-api:latest done
[2025-09-24T08:53:53.905+0000] {subprocess.py:106} INFO - #19 unpacking to docker.io/library/wine-api:latest 0.0s done
[2025-09-24T08:53:54.074+0000] {subprocess.py:106} INFO - #19 DONE 0.2s
[2025-09-24T08:53:54.075+0000] {subprocess.py:106} INFO - 
[2025-09-24T08:53:54.078+0000] {subprocess.py:106} INFO - #20 [***-init] resolving provenance for metadata file
[2025-09-24T08:53:54.082+0000] {subprocess.py:106} INFO - #20 DONE 0.0s
[2025-09-24T08:53:54.182+0000] {subprocess.py:106} INFO - 
[2025-09-24T08:53:54.198+0000] {subprocess.py:106} INFO - #21 [***-scheduler internal] load build definition from Dockerfile
[2025-09-24T08:53:54.201+0000] {subprocess.py:106} INFO - #21 transferring dockerfile: 386B 0.1s done
[2025-09-24T08:53:54.277+0000] {subprocess.py:106} INFO - #21 DONE 0.1s
[2025-09-24T08:53:54.279+0000] {subprocess.py:106} INFO - 
[2025-09-24T08:53:54.281+0000] {subprocess.py:106} INFO - #22 [***-webserver internal] load build definition from Dockerfile
[2025-09-24T08:53:54.285+0000] {subprocess.py:106} INFO - #22 transferring dockerfile: 386B 0.1s done
[2025-09-24T08:53:54.287+0000] {subprocess.py:106} INFO - #22 DONE 0.1s
[2025-09-24T08:53:54.289+0000] {subprocess.py:106} INFO - 
[2025-09-24T08:53:54.291+0000] {subprocess.py:106} INFO - #3 [***-scheduler internal] load metadata for docker.io/apache/***:2.10.2-python3.11
[2025-09-24T08:53:54.293+0000] {subprocess.py:106} INFO - #3 DONE 0.1s
[2025-09-24T08:53:54.298+0000] {subprocess.py:106} INFO - 
[2025-09-24T08:53:54.300+0000] {subprocess.py:106} INFO - #23 [api] resolving provenance for metadata file
[2025-09-24T08:53:54.304+0000] {subprocess.py:106} INFO - #23 DONE 0.0s
[2025-09-24T08:53:54.306+0000] {subprocess.py:106} INFO - 
[2025-09-24T08:53:54.311+0000] {subprocess.py:106} INFO - #24 [***-scheduler internal] load .dockerignore
[2025-09-24T08:53:54.314+0000] {subprocess.py:106} INFO - #24 transferring context: 2B done
[2025-09-24T08:53:54.396+0000] {subprocess.py:106} INFO - #24 DONE 0.0s
[2025-09-24T08:53:54.400+0000] {subprocess.py:106} INFO - 
[2025-09-24T08:53:54.402+0000] {subprocess.py:106} INFO - #25 [***-webserver internal] load .dockerignore
[2025-09-24T08:53:54.407+0000] {subprocess.py:106} INFO - #25 transferring context: 2B 0.0s done
[2025-09-24T08:53:54.428+0000] {subprocess.py:106} INFO - #25 DONE 0.0s
[2025-09-24T08:53:54.431+0000] {subprocess.py:106} INFO - 
[2025-09-24T08:53:54.433+0000] {subprocess.py:106} INFO - #26 [***-webserver internal] load build context
[2025-09-24T08:53:54.442+0000] {subprocess.py:106} INFO - #26 DONE 0.0s
[2025-09-24T08:53:54.444+0000] {subprocess.py:106} INFO - 
[2025-09-24T08:53:54.445+0000] {subprocess.py:106} INFO - #27 [***-scheduler internal] load build context
[2025-09-24T08:53:54.447+0000] {subprocess.py:106} INFO - #27 DONE 0.0s
[2025-09-24T08:53:54.449+0000] {subprocess.py:106} INFO - 
[2025-09-24T08:53:54.451+0000] {subprocess.py:106} INFO - #6 [***-scheduler 1/4] FROM docker.io/apache/***:2.10.2-python3.11@sha256:7c68d8ac3cf1b2c69eeb91da64c1578dc8376d33abf34267bf6e547d071cae39
[2025-09-24T08:53:54.503+0000] {subprocess.py:106} INFO - #6 resolve docker.io/apache/***:2.10.2-python3.11@sha256:7c68d8ac3cf1b2c69eeb91da64c1578dc8376d33abf34267bf6e547d071cae39 0.1s done
[2025-09-24T08:53:54.506+0000] {subprocess.py:106} INFO - #6 DONE 0.1s
[2025-09-24T08:53:54.508+0000] {subprocess.py:106} INFO - 
[2025-09-24T08:53:54.509+0000] {subprocess.py:106} INFO - #28 [app internal] load build definition from Dockerfile
[2025-09-24T08:53:54.511+0000] {subprocess.py:106} INFO - #28 transferring dockerfile: 232B 0.0s done
[2025-09-24T08:53:54.513+0000] {subprocess.py:106} INFO - #28 DONE 0.1s
[2025-09-24T08:53:54.514+0000] {subprocess.py:106} INFO - 
[2025-09-24T08:53:54.515+0000] {subprocess.py:106} INFO - #7 [app internal] load metadata for docker.io/library/python:3.10-slim
[2025-09-24T08:53:54.613+0000] {subprocess.py:106} INFO - #7 ...
[2025-09-24T08:53:54.616+0000] {subprocess.py:106} INFO - 
[2025-09-24T08:53:54.619+0000] {subprocess.py:106} INFO - #27 [***-scheduler internal] load build context
[2025-09-24T08:53:54.623+0000] {subprocess.py:106} INFO - #27 transferring context: 37B done
[2025-09-24T08:53:54.625+0000] {subprocess.py:106} INFO - #27 DONE 0.0s
[2025-09-24T08:53:54.627+0000] {subprocess.py:106} INFO - 
[2025-09-24T08:53:54.629+0000] {subprocess.py:106} INFO - #26 [***-webserver internal] load build context
[2025-09-24T08:53:54.630+0000] {subprocess.py:106} INFO - #26 transferring context: 37B 0.0s done
[2025-09-24T08:53:54.633+0000] {subprocess.py:106} INFO - #26 DONE 0.1s
[2025-09-24T08:53:54.635+0000] {subprocess.py:106} INFO - 
[2025-09-24T08:53:54.638+0000] {subprocess.py:106} INFO - #29 [***-scheduler 2/4] COPY requirements.txt .
[2025-09-24T08:53:54.641+0000] {subprocess.py:106} INFO - #29 CACHED
[2025-09-24T08:53:54.642+0000] {subprocess.py:106} INFO - 
[2025-09-24T08:53:54.644+0000] {subprocess.py:106} INFO - #30 [***-scheduler 3/4] RUN pip install --no-cache-dir -r requirements.txt
[2025-09-24T08:53:54.647+0000] {subprocess.py:106} INFO - #30 CACHED
[2025-09-24T08:53:54.715+0000] {subprocess.py:106} INFO - 
[2025-09-24T08:53:54.716+0000] {subprocess.py:106} INFO - #31 [***-scheduler 4/4] RUN apt-get update && apt-get install -y docker.io docker-compose-plugin && rm -rf /var/lib/apt/lists/*
[2025-09-24T08:53:54.717+0000] {subprocess.py:106} INFO - #31 CACHED
[2025-09-24T08:53:54.718+0000] {subprocess.py:106} INFO - 
[2025-09-24T08:53:54.719+0000] {subprocess.py:106} INFO - #32 [***-scheduler] exporting to image
[2025-09-24T08:53:54.821+0000] {subprocess.py:106} INFO - #32 ...
[2025-09-24T08:53:54.822+0000] {subprocess.py:106} INFO - 
[2025-09-24T08:53:54.823+0000] {subprocess.py:106} INFO - #7 [app internal] load metadata for docker.io/library/python:3.10-slim
[2025-09-24T08:53:54.824+0000] {subprocess.py:106} INFO - #7 DONE 0.9s
[2025-09-24T08:53:54.825+0000] {subprocess.py:106} INFO - 
[2025-09-24T08:53:54.826+0000] {subprocess.py:106} INFO - #33 [app internal] load .dockerignore
[2025-09-24T08:53:54.828+0000] {subprocess.py:106} INFO - #33 transferring context: 2B done
[2025-09-24T08:53:54.830+0000] {subprocess.py:106} INFO - #33 DONE 0.0s
[2025-09-24T08:53:54.831+0000] {subprocess.py:106} INFO - 
[2025-09-24T08:53:54.831+0000] {subprocess.py:106} INFO - #34 [app internal] load build context
[2025-09-24T08:53:54.832+0000] {subprocess.py:106} INFO - #34 transferring context: 63B 0.0s done
[2025-09-24T08:53:54.833+0000] {subprocess.py:106} INFO - #34 DONE 0.0s
[2025-09-24T08:53:54.835+0000] {subprocess.py:106} INFO - 
[2025-09-24T08:53:54.837+0000] {subprocess.py:106} INFO - #13 [app 1/5] FROM docker.io/library/python:3.10-slim@sha256:f8081b61393cc16b2339d377bb523a5646cdd28fc6105612b3893c405d27f730
[2025-09-24T08:53:54.838+0000] {subprocess.py:106} INFO - #13 resolve docker.io/library/python:3.10-slim@sha256:f8081b61393cc16b2339d377bb523a5646cdd28fc6105612b3893c405d27f730 0.1s done
[2025-09-24T08:53:54.839+0000] {subprocess.py:106} INFO - #13 DONE 0.1s
[2025-09-24T08:53:54.840+0000] {subprocess.py:106} INFO - 
[2025-09-24T08:53:54.841+0000] {subprocess.py:106} INFO - #32 [***-scheduler] exporting to image
[2025-09-24T08:53:54.843+0000] {subprocess.py:106} INFO - #32 exporting layers 0.1s done
[2025-09-24T08:53:54.844+0000] {subprocess.py:106} INFO - #32 exporting manifest sha256:d220193b669c4746d9fd0f51fa9291f767e76d2a37d165b1f82ad809a6cd4f8b done
[2025-09-24T08:53:54.845+0000] {subprocess.py:106} INFO - #32 exporting config sha256:1f688f34aff1aeaf0b0a029fc3d07fe82acf01946ecec928a9682d8cdc1f5c2e done
[2025-09-24T08:53:54.936+0000] {subprocess.py:106} INFO - #32 ...
[2025-09-24T08:53:54.938+0000] {subprocess.py:106} INFO - 
[2025-09-24T08:53:54.939+0000] {subprocess.py:106} INFO - #35 [app 3/5] COPY requirements.txt .
[2025-09-24T08:53:54.940+0000] {subprocess.py:106} INFO - #35 CACHED
[2025-09-24T08:53:54.941+0000] {subprocess.py:106} INFO - 
[2025-09-24T08:53:54.941+0000] {subprocess.py:106} INFO - #36 [app 4/5] RUN pip install --no-cache-dir -r requirements.txt
[2025-09-24T08:53:54.942+0000] {subprocess.py:106} INFO - #36 CACHED
[2025-09-24T08:53:54.943+0000] {subprocess.py:106} INFO - 
[2025-09-24T08:53:54.943+0000] {subprocess.py:106} INFO - #15 [app 2/5] WORKDIR /app
[2025-09-24T08:53:54.944+0000] {subprocess.py:106} INFO - #15 CACHED
[2025-09-24T08:53:54.944+0000] {subprocess.py:106} INFO - 
[2025-09-24T08:53:54.945+0000] {subprocess.py:106} INFO - #37 [app 5/5] COPY app.py .
[2025-09-24T08:53:54.946+0000] {subprocess.py:106} INFO - #37 CACHED
[2025-09-24T08:53:54.947+0000] {subprocess.py:106} INFO - 
[2025-09-24T08:53:54.947+0000] {subprocess.py:106} INFO - #32 [***-scheduler] exporting to image
[2025-09-24T08:53:54.948+0000] {subprocess.py:106} INFO - #32 exporting attestation manifest sha256:ac4e6497c86649eca5cc256e0839c468157a82cfda56813b4da784793155fe07 0.0s done
[2025-09-24T08:53:54.949+0000] {subprocess.py:106} INFO - #32 exporting manifest list sha256:1d1b7d51cb1cc455ab83bf7ae3cb35eef042bd0f3291834158370e5701e9ce79 0.0s done
[2025-09-24T08:53:54.950+0000] {subprocess.py:106} INFO - #32 naming to docker.io/library/wine-***-scheduler:latest done
[2025-09-24T08:53:54.951+0000] {subprocess.py:106} INFO - #32 unpacking to docker.io/library/wine-***-scheduler:latest
[2025-09-24T08:53:55.126+0000] {subprocess.py:106} INFO - #32 ...
[2025-09-24T08:53:55.127+0000] {subprocess.py:106} INFO - 
[2025-09-24T08:53:55.131+0000] {subprocess.py:106} INFO - #38 [app] exporting to image
[2025-09-24T08:53:55.132+0000] {subprocess.py:106} INFO - #38 exporting layers done
[2025-09-24T08:53:55.133+0000] {subprocess.py:106} INFO - #38 exporting manifest sha256:ed39c8a1281e8641f8221aa358161ed4a853cfca766b2391723ef213149408a1 done
[2025-09-24T08:53:55.134+0000] {subprocess.py:106} INFO - #38 exporting config sha256:6f0abffb2ffefdf85f78ba18149c8f66629e2f426c54fc38cab1a328af33f1f1 done
[2025-09-24T08:53:55.135+0000] {subprocess.py:106} INFO - #38 exporting attestation manifest sha256:c3291906fd22bf378a18335c6c1fb7611390f235d5ba6bd2906fec5daad51bd2 0.0s done
[2025-09-24T08:53:55.140+0000] {subprocess.py:106} INFO - #38 exporting manifest list sha256:7f988228db84af7ad4bc7eaeca774856dfb6d0f275304fc60a33e80eb1c22f29 0.0s done
[2025-09-24T08:53:55.143+0000] {subprocess.py:106} INFO - #38 naming to docker.io/library/wine-app:latest done
[2025-09-24T08:53:55.146+0000] {subprocess.py:106} INFO - #38 unpacking to docker.io/library/wine-app:latest 0.0s done
[2025-09-24T08:53:55.148+0000] {subprocess.py:106} INFO - #38 DONE 0.2s
[2025-09-24T08:53:55.153+0000] {subprocess.py:106} INFO - 
[2025-09-24T08:53:55.155+0000] {subprocess.py:106} INFO - #32 [***-scheduler] exporting to image
[2025-09-24T08:53:55.158+0000] {subprocess.py:106} INFO - #32 unpacking to docker.io/library/wine-***-scheduler:latest 0.1s done
[2025-09-24T08:53:55.333+0000] {subprocess.py:106} INFO - #32 DONE 0.5s
[2025-09-24T08:53:55.334+0000] {subprocess.py:106} INFO - 
[2025-09-24T08:53:55.335+0000] {subprocess.py:106} INFO - #39 [app] resolving provenance for metadata file
[2025-09-24T08:53:55.336+0000] {subprocess.py:106} INFO - #39 DONE 0.0s
[2025-09-24T08:53:55.337+0000] {subprocess.py:106} INFO - 
[2025-09-24T08:53:55.339+0000] {subprocess.py:106} INFO - #40 [***-webserver] exporting to image
[2025-09-24T08:53:55.340+0000] {subprocess.py:106} INFO - #40 exporting layers 0.1s done
[2025-09-24T08:53:55.341+0000] {subprocess.py:106} INFO - #40 exporting manifest sha256:bad0bf9a8db32890ad8045476cfefd1bc14f143acdf22ef5c6d56595a7f3353a done
[2025-09-24T08:53:55.342+0000] {subprocess.py:106} INFO - #40 exporting config sha256:8214e94519fa00a221aedab120bea13f65720b04bb6d2b0d36b8230bc067a18e done
[2025-09-24T08:53:55.343+0000] {subprocess.py:106} INFO - #40 exporting attestation manifest sha256:7bcddc5e0890f513a4b749418207725deea26ad92638cbbc25a321dfc723c972 0.0s done
[2025-09-24T08:53:55.344+0000] {subprocess.py:106} INFO - #40 exporting manifest list sha256:a8117e49580939d1423f305312936e54b40da2983d904cf6c86266e0510d89d7 0.0s done
[2025-09-24T08:53:55.347+0000] {subprocess.py:106} INFO - #40 naming to docker.io/library/wine-***-webserver:latest done
[2025-09-24T08:53:55.348+0000] {subprocess.py:106} INFO - #40 unpacking to docker.io/library/wine-***-webserver:latest 0.1s done
[2025-09-24T08:53:55.350+0000] {subprocess.py:106} INFO - #40 DONE 0.5s
[2025-09-24T08:53:55.802+0000] {subprocess.py:106} INFO - 
[2025-09-24T08:53:55.808+0000] {subprocess.py:106} INFO - #41 [***-webserver] resolving provenance for metadata file
[2025-09-24T08:53:55.929+0000] {subprocess.py:106} INFO - #41 DONE 0.1s
[2025-09-24T08:53:55.930+0000] {subprocess.py:106} INFO - 
[2025-09-24T08:53:55.932+0000] {subprocess.py:106} INFO - #42 [***-scheduler] resolving provenance for metadata file
[2025-09-24T08:53:55.933+0000] {subprocess.py:106} INFO - #42 DONE 0.0s
[2025-09-24T08:53:55.935+0000] {subprocess.py:106} INFO -  ***-init  Built
[2025-09-24T08:53:55.939+0000] {subprocess.py:106} INFO -  ***-scheduler  Built
[2025-09-24T08:53:55.940+0000] {subprocess.py:106} INFO -  ***-webserver  Built
[2025-09-24T08:53:55.941+0000] {subprocess.py:106} INFO -  api  Built
[2025-09-24T08:53:55.942+0000] {subprocess.py:106} INFO -  app  Built
[2025-09-24T08:53:56.024+0000] {subprocess.py:106} INFO -  Container wine-api-1  Recreate
[2025-09-24T08:53:56.025+0000] {subprocess.py:106} INFO -  Container wine-postgres-1  Running
[2025-09-24T08:53:56.026+0000] {subprocess.py:106} INFO -  Container wine-***-init-1  Recreate
[2025-09-24T08:53:56.247+0000] {subprocess.py:106} INFO -  Container wine-api-1  Recreated
[2025-09-24T08:53:56.253+0000] {subprocess.py:106} INFO -  Container wine-app-1  Recreate
[2025-09-24T08:53:56.635+0000] {subprocess.py:106} INFO -  Container wine-app-1  Recreated
[2025-09-24T08:53:57.053+0000] {subprocess.py:106} INFO -  Container wine-***-init-1  Recreated
[2025-09-24T08:53:57.056+0000] {subprocess.py:106} INFO -  Container wine-***-scheduler-1  Recreate
[2025-09-24T08:53:57.058+0000] {subprocess.py:106} INFO -  Container wine-***-webserver-1  Recreate
[2025-09-24T08:53:58.176+0000] {subprocess.py:106} INFO -  Container wine-***-scheduler-1  Recreated
[2025-09-24T08:53:58.213+0000] {subprocess.py:106} INFO -  Container wine-***-webserver-1  Recreated
[2025-09-24T08:53:58.438+0000] {subprocess.py:106} INFO -  Container wine-api-1  Starting
[2025-09-24T08:53:58.440+0000] {subprocess.py:106} INFO -  Container wine-postgres-1  Waiting
[2025-09-24T08:53:58.970+0000] {subprocess.py:106} INFO -  Container wine-postgres-1  Healthy
[2025-09-24T08:53:58.979+0000] {subprocess.py:106} INFO -  Container wine-***-init-1  Starting
[2025-09-24T08:53:58.984+0000] {subprocess.py:106} INFO - Error response from daemon: mounts denied:
[2025-09-24T08:53:58.990+0000] {subprocess.py:106} INFO - The path /opt/***/models is not shared from the host and is not known to Docker.
[2025-09-24T08:53:58.999+0000] {subprocess.py:106} INFO - You can configure shared paths from Docker -> Preferences... -> Resources -> File Sharing.
[2025-09-24T08:53:59.003+0000] {subprocess.py:106} INFO - See https://docs.docker.com/go/mac-file-sharing/ for more info.
[2025-09-24T08:53:59.008+0000] {subprocess.py:110} INFO - Command exited with return code 1
[2025-09-24T08:53:59.135+0000] {taskinstance.py:3310} ERROR - Task failed with exception
Traceback (most recent call last):
  File "/home/airflow/.local/lib/python3.11/site-packages/airflow/models/taskinstance.py", line 767, in _execute_task
    result = _execute_callable(context=context, **execute_callable_kwargs)
             ^^^^^^^^^^^^^^^^^^^^^^^^^^^^^^^^^^^^^^^^^^^^^^^^^^^^^^^^^^^^^
  File "/home/airflow/.local/lib/python3.11/site-packages/airflow/models/taskinstance.py", line 733, in _execute_callable
    return ExecutionCallableRunner(
           ^^^^^^^^^^^^^^^^^^^^^^^^
  File "/home/airflow/.local/lib/python3.11/site-packages/airflow/utils/operator_helpers.py", line 252, in run
    return self.func(*args, **kwargs)
           ^^^^^^^^^^^^^^^^^^^^^^^^^^
  File "/home/airflow/.local/lib/python3.11/site-packages/airflow/models/baseoperator.py", line 406, in wrapper
    return func(self, *args, **kwargs)
           ^^^^^^^^^^^^^^^^^^^^^^^^^^^
  File "/home/airflow/.local/lib/python3.11/site-packages/airflow/providers/standard/operators/bash.py", line 232, in execute
    raise AirflowException(
airflow.exceptions.AirflowException: Bash command failed. The command returned a non-zero exit code 1.
[2025-09-24T08:53:59.145+0000] {taskinstance.py:1225} INFO - Marking task as FAILED. dag_id=wine_pipeline, task_id=stage3_deploy_compose, run_id=scheduled__2025-09-24T08:45:00+00:00, execution_date=20250924T084500, start_date=20250924T085352, end_date=20250924T085359
[2025-09-24T08:53:59.183+0000] {taskinstance.py:340} INFO - ::group::Post task execution logs
[2025-09-24T08:53:59.184+0000] {standard_task_runner.py:124} ERROR - Failed to execute job 30 for task stage3_deploy_compose (Bash command failed. The command returned a non-zero exit code 1.; 2628)
Traceback (most recent call last):
  File "/home/airflow/.local/lib/python3.11/site-packages/airflow/task/task_runner/standard_task_runner.py", line 117, in _start_by_fork
    ret = args.func(args, dag=self.dag)
          ^^^^^^^^^^^^^^^^^^^^^^^^^^^^^
  File "/home/airflow/.local/lib/python3.11/site-packages/airflow/cli/cli_config.py", line 49, in command
    return func(*args, **kwargs)
           ^^^^^^^^^^^^^^^^^^^^^
  File "/home/airflow/.local/lib/python3.11/site-packages/airflow/utils/cli.py", line 115, in wrapper
    return f(*args, **kwargs)
           ^^^^^^^^^^^^^^^^^^
  File "/home/airflow/.local/lib/python3.11/site-packages/airflow/cli/commands/task_command.py", line 483, in task_run
    task_return_code = _run_task_by_selected_method(args, _dag, ti)
                       ^^^^^^^^^^^^^^^^^^^^^^^^^^^^^^^^^^^^^^^^^^^^
  File "/home/airflow/.local/lib/python3.11/site-packages/airflow/cli/commands/task_command.py", line 256, in _run_task_by_selected_method
    return _run_raw_task(args, ti)
           ^^^^^^^^^^^^^^^^^^^^^^^
  File "/home/airflow/.local/lib/python3.11/site-packages/airflow/cli/commands/task_command.py", line 341, in _run_raw_task
    return ti._run_raw_task(
           ^^^^^^^^^^^^^^^^^
  File "/home/airflow/.local/lib/python3.11/site-packages/airflow/utils/session.py", line 97, in wrapper
    return func(*args, session=session, **kwargs)
           ^^^^^^^^^^^^^^^^^^^^^^^^^^^^^^^^^^^^^^
  File "/home/airflow/.local/lib/python3.11/site-packages/airflow/models/taskinstance.py", line 3004, in _run_raw_task
    return _run_raw_task(
           ^^^^^^^^^^^^^^
  File "/home/airflow/.local/lib/python3.11/site-packages/airflow/models/taskinstance.py", line 273, in _run_raw_task
    TaskInstance._execute_task_with_callbacks(
  File "/home/airflow/.local/lib/python3.11/site-packages/airflow/models/taskinstance.py", line 3158, in _execute_task_with_callbacks
    result = self._execute_task(context, task_orig)
             ^^^^^^^^^^^^^^^^^^^^^^^^^^^^^^^^^^^^^^
  File "/home/airflow/.local/lib/python3.11/site-packages/airflow/models/taskinstance.py", line 3182, in _execute_task
    return _execute_task(self, context, task_orig)
           ^^^^^^^^^^^^^^^^^^^^^^^^^^^^^^^^^^^^^^^
  File "/home/airflow/.local/lib/python3.11/site-packages/airflow/models/taskinstance.py", line 767, in _execute_task
    result = _execute_callable(context=context, **execute_callable_kwargs)
             ^^^^^^^^^^^^^^^^^^^^^^^^^^^^^^^^^^^^^^^^^^^^^^^^^^^^^^^^^^^^^
  File "/home/airflow/.local/lib/python3.11/site-packages/airflow/models/taskinstance.py", line 733, in _execute_callable
    return ExecutionCallableRunner(
           ^^^^^^^^^^^^^^^^^^^^^^^^
  File "/home/airflow/.local/lib/python3.11/site-packages/airflow/utils/operator_helpers.py", line 252, in run
    return self.func(*args, **kwargs)
           ^^^^^^^^^^^^^^^^^^^^^^^^^^
  File "/home/airflow/.local/lib/python3.11/site-packages/airflow/models/baseoperator.py", line 406, in wrapper
    return func(self, *args, **kwargs)
           ^^^^^^^^^^^^^^^^^^^^^^^^^^^
  File "/home/airflow/.local/lib/python3.11/site-packages/airflow/providers/standard/operators/bash.py", line 232, in execute
    raise AirflowException(
airflow.exceptions.AirflowException: Bash command failed. The command returned a non-zero exit code 1.
[2025-09-24T08:53:59.252+0000] {local_task_job_runner.py:266} INFO - Task exited with return code 1
[2025-09-24T08:53:59.301+0000] {taskinstance.py:3900} INFO - 0 downstream tasks scheduled from follow-on schedule check
[2025-09-24T08:53:59.306+0000] {local_task_job_runner.py:245} INFO - ::endgroup::
