[2025-09-24T08:50:26.189+0000] {local_task_job_runner.py:123} INFO - ::group::Pre task execution logs
[2025-09-24T08:50:26.215+0000] {taskinstance.py:2612} INFO - Dependencies all met for dep_context=non-requeueable deps ti=<TaskInstance: wine_pipeline.stage3_deploy_compose scheduled__2025-09-24T08:45:00+00:00 [queued]>
[2025-09-24T08:50:26.224+0000] {taskinstance.py:2612} INFO - Dependencies all met for dep_context=requeueable deps ti=<TaskInstance: wine_pipeline.stage3_deploy_compose scheduled__2025-09-24T08:45:00+00:00 [queued]>
[2025-09-24T08:50:26.225+0000] {taskinstance.py:2865} INFO - Starting attempt 1 of 4
[2025-09-24T08:50:26.238+0000] {taskinstance.py:2888} INFO - Executing <Task(BashOperator): stage3_deploy_compose> on 2025-09-24 08:45:00+00:00
[2025-09-24T08:50:26.246+0000] {standard_task_runner.py:72} INFO - Started process 2298 to run task
[2025-09-24T08:50:26.251+0000] {standard_task_runner.py:104} INFO - Running: ['***', 'tasks', 'run', 'wine_pipeline', 'stage3_deploy_compose', 'scheduled__2025-09-24T08:45:00+00:00', '--job-id', '27', '--raw', '--subdir', 'DAGS_FOLDER/wine_pipeline.py', '--cfg-path', '/tmp/tmpuad03lvu']
[2025-09-24T08:50:26.254+0000] {standard_task_runner.py:105} INFO - Job 27: Subtask stage3_deploy_compose
[2025-09-24T08:50:26.327+0000] {task_command.py:467} INFO - Running <TaskInstance: wine_pipeline.stage3_deploy_compose scheduled__2025-09-24T08:45:00+00:00 [running]> on host 995626deecfe
[2025-09-24T08:50:26.450+0000] {taskinstance.py:3131} INFO - Exporting env vars: AIRFLOW_CTX_DAG_OWNER='***' AIRFLOW_CTX_DAG_ID='wine_pipeline' AIRFLOW_CTX_TASK_ID='stage3_deploy_compose' AIRFLOW_CTX_EXECUTION_DATE='2025-09-24T08:45:00+00:00' AIRFLOW_CTX_TRY_NUMBER='1' AIRFLOW_CTX_DAG_RUN_ID='scheduled__2025-09-24T08:45:00+00:00'
[2025-09-24T08:50:26.452+0000] {taskinstance.py:731} INFO - ::endgroup::
[2025-09-24T08:50:26.468+0000] {subprocess.py:78} INFO - Tmp dir root location: /tmp
[2025-09-24T08:50:26.469+0000] {subprocess.py:88} INFO - Running command: ['/usr/bin/bash', '-c', 'docker compose -f /opt/***/code/deployment/docker-compose.yml up -d --build']
[2025-09-24T08:50:26.484+0000] {subprocess.py:99} INFO - Output:
[2025-09-24T08:50:26.610+0000] {subprocess.py:106} INFO - time="2025-09-24T08:50:26Z" level=warning msg="/opt/***/code/deployment/docker-compose.yml: the attribute `version` is obsolete, it will be ignored, please remove it to avoid potential confusion"
[2025-09-24T08:50:26.729+0000] {subprocess.py:106} INFO - time="2025-09-24T08:50:26Z" level=warning msg="Docker Compose is configured to build using Bake, but buildx isn't installed"
[2025-09-24T08:50:26.967+0000] {subprocess.py:106} INFO - #0 building with "default" instance using docker driver
[2025-09-24T08:50:26.970+0000] {subprocess.py:106} INFO - 
[2025-09-24T08:50:26.973+0000] {subprocess.py:106} INFO - #1 [***-init internal] load build definition from Dockerfile
[2025-09-24T08:50:26.974+0000] {subprocess.py:106} INFO - #1 transferring dockerfile: 386B done
[2025-09-24T08:50:26.978+0000] {subprocess.py:106} INFO - #1 DONE 0.0s
[2025-09-24T08:50:26.979+0000] {subprocess.py:106} INFO - 
[2025-09-24T08:50:26.981+0000] {subprocess.py:106} INFO - #2 [api internal] load build definition from Dockerfile
[2025-09-24T08:50:26.982+0000] {subprocess.py:106} INFO - #2 transferring dockerfile: 264B 0.0s done
[2025-09-24T08:50:26.982+0000] {subprocess.py:106} INFO - #2 DONE 0.0s
[2025-09-24T08:50:26.983+0000] {subprocess.py:106} INFO - 
[2025-09-24T08:50:26.984+0000] {subprocess.py:106} INFO - #3 [***-init internal] load metadata for docker.io/apache/***:2.10.2-python3.11
[2025-09-24T08:50:26.986+0000] {subprocess.py:106} INFO - #3 DONE 0.0s
[2025-09-24T08:50:26.987+0000] {subprocess.py:106} INFO - 
[2025-09-24T08:50:26.989+0000] {subprocess.py:106} INFO - #4 [***-init internal] load .dockerignore
[2025-09-24T08:50:26.990+0000] {subprocess.py:106} INFO - #4 transferring context: 2B done
[2025-09-24T08:50:26.991+0000] {subprocess.py:106} INFO - #4 DONE 0.0s
[2025-09-24T08:50:26.992+0000] {subprocess.py:106} INFO - 
[2025-09-24T08:50:26.993+0000] {subprocess.py:106} INFO - #5 [api internal] load metadata for docker.io/library/python:3.10-slim
[2025-09-24T08:50:27.130+0000] {subprocess.py:106} INFO - #5 ...
[2025-09-24T08:50:27.131+0000] {subprocess.py:106} INFO - 
[2025-09-24T08:50:27.133+0000] {subprocess.py:106} INFO - #6 [***-init 1/4] FROM docker.io/apache/***:2.10.2-python3.11@sha256:7c68d8ac3cf1b2c69eeb91da64c1578dc8376d33abf34267bf6e547d071cae39
[2025-09-24T08:50:27.134+0000] {subprocess.py:106} INFO - #6 resolve docker.io/apache/***:2.10.2-python3.11@sha256:7c68d8ac3cf1b2c69eeb91da64c1578dc8376d33abf34267bf6e547d071cae39 0.0s done
[2025-09-24T08:50:27.136+0000] {subprocess.py:106} INFO - #6 DONE 0.0s
[2025-09-24T08:50:27.137+0000] {subprocess.py:106} INFO - 
[2025-09-24T08:50:27.138+0000] {subprocess.py:106} INFO - #7 [***-init internal] load build context
[2025-09-24T08:50:27.138+0000] {subprocess.py:106} INFO - #7 transferring context: 37B done
[2025-09-24T08:50:27.140+0000] {subprocess.py:106} INFO - #7 DONE 0.0s
[2025-09-24T08:50:27.141+0000] {subprocess.py:106} INFO - 
[2025-09-24T08:50:27.142+0000] {subprocess.py:106} INFO - #8 [***-init 2/4] COPY requirements.txt .
[2025-09-24T08:50:27.144+0000] {subprocess.py:106} INFO - #8 CACHED
[2025-09-24T08:50:27.145+0000] {subprocess.py:106} INFO - 
[2025-09-24T08:50:27.146+0000] {subprocess.py:106} INFO - #9 [***-init 3/4] RUN pip install --no-cache-dir -r requirements.txt
[2025-09-24T08:50:27.148+0000] {subprocess.py:106} INFO - #9 CACHED
[2025-09-24T08:50:27.241+0000] {subprocess.py:106} INFO - 
[2025-09-24T08:50:27.242+0000] {subprocess.py:106} INFO - #10 [***-init 4/4] RUN apt-get update && apt-get install -y docker.io docker-compose-plugin && rm -rf /var/lib/apt/lists/*
[2025-09-24T08:50:27.243+0000] {subprocess.py:106} INFO - #10 CACHED
[2025-09-24T08:50:27.243+0000] {subprocess.py:106} INFO - 
[2025-09-24T08:50:27.244+0000] {subprocess.py:106} INFO - #11 [***-init] exporting to image
[2025-09-24T08:50:27.245+0000] {subprocess.py:106} INFO - #11 exporting layers 0.0s done
[2025-09-24T08:50:27.245+0000] {subprocess.py:106} INFO - #11 exporting manifest sha256:3b6730eb1620bb781b42c0b6cc530ed634b0611b617e822aeaaa37bfabe012d2 done
[2025-09-24T08:50:27.246+0000] {subprocess.py:106} INFO - #11 exporting config sha256:c27e40ae84fb2db54ba8f998e6782c401c446e98e1b3f9e95cad4216e6d0e138 done
[2025-09-24T08:50:27.246+0000] {subprocess.py:106} INFO - #11 exporting attestation manifest sha256:0c87759a6bbf05cc2848ffa92c9540849474992beb3ccf90b9d6638a1e2e6365 0.0s done
[2025-09-24T08:50:27.247+0000] {subprocess.py:106} INFO - #11 exporting manifest list sha256:43148d054f2ab742e035dd3b74c59e757ce2580aba69b2f9f791a7fffc4dcae9
[2025-09-24T08:50:27.427+0000] {subprocess.py:106} INFO - #11 exporting manifest list sha256:43148d054f2ab742e035dd3b74c59e757ce2580aba69b2f9f791a7fffc4dcae9 done
[2025-09-24T08:50:27.428+0000] {subprocess.py:106} INFO - #11 naming to docker.io/library/wine-***-init:latest done
[2025-09-24T08:50:27.430+0000] {subprocess.py:106} INFO - #11 unpacking to docker.io/library/wine-***-init:latest 0.1s done
[2025-09-24T08:50:27.431+0000] {subprocess.py:106} INFO - #11 DONE 0.3s
[2025-09-24T08:50:27.431+0000] {subprocess.py:106} INFO - 
[2025-09-24T08:50:27.432+0000] {subprocess.py:106} INFO - #5 [api internal] load metadata for docker.io/library/python:3.10-slim
[2025-09-24T08:50:27.606+0000] {subprocess.py:106} INFO - #5 DONE 0.7s
[2025-09-24T08:50:27.707+0000] {subprocess.py:106} INFO - 
[2025-09-24T08:50:27.708+0000] {subprocess.py:106} INFO - #12 [api internal] load .dockerignore
[2025-09-24T08:50:27.709+0000] {subprocess.py:106} INFO - #12 transferring context: 2B done
[2025-09-24T08:50:27.710+0000] {subprocess.py:106} INFO - #12 DONE 0.0s
[2025-09-24T08:50:27.710+0000] {subprocess.py:106} INFO - 
[2025-09-24T08:50:27.713+0000] {subprocess.py:106} INFO - #13 [api internal] load build context
[2025-09-24T08:50:27.714+0000] {subprocess.py:106} INFO - #13 transferring context: 64B done
[2025-09-24T08:50:27.715+0000] {subprocess.py:106} INFO - #13 DONE 0.0s
[2025-09-24T08:50:27.716+0000] {subprocess.py:106} INFO - 
[2025-09-24T08:50:27.718+0000] {subprocess.py:106} INFO - #14 [api 1/5] FROM docker.io/library/python:3.10-slim@sha256:f8081b61393cc16b2339d377bb523a5646cdd28fc6105612b3893c405d27f730
[2025-09-24T08:50:27.719+0000] {subprocess.py:106} INFO - #14 resolve docker.io/library/python:3.10-slim@sha256:f8081b61393cc16b2339d377bb523a5646cdd28fc6105612b3893c405d27f730 0.0s done
[2025-09-24T08:50:27.720+0000] {subprocess.py:106} INFO - #14 DONE 0.1s
[2025-09-24T08:50:27.721+0000] {subprocess.py:106} INFO - 
[2025-09-24T08:50:27.722+0000] {subprocess.py:106} INFO - #15 [api 3/5] COPY requirements.txt .
[2025-09-24T08:50:27.723+0000] {subprocess.py:106} INFO - #15 CACHED
[2025-09-24T08:50:27.723+0000] {subprocess.py:106} INFO - 
[2025-09-24T08:50:27.724+0000] {subprocess.py:106} INFO - #16 [api 4/5] RUN pip install --no-cache-dir -r requirements.txt
[2025-09-24T08:50:27.725+0000] {subprocess.py:106} INFO - #16 CACHED
[2025-09-24T08:50:27.726+0000] {subprocess.py:106} INFO - 
[2025-09-24T08:50:27.728+0000] {subprocess.py:106} INFO - #17 [api 2/5] WORKDIR /app
[2025-09-24T08:50:27.729+0000] {subprocess.py:106} INFO - #17 CACHED
[2025-09-24T08:50:27.731+0000] {subprocess.py:106} INFO - 
[2025-09-24T08:50:27.732+0000] {subprocess.py:106} INFO - #18 [api 5/5] COPY main.py .
[2025-09-24T08:50:27.733+0000] {subprocess.py:106} INFO - #18 CACHED
[2025-09-24T08:50:27.734+0000] {subprocess.py:106} INFO - 
[2025-09-24T08:50:27.735+0000] {subprocess.py:106} INFO - #19 [api] exporting to image
[2025-09-24T08:50:27.815+0000] {subprocess.py:106} INFO - #19 exporting layers done
[2025-09-24T08:50:27.817+0000] {subprocess.py:106} INFO - #19 exporting manifest sha256:1181bbbf188104c9b72cb7a4b2576a16324961a8a400b6cbb89476beb8892567 done
[2025-09-24T08:50:27.818+0000] {subprocess.py:106} INFO - #19 exporting config sha256:6aba02f92f2678889022da532e9cdcd4a3e3d2d98ebb364e58680ff23fa3269b done
[2025-09-24T08:50:27.820+0000] {subprocess.py:106} INFO - #19 exporting attestation manifest sha256:44544e49345623e42e4a08c1e83554c4a42bb65175fef0a2a8a94f38fa63152b 0.0s done
[2025-09-24T08:50:27.822+0000] {subprocess.py:106} INFO - #19 exporting manifest list sha256:190f5f026bddab6dc63df08bc616053b57eb475dd4ebc8b7001ccc33cd72771b 0.0s done
[2025-09-24T08:50:27.824+0000] {subprocess.py:106} INFO - #19 naming to docker.io/library/wine-api:latest done
[2025-09-24T08:50:27.825+0000] {subprocess.py:106} INFO - #19 unpacking to docker.io/library/wine-api:latest 0.0s done
[2025-09-24T08:50:27.986+0000] {subprocess.py:106} INFO - #19 DONE 0.2s
[2025-09-24T08:50:27.987+0000] {subprocess.py:106} INFO - 
[2025-09-24T08:50:27.989+0000] {subprocess.py:106} INFO - #20 [***-init] resolving provenance for metadata file
[2025-09-24T08:50:27.991+0000] {subprocess.py:106} INFO - #20 DONE 0.0s
[2025-09-24T08:50:28.094+0000] {subprocess.py:106} INFO - 
[2025-09-24T08:50:28.095+0000] {subprocess.py:106} INFO - #21 [***-scheduler internal] load build definition from Dockerfile
[2025-09-24T08:50:28.099+0000] {subprocess.py:106} INFO - #21 transferring dockerfile: 386B 0.0s done
[2025-09-24T08:50:28.101+0000] {subprocess.py:106} INFO - #21 DONE 0.0s
[2025-09-24T08:50:28.104+0000] {subprocess.py:106} INFO - 
[2025-09-24T08:50:28.106+0000] {subprocess.py:106} INFO - #22 [***-webserver internal] load build definition from Dockerfile
[2025-09-24T08:50:28.109+0000] {subprocess.py:106} INFO - #22 transferring dockerfile: 386B 0.0s done
[2025-09-24T08:50:28.110+0000] {subprocess.py:106} INFO - #22 DONE 0.0s
[2025-09-24T08:50:28.112+0000] {subprocess.py:106} INFO - 
[2025-09-24T08:50:28.115+0000] {subprocess.py:106} INFO - #3 [***-webserver internal] load metadata for docker.io/apache/***:2.10.2-python3.11
[2025-09-24T08:50:28.226+0000] {subprocess.py:106} INFO - #3 DONE 0.1s
[2025-09-24T08:50:28.227+0000] {subprocess.py:106} INFO - 
[2025-09-24T08:50:28.229+0000] {subprocess.py:106} INFO - #23 [***-webserver internal] load .dockerignore
[2025-09-24T08:50:28.234+0000] {subprocess.py:106} INFO - #23 transferring context: 2B 0.0s done
[2025-09-24T08:50:28.235+0000] {subprocess.py:106} INFO - #23 DONE 0.0s
[2025-09-24T08:50:28.237+0000] {subprocess.py:106} INFO - 
[2025-09-24T08:50:28.239+0000] {subprocess.py:106} INFO - #24 [api] resolving provenance for metadata file
[2025-09-24T08:50:28.240+0000] {subprocess.py:106} INFO - #24 DONE 0.0s
[2025-09-24T08:50:28.241+0000] {subprocess.py:106} INFO - 
[2025-09-24T08:50:28.242+0000] {subprocess.py:106} INFO - #25 [***-scheduler internal] load .dockerignore
[2025-09-24T08:50:28.244+0000] {subprocess.py:106} INFO - #25 transferring context: 2B 0.0s done
[2025-09-24T08:50:28.245+0000] {subprocess.py:106} INFO - #25 DONE 0.0s
[2025-09-24T08:50:28.245+0000] {subprocess.py:106} INFO - 
[2025-09-24T08:50:28.248+0000] {subprocess.py:106} INFO - #26 [***-webserver internal] load build context
[2025-09-24T08:50:28.249+0000] {subprocess.py:106} INFO - #26 DONE 0.0s
[2025-09-24T08:50:28.250+0000] {subprocess.py:106} INFO - 
[2025-09-24T08:50:28.252+0000] {subprocess.py:106} INFO - #27 [***-scheduler internal] load build context
[2025-09-24T08:50:28.256+0000] {subprocess.py:106} INFO - #27 DONE 0.0s
[2025-09-24T08:50:28.258+0000] {subprocess.py:106} INFO - 
[2025-09-24T08:50:28.261+0000] {subprocess.py:106} INFO - #6 [***-webserver 1/4] FROM docker.io/apache/***:2.10.2-python3.11@sha256:7c68d8ac3cf1b2c69eeb91da64c1578dc8376d33abf34267bf6e547d071cae39
[2025-09-24T08:50:28.262+0000] {subprocess.py:106} INFO - #6 resolve docker.io/apache/***:2.10.2-python3.11@sha256:7c68d8ac3cf1b2c69eeb91da64c1578dc8376d33abf34267bf6e547d071cae39 0.1s done
[2025-09-24T08:50:28.419+0000] {subprocess.py:106} INFO - #6 resolve docker.io/apache/***:2.10.2-python3.11@sha256:7c68d8ac3cf1b2c69eeb91da64c1578dc8376d33abf34267bf6e547d071cae39 0.1s done
[2025-09-24T08:50:28.422+0000] {subprocess.py:106} INFO - #6 DONE 0.1s
[2025-09-24T08:50:28.426+0000] {subprocess.py:106} INFO - 
[2025-09-24T08:50:28.428+0000] {subprocess.py:106} INFO - #28 [app internal] load build definition from Dockerfile
[2025-09-24T08:50:28.430+0000] {subprocess.py:106} INFO - #28 transferring dockerfile: 232B 0.0s done
[2025-09-24T08:50:28.432+0000] {subprocess.py:106} INFO - #28 DONE 0.0s
[2025-09-24T08:50:28.433+0000] {subprocess.py:106} INFO - 
[2025-09-24T08:50:28.434+0000] {subprocess.py:106} INFO - #27 [***-scheduler internal] load build context
[2025-09-24T08:50:28.435+0000] {subprocess.py:106} INFO - #27 transferring context: 37B 0.0s done
[2025-09-24T08:50:28.435+0000] {subprocess.py:106} INFO - #27 DONE 0.0s
[2025-09-24T08:50:28.436+0000] {subprocess.py:106} INFO - 
[2025-09-24T08:50:28.437+0000] {subprocess.py:106} INFO - #26 [***-webserver internal] load build context
[2025-09-24T08:50:28.438+0000] {subprocess.py:106} INFO - #26 transferring context: 37B done
[2025-09-24T08:50:28.439+0000] {subprocess.py:106} INFO - #26 DONE 0.0s
[2025-09-24T08:50:28.440+0000] {subprocess.py:106} INFO - 
[2025-09-24T08:50:28.440+0000] {subprocess.py:106} INFO - #29 [***-scheduler 3/4] RUN pip install --no-cache-dir -r requirements.txt
[2025-09-24T08:50:28.441+0000] {subprocess.py:106} INFO - #29 CACHED
[2025-09-24T08:50:28.442+0000] {subprocess.py:106} INFO - 
[2025-09-24T08:50:28.443+0000] {subprocess.py:106} INFO - #30 [***-scheduler 2/4] COPY requirements.txt .
[2025-09-24T08:50:28.445+0000] {subprocess.py:106} INFO - #30 CACHED
[2025-09-24T08:50:28.446+0000] {subprocess.py:106} INFO - 
[2025-09-24T08:50:28.447+0000] {subprocess.py:106} INFO - #31 [***-scheduler 4/4] RUN apt-get update && apt-get install -y docker.io docker-compose-plugin && rm -rf /var/lib/apt/lists/*
[2025-09-24T08:50:28.531+0000] {subprocess.py:106} INFO - #31 CACHED
[2025-09-24T08:50:28.533+0000] {subprocess.py:106} INFO - 
[2025-09-24T08:50:28.534+0000] {subprocess.py:106} INFO - #5 [app internal] load metadata for docker.io/library/python:3.10-slim
[2025-09-24T08:50:28.535+0000] {subprocess.py:106} INFO - #5 DONE 0.9s
[2025-09-24T08:50:28.535+0000] {subprocess.py:106} INFO - 
[2025-09-24T08:50:28.536+0000] {subprocess.py:106} INFO - #32 [***-webserver] exporting to image
[2025-09-24T08:50:28.634+0000] {subprocess.py:106} INFO - #32 ...
[2025-09-24T08:50:28.636+0000] {subprocess.py:106} INFO - 
[2025-09-24T08:50:28.637+0000] {subprocess.py:106} INFO - #33 [app internal] load .dockerignore
[2025-09-24T08:50:28.638+0000] {subprocess.py:106} INFO - #33 transferring context: 2B done
[2025-09-24T08:50:28.641+0000] {subprocess.py:106} INFO - #33 DONE 0.0s
[2025-09-24T08:50:28.643+0000] {subprocess.py:106} INFO - 
[2025-09-24T08:50:28.646+0000] {subprocess.py:106} INFO - #34 [app internal] load build context
[2025-09-24T08:50:28.648+0000] {subprocess.py:106} INFO - #34 transferring context: 63B done
[2025-09-24T08:50:28.651+0000] {subprocess.py:106} INFO - #34 DONE 0.0s
[2025-09-24T08:50:28.653+0000] {subprocess.py:106} INFO - 
[2025-09-24T08:50:28.655+0000] {subprocess.py:106} INFO - #14 [app 1/5] FROM docker.io/library/python:3.10-slim@sha256:f8081b61393cc16b2339d377bb523a5646cdd28fc6105612b3893c405d27f730
[2025-09-24T08:50:28.658+0000] {subprocess.py:106} INFO - #14 resolve docker.io/library/python:3.10-slim@sha256:f8081b61393cc16b2339d377bb523a5646cdd28fc6105612b3893c405d27f730 0.1s done
[2025-09-24T08:50:28.660+0000] {subprocess.py:106} INFO - #14 DONE 0.1s
[2025-09-24T08:50:28.661+0000] {subprocess.py:106} INFO - 
[2025-09-24T08:50:28.666+0000] {subprocess.py:106} INFO - #32 [***-webserver] exporting to image
[2025-09-24T08:50:28.669+0000] {subprocess.py:106} INFO - #32 exporting layers 0.1s done
[2025-09-24T08:50:28.670+0000] {subprocess.py:106} INFO - #32 exporting manifest sha256:bad0bf9a8db32890ad8045476cfefd1bc14f143acdf22ef5c6d56595a7f3353a done
[2025-09-24T08:50:28.671+0000] {subprocess.py:106} INFO - #32 exporting config sha256:8214e94519fa00a221aedab120bea13f65720b04bb6d2b0d36b8230bc067a18e done
[2025-09-24T08:50:28.672+0000] {subprocess.py:106} INFO - #32 exporting attestation manifest sha256:a49632e099a59b058f0b42131c2a920a6a5f46dae09d9947fa7ad90d3563e1fb 0.0s done
[2025-09-24T08:50:28.673+0000] {subprocess.py:106} INFO - #32 exporting manifest list sha256:022154688dcb894c18e71efd236ef16dd74b23fa4809b8a7eddd220df61c56b2
[2025-09-24T08:50:28.738+0000] {subprocess.py:106} INFO - #32 ...
[2025-09-24T08:50:28.740+0000] {subprocess.py:106} INFO - 
[2025-09-24T08:50:28.741+0000] {subprocess.py:106} INFO - #35 [app 4/5] RUN pip install --no-cache-dir -r requirements.txt
[2025-09-24T08:50:28.742+0000] {subprocess.py:106} INFO - #35 CACHED
[2025-09-24T08:50:28.742+0000] {subprocess.py:106} INFO - 
[2025-09-24T08:50:28.743+0000] {subprocess.py:106} INFO - #17 [app 2/5] WORKDIR /app
[2025-09-24T08:50:28.745+0000] {subprocess.py:106} INFO - #17 CACHED
[2025-09-24T08:50:28.746+0000] {subprocess.py:106} INFO - 
[2025-09-24T08:50:28.747+0000] {subprocess.py:106} INFO - #36 [app 3/5] COPY requirements.txt .
[2025-09-24T08:50:28.748+0000] {subprocess.py:106} INFO - #36 CACHED
[2025-09-24T08:50:28.749+0000] {subprocess.py:106} INFO - 
[2025-09-24T08:50:28.750+0000] {subprocess.py:106} INFO - #37 [app 5/5] COPY app.py .
[2025-09-24T08:50:28.751+0000] {subprocess.py:106} INFO - #37 CACHED
[2025-09-24T08:50:28.751+0000] {subprocess.py:106} INFO - 
[2025-09-24T08:50:28.752+0000] {subprocess.py:106} INFO - #32 [***-webserver] exporting to image
[2025-09-24T08:50:28.753+0000] {subprocess.py:106} INFO - #32 exporting manifest list sha256:022154688dcb894c18e71efd236ef16dd74b23fa4809b8a7eddd220df61c56b2 0.0s done
[2025-09-24T08:50:28.754+0000] {subprocess.py:106} INFO - #32 naming to docker.io/library/wine-***-webserver:latest done
[2025-09-24T08:50:28.756+0000] {subprocess.py:106} INFO - #32 unpacking to docker.io/library/wine-***-webserver:latest
[2025-09-24T08:50:28.931+0000] {subprocess.py:106} INFO - #32 ...
[2025-09-24T08:50:28.933+0000] {subprocess.py:106} INFO - 
[2025-09-24T08:50:28.934+0000] {subprocess.py:106} INFO - #38 [app] exporting to image
[2025-09-24T08:50:28.936+0000] {subprocess.py:106} INFO - #38 exporting layers 0.0s done
[2025-09-24T08:50:28.937+0000] {subprocess.py:106} INFO - #38 exporting manifest sha256:ed39c8a1281e8641f8221aa358161ed4a853cfca766b2391723ef213149408a1 done
[2025-09-24T08:50:28.939+0000] {subprocess.py:106} INFO - #38 exporting config sha256:6f0abffb2ffefdf85f78ba18149c8f66629e2f426c54fc38cab1a328af33f1f1 done
[2025-09-24T08:50:28.946+0000] {subprocess.py:106} INFO - #38 exporting attestation manifest sha256:56f703342e35240fdc96b43b4a89c2f53a94a8481ded097ba59e1cc555322b60 0.0s done
[2025-09-24T08:50:28.947+0000] {subprocess.py:106} INFO - #38 exporting manifest list sha256:3d7b9cfa96ebf754603f2c312a5c49c34e3cc6d541e3021e8f00a83db24c9040 0.0s done
[2025-09-24T08:50:28.949+0000] {subprocess.py:106} INFO - #38 naming to docker.io/library/wine-app:latest done
[2025-09-24T08:50:28.951+0000] {subprocess.py:106} INFO - #38 unpacking to docker.io/library/wine-app:latest 0.0s done
[2025-09-24T08:50:28.953+0000] {subprocess.py:106} INFO - #38 DONE 0.2s
[2025-09-24T08:50:28.954+0000] {subprocess.py:106} INFO - 
[2025-09-24T08:50:28.957+0000] {subprocess.py:106} INFO - #39 [***-scheduler] exporting to image
[2025-09-24T08:50:28.961+0000] {subprocess.py:106} INFO - #39 exporting layers 0.0s done
[2025-09-24T08:50:28.962+0000] {subprocess.py:106} INFO - #39 exporting manifest sha256:d220193b669c4746d9fd0f51fa9291f767e76d2a37d165b1f82ad809a6cd4f8b done
[2025-09-24T08:50:28.964+0000] {subprocess.py:106} INFO - #39 exporting config sha256:1f688f34aff1aeaf0b0a029fc3d07fe82acf01946ecec928a9682d8cdc1f5c2e done
[2025-09-24T08:50:28.966+0000] {subprocess.py:106} INFO - #39 exporting attestation manifest sha256:1e1711e38e34cd1794fbad0249a2d7d80053b16d1dc1b0c9f2270e986c15571d 0.0s done
[2025-09-24T08:50:28.967+0000] {subprocess.py:106} INFO - #39 exporting manifest list sha256:b08a891c9b991cbcea97ef0439c14b819bca5c2a9aa1f47aa72021ec0d6ec704 0.0s done
[2025-09-24T08:50:28.969+0000] {subprocess.py:106} INFO - #39 naming to docker.io/library/wine-***-scheduler:latest done
[2025-09-24T08:50:28.970+0000] {subprocess.py:106} INFO - #39 unpacking to docker.io/library/wine-***-scheduler:latest 0.1s done
[2025-09-24T08:50:28.971+0000] {subprocess.py:106} INFO - #39 DONE 0.4s
[2025-09-24T08:50:28.972+0000] {subprocess.py:106} INFO - 
[2025-09-24T08:50:28.973+0000] {subprocess.py:106} INFO - #32 [***-webserver] exporting to image
[2025-09-24T08:50:28.976+0000] {subprocess.py:106} INFO - #32 unpacking to docker.io/library/wine-***-webserver:latest 0.1s done
[2025-09-24T08:50:29.127+0000] {subprocess.py:106} INFO - #32 DONE 0.4s
[2025-09-24T08:50:29.128+0000] {subprocess.py:106} INFO - 
[2025-09-24T08:50:29.129+0000] {subprocess.py:106} INFO - #40 [app] resolving provenance for metadata file
[2025-09-24T08:50:29.130+0000] {subprocess.py:106} INFO - #40 DONE 0.0s
[2025-09-24T08:50:29.450+0000] {subprocess.py:106} INFO - 
[2025-09-24T08:50:29.452+0000] {subprocess.py:106} INFO - #41 [***-scheduler] resolving provenance for metadata file
[2025-09-24T08:50:29.529+0000] {subprocess.py:106} INFO - #41 DONE 0.1s
[2025-09-24T08:50:29.533+0000] {subprocess.py:106} INFO - 
[2025-09-24T08:50:29.535+0000] {subprocess.py:106} INFO - #42 [***-webserver] resolving provenance for metadata file
[2025-09-24T08:50:29.538+0000] {subprocess.py:106} INFO - #42 DONE 0.0s
[2025-09-24T08:50:29.539+0000] {subprocess.py:106} INFO -  ***-init  Built
[2025-09-24T08:50:29.540+0000] {subprocess.py:106} INFO -  ***-scheduler  Built
[2025-09-24T08:50:29.542+0000] {subprocess.py:106} INFO -  ***-webserver  Built
[2025-09-24T08:50:29.545+0000] {subprocess.py:106} INFO -  api  Built
[2025-09-24T08:50:29.547+0000] {subprocess.py:106} INFO -  app  Built
[2025-09-24T08:50:29.686+0000] {subprocess.py:106} INFO -  Container wine-postgres-1  Running
[2025-09-24T08:50:29.688+0000] {subprocess.py:106} INFO -  Container wine-***-init-1  Recreate
[2025-09-24T08:50:29.689+0000] {subprocess.py:106} INFO -  Container wine-api-1  Recreate
[2025-09-24T08:50:29.933+0000] {subprocess.py:106} INFO -  Container wine-api-1  Recreated
[2025-09-24T08:50:29.936+0000] {subprocess.py:106} INFO -  Container wine-app-1  Recreate
[2025-09-24T08:50:30.336+0000] {subprocess.py:106} INFO -  Container wine-app-1  Recreated
[2025-09-24T08:50:30.818+0000] {subprocess.py:106} INFO -  Container wine-***-init-1  Recreated
[2025-09-24T08:50:30.821+0000] {subprocess.py:106} INFO -  Container wine-***-scheduler-1  Recreate
[2025-09-24T08:50:30.825+0000] {subprocess.py:106} INFO -  Container wine-***-webserver-1  Recreate
[2025-09-24T08:50:31.839+0000] {subprocess.py:106} INFO -  Container wine-***-webserver-1  Recreated
[2025-09-24T08:50:31.915+0000] {subprocess.py:106} INFO -  Container wine-***-scheduler-1  Recreated
[2025-09-24T08:50:32.243+0000] {subprocess.py:106} INFO -  Container wine-postgres-1  Waiting
[2025-09-24T08:50:32.245+0000] {subprocess.py:106} INFO -  Container wine-api-1  Starting
[2025-09-24T08:50:32.753+0000] {subprocess.py:106} INFO -  Container wine-postgres-1  Healthy
[2025-09-24T08:50:32.755+0000] {subprocess.py:106} INFO -  Container wine-***-init-1  Starting
[2025-09-24T08:50:32.766+0000] {subprocess.py:106} INFO - Error response from daemon: mounts denied:
[2025-09-24T08:50:32.767+0000] {subprocess.py:106} INFO - The path /opt/***/models is not shared from the host and is not known to Docker.
[2025-09-24T08:50:32.770+0000] {subprocess.py:106} INFO - You can configure shared paths from Docker -> Preferences... -> Resources -> File Sharing.
[2025-09-24T08:50:32.774+0000] {subprocess.py:106} INFO - See https://docs.docker.com/go/mac-file-sharing/ for more info.
[2025-09-24T08:50:32.781+0000] {subprocess.py:110} INFO - Command exited with return code 1
[2025-09-24T08:50:32.820+0000] {taskinstance.py:3310} ERROR - Task failed with exception
Traceback (most recent call last):
  File "/home/airflow/.local/lib/python3.11/site-packages/airflow/models/taskinstance.py", line 767, in _execute_task
    result = _execute_callable(context=context, **execute_callable_kwargs)
             ^^^^^^^^^^^^^^^^^^^^^^^^^^^^^^^^^^^^^^^^^^^^^^^^^^^^^^^^^^^^^
  File "/home/airflow/.local/lib/python3.11/site-packages/airflow/models/taskinstance.py", line 733, in _execute_callable
    return ExecutionCallableRunner(
           ^^^^^^^^^^^^^^^^^^^^^^^^
  File "/home/airflow/.local/lib/python3.11/site-packages/airflow/utils/operator_helpers.py", line 252, in run
    return self.func(*args, **kwargs)
           ^^^^^^^^^^^^^^^^^^^^^^^^^^
  File "/home/airflow/.local/lib/python3.11/site-packages/airflow/models/baseoperator.py", line 406, in wrapper
    return func(self, *args, **kwargs)
           ^^^^^^^^^^^^^^^^^^^^^^^^^^^
  File "/home/airflow/.local/lib/python3.11/site-packages/airflow/providers/standard/operators/bash.py", line 232, in execute
    raise AirflowException(
airflow.exceptions.AirflowException: Bash command failed. The command returned a non-zero exit code 1.
[2025-09-24T08:50:32.844+0000] {taskinstance.py:1225} INFO - Marking task as UP_FOR_RETRY. dag_id=wine_pipeline, task_id=stage3_deploy_compose, run_id=scheduled__2025-09-24T08:45:00+00:00, execution_date=20250924T084500, start_date=20250924T085026, end_date=20250924T085032
[2025-09-24T08:50:32.889+0000] {taskinstance.py:340} INFO - ::group::Post task execution logs
[2025-09-24T08:50:32.894+0000] {standard_task_runner.py:124} ERROR - Failed to execute job 27 for task stage3_deploy_compose (Bash command failed. The command returned a non-zero exit code 1.; 2298)
Traceback (most recent call last):
  File "/home/airflow/.local/lib/python3.11/site-packages/airflow/task/task_runner/standard_task_runner.py", line 117, in _start_by_fork
    ret = args.func(args, dag=self.dag)
          ^^^^^^^^^^^^^^^^^^^^^^^^^^^^^
  File "/home/airflow/.local/lib/python3.11/site-packages/airflow/cli/cli_config.py", line 49, in command
    return func(*args, **kwargs)
           ^^^^^^^^^^^^^^^^^^^^^
  File "/home/airflow/.local/lib/python3.11/site-packages/airflow/utils/cli.py", line 115, in wrapper
    return f(*args, **kwargs)
           ^^^^^^^^^^^^^^^^^^
  File "/home/airflow/.local/lib/python3.11/site-packages/airflow/cli/commands/task_command.py", line 483, in task_run
    task_return_code = _run_task_by_selected_method(args, _dag, ti)
                       ^^^^^^^^^^^^^^^^^^^^^^^^^^^^^^^^^^^^^^^^^^^^
  File "/home/airflow/.local/lib/python3.11/site-packages/airflow/cli/commands/task_command.py", line 256, in _run_task_by_selected_method
    return _run_raw_task(args, ti)
           ^^^^^^^^^^^^^^^^^^^^^^^
  File "/home/airflow/.local/lib/python3.11/site-packages/airflow/cli/commands/task_command.py", line 341, in _run_raw_task
    return ti._run_raw_task(
           ^^^^^^^^^^^^^^^^^
  File "/home/airflow/.local/lib/python3.11/site-packages/airflow/utils/session.py", line 97, in wrapper
    return func(*args, session=session, **kwargs)
           ^^^^^^^^^^^^^^^^^^^^^^^^^^^^^^^^^^^^^^
  File "/home/airflow/.local/lib/python3.11/site-packages/airflow/models/taskinstance.py", line 3004, in _run_raw_task
    return _run_raw_task(
           ^^^^^^^^^^^^^^
  File "/home/airflow/.local/lib/python3.11/site-packages/airflow/models/taskinstance.py", line 273, in _run_raw_task
    TaskInstance._execute_task_with_callbacks(
  File "/home/airflow/.local/lib/python3.11/site-packages/airflow/models/taskinstance.py", line 3158, in _execute_task_with_callbacks
    result = self._execute_task(context, task_orig)
             ^^^^^^^^^^^^^^^^^^^^^^^^^^^^^^^^^^^^^^
  File "/home/airflow/.local/lib/python3.11/site-packages/airflow/models/taskinstance.py", line 3182, in _execute_task
    return _execute_task(self, context, task_orig)
           ^^^^^^^^^^^^^^^^^^^^^^^^^^^^^^^^^^^^^^^
  File "/home/airflow/.local/lib/python3.11/site-packages/airflow/models/taskinstance.py", line 767, in _execute_task
    result = _execute_callable(context=context, **execute_callable_kwargs)
             ^^^^^^^^^^^^^^^^^^^^^^^^^^^^^^^^^^^^^^^^^^^^^^^^^^^^^^^^^^^^^
  File "/home/airflow/.local/lib/python3.11/site-packages/airflow/models/taskinstance.py", line 733, in _execute_callable
    return ExecutionCallableRunner(
           ^^^^^^^^^^^^^^^^^^^^^^^^
  File "/home/airflow/.local/lib/python3.11/site-packages/airflow/utils/operator_helpers.py", line 252, in run
    return self.func(*args, **kwargs)
           ^^^^^^^^^^^^^^^^^^^^^^^^^^
  File "/home/airflow/.local/lib/python3.11/site-packages/airflow/models/baseoperator.py", line 406, in wrapper
    return func(self, *args, **kwargs)
           ^^^^^^^^^^^^^^^^^^^^^^^^^^^
  File "/home/airflow/.local/lib/python3.11/site-packages/airflow/providers/standard/operators/bash.py", line 232, in execute
    raise AirflowException(
airflow.exceptions.AirflowException: Bash command failed. The command returned a non-zero exit code 1.
[2025-09-24T08:50:32.950+0000] {local_task_job_runner.py:266} INFO - Task exited with return code 1
[2025-09-24T08:50:32.992+0000] {taskinstance.py:3900} INFO - 0 downstream tasks scheduled from follow-on schedule check
[2025-09-24T08:50:32.995+0000] {local_task_job_runner.py:245} INFO - ::endgroup::
