[2025-09-24T08:46:35.697+0000] {local_task_job_runner.py:123} INFO - ::group::Pre task execution logs
[2025-09-24T08:46:35.721+0000] {taskinstance.py:2612} INFO - Dependencies all met for dep_context=non-requeueable deps ti=<TaskInstance: wine_pipeline.stage3_deploy_compose scheduled__2025-09-24T08:40:00+00:00 [queued]>
[2025-09-24T08:46:35.730+0000] {taskinstance.py:2612} INFO - Dependencies all met for dep_context=requeueable deps ti=<TaskInstance: wine_pipeline.stage3_deploy_compose scheduled__2025-09-24T08:40:00+00:00 [queued]>
[2025-09-24T08:46:35.731+0000] {taskinstance.py:2865} INFO - Starting attempt 2 of 4
[2025-09-24T08:46:35.747+0000] {taskinstance.py:2888} INFO - Executing <Task(BashOperator): stage3_deploy_compose> on 2025-09-24 08:40:00+00:00
[2025-09-24T08:46:35.757+0000] {standard_task_runner.py:72} INFO - Started process 1681 to run task
[2025-09-24T08:46:35.762+0000] {standard_task_runner.py:104} INFO - Running: ['***', 'tasks', 'run', 'wine_pipeline', 'stage3_deploy_compose', 'scheduled__2025-09-24T08:40:00+00:00', '--job-id', '21', '--raw', '--subdir', 'DAGS_FOLDER/wine_pipeline.py', '--cfg-path', '/tmp/tmpeoj08f_q']
[2025-09-24T08:46:35.766+0000] {standard_task_runner.py:105} INFO - Job 21: Subtask stage3_deploy_compose
[2025-09-24T08:46:35.852+0000] {task_command.py:467} INFO - Running <TaskInstance: wine_pipeline.stage3_deploy_compose scheduled__2025-09-24T08:40:00+00:00 [running]> on host 995626deecfe
[2025-09-24T08:46:35.992+0000] {taskinstance.py:3131} INFO - Exporting env vars: AIRFLOW_CTX_DAG_OWNER='***' AIRFLOW_CTX_DAG_ID='wine_pipeline' AIRFLOW_CTX_TASK_ID='stage3_deploy_compose' AIRFLOW_CTX_EXECUTION_DATE='2025-09-24T08:40:00+00:00' AIRFLOW_CTX_TRY_NUMBER='2' AIRFLOW_CTX_DAG_RUN_ID='scheduled__2025-09-24T08:40:00+00:00'
[2025-09-24T08:46:35.995+0000] {taskinstance.py:731} INFO - ::endgroup::
[2025-09-24T08:46:36.013+0000] {subprocess.py:78} INFO - Tmp dir root location: /tmp
[2025-09-24T08:46:36.015+0000] {subprocess.py:88} INFO - Running command: ['/usr/bin/bash', '-c', 'docker compose -f /opt/***/code/deployment/docker-compose.yml up -d --build']
[2025-09-24T08:46:36.032+0000] {subprocess.py:99} INFO - Output:
[2025-09-24T08:46:36.171+0000] {subprocess.py:106} INFO - time="2025-09-24T08:46:36Z" level=warning msg="/opt/***/code/deployment/docker-compose.yml: the attribute `version` is obsolete, it will be ignored, please remove it to avoid potential confusion"
[2025-09-24T08:46:36.313+0000] {subprocess.py:106} INFO - time="2025-09-24T08:46:36Z" level=warning msg="Docker Compose is configured to build using Bake, but buildx isn't installed"
[2025-09-24T08:46:36.526+0000] {subprocess.py:106} INFO - #0 building with "default" instance using docker driver
[2025-09-24T08:46:36.528+0000] {subprocess.py:106} INFO - 
[2025-09-24T08:46:36.530+0000] {subprocess.py:106} INFO - #1 [api internal] load build definition from Dockerfile
[2025-09-24T08:46:36.531+0000] {subprocess.py:106} INFO - #1 transferring dockerfile: 264B done
[2025-09-24T08:46:36.532+0000] {subprocess.py:106} INFO - #1 DONE 0.0s
[2025-09-24T08:46:36.533+0000] {subprocess.py:106} INFO - 
[2025-09-24T08:46:36.534+0000] {subprocess.py:106} INFO - #2 [***-init internal] load build definition from Dockerfile
[2025-09-24T08:46:36.536+0000] {subprocess.py:106} INFO - #2 transferring dockerfile: 386B 0.0s done
[2025-09-24T08:46:36.537+0000] {subprocess.py:106} INFO - #2 DONE 0.0s
[2025-09-24T08:46:36.538+0000] {subprocess.py:106} INFO - 
[2025-09-24T08:46:36.540+0000] {subprocess.py:106} INFO - #3 [***-init internal] load metadata for docker.io/apache/***:2.10.2-python3.11
[2025-09-24T08:46:36.541+0000] {subprocess.py:106} INFO - #3 DONE 0.0s
[2025-09-24T08:46:36.542+0000] {subprocess.py:106} INFO - 
[2025-09-24T08:46:36.543+0000] {subprocess.py:106} INFO - #4 [***-init internal] load .dockerignore
[2025-09-24T08:46:36.544+0000] {subprocess.py:106} INFO - #4 transferring context: 2B done
[2025-09-24T08:46:36.546+0000] {subprocess.py:106} INFO - #4 DONE 0.0s
[2025-09-24T08:46:36.547+0000] {subprocess.py:106} INFO - 
[2025-09-24T08:46:36.548+0000] {subprocess.py:106} INFO - #5 [***-init internal] load build context
[2025-09-24T08:46:36.549+0000] {subprocess.py:106} INFO - #5 DONE 0.0s
[2025-09-24T08:46:36.550+0000] {subprocess.py:106} INFO - 
[2025-09-24T08:46:36.551+0000] {subprocess.py:106} INFO - #6 [***-init 1/4] FROM docker.io/apache/***:2.10.2-python3.11@sha256:7c68d8ac3cf1b2c69eeb91da64c1578dc8376d33abf34267bf6e547d071cae39
[2025-09-24T08:46:36.553+0000] {subprocess.py:106} INFO - #6 resolve docker.io/apache/***:2.10.2-python3.11@sha256:7c68d8ac3cf1b2c69eeb91da64c1578dc8376d33abf34267bf6e547d071cae39 0.0s done
[2025-09-24T08:46:36.554+0000] {subprocess.py:106} INFO - #6 DONE 0.0s
[2025-09-24T08:46:36.557+0000] {subprocess.py:106} INFO - 
[2025-09-24T08:46:36.558+0000] {subprocess.py:106} INFO - #7 [api internal] load metadata for docker.io/library/python:3.10-slim
[2025-09-24T08:46:36.661+0000] {subprocess.py:106} INFO - #7 ...
[2025-09-24T08:46:36.662+0000] {subprocess.py:106} INFO - 
[2025-09-24T08:46:36.663+0000] {subprocess.py:106} INFO - #5 [***-init internal] load build context
[2025-09-24T08:46:36.664+0000] {subprocess.py:106} INFO - #5 transferring context: 37B done
[2025-09-24T08:46:36.665+0000] {subprocess.py:106} INFO - #5 DONE 0.0s
[2025-09-24T08:46:36.665+0000] {subprocess.py:106} INFO - 
[2025-09-24T08:46:36.666+0000] {subprocess.py:106} INFO - #8 [***-init 2/4] COPY requirements.txt .
[2025-09-24T08:46:36.667+0000] {subprocess.py:106} INFO - #8 CACHED
[2025-09-24T08:46:36.669+0000] {subprocess.py:106} INFO - 
[2025-09-24T08:46:36.670+0000] {subprocess.py:106} INFO - #9 [***-init 3/4] RUN pip install --no-cache-dir -r requirements.txt
[2025-09-24T08:46:36.671+0000] {subprocess.py:106} INFO - #9 CACHED
[2025-09-24T08:46:36.768+0000] {subprocess.py:106} INFO - 
[2025-09-24T08:46:36.769+0000] {subprocess.py:106} INFO - #10 [***-init 4/4] RUN apt-get update && apt-get install -y docker.io docker-compose-plugin && rm -rf /var/lib/apt/lists/*
[2025-09-24T08:46:36.770+0000] {subprocess.py:106} INFO - #10 CACHED
[2025-09-24T08:46:36.771+0000] {subprocess.py:106} INFO - 
[2025-09-24T08:46:36.772+0000] {subprocess.py:106} INFO - #11 [***-init] exporting to image
[2025-09-24T08:46:36.772+0000] {subprocess.py:106} INFO - #11 exporting layers 0.0s done
[2025-09-24T08:46:36.773+0000] {subprocess.py:106} INFO - #11 exporting manifest sha256:3b6730eb1620bb781b42c0b6cc530ed634b0611b617e822aeaaa37bfabe012d2 done
[2025-09-24T08:46:36.773+0000] {subprocess.py:106} INFO - #11 exporting config sha256:c27e40ae84fb2db54ba8f998e6782c401c446e98e1b3f9e95cad4216e6d0e138 done
[2025-09-24T08:46:36.774+0000] {subprocess.py:106} INFO - #11 exporting attestation manifest sha256:817d983dccb79b22c25413d028e58ee9fff8cb80461143954d3e53a69920746d 0.0s done
[2025-09-24T08:46:36.774+0000] {subprocess.py:106} INFO - #11 exporting manifest list sha256:ac03d7a789b67236771aa2310fce9bfc13a0547cc75eb845eaee58577b36f7cd
[2025-09-24T08:46:37.013+0000] {subprocess.py:106} INFO - #11 exporting manifest list sha256:ac03d7a789b67236771aa2310fce9bfc13a0547cc75eb845eaee58577b36f7cd 0.0s done
[2025-09-24T08:46:37.014+0000] {subprocess.py:106} INFO - #11 naming to docker.io/library/wine-***-init:latest done
[2025-09-24T08:46:37.015+0000] {subprocess.py:106} INFO - #11 unpacking to docker.io/library/wine-***-init:latest 0.1s done
[2025-09-24T08:46:37.022+0000] {subprocess.py:106} INFO - #11 DONE 0.3s
[2025-09-24T08:46:37.024+0000] {subprocess.py:106} INFO - 
[2025-09-24T08:46:37.030+0000] {subprocess.py:106} INFO - #7 [api internal] load metadata for docker.io/library/python:3.10-slim
[2025-09-24T08:46:37.186+0000] {subprocess.py:106} INFO - #7 DONE 0.7s
[2025-09-24T08:46:37.287+0000] {subprocess.py:106} INFO - 
[2025-09-24T08:46:37.288+0000] {subprocess.py:106} INFO - #12 [api internal] load .dockerignore
[2025-09-24T08:46:37.291+0000] {subprocess.py:106} INFO - #12 transferring context: 2B 0.0s done
[2025-09-24T08:46:37.294+0000] {subprocess.py:106} INFO - #12 DONE 0.0s
[2025-09-24T08:46:37.295+0000] {subprocess.py:106} INFO - 
[2025-09-24T08:46:37.297+0000] {subprocess.py:106} INFO - #13 [api internal] load build context
[2025-09-24T08:46:37.299+0000] {subprocess.py:106} INFO - #13 transferring context: 64B done
[2025-09-24T08:46:37.301+0000] {subprocess.py:106} INFO - #13 DONE 0.0s
[2025-09-24T08:46:37.304+0000] {subprocess.py:106} INFO - 
[2025-09-24T08:46:37.305+0000] {subprocess.py:106} INFO - #14 [api 1/5] FROM docker.io/library/python:3.10-slim@sha256:f8081b61393cc16b2339d377bb523a5646cdd28fc6105612b3893c405d27f730
[2025-09-24T08:46:37.306+0000] {subprocess.py:106} INFO - #14 resolve docker.io/library/python:3.10-slim@sha256:f8081b61393cc16b2339d377bb523a5646cdd28fc6105612b3893c405d27f730 0.0s done
[2025-09-24T08:46:37.306+0000] {subprocess.py:106} INFO - #14 DONE 0.0s
[2025-09-24T08:46:37.310+0000] {subprocess.py:106} INFO - 
[2025-09-24T08:46:37.311+0000] {subprocess.py:106} INFO - #15 [api 4/5] RUN pip install --no-cache-dir -r requirements.txt
[2025-09-24T08:46:37.312+0000] {subprocess.py:106} INFO - #15 CACHED
[2025-09-24T08:46:37.314+0000] {subprocess.py:106} INFO - 
[2025-09-24T08:46:37.316+0000] {subprocess.py:106} INFO - #16 [api 2/5] WORKDIR /app
[2025-09-24T08:46:37.319+0000] {subprocess.py:106} INFO - #16 CACHED
[2025-09-24T08:46:37.323+0000] {subprocess.py:106} INFO - 
[2025-09-24T08:46:37.325+0000] {subprocess.py:106} INFO - #17 [api 3/5] COPY requirements.txt .
[2025-09-24T08:46:37.327+0000] {subprocess.py:106} INFO - #17 CACHED
[2025-09-24T08:46:37.329+0000] {subprocess.py:106} INFO - 
[2025-09-24T08:46:37.330+0000] {subprocess.py:106} INFO - #18 [api 5/5] COPY main.py .
[2025-09-24T08:46:37.331+0000] {subprocess.py:106} INFO - #18 CACHED
[2025-09-24T08:46:37.332+0000] {subprocess.py:106} INFO - 
[2025-09-24T08:46:37.333+0000] {subprocess.py:106} INFO - #19 [api] exporting to image
[2025-09-24T08:46:37.335+0000] {subprocess.py:106} INFO - #19 exporting layers done
[2025-09-24T08:46:37.397+0000] {subprocess.py:106} INFO - #19 exporting manifest sha256:1181bbbf188104c9b72cb7a4b2576a16324961a8a400b6cbb89476beb8892567 done
[2025-09-24T08:46:37.399+0000] {subprocess.py:106} INFO - #19 exporting config sha256:6aba02f92f2678889022da532e9cdcd4a3e3d2d98ebb364e58680ff23fa3269b done
[2025-09-24T08:46:37.400+0000] {subprocess.py:106} INFO - #19 exporting attestation manifest sha256:a20ce4b0c51cc1fb9a24111c62ba041395a2bca84ceddd90f547723ebea9e329 0.0s done
[2025-09-24T08:46:37.402+0000] {subprocess.py:106} INFO - #19 exporting manifest list sha256:a10eb57e89d11e82841c7c37d1176b7cc57cb802e741a1a237f0da6ce9055ba8 0.0s done
[2025-09-24T08:46:37.403+0000] {subprocess.py:106} INFO - #19 naming to docker.io/library/wine-api:latest done
[2025-09-24T08:46:37.404+0000] {subprocess.py:106} INFO - #19 unpacking to docker.io/library/wine-api:latest 0.0s done
[2025-09-24T08:46:37.549+0000] {subprocess.py:106} INFO - #19 DONE 0.2s
[2025-09-24T08:46:37.550+0000] {subprocess.py:106} INFO - 
[2025-09-24T08:46:37.552+0000] {subprocess.py:106} INFO - #20 [***-init] resolving provenance for metadata file
[2025-09-24T08:46:37.717+0000] {subprocess.py:106} INFO - #20 DONE 0.0s
[2025-09-24T08:46:37.723+0000] {subprocess.py:106} INFO - 
[2025-09-24T08:46:37.729+0000] {subprocess.py:106} INFO - #21 [api] resolving provenance for metadata file
[2025-09-24T08:46:37.732+0000] {subprocess.py:106} INFO - #21 DONE 0.0s
[2025-09-24T08:46:37.828+0000] {subprocess.py:106} INFO - 
[2025-09-24T08:46:37.830+0000] {subprocess.py:106} INFO - #22 [***-scheduler internal] load build definition from Dockerfile
[2025-09-24T08:46:37.831+0000] {subprocess.py:106} INFO - #22 transferring dockerfile: 386B 0.0s done
[2025-09-24T08:46:37.832+0000] {subprocess.py:106} INFO - #22 DONE 0.1s
[2025-09-24T08:46:37.834+0000] {subprocess.py:106} INFO - 
[2025-09-24T08:46:37.836+0000] {subprocess.py:106} INFO - #23 [app internal] load build definition from Dockerfile
[2025-09-24T08:46:37.837+0000] {subprocess.py:106} INFO - #23 transferring dockerfile: 232B 0.0s done
[2025-09-24T08:46:37.839+0000] {subprocess.py:106} INFO - #23 DONE 0.1s
[2025-09-24T08:46:37.841+0000] {subprocess.py:106} INFO - 
[2025-09-24T08:46:37.843+0000] {subprocess.py:106} INFO - #24 [***-webserver internal] load build definition from Dockerfile
[2025-09-24T08:46:37.846+0000] {subprocess.py:106} INFO - #24 transferring dockerfile: 386B 0.0s done
[2025-09-24T08:46:37.847+0000] {subprocess.py:106} INFO - #24 DONE 0.1s
[2025-09-24T08:46:37.848+0000] {subprocess.py:106} INFO - 
[2025-09-24T08:46:37.849+0000] {subprocess.py:106} INFO - #3 [***-webserver internal] load metadata for docker.io/apache/***:2.10.2-python3.11
[2025-09-24T08:46:37.945+0000] {subprocess.py:106} INFO - #3 DONE 0.1s
[2025-09-24T08:46:37.946+0000] {subprocess.py:106} INFO - 
[2025-09-24T08:46:37.947+0000] {subprocess.py:106} INFO - #25 [***-scheduler internal] load .dockerignore
[2025-09-24T08:46:37.948+0000] {subprocess.py:106} INFO - #25 transferring context: 2B 0.0s done
[2025-09-24T08:46:37.950+0000] {subprocess.py:106} INFO - #25 DONE 0.0s
[2025-09-24T08:46:37.952+0000] {subprocess.py:106} INFO - 
[2025-09-24T08:46:37.955+0000] {subprocess.py:106} INFO - #26 [***-webserver internal] load .dockerignore
[2025-09-24T08:46:37.957+0000] {subprocess.py:106} INFO - #26 transferring context: 2B 0.0s done
[2025-09-24T08:46:37.959+0000] {subprocess.py:106} INFO - #26 DONE 0.0s
[2025-09-24T08:46:37.963+0000] {subprocess.py:106} INFO - 
[2025-09-24T08:46:37.964+0000] {subprocess.py:106} INFO - #27 [***-webserver internal] load build context
[2025-09-24T08:46:37.975+0000] {subprocess.py:106} INFO - #27 DONE 0.0s
[2025-09-24T08:46:37.978+0000] {subprocess.py:106} INFO - 
[2025-09-24T08:46:37.980+0000] {subprocess.py:106} INFO - #6 [***-webserver 1/4] FROM docker.io/apache/***:2.10.2-python3.11@sha256:7c68d8ac3cf1b2c69eeb91da64c1578dc8376d33abf34267bf6e547d071cae39
[2025-09-24T08:46:37.981+0000] {subprocess.py:106} INFO - #6 resolve docker.io/apache/***:2.10.2-python3.11@sha256:7c68d8ac3cf1b2c69eeb91da64c1578dc8376d33abf34267bf6e547d071cae39 0.0s done
[2025-09-24T08:46:37.982+0000] {subprocess.py:106} INFO - #6 DONE 0.1s
[2025-09-24T08:46:37.983+0000] {subprocess.py:106} INFO - 
[2025-09-24T08:46:37.987+0000] {subprocess.py:106} INFO - #28 [***-scheduler internal] load build context
[2025-09-24T08:46:38.195+0000] {subprocess.py:106} INFO - #28 transferring context: 37B done
[2025-09-24T08:46:38.198+0000] {subprocess.py:106} INFO - #28 DONE 0.0s
[2025-09-24T08:46:38.200+0000] {subprocess.py:106} INFO - 
[2025-09-24T08:46:38.202+0000] {subprocess.py:106} INFO - #27 [***-webserver internal] load build context
[2025-09-24T08:46:38.203+0000] {subprocess.py:106} INFO - #27 transferring context: 37B 0.0s done
[2025-09-24T08:46:38.204+0000] {subprocess.py:106} INFO - #27 DONE 0.0s
[2025-09-24T08:46:38.205+0000] {subprocess.py:106} INFO - 
[2025-09-24T08:46:38.206+0000] {subprocess.py:106} INFO - #7 [app internal] load metadata for docker.io/library/python:3.10-slim
[2025-09-24T08:46:38.208+0000] {subprocess.py:106} INFO - #7 DONE 1.0s
[2025-09-24T08:46:38.229+0000] {subprocess.py:106} INFO - 
[2025-09-24T08:46:38.230+0000] {subprocess.py:106} INFO - #29 [***-scheduler 3/4] RUN pip install --no-cache-dir -r requirements.txt
[2025-09-24T08:46:38.231+0000] {subprocess.py:106} INFO - #29 CACHED
[2025-09-24T08:46:38.233+0000] {subprocess.py:106} INFO - 
[2025-09-24T08:46:38.235+0000] {subprocess.py:106} INFO - #30 [***-scheduler 2/4] COPY requirements.txt .
[2025-09-24T08:46:38.236+0000] {subprocess.py:106} INFO - #30 CACHED
[2025-09-24T08:46:38.237+0000] {subprocess.py:106} INFO - 
[2025-09-24T08:46:38.238+0000] {subprocess.py:106} INFO - #31 [***-scheduler 4/4] RUN apt-get update && apt-get install -y docker.io docker-compose-plugin && rm -rf /var/lib/apt/lists/*
[2025-09-24T08:46:38.330+0000] {subprocess.py:106} INFO - #31 CACHED
[2025-09-24T08:46:38.331+0000] {subprocess.py:106} INFO - 
[2025-09-24T08:46:38.332+0000] {subprocess.py:106} INFO - #32 [app internal] load .dockerignore
[2025-09-24T08:46:38.333+0000] {subprocess.py:106} INFO - #32 transferring context: 2B done
[2025-09-24T08:46:38.334+0000] {subprocess.py:106} INFO - #32 DONE 0.0s
[2025-09-24T08:46:38.335+0000] {subprocess.py:106} INFO - 
[2025-09-24T08:46:38.337+0000] {subprocess.py:106} INFO - #33 [app internal] load build context
[2025-09-24T08:46:38.338+0000] {subprocess.py:106} INFO - #33 transferring context: 63B done
[2025-09-24T08:46:38.436+0000] {subprocess.py:106} INFO - #33 DONE 0.0s
[2025-09-24T08:46:38.437+0000] {subprocess.py:106} INFO - 
[2025-09-24T08:46:38.438+0000] {subprocess.py:106} INFO - #14 [app 1/5] FROM docker.io/library/python:3.10-slim@sha256:f8081b61393cc16b2339d377bb523a5646cdd28fc6105612b3893c405d27f730
[2025-09-24T08:46:38.438+0000] {subprocess.py:106} INFO - #14 resolve docker.io/library/python:3.10-slim@sha256:f8081b61393cc16b2339d377bb523a5646cdd28fc6105612b3893c405d27f730 0.0s done
[2025-09-24T08:46:38.439+0000] {subprocess.py:106} INFO - #14 DONE 0.1s
[2025-09-24T08:46:38.440+0000] {subprocess.py:106} INFO - 
[2025-09-24T08:46:38.440+0000] {subprocess.py:106} INFO - #34 [app 4/5] RUN pip install --no-cache-dir -r requirements.txt
[2025-09-24T08:46:38.441+0000] {subprocess.py:106} INFO - #34 CACHED
[2025-09-24T08:46:38.442+0000] {subprocess.py:106} INFO - 
[2025-09-24T08:46:38.442+0000] {subprocess.py:106} INFO - #35 [app 3/5] COPY requirements.txt .
[2025-09-24T08:46:38.443+0000] {subprocess.py:106} INFO - #35 CACHED
[2025-09-24T08:46:38.445+0000] {subprocess.py:106} INFO - 
[2025-09-24T08:46:38.447+0000] {subprocess.py:106} INFO - #16 [app 2/5] WORKDIR /app
[2025-09-24T08:46:38.448+0000] {subprocess.py:106} INFO - #16 CACHED
[2025-09-24T08:46:38.448+0000] {subprocess.py:106} INFO - 
[2025-09-24T08:46:38.449+0000] {subprocess.py:106} INFO - #36 [app 5/5] COPY app.py .
[2025-09-24T08:46:38.449+0000] {subprocess.py:106} INFO - #36 CACHED
[2025-09-24T08:46:38.450+0000] {subprocess.py:106} INFO - 
[2025-09-24T08:46:38.451+0000] {subprocess.py:106} INFO - #37 [app] exporting to image
[2025-09-24T08:46:38.451+0000] {subprocess.py:106} INFO - #37 exporting layers done
[2025-09-24T08:46:38.452+0000] {subprocess.py:106} INFO - #37 exporting manifest sha256:ed39c8a1281e8641f8221aa358161ed4a853cfca766b2391723ef213149408a1 0.0s done
[2025-09-24T08:46:38.453+0000] {subprocess.py:106} INFO - #37 exporting config sha256:6f0abffb2ffefdf85f78ba18149c8f66629e2f426c54fc38cab1a328af33f1f1 done
[2025-09-24T08:46:38.574+0000] {subprocess.py:106} INFO - #37 exporting attestation manifest sha256:315883e923f1fc152a75cc2c77b2cf5bed8b55ced0ee576e91a1a00e5d0cb87e 0.0s done
[2025-09-24T08:46:38.575+0000] {subprocess.py:106} INFO - #37 exporting manifest list sha256:e58e0560ea3154c08c056cae2dd59bb3ccb81894c33a0f680aec1c3c98643b8e 0.0s done
[2025-09-24T08:46:38.576+0000] {subprocess.py:106} INFO - #37 naming to docker.io/library/wine-app:latest done
[2025-09-24T08:46:38.577+0000] {subprocess.py:106} INFO - #37 unpacking to docker.io/library/wine-app:latest 0.0s done
[2025-09-24T08:46:38.578+0000] {subprocess.py:106} INFO - #37 DONE 0.2s
[2025-09-24T08:46:38.579+0000] {subprocess.py:106} INFO - 
[2025-09-24T08:46:38.580+0000] {subprocess.py:106} INFO - #38 [***-scheduler] exporting to image
[2025-09-24T08:46:38.580+0000] {subprocess.py:106} INFO - #38 exporting layers 0.0s done
[2025-09-24T08:46:38.583+0000] {subprocess.py:106} INFO - #38 exporting manifest sha256:d220193b669c4746d9fd0f51fa9291f767e76d2a37d165b1f82ad809a6cd4f8b done
[2025-09-24T08:46:38.583+0000] {subprocess.py:106} INFO - #38 exporting config sha256:1f688f34aff1aeaf0b0a029fc3d07fe82acf01946ecec928a9682d8cdc1f5c2e done
[2025-09-24T08:46:38.585+0000] {subprocess.py:106} INFO - #38 exporting attestation manifest sha256:46f336e68fdc299d9a0b43f0c5d697ec1fa144b157f4b8e1f1a8720f1152ef0f 0.0s done
[2025-09-24T08:46:38.586+0000] {subprocess.py:106} INFO - #38 exporting manifest list sha256:b58fce0c972f3a8e3e45c8be1454b89e97b2eba6220c337d274836277419d58e 0.0s done
[2025-09-24T08:46:38.589+0000] {subprocess.py:106} INFO - #38 naming to docker.io/library/wine-***-scheduler:latest done
[2025-09-24T08:46:38.590+0000] {subprocess.py:106} INFO - #38 unpacking to docker.io/library/wine-***-scheduler:latest 0.1s done
[2025-09-24T08:46:38.883+0000] {subprocess.py:106} INFO - #38 DONE 0.4s
[2025-09-24T08:46:38.887+0000] {subprocess.py:106} INFO - 
[2025-09-24T08:46:38.888+0000] {subprocess.py:106} INFO - #39 [app] resolving provenance for metadata file
[2025-09-24T08:46:38.894+0000] {subprocess.py:106} INFO - #39 DONE 0.0s
[2025-09-24T08:46:38.895+0000] {subprocess.py:106} INFO - 
[2025-09-24T08:46:38.896+0000] {subprocess.py:106} INFO - #40 [***-webserver] exporting to image
[2025-09-24T08:46:38.897+0000] {subprocess.py:106} INFO - #40 exporting layers 0.1s done
[2025-09-24T08:46:38.898+0000] {subprocess.py:106} INFO - #40 exporting manifest sha256:bad0bf9a8db32890ad8045476cfefd1bc14f143acdf22ef5c6d56595a7f3353a done
[2025-09-24T08:46:38.899+0000] {subprocess.py:106} INFO - #40 exporting config sha256:8214e94519fa00a221aedab120bea13f65720b04bb6d2b0d36b8230bc067a18e done
[2025-09-24T08:46:38.901+0000] {subprocess.py:106} INFO - #40 exporting attestation manifest sha256:a1ce33280e4eee3c4e0c479d283624d0d0661c78e8ddefc4223899ae86b6abf4 0.0s done
[2025-09-24T08:46:38.902+0000] {subprocess.py:106} INFO - #40 exporting manifest list sha256:e055c4423bdbb27e0bfa9a7571b8cf1176aca7aabefa0f8d428ec052a43f3c18 0.0s done
[2025-09-24T08:46:38.904+0000] {subprocess.py:106} INFO - #40 naming to docker.io/library/wine-***-webserver:latest done
[2025-09-24T08:46:38.905+0000] {subprocess.py:106} INFO - #40 unpacking to docker.io/library/wine-***-webserver:latest 0.1s done
[2025-09-24T08:46:38.906+0000] {subprocess.py:106} INFO - #40 DONE 0.4s
[2025-09-24T08:46:39.291+0000] {subprocess.py:106} INFO - 
[2025-09-24T08:46:39.293+0000] {subprocess.py:106} INFO - #41 [***-scheduler] resolving provenance for metadata file
[2025-09-24T08:46:39.365+0000] {subprocess.py:106} INFO - #41 DONE 0.1s
[2025-09-24T08:46:39.367+0000] {subprocess.py:106} INFO - 
[2025-09-24T08:46:39.370+0000] {subprocess.py:106} INFO - #42 [***-webserver] resolving provenance for metadata file
[2025-09-24T08:46:39.372+0000] {subprocess.py:106} INFO - #42 DONE 0.0s
[2025-09-24T08:46:39.374+0000] {subprocess.py:106} INFO -  ***-init  Built
[2025-09-24T08:46:39.376+0000] {subprocess.py:106} INFO -  ***-scheduler  Built
[2025-09-24T08:46:39.377+0000] {subprocess.py:106} INFO -  ***-webserver  Built
[2025-09-24T08:46:39.381+0000] {subprocess.py:106} INFO -  api  Built
[2025-09-24T08:46:39.387+0000] {subprocess.py:106} INFO -  app  Built
[2025-09-24T08:46:39.474+0000] {subprocess.py:106} INFO -  Container wine-api-1  Recreate
[2025-09-24T08:46:39.474+0000] {subprocess.py:106} INFO -  Container wine-postgres-1  Running
[2025-09-24T08:46:39.475+0000] {subprocess.py:106} INFO -  Container wine-***-init-1  Recreate
[2025-09-24T08:46:39.709+0000] {subprocess.py:106} INFO -  Container wine-api-1  Recreated
[2025-09-24T08:46:39.715+0000] {subprocess.py:106} INFO -  Container wine-app-1  Recreate
[2025-09-24T08:46:40.079+0000] {subprocess.py:106} INFO -  Container wine-app-1  Recreated
[2025-09-24T08:46:41.310+0000] {subprocess.py:106} INFO -  Container wine-***-init-1  Recreated
[2025-09-24T08:46:41.325+0000] {subprocess.py:106} INFO -  Container wine-***-webserver-1  Recreate
[2025-09-24T08:46:41.330+0000] {subprocess.py:106} INFO -  Container wine-***-scheduler-1  Recreate
[2025-09-24T08:46:43.659+0000] {subprocess.py:106} INFO -  Container wine-***-webserver-1  Recreated
[2025-09-24T08:46:43.712+0000] {subprocess.py:106} INFO -  Container wine-***-scheduler-1  Recreated
[2025-09-24T08:46:43.995+0000] {subprocess.py:106} INFO -  Container wine-api-1  Starting
[2025-09-24T08:46:43.998+0000] {subprocess.py:106} INFO -  Container wine-postgres-1  Waiting
[2025-09-24T08:46:44.504+0000] {subprocess.py:106} INFO -  Container wine-postgres-1  Healthy
[2025-09-24T08:46:44.505+0000] {subprocess.py:106} INFO -  Container wine-***-init-1  Starting
[2025-09-24T08:46:44.515+0000] {subprocess.py:106} INFO - Error response from daemon: mounts denied:
[2025-09-24T08:46:44.520+0000] {subprocess.py:106} INFO - The path /opt/***/models is not shared from the host and is not known to Docker.
[2025-09-24T08:46:44.523+0000] {subprocess.py:106} INFO - You can configure shared paths from Docker -> Preferences... -> Resources -> File Sharing.
[2025-09-24T08:46:44.524+0000] {subprocess.py:106} INFO - See https://docs.docker.com/go/mac-file-sharing/ for more info.
[2025-09-24T08:46:44.527+0000] {subprocess.py:110} INFO - Command exited with return code 1
[2025-09-24T08:46:44.559+0000] {taskinstance.py:3310} ERROR - Task failed with exception
Traceback (most recent call last):
  File "/home/airflow/.local/lib/python3.11/site-packages/airflow/models/taskinstance.py", line 767, in _execute_task
    result = _execute_callable(context=context, **execute_callable_kwargs)
             ^^^^^^^^^^^^^^^^^^^^^^^^^^^^^^^^^^^^^^^^^^^^^^^^^^^^^^^^^^^^^
  File "/home/airflow/.local/lib/python3.11/site-packages/airflow/models/taskinstance.py", line 733, in _execute_callable
    return ExecutionCallableRunner(
           ^^^^^^^^^^^^^^^^^^^^^^^^
  File "/home/airflow/.local/lib/python3.11/site-packages/airflow/utils/operator_helpers.py", line 252, in run
    return self.func(*args, **kwargs)
           ^^^^^^^^^^^^^^^^^^^^^^^^^^
  File "/home/airflow/.local/lib/python3.11/site-packages/airflow/models/baseoperator.py", line 406, in wrapper
    return func(self, *args, **kwargs)
           ^^^^^^^^^^^^^^^^^^^^^^^^^^^
  File "/home/airflow/.local/lib/python3.11/site-packages/airflow/providers/standard/operators/bash.py", line 232, in execute
    raise AirflowException(
airflow.exceptions.AirflowException: Bash command failed. The command returned a non-zero exit code 1.
[2025-09-24T08:46:44.575+0000] {taskinstance.py:1225} INFO - Marking task as UP_FOR_RETRY. dag_id=wine_pipeline, task_id=stage3_deploy_compose, run_id=scheduled__2025-09-24T08:40:00+00:00, execution_date=20250924T084000, start_date=20250924T084635, end_date=20250924T084644
[2025-09-24T08:46:44.623+0000] {taskinstance.py:340} INFO - ::group::Post task execution logs
[2025-09-24T08:46:44.625+0000] {standard_task_runner.py:124} ERROR - Failed to execute job 21 for task stage3_deploy_compose (Bash command failed. The command returned a non-zero exit code 1.; 1681)
Traceback (most recent call last):
  File "/home/airflow/.local/lib/python3.11/site-packages/airflow/task/task_runner/standard_task_runner.py", line 117, in _start_by_fork
    ret = args.func(args, dag=self.dag)
          ^^^^^^^^^^^^^^^^^^^^^^^^^^^^^
  File "/home/airflow/.local/lib/python3.11/site-packages/airflow/cli/cli_config.py", line 49, in command
    return func(*args, **kwargs)
           ^^^^^^^^^^^^^^^^^^^^^
  File "/home/airflow/.local/lib/python3.11/site-packages/airflow/utils/cli.py", line 115, in wrapper
    return f(*args, **kwargs)
           ^^^^^^^^^^^^^^^^^^
  File "/home/airflow/.local/lib/python3.11/site-packages/airflow/cli/commands/task_command.py", line 483, in task_run
    task_return_code = _run_task_by_selected_method(args, _dag, ti)
                       ^^^^^^^^^^^^^^^^^^^^^^^^^^^^^^^^^^^^^^^^^^^^
  File "/home/airflow/.local/lib/python3.11/site-packages/airflow/cli/commands/task_command.py", line 256, in _run_task_by_selected_method
    return _run_raw_task(args, ti)
           ^^^^^^^^^^^^^^^^^^^^^^^
  File "/home/airflow/.local/lib/python3.11/site-packages/airflow/cli/commands/task_command.py", line 341, in _run_raw_task
    return ti._run_raw_task(
           ^^^^^^^^^^^^^^^^^
  File "/home/airflow/.local/lib/python3.11/site-packages/airflow/utils/session.py", line 97, in wrapper
    return func(*args, session=session, **kwargs)
           ^^^^^^^^^^^^^^^^^^^^^^^^^^^^^^^^^^^^^^
  File "/home/airflow/.local/lib/python3.11/site-packages/airflow/models/taskinstance.py", line 3004, in _run_raw_task
    return _run_raw_task(
           ^^^^^^^^^^^^^^
  File "/home/airflow/.local/lib/python3.11/site-packages/airflow/models/taskinstance.py", line 273, in _run_raw_task
    TaskInstance._execute_task_with_callbacks(
  File "/home/airflow/.local/lib/python3.11/site-packages/airflow/models/taskinstance.py", line 3158, in _execute_task_with_callbacks
    result = self._execute_task(context, task_orig)
             ^^^^^^^^^^^^^^^^^^^^^^^^^^^^^^^^^^^^^^
  File "/home/airflow/.local/lib/python3.11/site-packages/airflow/models/taskinstance.py", line 3182, in _execute_task
    return _execute_task(self, context, task_orig)
           ^^^^^^^^^^^^^^^^^^^^^^^^^^^^^^^^^^^^^^^
  File "/home/airflow/.local/lib/python3.11/site-packages/airflow/models/taskinstance.py", line 767, in _execute_task
    result = _execute_callable(context=context, **execute_callable_kwargs)
             ^^^^^^^^^^^^^^^^^^^^^^^^^^^^^^^^^^^^^^^^^^^^^^^^^^^^^^^^^^^^^
  File "/home/airflow/.local/lib/python3.11/site-packages/airflow/models/taskinstance.py", line 733, in _execute_callable
    return ExecutionCallableRunner(
           ^^^^^^^^^^^^^^^^^^^^^^^^
  File "/home/airflow/.local/lib/python3.11/site-packages/airflow/utils/operator_helpers.py", line 252, in run
    return self.func(*args, **kwargs)
           ^^^^^^^^^^^^^^^^^^^^^^^^^^
  File "/home/airflow/.local/lib/python3.11/site-packages/airflow/models/baseoperator.py", line 406, in wrapper
    return func(self, *args, **kwargs)
           ^^^^^^^^^^^^^^^^^^^^^^^^^^^
  File "/home/airflow/.local/lib/python3.11/site-packages/airflow/providers/standard/operators/bash.py", line 232, in execute
    raise AirflowException(
airflow.exceptions.AirflowException: Bash command failed. The command returned a non-zero exit code 1.
[2025-09-24T08:46:44.684+0000] {local_task_job_runner.py:266} INFO - Task exited with return code 1
[2025-09-24T08:46:44.720+0000] {taskinstance.py:3900} INFO - 0 downstream tasks scheduled from follow-on schedule check
[2025-09-24T08:46:44.725+0000] {local_task_job_runner.py:245} INFO - ::endgroup::
