[2025-09-24T08:47:46.975+0000] {local_task_job_runner.py:123} INFO - ::group::Pre task execution logs
[2025-09-24T08:47:46.999+0000] {taskinstance.py:2612} INFO - Dependencies all met for dep_context=non-requeueable deps ti=<TaskInstance: wine_pipeline.stage3_deploy_compose scheduled__2025-09-24T08:40:00+00:00 [queued]>
[2025-09-24T08:47:47.013+0000] {taskinstance.py:2612} INFO - Dependencies all met for dep_context=requeueable deps ti=<TaskInstance: wine_pipeline.stage3_deploy_compose scheduled__2025-09-24T08:40:00+00:00 [queued]>
[2025-09-24T08:47:47.014+0000] {taskinstance.py:2865} INFO - Starting attempt 3 of 4
[2025-09-24T08:47:47.035+0000] {taskinstance.py:2888} INFO - Executing <Task(BashOperator): stage3_deploy_compose> on 2025-09-24 08:40:00+00:00
[2025-09-24T08:47:47.046+0000] {standard_task_runner.py:72} INFO - Started process 1789 to run task
[2025-09-24T08:47:47.051+0000] {standard_task_runner.py:104} INFO - Running: ['***', 'tasks', 'run', 'wine_pipeline', 'stage3_deploy_compose', 'scheduled__2025-09-24T08:40:00+00:00', '--job-id', '22', '--raw', '--subdir', 'DAGS_FOLDER/wine_pipeline.py', '--cfg-path', '/tmp/tmpg8htshzi']
[2025-09-24T08:47:47.057+0000] {standard_task_runner.py:105} INFO - Job 22: Subtask stage3_deploy_compose
[2025-09-24T08:47:47.166+0000] {task_command.py:467} INFO - Running <TaskInstance: wine_pipeline.stage3_deploy_compose scheduled__2025-09-24T08:40:00+00:00 [running]> on host 995626deecfe
[2025-09-24T08:47:47.277+0000] {taskinstance.py:3131} INFO - Exporting env vars: AIRFLOW_CTX_DAG_OWNER='***' AIRFLOW_CTX_DAG_ID='wine_pipeline' AIRFLOW_CTX_TASK_ID='stage3_deploy_compose' AIRFLOW_CTX_EXECUTION_DATE='2025-09-24T08:40:00+00:00' AIRFLOW_CTX_TRY_NUMBER='3' AIRFLOW_CTX_DAG_RUN_ID='scheduled__2025-09-24T08:40:00+00:00'
[2025-09-24T08:47:47.279+0000] {taskinstance.py:731} INFO - ::endgroup::
[2025-09-24T08:47:47.295+0000] {subprocess.py:78} INFO - Tmp dir root location: /tmp
[2025-09-24T08:47:47.296+0000] {subprocess.py:88} INFO - Running command: ['/usr/bin/bash', '-c', 'docker compose -f /opt/***/code/deployment/docker-compose.yml up -d --build']
[2025-09-24T08:47:47.310+0000] {subprocess.py:99} INFO - Output:
[2025-09-24T08:47:47.449+0000] {subprocess.py:106} INFO - time="2025-09-24T08:47:47Z" level=warning msg="/opt/***/code/deployment/docker-compose.yml: the attribute `version` is obsolete, it will be ignored, please remove it to avoid potential confusion"
[2025-09-24T08:47:47.586+0000] {subprocess.py:106} INFO - time="2025-09-24T08:47:47Z" level=warning msg="Docker Compose is configured to build using Bake, but buildx isn't installed"
[2025-09-24T08:47:47.830+0000] {subprocess.py:106} INFO - #0 building with "default" instance using docker driver
[2025-09-24T08:47:47.832+0000] {subprocess.py:106} INFO - 
[2025-09-24T08:47:47.834+0000] {subprocess.py:106} INFO - #1 [api internal] load build definition from Dockerfile
[2025-09-24T08:47:47.836+0000] {subprocess.py:106} INFO - #1 transferring dockerfile: 264B 0.0s done
[2025-09-24T08:47:47.837+0000] {subprocess.py:106} INFO - #1 DONE 0.0s
[2025-09-24T08:47:47.838+0000] {subprocess.py:106} INFO - 
[2025-09-24T08:47:47.839+0000] {subprocess.py:106} INFO - #2 [***-init internal] load build definition from Dockerfile
[2025-09-24T08:47:47.840+0000] {subprocess.py:106} INFO - #2 transferring dockerfile: 386B 0.0s done
[2025-09-24T08:47:47.841+0000] {subprocess.py:106} INFO - #2 DONE 0.0s
[2025-09-24T08:47:47.842+0000] {subprocess.py:106} INFO - 
[2025-09-24T08:47:47.843+0000] {subprocess.py:106} INFO - #3 [***-init internal] load metadata for docker.io/apache/***:2.10.2-python3.11
[2025-09-24T08:47:47.843+0000] {subprocess.py:106} INFO - #3 DONE 0.0s
[2025-09-24T08:47:47.844+0000] {subprocess.py:106} INFO - 
[2025-09-24T08:47:47.845+0000] {subprocess.py:106} INFO - #4 [***-init internal] load .dockerignore
[2025-09-24T08:47:47.845+0000] {subprocess.py:106} INFO - #4 transferring context: 2B done
[2025-09-24T08:47:47.846+0000] {subprocess.py:106} INFO - #4 DONE 0.0s
[2025-09-24T08:47:47.846+0000] {subprocess.py:106} INFO - 
[2025-09-24T08:47:47.847+0000] {subprocess.py:106} INFO - #5 [***-init internal] load build context
[2025-09-24T08:47:47.848+0000] {subprocess.py:106} INFO - #5 DONE 0.0s
[2025-09-24T08:47:47.849+0000] {subprocess.py:106} INFO - 
[2025-09-24T08:47:47.849+0000] {subprocess.py:106} INFO - #6 [***-init 1/4] FROM docker.io/apache/***:2.10.2-python3.11@sha256:7c68d8ac3cf1b2c69eeb91da64c1578dc8376d33abf34267bf6e547d071cae39
[2025-09-24T08:47:47.850+0000] {subprocess.py:106} INFO - #6 resolve docker.io/apache/***:2.10.2-python3.11@sha256:7c68d8ac3cf1b2c69eeb91da64c1578dc8376d33abf34267bf6e547d071cae39
[2025-09-24T08:47:47.967+0000] {subprocess.py:106} INFO - #6 resolve docker.io/apache/***:2.10.2-python3.11@sha256:7c68d8ac3cf1b2c69eeb91da64c1578dc8376d33abf34267bf6e547d071cae39 0.0s done
[2025-09-24T08:47:47.969+0000] {subprocess.py:106} INFO - #6 DONE 0.0s
[2025-09-24T08:47:47.971+0000] {subprocess.py:106} INFO - 
[2025-09-24T08:47:47.972+0000] {subprocess.py:106} INFO - #5 [***-init internal] load build context
[2025-09-24T08:47:47.973+0000] {subprocess.py:106} INFO - #5 transferring context: 37B 0.0s done
[2025-09-24T08:47:47.974+0000] {subprocess.py:106} INFO - #5 DONE 0.0s
[2025-09-24T08:47:47.975+0000] {subprocess.py:106} INFO - 
[2025-09-24T08:47:47.976+0000] {subprocess.py:106} INFO - #7 [***-init 2/4] COPY requirements.txt .
[2025-09-24T08:47:47.977+0000] {subprocess.py:106} INFO - #7 CACHED
[2025-09-24T08:47:47.978+0000] {subprocess.py:106} INFO - 
[2025-09-24T08:47:47.979+0000] {subprocess.py:106} INFO - #8 [***-init 3/4] RUN pip install --no-cache-dir -r requirements.txt
[2025-09-24T08:47:47.980+0000] {subprocess.py:106} INFO - #8 CACHED
[2025-09-24T08:47:47.981+0000] {subprocess.py:106} INFO - 
[2025-09-24T08:47:47.982+0000] {subprocess.py:106} INFO - #9 [***-init 4/4] RUN apt-get update && apt-get install -y docker.io docker-compose-plugin && rm -rf /var/lib/apt/lists/*
[2025-09-24T08:47:48.073+0000] {subprocess.py:106} INFO - #9 CACHED
[2025-09-24T08:47:48.074+0000] {subprocess.py:106} INFO - 
[2025-09-24T08:47:48.074+0000] {subprocess.py:106} INFO - #10 [***-init] exporting to image
[2025-09-24T08:47:48.075+0000] {subprocess.py:106} INFO - #10 exporting layers 0.0s done
[2025-09-24T08:47:48.076+0000] {subprocess.py:106} INFO - #10 exporting manifest sha256:3b6730eb1620bb781b42c0b6cc530ed634b0611b617e822aeaaa37bfabe012d2 done
[2025-09-24T08:47:48.076+0000] {subprocess.py:106} INFO - #10 exporting config sha256:c27e40ae84fb2db54ba8f998e6782c401c446e98e1b3f9e95cad4216e6d0e138 done
[2025-09-24T08:47:48.076+0000] {subprocess.py:106} INFO - #10 exporting attestation manifest sha256:211074ae5188a6389d91e7a06468dbf2e5be92ae5b43a9ec55ae58361843430d 0.0s done
[2025-09-24T08:47:48.077+0000] {subprocess.py:106} INFO - #10 exporting manifest list sha256:01e754b2ace4c843fcd279cc71713a59729ccf298d62f438d4cf3140d2cc27ad
[2025-09-24T08:47:48.265+0000] {subprocess.py:106} INFO - #10 exporting manifest list sha256:01e754b2ace4c843fcd279cc71713a59729ccf298d62f438d4cf3140d2cc27ad 0.0s done
[2025-09-24T08:47:48.267+0000] {subprocess.py:106} INFO - #10 naming to docker.io/library/wine-***-init:latest done
[2025-09-24T08:47:48.269+0000] {subprocess.py:106} INFO - #10 unpacking to docker.io/library/wine-***-init:latest 0.0s done
[2025-09-24T08:47:48.272+0000] {subprocess.py:106} INFO - #10 DONE 0.3s
[2025-09-24T08:47:48.273+0000] {subprocess.py:106} INFO - 
[2025-09-24T08:47:48.275+0000] {subprocess.py:106} INFO - #11 [api internal] load metadata for docker.io/library/python:3.10-slim
[2025-09-24T08:47:48.887+0000] {subprocess.py:106} INFO - #11 ...
[2025-09-24T08:47:48.916+0000] {subprocess.py:106} INFO - 
[2025-09-24T08:47:48.925+0000] {subprocess.py:106} INFO - #12 [***-init] resolving provenance for metadata file
[2025-09-24T08:47:48.930+0000] {subprocess.py:106} INFO - #12 DONE 0.0s
[2025-09-24T08:47:48.934+0000] {subprocess.py:106} INFO - 
[2025-09-24T08:47:48.937+0000] {subprocess.py:106} INFO - #11 [api internal] load metadata for docker.io/library/python:3.10-slim
[2025-09-24T08:47:49.049+0000] {subprocess.py:106} INFO - #11 ...
[2025-09-24T08:47:49.052+0000] {subprocess.py:106} INFO - 
[2025-09-24T08:47:49.054+0000] {subprocess.py:106} INFO - #13 [***-webserver internal] load build definition from Dockerfile
[2025-09-24T08:47:49.056+0000] {subprocess.py:106} INFO - #13 transferring dockerfile: 386B 0.0s done
[2025-09-24T08:47:49.058+0000] {subprocess.py:106} INFO - #13 DONE 0.1s
[2025-09-24T08:47:49.059+0000] {subprocess.py:106} INFO - 
[2025-09-24T08:47:49.068+0000] {subprocess.py:106} INFO - #14 [***-scheduler internal] load build definition from Dockerfile
[2025-09-24T08:47:49.071+0000] {subprocess.py:106} INFO - #14 transferring dockerfile: 386B 0.0s done
[2025-09-24T08:47:49.072+0000] {subprocess.py:106} INFO - #14 DONE 0.0s
[2025-09-24T08:47:49.162+0000] {subprocess.py:106} INFO - 
[2025-09-24T08:47:49.166+0000] {subprocess.py:106} INFO - #3 [***-scheduler internal] load metadata for docker.io/apache/***:2.10.2-python3.11
[2025-09-24T08:47:49.170+0000] {subprocess.py:106} INFO - #3 DONE 0.1s
[2025-09-24T08:47:49.172+0000] {subprocess.py:106} INFO - 
[2025-09-24T08:47:49.175+0000] {subprocess.py:106} INFO - #15 [***-webserver internal] load .dockerignore
[2025-09-24T08:47:49.180+0000] {subprocess.py:106} INFO - #15 transferring context: 2B 0.0s done
[2025-09-24T08:47:49.182+0000] {subprocess.py:106} INFO - #15 DONE 0.0s
[2025-09-24T08:47:49.184+0000] {subprocess.py:106} INFO - 
[2025-09-24T08:47:49.186+0000] {subprocess.py:106} INFO - #16 [***-scheduler internal] load .dockerignore
[2025-09-24T08:47:49.188+0000] {subprocess.py:106} INFO - #16 transferring context: 2B 0.0s done
[2025-09-24T08:47:49.190+0000] {subprocess.py:106} INFO - #16 DONE 0.0s
[2025-09-24T08:47:49.193+0000] {subprocess.py:106} INFO - 
[2025-09-24T08:47:49.195+0000] {subprocess.py:106} INFO - #17 [***-webserver internal] load build context
[2025-09-24T08:47:49.196+0000] {subprocess.py:106} INFO - #17 DONE 0.0s
[2025-09-24T08:47:49.198+0000] {subprocess.py:106} INFO - 
[2025-09-24T08:47:49.200+0000] {subprocess.py:106} INFO - #18 [***-scheduler internal] load build context
[2025-09-24T08:47:49.203+0000] {subprocess.py:106} INFO - #18 DONE 0.0s
[2025-09-24T08:47:49.205+0000] {subprocess.py:106} INFO - 
[2025-09-24T08:47:49.205+0000] {subprocess.py:106} INFO - #11 [api internal] load metadata for docker.io/library/python:3.10-slim
[2025-09-24T08:47:49.210+0000] {subprocess.py:106} INFO - #11 DONE 1.4s
[2025-09-24T08:47:49.214+0000] {subprocess.py:106} INFO - 
[2025-09-24T08:47:49.218+0000] {subprocess.py:106} INFO - #6 [***-scheduler 1/4] FROM docker.io/apache/***:2.10.2-python3.11@sha256:7c68d8ac3cf1b2c69eeb91da64c1578dc8376d33abf34267bf6e547d071cae39
[2025-09-24T08:47:49.264+0000] {subprocess.py:106} INFO - #6 resolve docker.io/apache/***:2.10.2-python3.11@sha256:7c68d8ac3cf1b2c69eeb91da64c1578dc8376d33abf34267bf6e547d071cae39 0.1s done
[2025-09-24T08:47:49.266+0000] {subprocess.py:106} INFO - #6 DONE 0.1s
[2025-09-24T08:47:49.268+0000] {subprocess.py:106} INFO - 
[2025-09-24T08:47:49.270+0000] {subprocess.py:106} INFO - #17 [***-webserver internal] load build context
[2025-09-24T08:47:49.274+0000] {subprocess.py:106} INFO - #17 transferring context: 37B 0.0s done
[2025-09-24T08:47:49.276+0000] {subprocess.py:106} INFO - #17 DONE 0.0s
[2025-09-24T08:47:49.277+0000] {subprocess.py:106} INFO - 
[2025-09-24T08:47:49.281+0000] {subprocess.py:106} INFO - #19 [api internal] load .dockerignore
[2025-09-24T08:47:49.282+0000] {subprocess.py:106} INFO - #19 transferring context: 2B 0.0s done
[2025-09-24T08:47:49.284+0000] {subprocess.py:106} INFO - #19 DONE 0.1s
[2025-09-24T08:47:49.288+0000] {subprocess.py:106} INFO - 
[2025-09-24T08:47:49.290+0000] {subprocess.py:106} INFO - #20 [api internal] load build context
[2025-09-24T08:47:49.291+0000] {subprocess.py:106} INFO - #20 transferring context: 64B 0.0s done
[2025-09-24T08:47:49.412+0000] {subprocess.py:106} INFO - #20 DONE 0.1s
[2025-09-24T08:47:49.413+0000] {subprocess.py:106} INFO - 
[2025-09-24T08:47:49.414+0000] {subprocess.py:106} INFO - #18 [***-scheduler internal] load build context
[2025-09-24T08:47:49.415+0000] {subprocess.py:106} INFO - #18 transferring context: 37B 0.0s done
[2025-09-24T08:47:49.416+0000] {subprocess.py:106} INFO - #18 DONE 0.1s
[2025-09-24T08:47:49.417+0000] {subprocess.py:106} INFO - 
[2025-09-24T08:47:49.418+0000] {subprocess.py:106} INFO - #21 [api 1/5] FROM docker.io/library/python:3.10-slim@sha256:f8081b61393cc16b2339d377bb523a5646cdd28fc6105612b3893c405d27f730
[2025-09-24T08:47:49.419+0000] {subprocess.py:106} INFO - #21 resolve docker.io/library/python:3.10-slim@sha256:f8081b61393cc16b2339d377bb523a5646cdd28fc6105612b3893c405d27f730 0.1s done
[2025-09-24T08:47:49.419+0000] {subprocess.py:106} INFO - #21 DONE 0.1s
[2025-09-24T08:47:49.420+0000] {subprocess.py:106} INFO - 
[2025-09-24T08:47:49.420+0000] {subprocess.py:106} INFO - #22 [***-webserver 2/4] COPY requirements.txt .
[2025-09-24T08:47:49.421+0000] {subprocess.py:106} INFO - #22 CACHED
[2025-09-24T08:47:49.422+0000] {subprocess.py:106} INFO - 
[2025-09-24T08:47:49.422+0000] {subprocess.py:106} INFO - #23 [***-webserver 3/4] RUN pip install --no-cache-dir -r requirements.txt
[2025-09-24T08:47:49.423+0000] {subprocess.py:106} INFO - #23 CACHED
[2025-09-24T08:47:49.424+0000] {subprocess.py:106} INFO - 
[2025-09-24T08:47:49.425+0000] {subprocess.py:106} INFO - #24 [***-webserver 4/4] RUN apt-get update && apt-get install -y docker.io docker-compose-plugin && rm -rf /var/lib/apt/lists/*
[2025-09-24T08:47:49.530+0000] {subprocess.py:106} INFO - #24 CACHED
[2025-09-24T08:47:49.532+0000] {subprocess.py:106} INFO - 
[2025-09-24T08:47:49.533+0000] {subprocess.py:106} INFO - #25 [api 2/5] WORKDIR /app
[2025-09-24T08:47:49.534+0000] {subprocess.py:106} INFO - #25 CACHED
[2025-09-24T08:47:49.536+0000] {subprocess.py:106} INFO - 
[2025-09-24T08:47:49.538+0000] {subprocess.py:106} INFO - #26 [api 3/5] COPY requirements.txt .
[2025-09-24T08:47:49.539+0000] {subprocess.py:106} INFO - #26 CACHED
[2025-09-24T08:47:49.540+0000] {subprocess.py:106} INFO - 
[2025-09-24T08:47:49.541+0000] {subprocess.py:106} INFO - #27 [api 4/5] RUN pip install --no-cache-dir -r requirements.txt
[2025-09-24T08:47:49.542+0000] {subprocess.py:106} INFO - #27 CACHED
[2025-09-24T08:47:49.543+0000] {subprocess.py:106} INFO - 
[2025-09-24T08:47:49.545+0000] {subprocess.py:106} INFO - #28 [api 5/5] COPY main.py .
[2025-09-24T08:47:49.547+0000] {subprocess.py:106} INFO - #28 CACHED
[2025-09-24T08:47:49.548+0000] {subprocess.py:106} INFO - 
[2025-09-24T08:47:49.549+0000] {subprocess.py:106} INFO - #29 [api] exporting to image
[2025-09-24T08:47:49.550+0000] {subprocess.py:106} INFO - #29 exporting layers done
[2025-09-24T08:47:49.551+0000] {subprocess.py:106} INFO - #29 exporting manifest sha256:1181bbbf188104c9b72cb7a4b2576a16324961a8a400b6cbb89476beb8892567 done
[2025-09-24T08:47:49.552+0000] {subprocess.py:106} INFO - #29 exporting config sha256:6aba02f92f2678889022da532e9cdcd4a3e3d2d98ebb364e58680ff23fa3269b done
[2025-09-24T08:47:49.557+0000] {subprocess.py:106} INFO - #29 exporting attestation manifest sha256:79c1ea222563ea00269140fea9aa7075a92dd5802cee70ea4ef544205d725433
[2025-09-24T08:47:49.653+0000] {subprocess.py:106} INFO - #29 exporting attestation manifest sha256:79c1ea222563ea00269140fea9aa7075a92dd5802cee70ea4ef544205d725433 0.0s done
[2025-09-24T08:47:49.654+0000] {subprocess.py:106} INFO - #29 exporting manifest list sha256:f75208ae6ba65a30e5b3edeb7ebc6acc336b845cd5d4b2349bbd059b3168a8fc 0.0s done
[2025-09-24T08:47:49.656+0000] {subprocess.py:106} INFO - #29 naming to docker.io/library/wine-api:latest 0.0s done
[2025-09-24T08:47:49.656+0000] {subprocess.py:106} INFO - #29 unpacking to docker.io/library/wine-api:latest 0.0s done
[2025-09-24T08:47:49.801+0000] {subprocess.py:106} INFO - #29 DONE 0.2s
[2025-09-24T08:47:49.802+0000] {subprocess.py:106} INFO - 
[2025-09-24T08:47:49.803+0000] {subprocess.py:106} INFO - #30 [***-scheduler] exporting to image
[2025-09-24T08:47:49.805+0000] {subprocess.py:106} INFO - #30 exporting layers 0.1s done
[2025-09-24T08:47:49.808+0000] {subprocess.py:106} INFO - #30 exporting manifest sha256:d220193b669c4746d9fd0f51fa9291f767e76d2a37d165b1f82ad809a6cd4f8b done
[2025-09-24T08:47:49.809+0000] {subprocess.py:106} INFO - #30 exporting config sha256:1f688f34aff1aeaf0b0a029fc3d07fe82acf01946ecec928a9682d8cdc1f5c2e 0.0s done
[2025-09-24T08:47:49.810+0000] {subprocess.py:106} INFO - #30 exporting attestation manifest sha256:9c685d3c82afd4323b4ae5597b458948c39d2c5fe2312ebc252c9ee95da7aca5 0.0s done
[2025-09-24T08:47:49.811+0000] {subprocess.py:106} INFO - #30 exporting manifest list sha256:bce8ae9bf6528542f22df2f056d823f2a53ed1b98bad8df284979719f1bfcca3 0.0s done
[2025-09-24T08:47:49.813+0000] {subprocess.py:106} INFO - #30 naming to docker.io/library/wine-***-scheduler:latest 0.0s done
[2025-09-24T08:47:49.818+0000] {subprocess.py:106} INFO - #30 unpacking to docker.io/library/wine-***-scheduler:latest 0.1s done
[2025-09-24T08:47:49.916+0000] {subprocess.py:106} INFO - #30 ...
[2025-09-24T08:47:49.920+0000] {subprocess.py:106} INFO - 
[2025-09-24T08:47:49.925+0000] {subprocess.py:106} INFO - #31 [api] resolving provenance for metadata file
[2025-09-24T08:47:49.928+0000] {subprocess.py:106} INFO - #31 DONE 0.0s
[2025-09-24T08:47:50.036+0000] {subprocess.py:106} INFO - 
[2025-09-24T08:47:50.039+0000] {subprocess.py:106} INFO - #32 [***-webserver] exporting to image
[2025-09-24T08:47:50.043+0000] {subprocess.py:106} INFO - #32 exporting layers 0.1s done
[2025-09-24T08:47:50.045+0000] {subprocess.py:106} INFO - #32 exporting manifest sha256:bad0bf9a8db32890ad8045476cfefd1bc14f143acdf22ef5c6d56595a7f3353a done
[2025-09-24T08:47:50.046+0000] {subprocess.py:106} INFO - #32 exporting config sha256:8214e94519fa00a221aedab120bea13f65720b04bb6d2b0d36b8230bc067a18e 0.0s done
[2025-09-24T08:47:50.050+0000] {subprocess.py:106} INFO - #32 exporting attestation manifest sha256:2d496f20965c13f0f1ce6a54da7a8bdc125007e24534f45060ff81f0e1963ac1 0.0s done
[2025-09-24T08:47:50.053+0000] {subprocess.py:106} INFO - #32 exporting manifest list sha256:11575ea045355563c8aebd033e75c6d67e0cc80da3094580052c823aa4e98e16 0.0s done
[2025-09-24T08:47:50.054+0000] {subprocess.py:106} INFO - #32 naming to docker.io/library/wine-***-webserver:latest done
[2025-09-24T08:47:50.056+0000] {subprocess.py:106} INFO - #32 unpacking to docker.io/library/wine-***-webserver:latest 0.1s done
[2025-09-24T08:47:50.146+0000] {subprocess.py:106} INFO - #32 DONE 0.6s
[2025-09-24T08:47:50.152+0000] {subprocess.py:106} INFO - 
[2025-09-24T08:47:50.157+0000] {subprocess.py:106} INFO - #33 [app internal] load build definition from Dockerfile
[2025-09-24T08:47:50.167+0000] {subprocess.py:106} INFO - #33 transferring dockerfile: 232B 0.0s done
[2025-09-24T08:47:50.179+0000] {subprocess.py:106} INFO - #33 DONE 0.0s
[2025-09-24T08:47:50.186+0000] {subprocess.py:106} INFO - 
[2025-09-24T08:47:50.188+0000] {subprocess.py:106} INFO - #11 [app internal] load metadata for docker.io/library/python:3.10-slim
[2025-09-24T08:47:50.299+0000] {subprocess.py:106} INFO - #11 ...
[2025-09-24T08:47:50.301+0000] {subprocess.py:106} INFO - 
[2025-09-24T08:47:50.302+0000] {subprocess.py:106} INFO - #30 [***-scheduler] exporting to image
[2025-09-24T08:47:50.305+0000] {subprocess.py:106} INFO - #30 DONE 0.6s
[2025-09-24T08:47:50.327+0000] {subprocess.py:106} INFO - 
[2025-09-24T08:47:50.329+0000] {subprocess.py:106} INFO - #11 [app internal] load metadata for docker.io/library/python:3.10-slim
[2025-09-24T08:47:50.330+0000] {subprocess.py:106} INFO - #11 DONE 1.6s
[2025-09-24T08:47:50.429+0000] {subprocess.py:106} INFO - 
[2025-09-24T08:47:50.435+0000] {subprocess.py:106} INFO - #34 [app internal] load .dockerignore
[2025-09-24T08:47:50.440+0000] {subprocess.py:106} INFO - #34 transferring context: 2B 0.0s done
[2025-09-24T08:47:50.442+0000] {subprocess.py:106} INFO - #34 DONE 0.1s
[2025-09-24T08:47:50.568+0000] {subprocess.py:106} INFO - 
[2025-09-24T08:47:50.569+0000] {subprocess.py:106} INFO - #35 [app internal] load build context
[2025-09-24T08:47:50.570+0000] {subprocess.py:106} INFO - #35 transferring context: 63B 0.0s done
[2025-09-24T08:47:50.572+0000] {subprocess.py:106} INFO - #35 DONE 0.1s
[2025-09-24T08:47:50.573+0000] {subprocess.py:106} INFO - 
[2025-09-24T08:47:50.575+0000] {subprocess.py:106} INFO - #21 [app 1/5] FROM docker.io/library/python:3.10-slim@sha256:f8081b61393cc16b2339d377bb523a5646cdd28fc6105612b3893c405d27f730
[2025-09-24T08:47:50.576+0000] {subprocess.py:106} INFO - #21 resolve docker.io/library/python:3.10-slim@sha256:f8081b61393cc16b2339d377bb523a5646cdd28fc6105612b3893c405d27f730 0.1s done
[2025-09-24T08:47:50.578+0000] {subprocess.py:106} INFO - #21 DONE 0.1s
[2025-09-24T08:47:50.579+0000] {subprocess.py:106} INFO - 
[2025-09-24T08:47:50.581+0000] {subprocess.py:106} INFO - #36 [app 4/5] RUN pip install --no-cache-dir -r requirements.txt
[2025-09-24T08:47:50.582+0000] {subprocess.py:106} INFO - #36 CACHED
[2025-09-24T08:47:50.584+0000] {subprocess.py:106} INFO - 
[2025-09-24T08:47:50.586+0000] {subprocess.py:106} INFO - #37 [app 3/5] COPY requirements.txt .
[2025-09-24T08:47:50.588+0000] {subprocess.py:106} INFO - #37 CACHED
[2025-09-24T08:47:50.589+0000] {subprocess.py:106} INFO - 
[2025-09-24T08:47:50.590+0000] {subprocess.py:106} INFO - #25 [app 2/5] WORKDIR /app
[2025-09-24T08:47:50.591+0000] {subprocess.py:106} INFO - #25 CACHED
[2025-09-24T08:47:50.591+0000] {subprocess.py:106} INFO - 
[2025-09-24T08:47:50.592+0000] {subprocess.py:106} INFO - #38 [app 5/5] COPY app.py .
[2025-09-24T08:47:50.593+0000] {subprocess.py:106} INFO - #38 CACHED
[2025-09-24T08:47:50.672+0000] {subprocess.py:106} INFO - 
[2025-09-24T08:47:50.673+0000] {subprocess.py:106} INFO - #39 [app] exporting to image
[2025-09-24T08:47:50.674+0000] {subprocess.py:106} INFO - #39 exporting layers done
[2025-09-24T08:47:50.675+0000] {subprocess.py:106} INFO - #39 exporting manifest sha256:ed39c8a1281e8641f8221aa358161ed4a853cfca766b2391723ef213149408a1 done
[2025-09-24T08:47:50.676+0000] {subprocess.py:106} INFO - #39 exporting config sha256:6f0abffb2ffefdf85f78ba18149c8f66629e2f426c54fc38cab1a328af33f1f1 done
[2025-09-24T08:47:50.678+0000] {subprocess.py:106} INFO - #39 exporting attestation manifest sha256:5b00311ba50a482a4593911a556dc06e33f420bc92663d02113d627bdd193a67 0.0s done
[2025-09-24T08:47:50.681+0000] {subprocess.py:106} INFO - #39 exporting manifest list sha256:f9e590958a4e6ec6de6d4d473a5989cd6a0b9472d01ffb4c62ab2c30795cad41 0.0s done
[2025-09-24T08:47:50.683+0000] {subprocess.py:106} INFO - #39 naming to docker.io/library/wine-app:latest done
[2025-09-24T08:47:50.683+0000] {subprocess.py:106} INFO - #39 unpacking to docker.io/library/wine-app:latest
[2025-09-24T08:47:50.783+0000] {subprocess.py:106} INFO - #39 unpacking to docker.io/library/wine-app:latest 0.0s done
[2025-09-24T08:47:50.784+0000] {subprocess.py:106} INFO - #39 DONE 0.2s
[2025-09-24T08:47:50.951+0000] {subprocess.py:106} INFO - 
[2025-09-24T08:47:50.953+0000] {subprocess.py:106} INFO - #40 [app] resolving provenance for metadata file
[2025-09-24T08:47:51.096+0000] {subprocess.py:106} INFO - #40 DONE 0.1s
[2025-09-24T08:47:51.098+0000] {subprocess.py:106} INFO - 
[2025-09-24T08:47:51.100+0000] {subprocess.py:106} INFO - #41 [***-scheduler] resolving provenance for metadata file
[2025-09-24T08:47:51.119+0000] {subprocess.py:106} INFO - #41 DONE 0.0s
[2025-09-24T08:47:51.122+0000] {subprocess.py:106} INFO - 
[2025-09-24T08:47:51.126+0000] {subprocess.py:106} INFO - #42 [***-webserver] resolving provenance for metadata file
[2025-09-24T08:47:51.128+0000] {subprocess.py:106} INFO - #42 DONE 0.1s
[2025-09-24T08:47:51.130+0000] {subprocess.py:106} INFO -  ***-init  Built
[2025-09-24T08:47:51.132+0000] {subprocess.py:106} INFO -  ***-scheduler  Built
[2025-09-24T08:47:51.135+0000] {subprocess.py:106} INFO -  ***-webserver  Built
[2025-09-24T08:47:51.137+0000] {subprocess.py:106} INFO -  api  Built
[2025-09-24T08:47:51.137+0000] {subprocess.py:106} INFO -  app  Built
[2025-09-24T08:47:51.300+0000] {subprocess.py:106} INFO -  Container wine-postgres-1  Running
[2025-09-24T08:47:51.302+0000] {subprocess.py:106} INFO -  Container wine-api-1  Recreate
[2025-09-24T08:47:51.304+0000] {subprocess.py:106} INFO -  Container wine-***-init-1  Recreate
[2025-09-24T08:47:51.699+0000] {subprocess.py:106} INFO -  Container wine-api-1  Recreated
[2025-09-24T08:47:51.700+0000] {subprocess.py:106} INFO -  Container wine-app-1  Recreate
[2025-09-24T08:47:52.238+0000] {subprocess.py:106} INFO -  Container wine-app-1  Recreated
[2025-09-24T08:47:52.830+0000] {subprocess.py:106} INFO -  Container wine-***-init-1  Recreated
[2025-09-24T08:47:52.832+0000] {subprocess.py:106} INFO -  Container wine-***-scheduler-1  Recreate
[2025-09-24T08:47:52.834+0000] {subprocess.py:106} INFO -  Container wine-***-webserver-1  Recreate
[2025-09-24T08:47:53.844+0000] {subprocess.py:106} INFO -  Container wine-***-webserver-1  Recreated
[2025-09-24T08:47:53.865+0000] {subprocess.py:106} INFO -  Container wine-***-scheduler-1  Recreated
[2025-09-24T08:47:54.108+0000] {subprocess.py:106} INFO -  Container wine-api-1  Starting
[2025-09-24T08:47:54.109+0000] {subprocess.py:106} INFO -  Container wine-postgres-1  Waiting
[2025-09-24T08:47:54.616+0000] {subprocess.py:106} INFO -  Container wine-postgres-1  Healthy
[2025-09-24T08:47:54.618+0000] {subprocess.py:106} INFO -  Container wine-***-init-1  Starting
[2025-09-24T08:47:54.627+0000] {subprocess.py:106} INFO - Error response from daemon: mounts denied:
[2025-09-24T08:47:54.629+0000] {subprocess.py:106} INFO - The path /opt/***/models is not shared from the host and is not known to Docker.
[2025-09-24T08:47:54.633+0000] {subprocess.py:106} INFO - You can configure shared paths from Docker -> Preferences... -> Resources -> File Sharing.
[2025-09-24T08:47:54.636+0000] {subprocess.py:106} INFO - See https://docs.docker.com/go/mac-file-sharing/ for more info.
[2025-09-24T08:47:54.638+0000] {subprocess.py:110} INFO - Command exited with return code 1
[2025-09-24T08:47:54.674+0000] {taskinstance.py:3310} ERROR - Task failed with exception
Traceback (most recent call last):
  File "/home/airflow/.local/lib/python3.11/site-packages/airflow/models/taskinstance.py", line 767, in _execute_task
    result = _execute_callable(context=context, **execute_callable_kwargs)
             ^^^^^^^^^^^^^^^^^^^^^^^^^^^^^^^^^^^^^^^^^^^^^^^^^^^^^^^^^^^^^
  File "/home/airflow/.local/lib/python3.11/site-packages/airflow/models/taskinstance.py", line 733, in _execute_callable
    return ExecutionCallableRunner(
           ^^^^^^^^^^^^^^^^^^^^^^^^
  File "/home/airflow/.local/lib/python3.11/site-packages/airflow/utils/operator_helpers.py", line 252, in run
    return self.func(*args, **kwargs)
           ^^^^^^^^^^^^^^^^^^^^^^^^^^
  File "/home/airflow/.local/lib/python3.11/site-packages/airflow/models/baseoperator.py", line 406, in wrapper
    return func(self, *args, **kwargs)
           ^^^^^^^^^^^^^^^^^^^^^^^^^^^
  File "/home/airflow/.local/lib/python3.11/site-packages/airflow/providers/standard/operators/bash.py", line 232, in execute
    raise AirflowException(
airflow.exceptions.AirflowException: Bash command failed. The command returned a non-zero exit code 1.
[2025-09-24T08:47:54.695+0000] {taskinstance.py:1225} INFO - Marking task as UP_FOR_RETRY. dag_id=wine_pipeline, task_id=stage3_deploy_compose, run_id=scheduled__2025-09-24T08:40:00+00:00, execution_date=20250924T084000, start_date=20250924T084747, end_date=20250924T084754
[2025-09-24T08:47:54.733+0000] {taskinstance.py:340} INFO - ::group::Post task execution logs
[2025-09-24T08:47:54.737+0000] {standard_task_runner.py:124} ERROR - Failed to execute job 22 for task stage3_deploy_compose (Bash command failed. The command returned a non-zero exit code 1.; 1789)
Traceback (most recent call last):
  File "/home/airflow/.local/lib/python3.11/site-packages/airflow/task/task_runner/standard_task_runner.py", line 117, in _start_by_fork
    ret = args.func(args, dag=self.dag)
          ^^^^^^^^^^^^^^^^^^^^^^^^^^^^^
  File "/home/airflow/.local/lib/python3.11/site-packages/airflow/cli/cli_config.py", line 49, in command
    return func(*args, **kwargs)
           ^^^^^^^^^^^^^^^^^^^^^
  File "/home/airflow/.local/lib/python3.11/site-packages/airflow/utils/cli.py", line 115, in wrapper
    return f(*args, **kwargs)
           ^^^^^^^^^^^^^^^^^^
  File "/home/airflow/.local/lib/python3.11/site-packages/airflow/cli/commands/task_command.py", line 483, in task_run
    task_return_code = _run_task_by_selected_method(args, _dag, ti)
                       ^^^^^^^^^^^^^^^^^^^^^^^^^^^^^^^^^^^^^^^^^^^^
  File "/home/airflow/.local/lib/python3.11/site-packages/airflow/cli/commands/task_command.py", line 256, in _run_task_by_selected_method
    return _run_raw_task(args, ti)
           ^^^^^^^^^^^^^^^^^^^^^^^
  File "/home/airflow/.local/lib/python3.11/site-packages/airflow/cli/commands/task_command.py", line 341, in _run_raw_task
    return ti._run_raw_task(
           ^^^^^^^^^^^^^^^^^
  File "/home/airflow/.local/lib/python3.11/site-packages/airflow/utils/session.py", line 97, in wrapper
    return func(*args, session=session, **kwargs)
           ^^^^^^^^^^^^^^^^^^^^^^^^^^^^^^^^^^^^^^
  File "/home/airflow/.local/lib/python3.11/site-packages/airflow/models/taskinstance.py", line 3004, in _run_raw_task
    return _run_raw_task(
           ^^^^^^^^^^^^^^
  File "/home/airflow/.local/lib/python3.11/site-packages/airflow/models/taskinstance.py", line 273, in _run_raw_task
    TaskInstance._execute_task_with_callbacks(
  File "/home/airflow/.local/lib/python3.11/site-packages/airflow/models/taskinstance.py", line 3158, in _execute_task_with_callbacks
    result = self._execute_task(context, task_orig)
             ^^^^^^^^^^^^^^^^^^^^^^^^^^^^^^^^^^^^^^
  File "/home/airflow/.local/lib/python3.11/site-packages/airflow/models/taskinstance.py", line 3182, in _execute_task
    return _execute_task(self, context, task_orig)
           ^^^^^^^^^^^^^^^^^^^^^^^^^^^^^^^^^^^^^^^
  File "/home/airflow/.local/lib/python3.11/site-packages/airflow/models/taskinstance.py", line 767, in _execute_task
    result = _execute_callable(context=context, **execute_callable_kwargs)
             ^^^^^^^^^^^^^^^^^^^^^^^^^^^^^^^^^^^^^^^^^^^^^^^^^^^^^^^^^^^^^
  File "/home/airflow/.local/lib/python3.11/site-packages/airflow/models/taskinstance.py", line 733, in _execute_callable
    return ExecutionCallableRunner(
           ^^^^^^^^^^^^^^^^^^^^^^^^
  File "/home/airflow/.local/lib/python3.11/site-packages/airflow/utils/operator_helpers.py", line 252, in run
    return self.func(*args, **kwargs)
           ^^^^^^^^^^^^^^^^^^^^^^^^^^
  File "/home/airflow/.local/lib/python3.11/site-packages/airflow/models/baseoperator.py", line 406, in wrapper
    return func(self, *args, **kwargs)
           ^^^^^^^^^^^^^^^^^^^^^^^^^^^
  File "/home/airflow/.local/lib/python3.11/site-packages/airflow/providers/standard/operators/bash.py", line 232, in execute
    raise AirflowException(
airflow.exceptions.AirflowException: Bash command failed. The command returned a non-zero exit code 1.
[2025-09-24T08:47:54.786+0000] {local_task_job_runner.py:266} INFO - Task exited with return code 1
[2025-09-24T08:47:54.824+0000] {taskinstance.py:3900} INFO - 0 downstream tasks scheduled from follow-on schedule check
[2025-09-24T08:47:54.827+0000] {local_task_job_runner.py:245} INFO - ::endgroup::
