[2025-09-24T08:45:26.289+0000] {local_task_job_runner.py:123} INFO - ::group::Pre task execution logs
[2025-09-24T08:45:26.316+0000] {taskinstance.py:2612} INFO - Dependencies all met for dep_context=non-requeueable deps ti=<TaskInstance: wine_pipeline.stage3_deploy_compose scheduled__2025-09-24T08:40:00+00:00 [queued]>
[2025-09-24T08:45:26.325+0000] {taskinstance.py:2612} INFO - Dependencies all met for dep_context=requeueable deps ti=<TaskInstance: wine_pipeline.stage3_deploy_compose scheduled__2025-09-24T08:40:00+00:00 [queued]>
[2025-09-24T08:45:26.326+0000] {taskinstance.py:2865} INFO - Starting attempt 1 of 4
[2025-09-24T08:45:26.340+0000] {taskinstance.py:2888} INFO - Executing <Task(BashOperator): stage3_deploy_compose> on 2025-09-24 08:40:00+00:00
[2025-09-24T08:45:26.349+0000] {standard_task_runner.py:72} INFO - Started process 1491 to run task
[2025-09-24T08:45:26.353+0000] {standard_task_runner.py:104} INFO - Running: ['***', 'tasks', 'run', 'wine_pipeline', 'stage3_deploy_compose', 'scheduled__2025-09-24T08:40:00+00:00', '--job-id', '18', '--raw', '--subdir', 'DAGS_FOLDER/wine_pipeline.py', '--cfg-path', '/tmp/tmpvb_vxei2']
[2025-09-24T08:45:26.358+0000] {standard_task_runner.py:105} INFO - Job 18: Subtask stage3_deploy_compose
[2025-09-24T08:45:26.429+0000] {task_command.py:467} INFO - Running <TaskInstance: wine_pipeline.stage3_deploy_compose scheduled__2025-09-24T08:40:00+00:00 [running]> on host 995626deecfe
[2025-09-24T08:45:26.543+0000] {taskinstance.py:3131} INFO - Exporting env vars: AIRFLOW_CTX_DAG_OWNER='***' AIRFLOW_CTX_DAG_ID='wine_pipeline' AIRFLOW_CTX_TASK_ID='stage3_deploy_compose' AIRFLOW_CTX_EXECUTION_DATE='2025-09-24T08:40:00+00:00' AIRFLOW_CTX_TRY_NUMBER='1' AIRFLOW_CTX_DAG_RUN_ID='scheduled__2025-09-24T08:40:00+00:00'
[2025-09-24T08:45:26.544+0000] {taskinstance.py:731} INFO - ::endgroup::
[2025-09-24T08:45:26.560+0000] {subprocess.py:78} INFO - Tmp dir root location: /tmp
[2025-09-24T08:45:26.561+0000] {subprocess.py:88} INFO - Running command: ['/usr/bin/bash', '-c', 'docker compose -f /opt/***/code/deployment/docker-compose.yml up -d --build']
[2025-09-24T08:45:26.576+0000] {subprocess.py:99} INFO - Output:
[2025-09-24T08:45:26.690+0000] {subprocess.py:106} INFO - time="2025-09-24T08:45:26Z" level=warning msg="/opt/***/code/deployment/docker-compose.yml: the attribute `version` is obsolete, it will be ignored, please remove it to avoid potential confusion"
[2025-09-24T08:45:26.824+0000] {subprocess.py:106} INFO - time="2025-09-24T08:45:26Z" level=warning msg="Docker Compose is configured to build using Bake, but buildx isn't installed"
[2025-09-24T08:45:26.956+0000] {subprocess.py:106} INFO - #0 building with "default" instance using docker driver
[2025-09-24T08:45:26.957+0000] {subprocess.py:106} INFO - 
[2025-09-24T08:45:26.959+0000] {subprocess.py:106} INFO - #1 [***-init internal] load build definition from Dockerfile
[2025-09-24T08:45:27.068+0000] {subprocess.py:106} INFO - #1 transferring dockerfile: 386B 0.0s done
[2025-09-24T08:45:27.069+0000] {subprocess.py:106} INFO - #1 DONE 0.0s
[2025-09-24T08:45:27.070+0000] {subprocess.py:106} INFO - 
[2025-09-24T08:45:27.071+0000] {subprocess.py:106} INFO - #2 [api internal] load build definition from Dockerfile
[2025-09-24T08:45:27.072+0000] {subprocess.py:106} INFO - #2 transferring dockerfile: 264B 0.0s done
[2025-09-24T08:45:27.072+0000] {subprocess.py:106} INFO - #2 DONE 0.0s
[2025-09-24T08:45:27.073+0000] {subprocess.py:106} INFO - 
[2025-09-24T08:45:27.074+0000] {subprocess.py:106} INFO - #3 [***-init internal] load metadata for docker.io/apache/***:2.10.2-python3.11
[2025-09-24T08:45:27.075+0000] {subprocess.py:106} INFO - #3 DONE 0.0s
[2025-09-24T08:45:27.076+0000] {subprocess.py:106} INFO - 
[2025-09-24T08:45:27.077+0000] {subprocess.py:106} INFO - #4 [***-init internal] load .dockerignore
[2025-09-24T08:45:27.077+0000] {subprocess.py:106} INFO - #4 transferring context: 2B done
[2025-09-24T08:45:27.078+0000] {subprocess.py:106} INFO - #4 DONE 0.0s
[2025-09-24T08:45:27.079+0000] {subprocess.py:106} INFO - 
[2025-09-24T08:45:27.080+0000] {subprocess.py:106} INFO - #5 [***-init internal] load build context
[2025-09-24T08:45:27.081+0000] {subprocess.py:106} INFO - #5 DONE 0.0s
[2025-09-24T08:45:27.081+0000] {subprocess.py:106} INFO - 
[2025-09-24T08:45:27.082+0000] {subprocess.py:106} INFO - #6 [***-init 1/4] FROM docker.io/apache/***:2.10.2-python3.11@sha256:7c68d8ac3cf1b2c69eeb91da64c1578dc8376d33abf34267bf6e547d071cae39
[2025-09-24T08:45:27.082+0000] {subprocess.py:106} INFO - #6 resolve docker.io/apache/***:2.10.2-python3.11@sha256:7c68d8ac3cf1b2c69eeb91da64c1578dc8376d33abf34267bf6e547d071cae39 0.0s done
[2025-09-24T08:45:27.083+0000] {subprocess.py:106} INFO - #6 DONE 0.0s
[2025-09-24T08:45:27.084+0000] {subprocess.py:106} INFO - 
[2025-09-24T08:45:27.085+0000] {subprocess.py:106} INFO - #7 [api internal] load metadata for docker.io/library/python:3.10-slim
[2025-09-24T08:45:27.183+0000] {subprocess.py:106} INFO - #7 ...
[2025-09-24T08:45:27.184+0000] {subprocess.py:106} INFO - 
[2025-09-24T08:45:27.185+0000] {subprocess.py:106} INFO - #5 [***-init internal] load build context
[2025-09-24T08:45:27.185+0000] {subprocess.py:106} INFO - #5 transferring context: 37B done
[2025-09-24T08:45:27.186+0000] {subprocess.py:106} INFO - #5 DONE 0.0s
[2025-09-24T08:45:27.187+0000] {subprocess.py:106} INFO - 
[2025-09-24T08:45:27.187+0000] {subprocess.py:106} INFO - #8 [***-init 2/4] COPY requirements.txt .
[2025-09-24T08:45:27.188+0000] {subprocess.py:106} INFO - #8 CACHED
[2025-09-24T08:45:27.188+0000] {subprocess.py:106} INFO - 
[2025-09-24T08:45:27.189+0000] {subprocess.py:106} INFO - #9 [***-init 3/4] RUN pip install --no-cache-dir -r requirements.txt
[2025-09-24T08:45:27.189+0000] {subprocess.py:106} INFO - #9 CACHED
[2025-09-24T08:45:27.336+0000] {subprocess.py:106} INFO - 
[2025-09-24T08:45:27.338+0000] {subprocess.py:106} INFO - #10 [***-init 4/4] RUN apt-get update && apt-get install -y docker.io docker-compose-plugin && rm -rf /var/lib/apt/lists/*
[2025-09-24T08:45:27.339+0000] {subprocess.py:106} INFO - #10 CACHED
[2025-09-24T08:45:27.340+0000] {subprocess.py:106} INFO - 
[2025-09-24T08:45:27.341+0000] {subprocess.py:106} INFO - #11 [***-init] exporting to image
[2025-09-24T08:45:27.341+0000] {subprocess.py:106} INFO - #11 exporting layers 0.0s done
[2025-09-24T08:45:27.343+0000] {subprocess.py:106} INFO - #11 exporting manifest sha256:3b6730eb1620bb781b42c0b6cc530ed634b0611b617e822aeaaa37bfabe012d2 done
[2025-09-24T08:45:27.344+0000] {subprocess.py:106} INFO - #11 exporting config sha256:c27e40ae84fb2db54ba8f998e6782c401c446e98e1b3f9e95cad4216e6d0e138 done
[2025-09-24T08:45:27.345+0000] {subprocess.py:106} INFO - #11 exporting attestation manifest sha256:51fa9b55c6328d82caf6206328da649e4edbe20923a6710e4b0c78f6d3bdec8f 0.0s done
[2025-09-24T08:45:27.346+0000] {subprocess.py:106} INFO - #11 exporting manifest list sha256:d4dcb5fa63b07f303c6469ed966dfb4da6acc11a93d2c76abc0c8d56a4feff05 done
[2025-09-24T08:45:27.346+0000] {subprocess.py:106} INFO - #11 naming to docker.io/library/wine-***-init:latest done
[2025-09-24T08:45:27.347+0000] {subprocess.py:106} INFO - #11 unpacking to docker.io/library/wine-***-init:latest 0.1s done
[2025-09-24T08:45:27.450+0000] {subprocess.py:106} INFO - #11 DONE 0.2s
[2025-09-24T08:45:27.451+0000] {subprocess.py:106} INFO - 
[2025-09-24T08:45:27.452+0000] {subprocess.py:106} INFO - #7 [api internal] load metadata for docker.io/library/python:3.10-slim
[2025-09-24T08:45:27.869+0000] {subprocess.py:106} INFO - #7 ...
[2025-09-24T08:45:27.870+0000] {subprocess.py:106} INFO - 
[2025-09-24T08:45:27.871+0000] {subprocess.py:106} INFO - #12 [***-init] resolving provenance for metadata file
[2025-09-24T08:45:27.872+0000] {subprocess.py:106} INFO - #12 DONE 0.0s
[2025-09-24T08:45:27.873+0000] {subprocess.py:106} INFO - 
[2025-09-24T08:45:27.874+0000] {subprocess.py:106} INFO - #13 [***-webserver internal] load build definition from Dockerfile
[2025-09-24T08:45:27.874+0000] {subprocess.py:106} INFO - #13 transferring dockerfile: 386B done
[2025-09-24T08:45:27.875+0000] {subprocess.py:106} INFO - #13 DONE 0.0s
[2025-09-24T08:45:27.876+0000] {subprocess.py:106} INFO - 
[2025-09-24T08:45:27.876+0000] {subprocess.py:106} INFO - #14 [***-scheduler internal] load build definition from Dockerfile
[2025-09-24T08:45:27.877+0000] {subprocess.py:106} INFO - #14 transferring dockerfile: 386B done
[2025-09-24T08:45:27.878+0000] {subprocess.py:106} INFO - #14 DONE 0.0s
[2025-09-24T08:45:27.977+0000] {subprocess.py:106} INFO - 
[2025-09-24T08:45:27.979+0000] {subprocess.py:106} INFO - #3 [***-scheduler internal] load metadata for docker.io/apache/***:2.10.2-python3.11
[2025-09-24T08:45:27.981+0000] {subprocess.py:106} INFO - #3 DONE 0.0s
[2025-09-24T08:45:27.982+0000] {subprocess.py:106} INFO - 
[2025-09-24T08:45:27.983+0000] {subprocess.py:106} INFO - #15 [***-scheduler internal] load .dockerignore
[2025-09-24T08:45:27.985+0000] {subprocess.py:106} INFO - #15 transferring context: 2B done
[2025-09-24T08:45:27.989+0000] {subprocess.py:106} INFO - #15 DONE 0.0s
[2025-09-24T08:45:27.990+0000] {subprocess.py:106} INFO - 
[2025-09-24T08:45:27.991+0000] {subprocess.py:106} INFO - #16 [***-webserver internal] load .dockerignore
[2025-09-24T08:45:27.993+0000] {subprocess.py:106} INFO - #16 transferring context: 2B done
[2025-09-24T08:45:27.994+0000] {subprocess.py:106} INFO - #16 DONE 0.0s
[2025-09-24T08:45:27.996+0000] {subprocess.py:106} INFO - 
[2025-09-24T08:45:27.998+0000] {subprocess.py:106} INFO - #17 [***-scheduler internal] load build context
[2025-09-24T08:45:27.999+0000] {subprocess.py:106} INFO - #17 DONE 0.0s
[2025-09-24T08:45:28.002+0000] {subprocess.py:106} INFO - 
[2025-09-24T08:45:28.004+0000] {subprocess.py:106} INFO - #18 [***-webserver internal] load build context
[2025-09-24T08:45:28.005+0000] {subprocess.py:106} INFO - #18 DONE 0.0s
[2025-09-24T08:45:28.008+0000] {subprocess.py:106} INFO - 
[2025-09-24T08:45:28.009+0000] {subprocess.py:106} INFO - #6 [***-scheduler 1/4] FROM docker.io/apache/***:2.10.2-python3.11@sha256:7c68d8ac3cf1b2c69eeb91da64c1578dc8376d33abf34267bf6e547d071cae39
[2025-09-24T08:45:28.011+0000] {subprocess.py:106} INFO - #6 resolve docker.io/apache/***:2.10.2-python3.11@sha256:7c68d8ac3cf1b2c69eeb91da64c1578dc8376d33abf34267bf6e547d071cae39 0.1s done
[2025-09-24T08:45:28.143+0000] {subprocess.py:106} INFO - #6 resolve docker.io/apache/***:2.10.2-python3.11@sha256:7c68d8ac3cf1b2c69eeb91da64c1578dc8376d33abf34267bf6e547d071cae39 0.1s done
[2025-09-24T08:45:28.146+0000] {subprocess.py:106} INFO - #6 DONE 0.1s
[2025-09-24T08:45:28.147+0000] {subprocess.py:106} INFO - 
[2025-09-24T08:45:28.147+0000] {subprocess.py:106} INFO - #18 [***-webserver internal] load build context
[2025-09-24T08:45:28.148+0000] {subprocess.py:106} INFO - #18 transferring context: 37B done
[2025-09-24T08:45:28.149+0000] {subprocess.py:106} INFO - #18 DONE 0.0s
[2025-09-24T08:45:28.151+0000] {subprocess.py:106} INFO - 
[2025-09-24T08:45:28.152+0000] {subprocess.py:106} INFO - #17 [***-scheduler internal] load build context
[2025-09-24T08:45:28.154+0000] {subprocess.py:106} INFO - #17 transferring context: 37B 0.0s done
[2025-09-24T08:45:28.155+0000] {subprocess.py:106} INFO - #17 DONE 0.0s
[2025-09-24T08:45:28.157+0000] {subprocess.py:106} INFO - 
[2025-09-24T08:45:28.158+0000] {subprocess.py:106} INFO - #19 [***-webserver 2/4] COPY requirements.txt .
[2025-09-24T08:45:28.160+0000] {subprocess.py:106} INFO - #19 CACHED
[2025-09-24T08:45:28.161+0000] {subprocess.py:106} INFO - 
[2025-09-24T08:45:28.164+0000] {subprocess.py:106} INFO - #20 [***-webserver 3/4] RUN pip install --no-cache-dir -r requirements.txt
[2025-09-24T08:45:28.166+0000] {subprocess.py:106} INFO - #20 CACHED
[2025-09-24T08:45:28.168+0000] {subprocess.py:106} INFO - 
[2025-09-24T08:45:28.170+0000] {subprocess.py:106} INFO - #21 [***-webserver 4/4] RUN apt-get update && apt-get install -y docker.io docker-compose-plugin && rm -rf /var/lib/apt/lists/*
[2025-09-24T08:45:28.248+0000] {subprocess.py:106} INFO - #21 CACHED
[2025-09-24T08:45:28.250+0000] {subprocess.py:106} INFO - 
[2025-09-24T08:45:28.251+0000] {subprocess.py:106} INFO - #7 [api internal] load metadata for docker.io/library/python:3.10-slim
[2025-09-24T08:45:28.253+0000] {subprocess.py:106} INFO - #7 DONE 1.2s
[2025-09-24T08:45:28.255+0000] {subprocess.py:106} INFO - 
[2025-09-24T08:45:28.256+0000] {subprocess.py:106} INFO - #22 [api internal] load .dockerignore
[2025-09-24T08:45:28.258+0000] {subprocess.py:106} INFO - #22 transferring context: 2B done
[2025-09-24T08:45:28.259+0000] {subprocess.py:106} INFO - #22 DONE 0.0s
[2025-09-24T08:45:28.260+0000] {subprocess.py:106} INFO - 
[2025-09-24T08:45:28.261+0000] {subprocess.py:106} INFO - #23 [***-webserver] exporting to image
[2025-09-24T08:45:28.353+0000] {subprocess.py:106} INFO - #23 ...
[2025-09-24T08:45:28.354+0000] {subprocess.py:106} INFO - 
[2025-09-24T08:45:28.355+0000] {subprocess.py:106} INFO - #24 [api internal] load build context
[2025-09-24T08:45:28.356+0000] {subprocess.py:106} INFO - #24 transferring context: 64B done
[2025-09-24T08:45:28.357+0000] {subprocess.py:106} INFO - #24 DONE 0.0s
[2025-09-24T08:45:28.358+0000] {subprocess.py:106} INFO - 
[2025-09-24T08:45:28.359+0000] {subprocess.py:106} INFO - #25 [api 1/5] FROM docker.io/library/python:3.10-slim@sha256:f8081b61393cc16b2339d377bb523a5646cdd28fc6105612b3893c405d27f730
[2025-09-24T08:45:28.360+0000] {subprocess.py:106} INFO - #25 resolve docker.io/library/python:3.10-slim@sha256:f8081b61393cc16b2339d377bb523a5646cdd28fc6105612b3893c405d27f730 0.0s done
[2025-09-24T08:45:28.360+0000] {subprocess.py:106} INFO - #25 DONE 0.0s
[2025-09-24T08:45:28.362+0000] {subprocess.py:106} INFO - 
[2025-09-24T08:45:28.363+0000] {subprocess.py:106} INFO - #26 [api 3/5] COPY requirements.txt .
[2025-09-24T08:45:28.363+0000] {subprocess.py:106} INFO - #26 CACHED
[2025-09-24T08:45:28.364+0000] {subprocess.py:106} INFO - 
[2025-09-24T08:45:28.365+0000] {subprocess.py:106} INFO - #27 [api 4/5] RUN pip install --no-cache-dir -r requirements.txt
[2025-09-24T08:45:28.365+0000] {subprocess.py:106} INFO - #27 CACHED
[2025-09-24T08:45:28.366+0000] {subprocess.py:106} INFO - 
[2025-09-24T08:45:28.367+0000] {subprocess.py:106} INFO - #28 [api 2/5] WORKDIR /app
[2025-09-24T08:45:28.367+0000] {subprocess.py:106} INFO - #28 CACHED
[2025-09-24T08:45:28.367+0000] {subprocess.py:106} INFO - 
[2025-09-24T08:45:28.368+0000] {subprocess.py:106} INFO - #29 [api 5/5] COPY main.py .
[2025-09-24T08:45:28.370+0000] {subprocess.py:106} INFO - #29 CACHED
[2025-09-24T08:45:28.370+0000] {subprocess.py:106} INFO - 
[2025-09-24T08:45:28.371+0000] {subprocess.py:106} INFO - #23 [***-webserver] exporting to image
[2025-09-24T08:45:28.371+0000] {subprocess.py:106} INFO - #23 exporting layers 0.0s done
[2025-09-24T08:45:28.372+0000] {subprocess.py:106} INFO - #23 exporting manifest sha256:bad0bf9a8db32890ad8045476cfefd1bc14f143acdf22ef5c6d56595a7f3353a done
[2025-09-24T08:45:28.372+0000] {subprocess.py:106} INFO - #23 exporting config sha256:8214e94519fa00a221aedab120bea13f65720b04bb6d2b0d36b8230bc067a18e done
[2025-09-24T08:45:28.373+0000] {subprocess.py:106} INFO - #23 exporting attestation manifest sha256:e9b26c4f46270159b42515bc224a512fa0e8a493bc645b581a37016ac1a7893e
[2025-09-24T08:45:28.457+0000] {subprocess.py:106} INFO - #23 exporting attestation manifest sha256:e9b26c4f46270159b42515bc224a512fa0e8a493bc645b581a37016ac1a7893e 0.1s done
[2025-09-24T08:45:28.458+0000] {subprocess.py:106} INFO - #23 exporting manifest list sha256:fe4e4bc522eb53eebd50e2220b6f8b6da522d9044701c75f2442e0a83a2ba9ef 0.0s done
[2025-09-24T08:45:28.460+0000] {subprocess.py:106} INFO - #23 naming to docker.io/library/wine-***-webserver:latest done
[2025-09-24T08:45:28.462+0000] {subprocess.py:106} INFO - #23 unpacking to docker.io/library/wine-***-webserver:latest
[2025-09-24T08:45:28.622+0000] {subprocess.py:106} INFO - #23 ...
[2025-09-24T08:45:28.624+0000] {subprocess.py:106} INFO - 
[2025-09-24T08:45:28.626+0000] {subprocess.py:106} INFO - #30 [api] exporting to image
[2025-09-24T08:45:28.626+0000] {subprocess.py:106} INFO - #30 exporting layers done
[2025-09-24T08:45:28.628+0000] {subprocess.py:106} INFO - #30 exporting manifest sha256:1181bbbf188104c9b72cb7a4b2576a16324961a8a400b6cbb89476beb8892567 done
[2025-09-24T08:45:28.629+0000] {subprocess.py:106} INFO - #30 exporting config sha256:6aba02f92f2678889022da532e9cdcd4a3e3d2d98ebb364e58680ff23fa3269b done
[2025-09-24T08:45:28.630+0000] {subprocess.py:106} INFO - #30 exporting attestation manifest sha256:272f2dccf20012c0945a4c0987778e3cc51c093b70dc356898efe371b5d0936b 0.0s done
[2025-09-24T08:45:28.631+0000] {subprocess.py:106} INFO - #30 exporting manifest list sha256:d8409816202a84282e440871b104c7062316f6c2e5f7d36bd68024d4704d7180 0.0s done
[2025-09-24T08:45:28.632+0000] {subprocess.py:106} INFO - #30 naming to docker.io/library/wine-api:latest done
[2025-09-24T08:45:28.634+0000] {subprocess.py:106} INFO - #30 unpacking to docker.io/library/wine-api:latest 0.0s done
[2025-09-24T08:45:28.634+0000] {subprocess.py:106} INFO - #30 DONE 0.2s
[2025-09-24T08:45:28.638+0000] {subprocess.py:106} INFO - 
[2025-09-24T08:45:28.639+0000] {subprocess.py:106} INFO - #23 [***-webserver] exporting to image
[2025-09-24T08:45:28.639+0000] {subprocess.py:106} INFO - #23 unpacking to docker.io/library/wine-***-webserver:latest 0.1s done
[2025-09-24T08:45:28.725+0000] {subprocess.py:106} INFO - #23 DONE 0.4s
[2025-09-24T08:45:28.726+0000] {subprocess.py:106} INFO - 
[2025-09-24T08:45:28.727+0000] {subprocess.py:106} INFO - #31 [api] resolving provenance for metadata file
[2025-09-24T08:45:28.729+0000] {subprocess.py:106} INFO - #31 DONE 0.0s
[2025-09-24T08:45:28.730+0000] {subprocess.py:106} INFO - 
[2025-09-24T08:45:28.731+0000] {subprocess.py:106} INFO - #32 [***-scheduler] exporting to image
[2025-09-24T08:45:28.733+0000] {subprocess.py:106} INFO - #32 exporting layers 0.1s done
[2025-09-24T08:45:28.734+0000] {subprocess.py:106} INFO - #32 exporting manifest sha256:d220193b669c4746d9fd0f51fa9291f767e76d2a37d165b1f82ad809a6cd4f8b done
[2025-09-24T08:45:28.735+0000] {subprocess.py:106} INFO - #32 exporting config sha256:1f688f34aff1aeaf0b0a029fc3d07fe82acf01946ecec928a9682d8cdc1f5c2e done
[2025-09-24T08:45:28.740+0000] {subprocess.py:106} INFO - #32 exporting attestation manifest sha256:405d70ad2a6fc954ff861654f6c8c4ba4b7a0c09765392d45b9ec0a8aad7f06b 0.0s done
[2025-09-24T08:45:28.741+0000] {subprocess.py:106} INFO - #32 exporting manifest list sha256:340e933db7c5fa9413b9a8ed76c85c56fb77cc03b5770cf78a12a6954d0e03a6 0.0s done
[2025-09-24T08:45:28.743+0000] {subprocess.py:106} INFO - #32 naming to docker.io/library/wine-***-scheduler:latest done
[2025-09-24T08:45:28.745+0000] {subprocess.py:106} INFO - #32 unpacking to docker.io/library/wine-***-scheduler:latest 0.1s done
[2025-09-24T08:45:28.747+0000] {subprocess.py:106} INFO - #32 DONE 0.4s
[2025-09-24T08:45:28.905+0000] {subprocess.py:106} INFO - 
[2025-09-24T08:45:28.906+0000] {subprocess.py:106} INFO - #33 [app internal] load build definition from Dockerfile
[2025-09-24T08:45:28.906+0000] {subprocess.py:106} INFO - #33 transferring dockerfile: 232B 0.0s done
[2025-09-24T08:45:28.907+0000] {subprocess.py:106} INFO - #33 DONE 0.0s
[2025-09-24T08:45:28.908+0000] {subprocess.py:106} INFO - 
[2025-09-24T08:45:28.910+0000] {subprocess.py:106} INFO - #7 [app internal] load metadata for docker.io/library/python:3.10-slim
[2025-09-24T08:45:28.977+0000] {subprocess.py:106} INFO - #7 DONE 1.4s
[2025-09-24T08:45:29.099+0000] {subprocess.py:106} INFO - 
[2025-09-24T08:45:29.100+0000] {subprocess.py:106} INFO - #34 [app internal] load .dockerignore
[2025-09-24T08:45:29.101+0000] {subprocess.py:106} INFO - #34 transferring context: 2B done
[2025-09-24T08:45:29.102+0000] {subprocess.py:106} INFO - #34 DONE 0.0s
[2025-09-24T08:45:29.104+0000] {subprocess.py:106} INFO - 
[2025-09-24T08:45:29.107+0000] {subprocess.py:106} INFO - #25 [app 1/5] FROM docker.io/library/python:3.10-slim@sha256:f8081b61393cc16b2339d377bb523a5646cdd28fc6105612b3893c405d27f730
[2025-09-24T08:45:29.108+0000] {subprocess.py:106} INFO - #25 resolve docker.io/library/python:3.10-slim@sha256:f8081b61393cc16b2339d377bb523a5646cdd28fc6105612b3893c405d27f730 0.0s done
[2025-09-24T08:45:29.109+0000] {subprocess.py:106} INFO - #25 DONE 0.1s
[2025-09-24T08:45:29.110+0000] {subprocess.py:106} INFO - 
[2025-09-24T08:45:29.115+0000] {subprocess.py:106} INFO - #35 [app internal] load build context
[2025-09-24T08:45:29.116+0000] {subprocess.py:106} INFO - #35 transferring context: 63B done
[2025-09-24T08:45:29.117+0000] {subprocess.py:106} INFO - #35 DONE 0.0s
[2025-09-24T08:45:29.118+0000] {subprocess.py:106} INFO - 
[2025-09-24T08:45:29.119+0000] {subprocess.py:106} INFO - #28 [app 2/5] WORKDIR /app
[2025-09-24T08:45:29.120+0000] {subprocess.py:106} INFO - #28 CACHED
[2025-09-24T08:45:29.121+0000] {subprocess.py:106} INFO - 
[2025-09-24T08:45:29.122+0000] {subprocess.py:106} INFO - #36 [app 4/5] RUN pip install --no-cache-dir -r requirements.txt
[2025-09-24T08:45:29.123+0000] {subprocess.py:106} INFO - #36 CACHED
[2025-09-24T08:45:29.124+0000] {subprocess.py:106} INFO - 
[2025-09-24T08:45:29.124+0000] {subprocess.py:106} INFO - #37 [app 3/5] COPY requirements.txt .
[2025-09-24T08:45:29.125+0000] {subprocess.py:106} INFO - #37 CACHED
[2025-09-24T08:45:29.127+0000] {subprocess.py:106} INFO - 
[2025-09-24T08:45:29.128+0000] {subprocess.py:106} INFO - #38 [app 5/5] COPY app.py .
[2025-09-24T08:45:29.129+0000] {subprocess.py:106} INFO - #38 CACHED
[2025-09-24T08:45:29.211+0000] {subprocess.py:106} INFO - 
[2025-09-24T08:45:29.212+0000] {subprocess.py:106} INFO - #39 [app] exporting to image
[2025-09-24T08:45:29.214+0000] {subprocess.py:106} INFO - #39 exporting layers 0.0s done
[2025-09-24T08:45:29.214+0000] {subprocess.py:106} INFO - #39 exporting manifest sha256:ed39c8a1281e8641f8221aa358161ed4a853cfca766b2391723ef213149408a1 done
[2025-09-24T08:45:29.218+0000] {subprocess.py:106} INFO - #39 exporting config sha256:6f0abffb2ffefdf85f78ba18149c8f66629e2f426c54fc38cab1a328af33f1f1 0.0s done
[2025-09-24T08:45:29.219+0000] {subprocess.py:106} INFO - #39 exporting attestation manifest sha256:f2029384b0b01ad5a1cc229b30f41e349685dc5ac7fab41094abb09c049fd705 0.0s done
[2025-09-24T08:45:29.220+0000] {subprocess.py:106} INFO - #39 exporting manifest list sha256:3f3da08b01ee31e0cf43e105ba9c255e8c0b223be27b1b13b4af9234ebf8d099
[2025-09-24T08:45:29.332+0000] {subprocess.py:106} INFO - #39 exporting manifest list sha256:3f3da08b01ee31e0cf43e105ba9c255e8c0b223be27b1b13b4af9234ebf8d099 0.0s done
[2025-09-24T08:45:29.333+0000] {subprocess.py:106} INFO - #39 naming to docker.io/library/wine-app:latest done
[2025-09-24T08:45:29.334+0000] {subprocess.py:106} INFO - #39 unpacking to docker.io/library/wine-app:latest 0.0s done
[2025-09-24T08:45:29.335+0000] {subprocess.py:106} INFO - #39 DONE 0.2s
[2025-09-24T08:45:29.340+0000] {subprocess.py:106} INFO - 
[2025-09-24T08:45:29.345+0000] {subprocess.py:106} INFO - #40 [***-scheduler] resolving provenance for metadata file
[2025-09-24T08:45:29.461+0000] {subprocess.py:106} INFO - #40 DONE 0.1s
[2025-09-24T08:45:29.463+0000] {subprocess.py:106} INFO - 
[2025-09-24T08:45:29.464+0000] {subprocess.py:106} INFO - #41 [***-webserver] resolving provenance for metadata file
[2025-09-24T08:45:29.466+0000] {subprocess.py:106} INFO - #41 DONE 0.0s
[2025-09-24T08:45:29.466+0000] {subprocess.py:106} INFO - 
[2025-09-24T08:45:29.467+0000] {subprocess.py:106} INFO - #42 [app] resolving provenance for metadata file
[2025-09-24T08:45:29.475+0000] {subprocess.py:106} INFO - #42 DONE 0.0s
[2025-09-24T08:45:29.476+0000] {subprocess.py:106} INFO -  ***-init  Built
[2025-09-24T08:45:29.477+0000] {subprocess.py:106} INFO -  ***-scheduler  Built
[2025-09-24T08:45:29.477+0000] {subprocess.py:106} INFO -  ***-webserver  Built
[2025-09-24T08:45:29.479+0000] {subprocess.py:106} INFO -  api  Built
[2025-09-24T08:45:29.480+0000] {subprocess.py:106} INFO -  app  Built
[2025-09-24T08:45:29.545+0000] {subprocess.py:106} INFO -  Container wine-postgres-1  Running
[2025-09-24T08:45:29.546+0000] {subprocess.py:106} INFO -  Container wine-api-1  Recreate
[2025-09-24T08:45:29.547+0000] {subprocess.py:106} INFO -  Container wine-***-init-1  Recreate
[2025-09-24T08:45:29.784+0000] {subprocess.py:106} INFO -  Container wine-api-1  Recreated
[2025-09-24T08:45:29.787+0000] {subprocess.py:106} INFO -  Container wine-app-1  Recreate
[2025-09-24T08:45:30.259+0000] {subprocess.py:106} INFO -  Container wine-app-1  Recreated
[2025-09-24T08:45:30.723+0000] {subprocess.py:106} INFO -  Container wine-***-init-1  Recreated
[2025-09-24T08:45:30.725+0000] {subprocess.py:106} INFO -  Container wine-***-scheduler-1  Recreate
[2025-09-24T08:45:30.726+0000] {subprocess.py:106} INFO -  Container wine-***-webserver-1  Recreate
[2025-09-24T08:45:31.865+0000] {subprocess.py:106} INFO -  Container wine-***-scheduler-1  Recreated
[2025-09-24T08:45:31.887+0000] {subprocess.py:106} INFO -  Container wine-***-webserver-1  Recreated
[2025-09-24T08:45:32.076+0000] {subprocess.py:106} INFO -  Container wine-postgres-1  Waiting
[2025-09-24T08:45:32.078+0000] {subprocess.py:106} INFO -  Container wine-api-1  Starting
[2025-09-24T08:45:32.584+0000] {subprocess.py:106} INFO -  Container wine-postgres-1  Healthy
[2025-09-24T08:45:32.585+0000] {subprocess.py:106} INFO -  Container wine-***-init-1  Starting
[2025-09-24T08:45:32.597+0000] {subprocess.py:106} INFO - Error response from daemon: mounts denied:
[2025-09-24T08:45:32.599+0000] {subprocess.py:106} INFO - The path /opt/***/models is not shared from the host and is not known to Docker.
[2025-09-24T08:45:32.604+0000] {subprocess.py:106} INFO - You can configure shared paths from Docker -> Preferences... -> Resources -> File Sharing.
[2025-09-24T08:45:32.605+0000] {subprocess.py:106} INFO - See https://docs.docker.com/go/mac-file-sharing/ for more info.
[2025-09-24T08:45:32.606+0000] {subprocess.py:110} INFO - Command exited with return code 1
[2025-09-24T08:45:32.648+0000] {taskinstance.py:3310} ERROR - Task failed with exception
Traceback (most recent call last):
  File "/home/airflow/.local/lib/python3.11/site-packages/airflow/models/taskinstance.py", line 767, in _execute_task
    result = _execute_callable(context=context, **execute_callable_kwargs)
             ^^^^^^^^^^^^^^^^^^^^^^^^^^^^^^^^^^^^^^^^^^^^^^^^^^^^^^^^^^^^^
  File "/home/airflow/.local/lib/python3.11/site-packages/airflow/models/taskinstance.py", line 733, in _execute_callable
    return ExecutionCallableRunner(
           ^^^^^^^^^^^^^^^^^^^^^^^^
  File "/home/airflow/.local/lib/python3.11/site-packages/airflow/utils/operator_helpers.py", line 252, in run
    return self.func(*args, **kwargs)
           ^^^^^^^^^^^^^^^^^^^^^^^^^^
  File "/home/airflow/.local/lib/python3.11/site-packages/airflow/models/baseoperator.py", line 406, in wrapper
    return func(self, *args, **kwargs)
           ^^^^^^^^^^^^^^^^^^^^^^^^^^^
  File "/home/airflow/.local/lib/python3.11/site-packages/airflow/providers/standard/operators/bash.py", line 232, in execute
    raise AirflowException(
airflow.exceptions.AirflowException: Bash command failed. The command returned a non-zero exit code 1.
[2025-09-24T08:45:32.666+0000] {taskinstance.py:1225} INFO - Marking task as UP_FOR_RETRY. dag_id=wine_pipeline, task_id=stage3_deploy_compose, run_id=scheduled__2025-09-24T08:40:00+00:00, execution_date=20250924T084000, start_date=20250924T084526, end_date=20250924T084532
[2025-09-24T08:45:32.700+0000] {taskinstance.py:340} INFO - ::group::Post task execution logs
[2025-09-24T08:45:32.702+0000] {standard_task_runner.py:124} ERROR - Failed to execute job 18 for task stage3_deploy_compose (Bash command failed. The command returned a non-zero exit code 1.; 1491)
Traceback (most recent call last):
  File "/home/airflow/.local/lib/python3.11/site-packages/airflow/task/task_runner/standard_task_runner.py", line 117, in _start_by_fork
    ret = args.func(args, dag=self.dag)
          ^^^^^^^^^^^^^^^^^^^^^^^^^^^^^
  File "/home/airflow/.local/lib/python3.11/site-packages/airflow/cli/cli_config.py", line 49, in command
    return func(*args, **kwargs)
           ^^^^^^^^^^^^^^^^^^^^^
  File "/home/airflow/.local/lib/python3.11/site-packages/airflow/utils/cli.py", line 115, in wrapper
    return f(*args, **kwargs)
           ^^^^^^^^^^^^^^^^^^
  File "/home/airflow/.local/lib/python3.11/site-packages/airflow/cli/commands/task_command.py", line 483, in task_run
    task_return_code = _run_task_by_selected_method(args, _dag, ti)
                       ^^^^^^^^^^^^^^^^^^^^^^^^^^^^^^^^^^^^^^^^^^^^
  File "/home/airflow/.local/lib/python3.11/site-packages/airflow/cli/commands/task_command.py", line 256, in _run_task_by_selected_method
    return _run_raw_task(args, ti)
           ^^^^^^^^^^^^^^^^^^^^^^^
  File "/home/airflow/.local/lib/python3.11/site-packages/airflow/cli/commands/task_command.py", line 341, in _run_raw_task
    return ti._run_raw_task(
           ^^^^^^^^^^^^^^^^^
  File "/home/airflow/.local/lib/python3.11/site-packages/airflow/utils/session.py", line 97, in wrapper
    return func(*args, session=session, **kwargs)
           ^^^^^^^^^^^^^^^^^^^^^^^^^^^^^^^^^^^^^^
  File "/home/airflow/.local/lib/python3.11/site-packages/airflow/models/taskinstance.py", line 3004, in _run_raw_task
    return _run_raw_task(
           ^^^^^^^^^^^^^^
  File "/home/airflow/.local/lib/python3.11/site-packages/airflow/models/taskinstance.py", line 273, in _run_raw_task
    TaskInstance._execute_task_with_callbacks(
  File "/home/airflow/.local/lib/python3.11/site-packages/airflow/models/taskinstance.py", line 3158, in _execute_task_with_callbacks
    result = self._execute_task(context, task_orig)
             ^^^^^^^^^^^^^^^^^^^^^^^^^^^^^^^^^^^^^^
  File "/home/airflow/.local/lib/python3.11/site-packages/airflow/models/taskinstance.py", line 3182, in _execute_task
    return _execute_task(self, context, task_orig)
           ^^^^^^^^^^^^^^^^^^^^^^^^^^^^^^^^^^^^^^^
  File "/home/airflow/.local/lib/python3.11/site-packages/airflow/models/taskinstance.py", line 767, in _execute_task
    result = _execute_callable(context=context, **execute_callable_kwargs)
             ^^^^^^^^^^^^^^^^^^^^^^^^^^^^^^^^^^^^^^^^^^^^^^^^^^^^^^^^^^^^^
  File "/home/airflow/.local/lib/python3.11/site-packages/airflow/models/taskinstance.py", line 733, in _execute_callable
    return ExecutionCallableRunner(
           ^^^^^^^^^^^^^^^^^^^^^^^^
  File "/home/airflow/.local/lib/python3.11/site-packages/airflow/utils/operator_helpers.py", line 252, in run
    return self.func(*args, **kwargs)
           ^^^^^^^^^^^^^^^^^^^^^^^^^^
  File "/home/airflow/.local/lib/python3.11/site-packages/airflow/models/baseoperator.py", line 406, in wrapper
    return func(self, *args, **kwargs)
           ^^^^^^^^^^^^^^^^^^^^^^^^^^^
  File "/home/airflow/.local/lib/python3.11/site-packages/airflow/providers/standard/operators/bash.py", line 232, in execute
    raise AirflowException(
airflow.exceptions.AirflowException: Bash command failed. The command returned a non-zero exit code 1.
[2025-09-24T08:45:32.730+0000] {local_task_job_runner.py:266} INFO - Task exited with return code 1
[2025-09-24T08:45:32.763+0000] {taskinstance.py:3900} INFO - 0 downstream tasks scheduled from follow-on schedule check
[2025-09-24T08:45:32.769+0000] {local_task_job_runner.py:245} INFO - ::endgroup::
