[2025-09-24T08:42:13.052+0000] {local_task_job_runner.py:123} INFO - ::group::Pre task execution logs
[2025-09-24T08:42:13.079+0000] {taskinstance.py:2612} INFO - Dependencies all met for dep_context=non-requeueable deps ti=<TaskInstance: wine_pipeline.stage3_deploy_compose manual__2025-09-24T08:41:38.670448+00:00 [queued]>
[2025-09-24T08:42:13.092+0000] {taskinstance.py:2612} INFO - Dependencies all met for dep_context=requeueable deps ti=<TaskInstance: wine_pipeline.stage3_deploy_compose manual__2025-09-24T08:41:38.670448+00:00 [queued]>
[2025-09-24T08:42:13.093+0000] {taskinstance.py:2865} INFO - Starting attempt 1 of 4
[2025-09-24T08:42:13.108+0000] {taskinstance.py:2888} INFO - Executing <Task(BashOperator): stage3_deploy_compose> on 2025-09-24 08:41:38.670448+00:00
[2025-09-24T08:42:13.116+0000] {standard_task_runner.py:72} INFO - Started process 802 to run task
[2025-09-24T08:42:13.122+0000] {standard_task_runner.py:104} INFO - Running: ['***', 'tasks', 'run', 'wine_pipeline', 'stage3_deploy_compose', 'manual__2025-09-24T08:41:38.670448+00:00', '--job-id', '10', '--raw', '--subdir', 'DAGS_FOLDER/wine_pipeline.py', '--cfg-path', '/tmp/tmpgs_pmp_s']
[2025-09-24T08:42:13.127+0000] {standard_task_runner.py:105} INFO - Job 10: Subtask stage3_deploy_compose
[2025-09-24T08:42:13.205+0000] {task_command.py:467} INFO - Running <TaskInstance: wine_pipeline.stage3_deploy_compose manual__2025-09-24T08:41:38.670448+00:00 [running]> on host 995626deecfe
[2025-09-24T08:42:13.319+0000] {taskinstance.py:3131} INFO - Exporting env vars: AIRFLOW_CTX_DAG_OWNER='***' AIRFLOW_CTX_DAG_ID='wine_pipeline' AIRFLOW_CTX_TASK_ID='stage3_deploy_compose' AIRFLOW_CTX_EXECUTION_DATE='2025-09-24T08:41:38.670448+00:00' AIRFLOW_CTX_TRY_NUMBER='1' AIRFLOW_CTX_DAG_RUN_ID='manual__2025-09-24T08:41:38.670448+00:00'
[2025-09-24T08:42:13.320+0000] {taskinstance.py:731} INFO - ::endgroup::
[2025-09-24T08:42:13.339+0000] {subprocess.py:78} INFO - Tmp dir root location: /tmp
[2025-09-24T08:42:13.340+0000] {subprocess.py:88} INFO - Running command: ['/usr/bin/bash', '-c', 'docker compose -f /opt/***/code/deployment/docker-compose.yml up -d --build']
[2025-09-24T08:42:13.354+0000] {subprocess.py:99} INFO - Output:
[2025-09-24T08:42:13.876+0000] {subprocess.py:106} INFO - time="2025-09-24T08:42:13Z" level=warning msg="/opt/***/code/deployment/docker-compose.yml: the attribute `version` is obsolete, it will be ignored, please remove it to avoid potential confusion"
[2025-09-24T08:42:14.001+0000] {subprocess.py:106} INFO - time="2025-09-24T08:42:14Z" level=warning msg="Docker Compose is configured to build using Bake, but buildx isn't installed"
[2025-09-24T08:42:14.249+0000] {subprocess.py:106} INFO - #0 building with "default" instance using docker driver
[2025-09-24T08:42:14.250+0000] {subprocess.py:106} INFO - 
[2025-09-24T08:42:14.259+0000] {subprocess.py:106} INFO - #1 [***-init internal] load build definition from Dockerfile
[2025-09-24T08:42:14.260+0000] {subprocess.py:106} INFO - #1 transferring dockerfile: 386B 0.0s done
[2025-09-24T08:42:14.261+0000] {subprocess.py:106} INFO - #1 DONE 0.1s
[2025-09-24T08:42:14.264+0000] {subprocess.py:106} INFO - 
[2025-09-24T08:42:14.265+0000] {subprocess.py:106} INFO - #2 [api internal] load build definition from Dockerfile
[2025-09-24T08:42:14.267+0000] {subprocess.py:106} INFO - #2 transferring dockerfile: 264B 0.0s done
[2025-09-24T08:42:14.268+0000] {subprocess.py:106} INFO - #2 DONE 0.1s
[2025-09-24T08:42:14.269+0000] {subprocess.py:106} INFO - 
[2025-09-24T08:42:14.270+0000] {subprocess.py:106} INFO - #3 [api internal] load metadata for docker.io/library/python:3.10-slim
[2025-09-24T08:42:14.352+0000] {subprocess.py:106} INFO - #3 ...
[2025-09-24T08:42:14.354+0000] {subprocess.py:106} INFO - 
[2025-09-24T08:42:14.356+0000] {subprocess.py:106} INFO - #4 [***-init internal] load metadata for docker.io/apache/***:2.10.2-python3.11
[2025-09-24T08:42:14.357+0000] {subprocess.py:106} INFO - #4 DONE 0.0s
[2025-09-24T08:42:14.358+0000] {subprocess.py:106} INFO - 
[2025-09-24T08:42:14.358+0000] {subprocess.py:106} INFO - #5 [***-init internal] load .dockerignore
[2025-09-24T08:42:14.361+0000] {subprocess.py:106} INFO - #5 transferring context: 2B 0.0s done
[2025-09-24T08:42:14.361+0000] {subprocess.py:106} INFO - #5 DONE 0.1s
[2025-09-24T08:42:14.454+0000] {subprocess.py:106} INFO - 
[2025-09-24T08:42:14.456+0000] {subprocess.py:106} INFO - #6 [***-init 1/4] FROM docker.io/apache/***:2.10.2-python3.11@sha256:7c68d8ac3cf1b2c69eeb91da64c1578dc8376d33abf34267bf6e547d071cae39
[2025-09-24T08:42:14.458+0000] {subprocess.py:106} INFO - #6 resolve docker.io/apache/***:2.10.2-python3.11@sha256:7c68d8ac3cf1b2c69eeb91da64c1578dc8376d33abf34267bf6e547d071cae39 0.0s done
[2025-09-24T08:42:14.460+0000] {subprocess.py:106} INFO - #6 DONE 0.0s
[2025-09-24T08:42:14.462+0000] {subprocess.py:106} INFO - 
[2025-09-24T08:42:14.462+0000] {subprocess.py:106} INFO - #7 [***-init internal] load build context
[2025-09-24T08:42:14.606+0000] {subprocess.py:106} INFO - #7 transferring context: 137B 0.0s done
[2025-09-24T08:42:14.608+0000] {subprocess.py:106} INFO - #7 DONE 0.0s
[2025-09-24T08:42:14.609+0000] {subprocess.py:106} INFO - 
[2025-09-24T08:42:14.610+0000] {subprocess.py:106} INFO - #8 [***-init 2/4] COPY requirements.txt .
[2025-09-24T08:42:14.611+0000] {subprocess.py:106} INFO - #8 CACHED
[2025-09-24T08:42:14.613+0000] {subprocess.py:106} INFO - 
[2025-09-24T08:42:14.614+0000] {subprocess.py:106} INFO - #9 [***-init 3/4] RUN pip install --no-cache-dir -r requirements.txt
[2025-09-24T08:42:14.615+0000] {subprocess.py:106} INFO - #9 CACHED
[2025-09-24T08:42:14.616+0000] {subprocess.py:106} INFO - 
[2025-09-24T08:42:14.617+0000] {subprocess.py:106} INFO - #10 [***-init 4/4] RUN apt-get update && apt-get install -y docker.io docker-compose-plugin && rm -rf /var/lib/apt/lists/*
[2025-09-24T08:42:14.618+0000] {subprocess.py:106} INFO - #10 CACHED
[2025-09-24T08:42:14.619+0000] {subprocess.py:106} INFO - 
[2025-09-24T08:42:14.620+0000] {subprocess.py:106} INFO - #3 [api internal] load metadata for docker.io/library/python:3.10-slim
[2025-09-24T08:42:15.922+0000] {subprocess.py:106} INFO - #3 DONE 1.6s
[2025-09-24T08:42:15.925+0000] {subprocess.py:106} INFO - 
[2025-09-24T08:42:15.928+0000] {subprocess.py:106} INFO - #11 [api internal] load .dockerignore
[2025-09-24T08:42:15.930+0000] {subprocess.py:106} INFO - #11 transferring context: 2B 0.0s done
[2025-09-24T08:42:15.934+0000] {subprocess.py:106} INFO - #11 DONE 0.1s
[2025-09-24T08:42:15.936+0000] {subprocess.py:106} INFO - 
[2025-09-24T08:42:15.937+0000] {subprocess.py:106} INFO - #12 [***-init] exporting to image
[2025-09-24T08:42:15.939+0000] {subprocess.py:106} INFO - #12 exporting layers 0.0s done
[2025-09-24T08:42:15.940+0000] {subprocess.py:106} INFO - #12 exporting manifest sha256:3b6730eb1620bb781b42c0b6cc530ed634b0611b617e822aeaaa37bfabe012d2 0.5s done
[2025-09-24T08:42:15.941+0000] {subprocess.py:106} INFO - #12 exporting config sha256:c27e40ae84fb2db54ba8f998e6782c401c446e98e1b3f9e95cad4216e6d0e138 0.6s done
[2025-09-24T08:42:15.943+0000] {subprocess.py:106} INFO - #12 exporting attestation manifest sha256:ac7e700e79521f401d7ea51173ba43d717c1924af391f3a89978a2de8ba63516 0.0s done
[2025-09-24T08:42:15.943+0000] {subprocess.py:106} INFO - #12 exporting manifest list sha256:31029921b7d0975c136ce77226eecf88dd6f3dfef3c6d3dcd2d9a10141110037 0.0s done
[2025-09-24T08:42:15.944+0000] {subprocess.py:106} INFO - #12 naming to docker.io/library/wine-***-init:latest done
[2025-09-24T08:42:15.945+0000] {subprocess.py:106} INFO - #12 unpacking to docker.io/library/wine-***-init:latest 0.1s done
[2025-09-24T08:42:16.023+0000] {subprocess.py:106} INFO - #12 DONE 1.4s
[2025-09-24T08:42:16.024+0000] {subprocess.py:106} INFO - 
[2025-09-24T08:42:16.025+0000] {subprocess.py:106} INFO - #13 [api internal] load build context
[2025-09-24T08:42:16.029+0000] {subprocess.py:106} INFO - #13 transferring context: 833B 0.0s done
[2025-09-24T08:42:16.030+0000] {subprocess.py:106} INFO - #13 DONE 0.1s
[2025-09-24T08:42:16.031+0000] {subprocess.py:106} INFO - 
[2025-09-24T08:42:16.032+0000] {subprocess.py:106} INFO - #14 [api 1/5] FROM docker.io/library/python:3.10-slim@sha256:f8081b61393cc16b2339d377bb523a5646cdd28fc6105612b3893c405d27f730
[2025-09-24T08:42:16.033+0000] {subprocess.py:106} INFO - #14 resolve docker.io/library/python:3.10-slim@sha256:f8081b61393cc16b2339d377bb523a5646cdd28fc6105612b3893c405d27f730 0.1s done
[2025-09-24T08:42:16.034+0000] {subprocess.py:106} INFO - #14 DONE 0.1s
[2025-09-24T08:42:16.136+0000] {subprocess.py:106} INFO - 
[2025-09-24T08:42:16.138+0000] {subprocess.py:106} INFO - #15 [api 2/5] WORKDIR /app
[2025-09-24T08:42:16.139+0000] {subprocess.py:106} INFO - #15 CACHED
[2025-09-24T08:42:16.140+0000] {subprocess.py:106} INFO - 
[2025-09-24T08:42:16.141+0000] {subprocess.py:106} INFO - #16 [api 3/5] COPY requirements.txt .
[2025-09-24T08:42:16.143+0000] {subprocess.py:106} INFO - #16 CACHED
[2025-09-24T08:42:16.143+0000] {subprocess.py:106} INFO - 
[2025-09-24T08:42:16.144+0000] {subprocess.py:106} INFO - #17 [api 4/5] RUN pip install --no-cache-dir -r requirements.txt
[2025-09-24T08:42:16.145+0000] {subprocess.py:106} INFO - #17 CACHED
[2025-09-24T08:42:16.146+0000] {subprocess.py:106} INFO - 
[2025-09-24T08:42:16.147+0000] {subprocess.py:106} INFO - #18 [api 5/5] COPY main.py .
[2025-09-24T08:42:16.148+0000] {subprocess.py:106} INFO - #18 CACHED
[2025-09-24T08:42:16.149+0000] {subprocess.py:106} INFO - 
[2025-09-24T08:42:16.149+0000] {subprocess.py:106} INFO - #19 [api] exporting to image
[2025-09-24T08:42:16.150+0000] {subprocess.py:106} INFO - #19 exporting layers 0.0s done
[2025-09-24T08:42:16.151+0000] {subprocess.py:106} INFO - #19 exporting manifest sha256:1181bbbf188104c9b72cb7a4b2576a16324961a8a400b6cbb89476beb8892567 done
[2025-09-24T08:42:16.152+0000] {subprocess.py:106} INFO - #19 exporting config sha256:6aba02f92f2678889022da532e9cdcd4a3e3d2d98ebb364e58680ff23fa3269b done
[2025-09-24T08:42:16.153+0000] {subprocess.py:106} INFO - #19 exporting attestation manifest sha256:b9f179112b39f9c681de67abe4ced5cf5521c71a653321afa9e2843bd09a7258
[2025-09-24T08:42:16.279+0000] {subprocess.py:106} INFO - #19 exporting attestation manifest sha256:b9f179112b39f9c681de67abe4ced5cf5521c71a653321afa9e2843bd09a7258 0.1s done
[2025-09-24T08:42:16.280+0000] {subprocess.py:106} INFO - #19 exporting manifest list sha256:94967b2726794fc8be18693e76228fc38427d1752aa7a41590c006bdad23f152 0.0s done
[2025-09-24T08:42:16.280+0000] {subprocess.py:106} INFO - #19 naming to docker.io/library/wine-api:latest done
[2025-09-24T08:42:16.281+0000] {subprocess.py:106} INFO - #19 unpacking to docker.io/library/wine-api:latest 0.0s done
[2025-09-24T08:42:16.282+0000] {subprocess.py:106} INFO - #19 DONE 0.2s
[2025-09-24T08:42:16.657+0000] {subprocess.py:106} INFO - 
[2025-09-24T08:42:16.658+0000] {subprocess.py:106} INFO - #20 [api] resolving provenance for metadata file
[2025-09-24T08:42:16.789+0000] {subprocess.py:106} INFO - #20 DONE 0.0s
[2025-09-24T08:42:16.791+0000] {subprocess.py:106} INFO - 
[2025-09-24T08:42:16.795+0000] {subprocess.py:106} INFO - #21 [***-init] resolving provenance for metadata file
[2025-09-24T08:42:16.798+0000] {subprocess.py:106} INFO - #21 DONE 0.0s
[2025-09-24T08:42:16.893+0000] {subprocess.py:106} INFO - 
[2025-09-24T08:42:16.895+0000] {subprocess.py:106} INFO - #22 [app internal] load build definition from Dockerfile
[2025-09-24T08:42:16.897+0000] {subprocess.py:106} INFO - #22 transferring dockerfile: 232B 0.0s done
[2025-09-24T08:42:16.898+0000] {subprocess.py:106} INFO - #22 DONE 0.1s
[2025-09-24T08:42:16.900+0000] {subprocess.py:106} INFO - 
[2025-09-24T08:42:16.902+0000] {subprocess.py:106} INFO - #23 [***-scheduler internal] load build definition from Dockerfile
[2025-09-24T08:42:16.904+0000] {subprocess.py:106} INFO - #23 transferring dockerfile: 386B 0.0s done
[2025-09-24T08:42:16.905+0000] {subprocess.py:106} INFO - #23 DONE 0.1s
[2025-09-24T08:42:16.906+0000] {subprocess.py:106} INFO - 
[2025-09-24T08:42:16.909+0000] {subprocess.py:106} INFO - #3 [app internal] load metadata for docker.io/library/python:3.10-slim
[2025-09-24T08:42:16.993+0000] {subprocess.py:106} INFO - #3 ...
[2025-09-24T08:42:16.994+0000] {subprocess.py:106} INFO - 
[2025-09-24T08:42:16.995+0000] {subprocess.py:106} INFO - #24 [***-webserver internal] load build definition from Dockerfile
[2025-09-24T08:42:16.996+0000] {subprocess.py:106} INFO - #24 transferring dockerfile: 386B 0.0s done
[2025-09-24T08:42:16.997+0000] {subprocess.py:106} INFO - #24 DONE 0.1s
[2025-09-24T08:42:16.998+0000] {subprocess.py:106} INFO - 
[2025-09-24T08:42:17.000+0000] {subprocess.py:106} INFO - #4 [***-webserver internal] load metadata for docker.io/apache/***:2.10.2-python3.11
[2025-09-24T08:42:17.001+0000] {subprocess.py:106} INFO - #4 DONE 0.1s
[2025-09-24T08:42:17.122+0000] {subprocess.py:106} INFO - 
[2025-09-24T08:42:17.123+0000] {subprocess.py:106} INFO - #25 [***-scheduler internal] load .dockerignore
[2025-09-24T08:42:17.124+0000] {subprocess.py:106} INFO - #25 transferring context: 2B done
[2025-09-24T08:42:17.125+0000] {subprocess.py:106} INFO - #25 DONE 0.1s
[2025-09-24T08:42:17.126+0000] {subprocess.py:106} INFO - 
[2025-09-24T08:42:17.127+0000] {subprocess.py:106} INFO - #6 [***-scheduler 1/4] FROM docker.io/apache/***:2.10.2-python3.11@sha256:7c68d8ac3cf1b2c69eeb91da64c1578dc8376d33abf34267bf6e547d071cae39
[2025-09-24T08:42:17.129+0000] {subprocess.py:106} INFO - #6 resolve docker.io/apache/***:2.10.2-python3.11@sha256:7c68d8ac3cf1b2c69eeb91da64c1578dc8376d33abf34267bf6e547d071cae39 0.1s done
[2025-09-24T08:42:17.132+0000] {subprocess.py:106} INFO - #6 DONE 0.1s
[2025-09-24T08:42:17.133+0000] {subprocess.py:106} INFO - 
[2025-09-24T08:42:17.135+0000] {subprocess.py:106} INFO - #26 [***-webserver internal] load .dockerignore
[2025-09-24T08:42:17.136+0000] {subprocess.py:106} INFO - #26 transferring context: 2B done
[2025-09-24T08:42:17.138+0000] {subprocess.py:106} INFO - #26 DONE 0.1s
[2025-09-24T08:42:17.138+0000] {subprocess.py:106} INFO - 
[2025-09-24T08:42:17.140+0000] {subprocess.py:106} INFO - #27 [***-webserver internal] load build context
[2025-09-24T08:42:17.321+0000] {subprocess.py:106} INFO - #27 transferring context: 137B 0.0s done
[2025-09-24T08:42:17.322+0000] {subprocess.py:106} INFO - #27 DONE 0.1s
[2025-09-24T08:42:17.322+0000] {subprocess.py:106} INFO - 
[2025-09-24T08:42:17.324+0000] {subprocess.py:106} INFO - #3 [app internal] load metadata for docker.io/library/python:3.10-slim
[2025-09-24T08:42:17.325+0000] {subprocess.py:106} INFO - #3 DONE 1.9s
[2025-09-24T08:42:17.326+0000] {subprocess.py:106} INFO - 
[2025-09-24T08:42:17.327+0000] {subprocess.py:106} INFO - #28 [***-scheduler internal] load build context
[2025-09-24T08:42:17.328+0000] {subprocess.py:106} INFO - #28 transferring context: 137B 0.0s done
[2025-09-24T08:42:17.329+0000] {subprocess.py:106} INFO - #28 DONE 0.1s
[2025-09-24T08:42:17.468+0000] {subprocess.py:106} INFO - 
[2025-09-24T08:42:17.470+0000] {subprocess.py:106} INFO - #29 [***-webserver 4/4] RUN apt-get update && apt-get install -y docker.io docker-compose-plugin && rm -rf /var/lib/apt/lists/*
[2025-09-24T08:42:17.472+0000] {subprocess.py:106} INFO - #29 CACHED
[2025-09-24T08:42:17.571+0000] {subprocess.py:106} INFO - 
[2025-09-24T08:42:17.572+0000] {subprocess.py:106} INFO - #29 [***-scheduler 4/4] RUN apt-get update && apt-get install -y docker.io docker-compose-plugin && rm -rf /var/lib/apt/lists/*
[2025-09-24T08:42:17.574+0000] {subprocess.py:106} INFO - #29 CACHED
[2025-09-24T08:42:17.575+0000] {subprocess.py:106} INFO - 
[2025-09-24T08:42:17.576+0000] {subprocess.py:106} INFO - #30 [***-webserver] exporting to image
[2025-09-24T08:42:17.578+0000] {subprocess.py:106} INFO - #30 exporting layers 0.0s done
[2025-09-24T08:42:17.579+0000] {subprocess.py:106} INFO - #30 exporting manifest sha256:bad0bf9a8db32890ad8045476cfefd1bc14f143acdf22ef5c6d56595a7f3353a 0.0s done
[2025-09-24T08:42:17.579+0000] {subprocess.py:106} INFO - #30 exporting config sha256:8214e94519fa00a221aedab120bea13f65720b04bb6d2b0d36b8230bc067a18e
[2025-09-24T08:42:17.677+0000] {subprocess.py:106} INFO - #30 ...
[2025-09-24T08:42:17.680+0000] {subprocess.py:106} INFO - 
[2025-09-24T08:42:17.681+0000] {subprocess.py:106} INFO - #14 [app 1/5] FROM docker.io/library/python:3.10-slim@sha256:f8081b61393cc16b2339d377bb523a5646cdd28fc6105612b3893c405d27f730
[2025-09-24T08:42:17.682+0000] {subprocess.py:106} INFO - #14 resolve docker.io/library/python:3.10-slim@sha256:f8081b61393cc16b2339d377bb523a5646cdd28fc6105612b3893c405d27f730 0.1s done
[2025-09-24T08:42:17.682+0000] {subprocess.py:106} INFO - #14 DONE 0.1s
[2025-09-24T08:42:17.684+0000] {subprocess.py:106} INFO - 
[2025-09-24T08:42:17.684+0000] {subprocess.py:106} INFO - #31 [app internal] load .dockerignore
[2025-09-24T08:42:17.685+0000] {subprocess.py:106} INFO - #31 transferring context: 2B done
[2025-09-24T08:42:17.686+0000] {subprocess.py:106} INFO - #31 DONE 0.1s
[2025-09-24T08:42:17.687+0000] {subprocess.py:106} INFO - 
[2025-09-24T08:42:17.688+0000] {subprocess.py:106} INFO - #30 [***-webserver] exporting to image
[2025-09-24T08:42:17.688+0000] {subprocess.py:106} INFO - #30 exporting config sha256:8214e94519fa00a221aedab120bea13f65720b04bb6d2b0d36b8230bc067a18e 0.0s done
[2025-09-24T08:42:17.689+0000] {subprocess.py:106} INFO - #30 exporting attestation manifest sha256:b970e7556c3bde60990dfca82683e19fde9c4a1c01136b52836153df6bf6e1b2
[2025-09-24T08:42:17.819+0000] {subprocess.py:106} INFO - #30 ...
[2025-09-24T08:42:17.822+0000] {subprocess.py:106} INFO - 
[2025-09-24T08:42:17.824+0000] {subprocess.py:106} INFO - #32 [app 5/5] COPY app.py .
[2025-09-24T08:42:17.826+0000] {subprocess.py:106} INFO - #32 CACHED
[2025-09-24T08:42:17.829+0000] {subprocess.py:106} INFO - 
[2025-09-24T08:42:17.830+0000] {subprocess.py:106} INFO - #33 [app internal] load build context
[2025-09-24T08:42:17.834+0000] {subprocess.py:106} INFO - #33 transferring context: 1.90kB 0.0s done
[2025-09-24T08:42:17.835+0000] {subprocess.py:106} INFO - #33 DONE 0.1s
[2025-09-24T08:42:17.837+0000] {subprocess.py:106} INFO - 
[2025-09-24T08:42:17.838+0000] {subprocess.py:106} INFO - #30 [***-webserver] exporting to image
[2025-09-24T08:42:17.841+0000] {subprocess.py:106} INFO - #30 exporting attestation manifest sha256:b970e7556c3bde60990dfca82683e19fde9c4a1c01136b52836153df6bf6e1b2 0.1s done
[2025-09-24T08:42:17.842+0000] {subprocess.py:106} INFO - #30 exporting manifest list sha256:90fac9e5be9b40fad3cca3cd1f61d23ddd00858efb3108d93c406af5bc2a4b7d 0.0s done
[2025-09-24T08:42:17.843+0000] {subprocess.py:106} INFO - #30 naming to docker.io/library/wine-***-webserver:latest 0.0s done
[2025-09-24T08:42:17.846+0000] {subprocess.py:106} INFO - #30 unpacking to docker.io/library/wine-***-webserver:latest
[2025-09-24T08:42:17.977+0000] {subprocess.py:106} INFO - #30 ...
[2025-09-24T08:42:17.978+0000] {subprocess.py:106} INFO - 
[2025-09-24T08:42:17.979+0000] {subprocess.py:106} INFO - #34 [app] exporting to image
[2025-09-24T08:42:17.980+0000] {subprocess.py:106} INFO - #34 exporting layers done
[2025-09-24T08:42:17.982+0000] {subprocess.py:106} INFO - #34 exporting manifest sha256:ed39c8a1281e8641f8221aa358161ed4a853cfca766b2391723ef213149408a1 0.0s done
[2025-09-24T08:42:17.982+0000] {subprocess.py:106} INFO - #34 exporting config sha256:6f0abffb2ffefdf85f78ba18149c8f66629e2f426c54fc38cab1a328af33f1f1 0.0s done
[2025-09-24T08:42:17.984+0000] {subprocess.py:106} INFO - #34 exporting attestation manifest sha256:995319ed9c894c3cd0b566a5259414bbd1438afe7f713da5dd9c98708f6a58bd 0.0s done
[2025-09-24T08:42:17.984+0000] {subprocess.py:106} INFO - #34 exporting manifest list sha256:379aa57dbc267cbb0c4ce88ab7e4f0654575514c76507e2f30f25282ecd8da56 0.0s done
[2025-09-24T08:42:17.985+0000] {subprocess.py:106} INFO - #34 naming to docker.io/library/wine-app:latest done
[2025-09-24T08:42:17.986+0000] {subprocess.py:106} INFO - #34 unpacking to docker.io/library/wine-app:latest 0.0s done
[2025-09-24T08:42:17.986+0000] {subprocess.py:106} INFO - #34 DONE 0.3s
[2025-09-24T08:42:17.986+0000] {subprocess.py:106} INFO - 
[2025-09-24T08:42:17.988+0000] {subprocess.py:106} INFO - #30 [***-webserver] exporting to image
[2025-09-24T08:42:17.988+0000] {subprocess.py:106} INFO - #30 unpacking to docker.io/library/wine-***-webserver:latest 0.1s done
[2025-09-24T08:42:18.215+0000] {subprocess.py:106} INFO - #30 DONE 0.6s
[2025-09-24T08:42:18.216+0000] {subprocess.py:106} INFO - 
[2025-09-24T08:42:18.216+0000] {subprocess.py:106} INFO - #35 [***-scheduler] exporting to image
[2025-09-24T08:42:18.217+0000] {subprocess.py:106} INFO - #35 exporting layers 0.0s done
[2025-09-24T08:42:18.217+0000] {subprocess.py:106} INFO - #35 exporting manifest sha256:d220193b669c4746d9fd0f51fa9291f767e76d2a37d165b1f82ad809a6cd4f8b 0.0s done
[2025-09-24T08:42:18.218+0000] {subprocess.py:106} INFO - #35 exporting config sha256:1f688f34aff1aeaf0b0a029fc3d07fe82acf01946ecec928a9682d8cdc1f5c2e 0.0s done
[2025-09-24T08:42:18.218+0000] {subprocess.py:106} INFO - #35 exporting attestation manifest sha256:d5e06addf874deba044fd2b02879a89e4cc484989231ae1260a3b394753ee8af 0.1s done
[2025-09-24T08:42:18.219+0000] {subprocess.py:106} INFO - #35 exporting manifest list sha256:60cd37abfaee75e1cc2a96a55a4a0c1855089a58ca1911f69a12b7162ff4b7af 0.0s done
[2025-09-24T08:42:18.219+0000] {subprocess.py:106} INFO - #35 naming to docker.io/library/wine-***-scheduler:latest 0.0s done
[2025-09-24T08:42:18.220+0000] {subprocess.py:106} INFO - #35 unpacking to docker.io/library/wine-***-scheduler:latest 0.1s done
[2025-09-24T08:42:18.220+0000] {subprocess.py:106} INFO - #35 DONE 0.5s
[2025-09-24T08:42:18.353+0000] {subprocess.py:106} INFO - 
[2025-09-24T08:42:18.356+0000] {subprocess.py:106} INFO - #36 [app] resolving provenance for metadata file
[2025-09-24T08:42:18.530+0000] {subprocess.py:106} INFO - #36 DONE 0.0s
[2025-09-24T08:42:19.260+0000] {subprocess.py:106} INFO - 
[2025-09-24T08:42:19.264+0000] {subprocess.py:106} INFO - #37 [***-webserver] resolving provenance for metadata file
[2025-09-24T08:42:19.344+0000] {subprocess.py:106} INFO - #37 DONE 0.1s
[2025-09-24T08:42:19.346+0000] {subprocess.py:106} INFO - 
[2025-09-24T08:42:19.347+0000] {subprocess.py:106} INFO - #38 [***-scheduler] resolving provenance for metadata file
[2025-09-24T08:42:19.348+0000] {subprocess.py:106} INFO - #38 DONE 0.0s
[2025-09-24T08:42:19.351+0000] {subprocess.py:106} INFO -  ***-init  Built
[2025-09-24T08:42:19.354+0000] {subprocess.py:106} INFO -  ***-scheduler  Built
[2025-09-24T08:42:19.355+0000] {subprocess.py:106} INFO -  ***-webserver  Built
[2025-09-24T08:42:19.357+0000] {subprocess.py:106} INFO -  api  Built
[2025-09-24T08:42:19.358+0000] {subprocess.py:106} INFO -  app  Built
[2025-09-24T08:42:19.390+0000] {subprocess.py:106} INFO -  Container wine-postgres-1  Creating
[2025-09-24T08:42:19.392+0000] {subprocess.py:106} INFO -  Container wine-api-1  Recreate
[2025-09-24T08:42:19.511+0000] {subprocess.py:106} INFO -  Container wine-postgres-1  Error response from daemon: Conflict. The container name "/wine-postgres-1" is already in use by container "2bf2cc982ddbc1833d0a45a39e62f187fed660da9becb0d05be92c1294dab822". You have to remove (or rename) that container to be able to reuse that name.
[2025-09-24T08:42:19.513+0000] {subprocess.py:106} INFO - Error response from daemon: Conflict. The container name "/wine-postgres-1" is already in use by container "2bf2cc982ddbc1833d0a45a39e62f187fed660da9becb0d05be92c1294dab822". You have to remove (or rename) that container to be able to reuse that name.
[2025-09-24T08:42:19.519+0000] {subprocess.py:110} INFO - Command exited with return code 1
[2025-09-24T08:42:19.543+0000] {taskinstance.py:3310} ERROR - Task failed with exception
Traceback (most recent call last):
  File "/home/airflow/.local/lib/python3.11/site-packages/airflow/models/taskinstance.py", line 767, in _execute_task
    result = _execute_callable(context=context, **execute_callable_kwargs)
             ^^^^^^^^^^^^^^^^^^^^^^^^^^^^^^^^^^^^^^^^^^^^^^^^^^^^^^^^^^^^^
  File "/home/airflow/.local/lib/python3.11/site-packages/airflow/models/taskinstance.py", line 733, in _execute_callable
    return ExecutionCallableRunner(
           ^^^^^^^^^^^^^^^^^^^^^^^^
  File "/home/airflow/.local/lib/python3.11/site-packages/airflow/utils/operator_helpers.py", line 252, in run
    return self.func(*args, **kwargs)
           ^^^^^^^^^^^^^^^^^^^^^^^^^^
  File "/home/airflow/.local/lib/python3.11/site-packages/airflow/models/baseoperator.py", line 406, in wrapper
    return func(self, *args, **kwargs)
           ^^^^^^^^^^^^^^^^^^^^^^^^^^^
  File "/home/airflow/.local/lib/python3.11/site-packages/airflow/providers/standard/operators/bash.py", line 232, in execute
    raise AirflowException(
airflow.exceptions.AirflowException: Bash command failed. The command returned a non-zero exit code 1.
[2025-09-24T08:42:19.568+0000] {taskinstance.py:1225} INFO - Marking task as UP_FOR_RETRY. dag_id=wine_pipeline, task_id=stage3_deploy_compose, run_id=manual__2025-09-24T08:41:38.670448+00:00, execution_date=20250924T084138, start_date=20250924T084213, end_date=20250924T084219
[2025-09-24T08:42:19.637+0000] {taskinstance.py:340} INFO - ::group::Post task execution logs
[2025-09-24T08:42:19.638+0000] {standard_task_runner.py:124} ERROR - Failed to execute job 10 for task stage3_deploy_compose (Bash command failed. The command returned a non-zero exit code 1.; 802)
Traceback (most recent call last):
  File "/home/airflow/.local/lib/python3.11/site-packages/airflow/task/task_runner/standard_task_runner.py", line 117, in _start_by_fork
    ret = args.func(args, dag=self.dag)
          ^^^^^^^^^^^^^^^^^^^^^^^^^^^^^
  File "/home/airflow/.local/lib/python3.11/site-packages/airflow/cli/cli_config.py", line 49, in command
    return func(*args, **kwargs)
           ^^^^^^^^^^^^^^^^^^^^^
  File "/home/airflow/.local/lib/python3.11/site-packages/airflow/utils/cli.py", line 115, in wrapper
    return f(*args, **kwargs)
           ^^^^^^^^^^^^^^^^^^
  File "/home/airflow/.local/lib/python3.11/site-packages/airflow/cli/commands/task_command.py", line 483, in task_run
    task_return_code = _run_task_by_selected_method(args, _dag, ti)
                       ^^^^^^^^^^^^^^^^^^^^^^^^^^^^^^^^^^^^^^^^^^^^
  File "/home/airflow/.local/lib/python3.11/site-packages/airflow/cli/commands/task_command.py", line 256, in _run_task_by_selected_method
    return _run_raw_task(args, ti)
           ^^^^^^^^^^^^^^^^^^^^^^^
  File "/home/airflow/.local/lib/python3.11/site-packages/airflow/cli/commands/task_command.py", line 341, in _run_raw_task
    return ti._run_raw_task(
           ^^^^^^^^^^^^^^^^^
  File "/home/airflow/.local/lib/python3.11/site-packages/airflow/utils/session.py", line 97, in wrapper
    return func(*args, session=session, **kwargs)
           ^^^^^^^^^^^^^^^^^^^^^^^^^^^^^^^^^^^^^^
  File "/home/airflow/.local/lib/python3.11/site-packages/airflow/models/taskinstance.py", line 3004, in _run_raw_task
    return _run_raw_task(
           ^^^^^^^^^^^^^^
  File "/home/airflow/.local/lib/python3.11/site-packages/airflow/models/taskinstance.py", line 273, in _run_raw_task
    TaskInstance._execute_task_with_callbacks(
  File "/home/airflow/.local/lib/python3.11/site-packages/airflow/models/taskinstance.py", line 3158, in _execute_task_with_callbacks
    result = self._execute_task(context, task_orig)
             ^^^^^^^^^^^^^^^^^^^^^^^^^^^^^^^^^^^^^^
  File "/home/airflow/.local/lib/python3.11/site-packages/airflow/models/taskinstance.py", line 3182, in _execute_task
    return _execute_task(self, context, task_orig)
           ^^^^^^^^^^^^^^^^^^^^^^^^^^^^^^^^^^^^^^^
  File "/home/airflow/.local/lib/python3.11/site-packages/airflow/models/taskinstance.py", line 767, in _execute_task
    result = _execute_callable(context=context, **execute_callable_kwargs)
             ^^^^^^^^^^^^^^^^^^^^^^^^^^^^^^^^^^^^^^^^^^^^^^^^^^^^^^^^^^^^^
  File "/home/airflow/.local/lib/python3.11/site-packages/airflow/models/taskinstance.py", line 733, in _execute_callable
    return ExecutionCallableRunner(
           ^^^^^^^^^^^^^^^^^^^^^^^^
  File "/home/airflow/.local/lib/python3.11/site-packages/airflow/utils/operator_helpers.py", line 252, in run
    return self.func(*args, **kwargs)
           ^^^^^^^^^^^^^^^^^^^^^^^^^^
  File "/home/airflow/.local/lib/python3.11/site-packages/airflow/models/baseoperator.py", line 406, in wrapper
    return func(self, *args, **kwargs)
           ^^^^^^^^^^^^^^^^^^^^^^^^^^^
  File "/home/airflow/.local/lib/python3.11/site-packages/airflow/providers/standard/operators/bash.py", line 232, in execute
    raise AirflowException(
airflow.exceptions.AirflowException: Bash command failed. The command returned a non-zero exit code 1.
[2025-09-24T08:42:19.699+0000] {local_task_job_runner.py:266} INFO - Task exited with return code 1
[2025-09-24T08:42:19.737+0000] {taskinstance.py:3900} INFO - 0 downstream tasks scheduled from follow-on schedule check
[2025-09-24T08:42:19.742+0000] {local_task_job_runner.py:245} INFO - ::endgroup::
