[2025-09-24T08:45:46.782+0000] {local_task_job_runner.py:123} INFO - ::group::Pre task execution logs
[2025-09-24T08:45:46.808+0000] {taskinstance.py:2612} INFO - Dependencies all met for dep_context=non-requeueable deps ti=<TaskInstance: wine_pipeline.stage3_deploy_compose manual__2025-09-24T08:41:38.670448+00:00 [queued]>
[2025-09-24T08:45:46.822+0000] {taskinstance.py:2612} INFO - Dependencies all met for dep_context=requeueable deps ti=<TaskInstance: wine_pipeline.stage3_deploy_compose manual__2025-09-24T08:41:38.670448+00:00 [queued]>
[2025-09-24T08:45:46.823+0000] {taskinstance.py:2865} INFO - Starting attempt 4 of 4
[2025-09-24T08:45:46.844+0000] {taskinstance.py:2888} INFO - Executing <Task(BashOperator): stage3_deploy_compose> on 2025-09-24 08:41:38.670448+00:00
[2025-09-24T08:45:46.855+0000] {standard_task_runner.py:72} INFO - Started process 1533 to run task
[2025-09-24T08:45:46.859+0000] {standard_task_runner.py:104} INFO - Running: ['***', 'tasks', 'run', 'wine_pipeline', 'stage3_deploy_compose', 'manual__2025-09-24T08:41:38.670448+00:00', '--job-id', '19', '--raw', '--subdir', 'DAGS_FOLDER/wine_pipeline.py', '--cfg-path', '/tmp/tmprr2h7jdj']
[2025-09-24T08:45:46.863+0000] {standard_task_runner.py:105} INFO - Job 19: Subtask stage3_deploy_compose
[2025-09-24T08:45:46.948+0000] {task_command.py:467} INFO - Running <TaskInstance: wine_pipeline.stage3_deploy_compose manual__2025-09-24T08:41:38.670448+00:00 [running]> on host 995626deecfe
[2025-09-24T08:45:47.080+0000] {taskinstance.py:3131} INFO - Exporting env vars: AIRFLOW_CTX_DAG_OWNER='***' AIRFLOW_CTX_DAG_ID='wine_pipeline' AIRFLOW_CTX_TASK_ID='stage3_deploy_compose' AIRFLOW_CTX_EXECUTION_DATE='2025-09-24T08:41:38.670448+00:00' AIRFLOW_CTX_TRY_NUMBER='4' AIRFLOW_CTX_DAG_RUN_ID='manual__2025-09-24T08:41:38.670448+00:00'
[2025-09-24T08:45:47.082+0000] {taskinstance.py:731} INFO - ::endgroup::
[2025-09-24T08:45:47.100+0000] {subprocess.py:78} INFO - Tmp dir root location: /tmp
[2025-09-24T08:45:47.101+0000] {subprocess.py:88} INFO - Running command: ['/usr/bin/bash', '-c', 'docker compose -f /opt/***/code/deployment/docker-compose.yml up -d --build']
[2025-09-24T08:45:47.125+0000] {subprocess.py:99} INFO - Output:
[2025-09-24T08:45:47.297+0000] {subprocess.py:106} INFO - time="2025-09-24T08:45:47Z" level=warning msg="/opt/***/code/deployment/docker-compose.yml: the attribute `version` is obsolete, it will be ignored, please remove it to avoid potential confusion"
[2025-09-24T08:45:47.434+0000] {subprocess.py:106} INFO - time="2025-09-24T08:45:47Z" level=warning msg="Docker Compose is configured to build using Bake, but buildx isn't installed"
[2025-09-24T08:45:47.668+0000] {subprocess.py:106} INFO - #0 building with "default" instance using docker driver
[2025-09-24T08:45:47.669+0000] {subprocess.py:106} INFO - 
[2025-09-24T08:45:47.670+0000] {subprocess.py:106} INFO - #1 [api internal] load build definition from Dockerfile
[2025-09-24T08:45:47.671+0000] {subprocess.py:106} INFO - #1 transferring dockerfile: 264B done
[2025-09-24T08:45:47.671+0000] {subprocess.py:106} INFO - #1 DONE 0.0s
[2025-09-24T08:45:47.672+0000] {subprocess.py:106} INFO - 
[2025-09-24T08:45:47.673+0000] {subprocess.py:106} INFO - #2 [***-init internal] load build definition from Dockerfile
[2025-09-24T08:45:47.674+0000] {subprocess.py:106} INFO - #2 transferring dockerfile: 386B 0.0s done
[2025-09-24T08:45:47.675+0000] {subprocess.py:106} INFO - #2 DONE 0.0s
[2025-09-24T08:45:47.676+0000] {subprocess.py:106} INFO - 
[2025-09-24T08:45:47.677+0000] {subprocess.py:106} INFO - #3 [***-init internal] load metadata for docker.io/apache/***:2.10.2-python3.11
[2025-09-24T08:45:47.678+0000] {subprocess.py:106} INFO - #3 DONE 0.0s
[2025-09-24T08:45:47.678+0000] {subprocess.py:106} INFO - 
[2025-09-24T08:45:47.680+0000] {subprocess.py:106} INFO - #4 [***-init internal] load .dockerignore
[2025-09-24T08:45:47.681+0000] {subprocess.py:106} INFO - #4 transferring context: 2B done
[2025-09-24T08:45:47.681+0000] {subprocess.py:106} INFO - #4 DONE 0.0s
[2025-09-24T08:45:47.682+0000] {subprocess.py:106} INFO - 
[2025-09-24T08:45:47.683+0000] {subprocess.py:106} INFO - #5 [***-init 1/4] FROM docker.io/apache/***:2.10.2-python3.11@sha256:7c68d8ac3cf1b2c69eeb91da64c1578dc8376d33abf34267bf6e547d071cae39
[2025-09-24T08:45:47.684+0000] {subprocess.py:106} INFO - #5 resolve docker.io/apache/***:2.10.2-python3.11@sha256:7c68d8ac3cf1b2c69eeb91da64c1578dc8376d33abf34267bf6e547d071cae39 0.0s done
[2025-09-24T08:45:47.684+0000] {subprocess.py:106} INFO - #5 DONE 0.0s
[2025-09-24T08:45:47.685+0000] {subprocess.py:106} INFO - 
[2025-09-24T08:45:47.685+0000] {subprocess.py:106} INFO - #6 [***-init internal] load build context
[2025-09-24T08:45:47.797+0000] {subprocess.py:106} INFO - #6 transferring context: 37B done
[2025-09-24T08:45:47.800+0000] {subprocess.py:106} INFO - #6 DONE 0.0s
[2025-09-24T08:45:47.801+0000] {subprocess.py:106} INFO - 
[2025-09-24T08:45:47.802+0000] {subprocess.py:106} INFO - #7 [***-init 2/4] COPY requirements.txt .
[2025-09-24T08:45:47.804+0000] {subprocess.py:106} INFO - #7 CACHED
[2025-09-24T08:45:47.805+0000] {subprocess.py:106} INFO - 
[2025-09-24T08:45:47.806+0000] {subprocess.py:106} INFO - #8 [***-init 3/4] RUN pip install --no-cache-dir -r requirements.txt
[2025-09-24T08:45:47.808+0000] {subprocess.py:106} INFO - #8 CACHED
[2025-09-24T08:45:47.809+0000] {subprocess.py:106} INFO - 
[2025-09-24T08:45:47.810+0000] {subprocess.py:106} INFO - #9 [***-init 4/4] RUN apt-get update && apt-get install -y docker.io docker-compose-plugin && rm -rf /var/lib/apt/lists/*
[2025-09-24T08:45:47.810+0000] {subprocess.py:106} INFO - #9 CACHED
[2025-09-24T08:45:47.811+0000] {subprocess.py:106} INFO - 
[2025-09-24T08:45:47.813+0000] {subprocess.py:106} INFO - #10 [***-init] exporting to image
[2025-09-24T08:45:47.814+0000] {subprocess.py:106} INFO - #10 exporting layers 0.0s done
[2025-09-24T08:45:47.897+0000] {subprocess.py:106} INFO - #10 ...
[2025-09-24T08:45:47.899+0000] {subprocess.py:106} INFO - 
[2025-09-24T08:45:47.899+0000] {subprocess.py:106} INFO - #11 [api internal] load metadata for docker.io/library/python:3.10-slim
[2025-09-24T08:45:47.900+0000] {subprocess.py:106} INFO - #11 DONE 0.2s
[2025-09-24T08:45:47.901+0000] {subprocess.py:106} INFO - 
[2025-09-24T08:45:47.902+0000] {subprocess.py:106} INFO - #12 [api internal] load .dockerignore
[2025-09-24T08:45:47.903+0000] {subprocess.py:106} INFO - #12 transferring context: 2B done
[2025-09-24T08:45:47.904+0000] {subprocess.py:106} INFO - #12 DONE 0.0s
[2025-09-24T08:45:47.905+0000] {subprocess.py:106} INFO - 
[2025-09-24T08:45:47.906+0000] {subprocess.py:106} INFO - #13 [api internal] load build context
[2025-09-24T08:45:47.906+0000] {subprocess.py:106} INFO - #13 transferring context: 64B done
[2025-09-24T08:45:47.907+0000] {subprocess.py:106} INFO - #13 DONE 0.0s
[2025-09-24T08:45:47.908+0000] {subprocess.py:106} INFO - 
[2025-09-24T08:45:47.909+0000] {subprocess.py:106} INFO - #14 [api 1/5] FROM docker.io/library/python:3.10-slim@sha256:f8081b61393cc16b2339d377bb523a5646cdd28fc6105612b3893c405d27f730
[2025-09-24T08:45:47.909+0000] {subprocess.py:106} INFO - #14 resolve docker.io/library/python:3.10-slim@sha256:f8081b61393cc16b2339d377bb523a5646cdd28fc6105612b3893c405d27f730 0.1s done
[2025-09-24T08:45:47.910+0000] {subprocess.py:106} INFO - #14 DONE 0.1s
[2025-09-24T08:45:47.911+0000] {subprocess.py:106} INFO - 
[2025-09-24T08:45:47.911+0000] {subprocess.py:106} INFO - #15 [api 2/5] WORKDIR /app
[2025-09-24T08:45:47.912+0000] {subprocess.py:106} INFO - #15 CACHED
[2025-09-24T08:45:47.913+0000] {subprocess.py:106} INFO - 
[2025-09-24T08:45:47.913+0000] {subprocess.py:106} INFO - #16 [api 4/5] RUN pip install --no-cache-dir -r requirements.txt
[2025-09-24T08:45:47.916+0000] {subprocess.py:106} INFO - #16 CACHED
[2025-09-24T08:45:47.917+0000] {subprocess.py:106} INFO - 
[2025-09-24T08:45:47.918+0000] {subprocess.py:106} INFO - #17 [api 3/5] COPY requirements.txt .
[2025-09-24T08:45:47.919+0000] {subprocess.py:106} INFO - #17 CACHED
[2025-09-24T08:45:47.921+0000] {subprocess.py:106} INFO - 
[2025-09-24T08:45:47.921+0000] {subprocess.py:106} INFO - #18 [api 5/5] COPY main.py .
[2025-09-24T08:45:47.923+0000] {subprocess.py:106} INFO - #18 CACHED
[2025-09-24T08:45:47.924+0000] {subprocess.py:106} INFO - 
[2025-09-24T08:45:47.925+0000] {subprocess.py:106} INFO - #10 [***-init] exporting to image
[2025-09-24T08:45:47.926+0000] {subprocess.py:106} INFO - #10 exporting manifest sha256:3b6730eb1620bb781b42c0b6cc530ed634b0611b617e822aeaaa37bfabe012d2 done
[2025-09-24T08:45:47.927+0000] {subprocess.py:106} INFO - #10 exporting config sha256:c27e40ae84fb2db54ba8f998e6782c401c446e98e1b3f9e95cad4216e6d0e138 done
[2025-09-24T08:45:47.928+0000] {subprocess.py:106} INFO - #10 exporting attestation manifest sha256:c6d498f7ceb7642ab97914a020c119e3115ef34a7b2b4204ef957ed622fcf83c 0.0s done
[2025-09-24T08:45:47.928+0000] {subprocess.py:106} INFO - #10 exporting manifest list sha256:94b8723f8e74479dd558be90f19e5edb281cdcd7c227ce23f85055a636cabb8d 0.0s done
[2025-09-24T08:45:47.929+0000] {subprocess.py:106} INFO - #10 naming to docker.io/library/wine-***-init:latest done
[2025-09-24T08:45:47.931+0000] {subprocess.py:106} INFO - #10 unpacking to docker.io/library/wine-***-init:latest
[2025-09-24T08:45:48.104+0000] {subprocess.py:106} INFO - #10 unpacking to docker.io/library/wine-***-init:latest 0.1s done
[2025-09-24T08:45:48.217+0000] {subprocess.py:106} INFO - #10 ...
[2025-09-24T08:45:48.219+0000] {subprocess.py:106} INFO - 
[2025-09-24T08:45:48.221+0000] {subprocess.py:106} INFO - #19 [api] exporting to image
[2025-09-24T08:45:48.224+0000] {subprocess.py:106} INFO - #19 exporting layers done
[2025-09-24T08:45:48.227+0000] {subprocess.py:106} INFO - #19 exporting manifest sha256:1181bbbf188104c9b72cb7a4b2576a16324961a8a400b6cbb89476beb8892567 done
[2025-09-24T08:45:48.229+0000] {subprocess.py:106} INFO - #19 exporting config sha256:6aba02f92f2678889022da532e9cdcd4a3e3d2d98ebb364e58680ff23fa3269b done
[2025-09-24T08:45:48.230+0000] {subprocess.py:106} INFO - #19 exporting attestation manifest sha256:543b9c821da9dc482404f54ee943c8ce350f06056839adcfb455ebc4cafe561f 0.0s done
[2025-09-24T08:45:48.231+0000] {subprocess.py:106} INFO - #19 exporting manifest list sha256:fae6b6f0c05e8eba7a5129dab00dcfd0836d2fd9b54f0534977cd285f68f0b4e 0.0s done
[2025-09-24T08:45:48.232+0000] {subprocess.py:106} INFO - #19 naming to docker.io/library/wine-api:latest done
[2025-09-24T08:45:48.233+0000] {subprocess.py:106} INFO - #19 unpacking to docker.io/library/wine-api:latest 0.1s done
[2025-09-24T08:45:48.235+0000] {subprocess.py:106} INFO - #19 DONE 0.3s
[2025-09-24T08:45:48.389+0000] {subprocess.py:106} INFO - 
[2025-09-24T08:45:48.391+0000] {subprocess.py:106} INFO - #10 [***-init] exporting to image
[2025-09-24T08:45:48.399+0000] {subprocess.py:106} INFO - #10 DONE 0.5s
[2025-09-24T08:45:48.402+0000] {subprocess.py:106} INFO - 
[2025-09-24T08:45:48.408+0000] {subprocess.py:106} INFO - #20 [api] resolving provenance for metadata file
[2025-09-24T08:45:48.527+0000] {subprocess.py:106} INFO - #20 DONE 0.0s
[2025-09-24T08:45:48.775+0000] {subprocess.py:106} INFO - 
[2025-09-24T08:45:48.776+0000] {subprocess.py:106} INFO - #21 [app internal] load build definition from Dockerfile
[2025-09-24T08:45:48.777+0000] {subprocess.py:106} INFO - #21 transferring dockerfile: 232B 0.0s done
[2025-09-24T08:45:48.778+0000] {subprocess.py:106} INFO - #21 DONE 0.1s
[2025-09-24T08:45:48.778+0000] {subprocess.py:106} INFO - 
[2025-09-24T08:45:48.779+0000] {subprocess.py:106} INFO - #11 [app internal] load metadata for docker.io/library/python:3.10-slim
[2025-09-24T08:45:48.873+0000] {subprocess.py:106} INFO - #11 DONE 0.5s
[2025-09-24T08:45:48.976+0000] {subprocess.py:106} INFO - 
[2025-09-24T08:45:48.978+0000] {subprocess.py:106} INFO - #22 [app internal] load .dockerignore
[2025-09-24T08:45:48.980+0000] {subprocess.py:106} INFO - #22 transferring context: 2B done
[2025-09-24T08:45:48.984+0000] {subprocess.py:106} INFO - #22 DONE 0.0s
[2025-09-24T08:45:48.987+0000] {subprocess.py:106} INFO - 
[2025-09-24T08:45:48.992+0000] {subprocess.py:106} INFO - #23 [app internal] load build context
[2025-09-24T08:45:48.994+0000] {subprocess.py:106} INFO - #23 transferring context: 63B 0.0s done
[2025-09-24T08:45:48.998+0000] {subprocess.py:106} INFO - #23 DONE 0.0s
[2025-09-24T08:45:49.000+0000] {subprocess.py:106} INFO - 
[2025-09-24T08:45:49.003+0000] {subprocess.py:106} INFO - #24 [***-init] resolving provenance for metadata file
[2025-09-24T08:45:49.005+0000] {subprocess.py:106} INFO - #24 DONE 0.0s
[2025-09-24T08:45:49.006+0000] {subprocess.py:106} INFO - 
[2025-09-24T08:45:49.010+0000] {subprocess.py:106} INFO - #14 [app 1/5] FROM docker.io/library/python:3.10-slim@sha256:f8081b61393cc16b2339d377bb523a5646cdd28fc6105612b3893c405d27f730
[2025-09-24T08:45:49.016+0000] {subprocess.py:106} INFO - #14 resolve docker.io/library/python:3.10-slim@sha256:f8081b61393cc16b2339d377bb523a5646cdd28fc6105612b3893c405d27f730 0.1s done
[2025-09-24T08:45:49.024+0000] {subprocess.py:106} INFO - #14 DONE 0.1s
[2025-09-24T08:45:49.099+0000] {subprocess.py:106} INFO - 
[2025-09-24T08:45:49.104+0000] {subprocess.py:106} INFO - #25 [app 3/5] COPY requirements.txt .
[2025-09-24T08:45:49.114+0000] {subprocess.py:106} INFO - #25 CACHED
[2025-09-24T08:45:49.116+0000] {subprocess.py:106} INFO - 
[2025-09-24T08:45:49.123+0000] {subprocess.py:106} INFO - #26 [app 4/5] RUN pip install --no-cache-dir -r requirements.txt
[2025-09-24T08:45:49.126+0000] {subprocess.py:106} INFO - #26 CACHED
[2025-09-24T08:45:49.131+0000] {subprocess.py:106} INFO - 
[2025-09-24T08:45:49.133+0000] {subprocess.py:106} INFO - #15 [app 2/5] WORKDIR /app
[2025-09-24T08:45:49.138+0000] {subprocess.py:106} INFO - #15 CACHED
[2025-09-24T08:45:49.139+0000] {subprocess.py:106} INFO - 
[2025-09-24T08:45:49.141+0000] {subprocess.py:106} INFO - #27 [app 5/5] COPY app.py .
[2025-09-24T08:45:49.143+0000] {subprocess.py:106} INFO - #27 CACHED
[2025-09-24T08:45:49.145+0000] {subprocess.py:106} INFO - 
[2025-09-24T08:45:49.147+0000] {subprocess.py:106} INFO - #28 [app] exporting to image
[2025-09-24T08:45:49.148+0000] {subprocess.py:106} INFO - #28 exporting layers 0.0s done
[2025-09-24T08:45:49.150+0000] {subprocess.py:106} INFO - #28 exporting manifest sha256:ed39c8a1281e8641f8221aa358161ed4a853cfca766b2391723ef213149408a1 0.0s done
[2025-09-24T08:45:49.152+0000] {subprocess.py:106} INFO - #28 exporting config sha256:6f0abffb2ffefdf85f78ba18149c8f66629e2f426c54fc38cab1a328af33f1f1 done
[2025-09-24T08:45:49.156+0000] {subprocess.py:106} INFO - #28 exporting attestation manifest sha256:3020992122c06966cbdb58da375be87076d3bf8987a8cb3ec009799b6a5dcfca
[2025-09-24T08:45:49.203+0000] {subprocess.py:106} INFO - #28 ...
[2025-09-24T08:45:49.204+0000] {subprocess.py:106} INFO - 
[2025-09-24T08:45:49.206+0000] {subprocess.py:106} INFO - #29 [***-webserver internal] load build definition from Dockerfile
[2025-09-24T08:45:49.207+0000] {subprocess.py:106} INFO - #29 transferring dockerfile: 386B 0.0s done
[2025-09-24T08:45:49.208+0000] {subprocess.py:106} INFO - #29 DONE 0.0s
[2025-09-24T08:45:49.210+0000] {subprocess.py:106} INFO - 
[2025-09-24T08:45:49.211+0000] {subprocess.py:106} INFO - #30 [***-scheduler internal] load build definition from Dockerfile
[2025-09-24T08:45:49.214+0000] {subprocess.py:106} INFO - #30 transferring dockerfile: 386B 0.0s done
[2025-09-24T08:45:49.215+0000] {subprocess.py:106} INFO - #30 DONE 0.1s
[2025-09-24T08:45:49.216+0000] {subprocess.py:106} INFO - 
[2025-09-24T08:45:49.219+0000] {subprocess.py:106} INFO - #28 [app] exporting to image
[2025-09-24T08:45:49.223+0000] {subprocess.py:106} INFO - #28 exporting attestation manifest sha256:3020992122c06966cbdb58da375be87076d3bf8987a8cb3ec009799b6a5dcfca 0.1s done
[2025-09-24T08:45:49.226+0000] {subprocess.py:106} INFO - #28 exporting manifest list sha256:623ee4a67c0d4822c47182297517dcf476456c7886bb7a199fecd9676bd97fe8 0.0s done
[2025-09-24T08:45:49.227+0000] {subprocess.py:106} INFO - #28 naming to docker.io/library/wine-app:latest done
[2025-09-24T08:45:49.228+0000] {subprocess.py:106} INFO - #28 unpacking to docker.io/library/wine-app:latest 0.0s done
[2025-09-24T08:45:49.338+0000] {subprocess.py:106} INFO - #28 ...
[2025-09-24T08:45:49.340+0000] {subprocess.py:106} INFO - 
[2025-09-24T08:45:49.341+0000] {subprocess.py:106} INFO - #3 [***-scheduler internal] load metadata for docker.io/apache/***:2.10.2-python3.11
[2025-09-24T08:45:49.343+0000] {subprocess.py:106} INFO - #3 DONE 0.1s
[2025-09-24T08:45:49.344+0000] {subprocess.py:106} INFO - 
[2025-09-24T08:45:49.345+0000] {subprocess.py:106} INFO - #31 [***-webserver internal] load .dockerignore
[2025-09-24T08:45:49.346+0000] {subprocess.py:106} INFO - #31 transferring context: 2B 0.0s done
[2025-09-24T08:45:49.347+0000] {subprocess.py:106} INFO - #31 DONE 0.0s
[2025-09-24T08:45:49.353+0000] {subprocess.py:106} INFO - 
[2025-09-24T08:45:49.357+0000] {subprocess.py:106} INFO - #32 [***-scheduler internal] load .dockerignore
[2025-09-24T08:45:49.360+0000] {subprocess.py:106} INFO - #32 transferring context: 2B 0.0s done
[2025-09-24T08:45:49.362+0000] {subprocess.py:106} INFO - #32 DONE 0.0s
[2025-09-24T08:45:49.363+0000] {subprocess.py:106} INFO - 
[2025-09-24T08:45:49.365+0000] {subprocess.py:106} INFO - #33 [***-webserver internal] load build context
[2025-09-24T08:45:49.367+0000] {subprocess.py:106} INFO - #33 DONE 0.0s
[2025-09-24T08:45:49.372+0000] {subprocess.py:106} INFO - 
[2025-09-24T08:45:49.373+0000] {subprocess.py:106} INFO - #34 [***-scheduler internal] load build context
[2025-09-24T08:45:49.374+0000] {subprocess.py:106} INFO - #34 DONE 0.0s
[2025-09-24T08:45:49.553+0000] {subprocess.py:106} INFO - 
[2025-09-24T08:45:49.554+0000] {subprocess.py:106} INFO - #5 [***-webserver 1/4] FROM docker.io/apache/***:2.10.2-python3.11@sha256:7c68d8ac3cf1b2c69eeb91da64c1578dc8376d33abf34267bf6e547d071cae39
[2025-09-24T08:45:49.555+0000] {subprocess.py:106} INFO - #5 resolve docker.io/apache/***:2.10.2-python3.11@sha256:7c68d8ac3cf1b2c69eeb91da64c1578dc8376d33abf34267bf6e547d071cae39 0.1s done
[2025-09-24T08:45:49.556+0000] {subprocess.py:106} INFO - #5 DONE 0.1s
[2025-09-24T08:45:49.557+0000] {subprocess.py:106} INFO - 
[2025-09-24T08:45:49.557+0000] {subprocess.py:106} INFO - #28 [app] exporting to image
[2025-09-24T08:45:49.558+0000] {subprocess.py:106} INFO - #28 DONE 0.3s
[2025-09-24T08:45:49.559+0000] {subprocess.py:106} INFO - 
[2025-09-24T08:45:49.561+0000] {subprocess.py:106} INFO - #34 [***-scheduler internal] load build context
[2025-09-24T08:45:49.562+0000] {subprocess.py:106} INFO - #34 transferring context: 37B 0.0s done
[2025-09-24T08:45:49.563+0000] {subprocess.py:106} INFO - #34 DONE 0.0s
[2025-09-24T08:45:49.566+0000] {subprocess.py:106} INFO - 
[2025-09-24T08:45:49.567+0000] {subprocess.py:106} INFO - #33 [***-webserver internal] load build context
[2025-09-24T08:45:49.569+0000] {subprocess.py:106} INFO - #33 transferring context: 37B 0.0s done
[2025-09-24T08:45:49.571+0000] {subprocess.py:106} INFO - #33 DONE 0.0s
[2025-09-24T08:45:49.572+0000] {subprocess.py:106} INFO - 
[2025-09-24T08:45:49.574+0000] {subprocess.py:106} INFO - #35 [***-scheduler 2/4] COPY requirements.txt .
[2025-09-24T08:45:49.576+0000] {subprocess.py:106} INFO - #35 CACHED
[2025-09-24T08:45:49.578+0000] {subprocess.py:106} INFO - 
[2025-09-24T08:45:49.580+0000] {subprocess.py:106} INFO - #36 [***-scheduler 3/4] RUN pip install --no-cache-dir -r requirements.txt
[2025-09-24T08:45:49.581+0000] {subprocess.py:106} INFO - #36 CACHED
[2025-09-24T08:45:49.582+0000] {subprocess.py:106} INFO - 
[2025-09-24T08:45:49.583+0000] {subprocess.py:106} INFO - #37 [***-scheduler 4/4] RUN apt-get update && apt-get install -y docker.io docker-compose-plugin && rm -rf /var/lib/apt/lists/*
[2025-09-24T08:45:49.660+0000] {subprocess.py:106} INFO - #37 CACHED
[2025-09-24T08:45:49.661+0000] {subprocess.py:106} INFO - 
[2025-09-24T08:45:49.662+0000] {subprocess.py:106} INFO - #38 [***-webserver] exporting to image
[2025-09-24T08:45:49.771+0000] {subprocess.py:106} INFO - #38 exporting layers 0.1s done
[2025-09-24T08:45:49.775+0000] {subprocess.py:106} INFO - #38 exporting manifest sha256:bad0bf9a8db32890ad8045476cfefd1bc14f143acdf22ef5c6d56595a7f3353a done
[2025-09-24T08:45:49.776+0000] {subprocess.py:106} INFO - #38 exporting config sha256:8214e94519fa00a221aedab120bea13f65720b04bb6d2b0d36b8230bc067a18e done
[2025-09-24T08:45:49.779+0000] {subprocess.py:106} INFO - #38 exporting attestation manifest sha256:ab33cd08909d560b20e5b8aeb83515075d7554d0201b99da5bb405e908eb0231
[2025-09-24T08:45:49.900+0000] {subprocess.py:106} INFO - #38 ...
[2025-09-24T08:45:49.903+0000] {subprocess.py:106} INFO - 
[2025-09-24T08:45:49.906+0000] {subprocess.py:106} INFO - #39 [app] resolving provenance for metadata file
[2025-09-24T08:45:49.908+0000] {subprocess.py:106} INFO - #39 DONE 0.0s
[2025-09-24T08:45:49.912+0000] {subprocess.py:106} INFO - 
[2025-09-24T08:45:49.913+0000] {subprocess.py:106} INFO - #38 [***-webserver] exporting to image
[2025-09-24T08:45:49.917+0000] {subprocess.py:106} INFO - #38 exporting attestation manifest sha256:ab33cd08909d560b20e5b8aeb83515075d7554d0201b99da5bb405e908eb0231 0.1s done
[2025-09-24T08:45:49.918+0000] {subprocess.py:106} INFO - #38 exporting manifest list sha256:d30c8bbd3f84c917f84a08f4b610035a832436b9f4e531c44043d3c2ff8d71fd 0.0s done
[2025-09-24T08:45:49.919+0000] {subprocess.py:106} INFO - #38 naming to docker.io/library/wine-***-webserver:latest done
[2025-09-24T08:45:49.919+0000] {subprocess.py:106} INFO - #38 unpacking to docker.io/library/wine-***-webserver:latest
[2025-09-24T08:45:50.079+0000] {subprocess.py:106} INFO - #38 unpacking to docker.io/library/wine-***-webserver:latest 0.1s done
[2025-09-24T08:45:50.082+0000] {subprocess.py:106} INFO - #38 ...
[2025-09-24T08:45:50.084+0000] {subprocess.py:106} INFO - 
[2025-09-24T08:45:50.088+0000] {subprocess.py:106} INFO - #40 [***-scheduler] exporting to image
[2025-09-24T08:45:50.090+0000] {subprocess.py:106} INFO - #40 exporting layers 0.1s done
[2025-09-24T08:45:50.091+0000] {subprocess.py:106} INFO - #40 exporting manifest sha256:d220193b669c4746d9fd0f51fa9291f767e76d2a37d165b1f82ad809a6cd4f8b done
[2025-09-24T08:45:50.092+0000] {subprocess.py:106} INFO - #40 exporting config sha256:1f688f34aff1aeaf0b0a029fc3d07fe82acf01946ecec928a9682d8cdc1f5c2e done
[2025-09-24T08:45:50.095+0000] {subprocess.py:106} INFO - #40 exporting attestation manifest sha256:1a07f3fd194ffd335231fa6b8ffbc69c88ae6ab584e913c35d376ea8634a0580 0.0s done
[2025-09-24T08:45:50.096+0000] {subprocess.py:106} INFO - #40 exporting manifest list sha256:c260e2b0db0dae4d9af294736ccd81f8da93ee47c6a2ca09efb889257d891f2d 0.0s done
[2025-09-24T08:45:50.099+0000] {subprocess.py:106} INFO - #40 naming to docker.io/library/wine-***-scheduler:latest 0.0s done
[2025-09-24T08:45:50.100+0000] {subprocess.py:106} INFO - #40 unpacking to docker.io/library/wine-***-scheduler:latest 0.1s done
[2025-09-24T08:45:50.101+0000] {subprocess.py:106} INFO - #40 DONE 0.5s
[2025-09-24T08:45:50.247+0000] {subprocess.py:106} INFO - 
[2025-09-24T08:45:50.251+0000] {subprocess.py:106} INFO - #38 [***-webserver] exporting to image
[2025-09-24T08:45:50.252+0000] {subprocess.py:106} INFO - #38 DONE 0.5s
[2025-09-24T08:45:50.661+0000] {subprocess.py:106} INFO - 
[2025-09-24T08:45:50.663+0000] {subprocess.py:106} INFO - #41 [***-scheduler] resolving provenance for metadata file
[2025-09-24T08:45:50.741+0000] {subprocess.py:106} INFO - #41 DONE 0.1s
[2025-09-24T08:45:50.745+0000] {subprocess.py:106} INFO - 
[2025-09-24T08:45:50.746+0000] {subprocess.py:106} INFO - #42 [***-webserver] resolving provenance for metadata file
[2025-09-24T08:45:50.747+0000] {subprocess.py:106} INFO - #42 DONE 0.0s
[2025-09-24T08:45:50.750+0000] {subprocess.py:106} INFO -  ***-init  Built
[2025-09-24T08:45:50.754+0000] {subprocess.py:106} INFO -  ***-scheduler  Built
[2025-09-24T08:45:50.755+0000] {subprocess.py:106} INFO -  ***-webserver  Built
[2025-09-24T08:45:50.756+0000] {subprocess.py:106} INFO -  api  Built
[2025-09-24T08:45:50.757+0000] {subprocess.py:106} INFO -  app  Built
[2025-09-24T08:45:50.833+0000] {subprocess.py:106} INFO -  Container wine-postgres-1  Running
[2025-09-24T08:45:50.834+0000] {subprocess.py:106} INFO -  Container wine-***-init-1  Recreate
[2025-09-24T08:45:50.834+0000] {subprocess.py:106} INFO -  Container wine-api-1  Recreate
[2025-09-24T08:45:51.110+0000] {subprocess.py:106} INFO -  Container wine-api-1  Recreated
[2025-09-24T08:45:51.113+0000] {subprocess.py:106} INFO -  Container wine-app-1  Recreate
[2025-09-24T08:45:51.478+0000] {subprocess.py:106} INFO -  Container wine-app-1  Recreated
[2025-09-24T08:45:51.844+0000] {subprocess.py:106} INFO -  Container wine-***-init-1  Recreated
[2025-09-24T08:45:51.846+0000] {subprocess.py:106} INFO -  Container wine-***-webserver-1  Recreate
[2025-09-24T08:45:51.847+0000] {subprocess.py:106} INFO -  Container wine-***-scheduler-1  Recreate
[2025-09-24T08:45:53.342+0000] {subprocess.py:106} INFO -  Container wine-***-scheduler-1  Recreated
[2025-09-24T08:45:53.368+0000] {subprocess.py:106} INFO -  Container wine-***-webserver-1  Recreated
[2025-09-24T08:45:53.583+0000] {subprocess.py:106} INFO -  Container wine-api-1  Starting
[2025-09-24T08:45:53.584+0000] {subprocess.py:106} INFO -  Container wine-postgres-1  Waiting
[2025-09-24T08:45:54.095+0000] {subprocess.py:106} INFO -  Container wine-postgres-1  Healthy
[2025-09-24T08:45:54.097+0000] {subprocess.py:106} INFO -  Container wine-***-init-1  Starting
[2025-09-24T08:45:54.121+0000] {subprocess.py:106} INFO - Error response from daemon: mounts denied:
[2025-09-24T08:45:54.127+0000] {subprocess.py:106} INFO - The path /opt/***/models is not shared from the host and is not known to Docker.
[2025-09-24T08:45:54.130+0000] {subprocess.py:106} INFO - You can configure shared paths from Docker -> Preferences... -> Resources -> File Sharing.
[2025-09-24T08:45:54.133+0000] {subprocess.py:106} INFO - See https://docs.docker.com/go/mac-file-sharing/ for more info.
[2025-09-24T08:45:54.137+0000] {subprocess.py:110} INFO - Command exited with return code 1
[2025-09-24T08:45:54.267+0000] {taskinstance.py:3310} ERROR - Task failed with exception
Traceback (most recent call last):
  File "/home/airflow/.local/lib/python3.11/site-packages/airflow/models/taskinstance.py", line 767, in _execute_task
    result = _execute_callable(context=context, **execute_callable_kwargs)
             ^^^^^^^^^^^^^^^^^^^^^^^^^^^^^^^^^^^^^^^^^^^^^^^^^^^^^^^^^^^^^
  File "/home/airflow/.local/lib/python3.11/site-packages/airflow/models/taskinstance.py", line 733, in _execute_callable
    return ExecutionCallableRunner(
           ^^^^^^^^^^^^^^^^^^^^^^^^
  File "/home/airflow/.local/lib/python3.11/site-packages/airflow/utils/operator_helpers.py", line 252, in run
    return self.func(*args, **kwargs)
           ^^^^^^^^^^^^^^^^^^^^^^^^^^
  File "/home/airflow/.local/lib/python3.11/site-packages/airflow/models/baseoperator.py", line 406, in wrapper
    return func(self, *args, **kwargs)
           ^^^^^^^^^^^^^^^^^^^^^^^^^^^
  File "/home/airflow/.local/lib/python3.11/site-packages/airflow/providers/standard/operators/bash.py", line 232, in execute
    raise AirflowException(
airflow.exceptions.AirflowException: Bash command failed. The command returned a non-zero exit code 1.
[2025-09-24T08:45:54.282+0000] {taskinstance.py:1225} INFO - Marking task as FAILED. dag_id=wine_pipeline, task_id=stage3_deploy_compose, run_id=manual__2025-09-24T08:41:38.670448+00:00, execution_date=20250924T084138, start_date=20250924T084546, end_date=20250924T084554
[2025-09-24T08:45:54.350+0000] {taskinstance.py:340} INFO - ::group::Post task execution logs
[2025-09-24T08:45:54.354+0000] {standard_task_runner.py:124} ERROR - Failed to execute job 19 for task stage3_deploy_compose (Bash command failed. The command returned a non-zero exit code 1.; 1533)
Traceback (most recent call last):
  File "/home/airflow/.local/lib/python3.11/site-packages/airflow/task/task_runner/standard_task_runner.py", line 117, in _start_by_fork
    ret = args.func(args, dag=self.dag)
          ^^^^^^^^^^^^^^^^^^^^^^^^^^^^^
  File "/home/airflow/.local/lib/python3.11/site-packages/airflow/cli/cli_config.py", line 49, in command
    return func(*args, **kwargs)
           ^^^^^^^^^^^^^^^^^^^^^
  File "/home/airflow/.local/lib/python3.11/site-packages/airflow/utils/cli.py", line 115, in wrapper
    return f(*args, **kwargs)
           ^^^^^^^^^^^^^^^^^^
  File "/home/airflow/.local/lib/python3.11/site-packages/airflow/cli/commands/task_command.py", line 483, in task_run
    task_return_code = _run_task_by_selected_method(args, _dag, ti)
                       ^^^^^^^^^^^^^^^^^^^^^^^^^^^^^^^^^^^^^^^^^^^^
  File "/home/airflow/.local/lib/python3.11/site-packages/airflow/cli/commands/task_command.py", line 256, in _run_task_by_selected_method
    return _run_raw_task(args, ti)
           ^^^^^^^^^^^^^^^^^^^^^^^
  File "/home/airflow/.local/lib/python3.11/site-packages/airflow/cli/commands/task_command.py", line 341, in _run_raw_task
    return ti._run_raw_task(
           ^^^^^^^^^^^^^^^^^
  File "/home/airflow/.local/lib/python3.11/site-packages/airflow/utils/session.py", line 97, in wrapper
    return func(*args, session=session, **kwargs)
           ^^^^^^^^^^^^^^^^^^^^^^^^^^^^^^^^^^^^^^
  File "/home/airflow/.local/lib/python3.11/site-packages/airflow/models/taskinstance.py", line 3004, in _run_raw_task
    return _run_raw_task(
           ^^^^^^^^^^^^^^
  File "/home/airflow/.local/lib/python3.11/site-packages/airflow/models/taskinstance.py", line 273, in _run_raw_task
    TaskInstance._execute_task_with_callbacks(
  File "/home/airflow/.local/lib/python3.11/site-packages/airflow/models/taskinstance.py", line 3158, in _execute_task_with_callbacks
    result = self._execute_task(context, task_orig)
             ^^^^^^^^^^^^^^^^^^^^^^^^^^^^^^^^^^^^^^
  File "/home/airflow/.local/lib/python3.11/site-packages/airflow/models/taskinstance.py", line 3182, in _execute_task
    return _execute_task(self, context, task_orig)
           ^^^^^^^^^^^^^^^^^^^^^^^^^^^^^^^^^^^^^^^
  File "/home/airflow/.local/lib/python3.11/site-packages/airflow/models/taskinstance.py", line 767, in _execute_task
    result = _execute_callable(context=context, **execute_callable_kwargs)
             ^^^^^^^^^^^^^^^^^^^^^^^^^^^^^^^^^^^^^^^^^^^^^^^^^^^^^^^^^^^^^
  File "/home/airflow/.local/lib/python3.11/site-packages/airflow/models/taskinstance.py", line 733, in _execute_callable
    return ExecutionCallableRunner(
           ^^^^^^^^^^^^^^^^^^^^^^^^
  File "/home/airflow/.local/lib/python3.11/site-packages/airflow/utils/operator_helpers.py", line 252, in run
    return self.func(*args, **kwargs)
           ^^^^^^^^^^^^^^^^^^^^^^^^^^
  File "/home/airflow/.local/lib/python3.11/site-packages/airflow/models/baseoperator.py", line 406, in wrapper
    return func(self, *args, **kwargs)
           ^^^^^^^^^^^^^^^^^^^^^^^^^^^
  File "/home/airflow/.local/lib/python3.11/site-packages/airflow/providers/standard/operators/bash.py", line 232, in execute
    raise AirflowException(
airflow.exceptions.AirflowException: Bash command failed. The command returned a non-zero exit code 1.
[2025-09-24T08:45:54.417+0000] {local_task_job_runner.py:266} INFO - Task exited with return code 1
[2025-09-24T08:45:54.456+0000] {taskinstance.py:3900} INFO - 0 downstream tasks scheduled from follow-on schedule check
[2025-09-24T08:45:54.463+0000] {local_task_job_runner.py:245} INFO - ::endgroup::
