[2025-09-24T08:44:32.483+0000] {local_task_job_runner.py:123} INFO - ::group::Pre task execution logs
[2025-09-24T08:44:32.510+0000] {taskinstance.py:2612} INFO - Dependencies all met for dep_context=non-requeueable deps ti=<TaskInstance: wine_pipeline.stage3_deploy_compose manual__2025-09-24T08:41:38.670448+00:00 [queued]>
[2025-09-24T08:44:32.519+0000] {taskinstance.py:2612} INFO - Dependencies all met for dep_context=requeueable deps ti=<TaskInstance: wine_pipeline.stage3_deploy_compose manual__2025-09-24T08:41:38.670448+00:00 [queued]>
[2025-09-24T08:44:32.520+0000] {taskinstance.py:2865} INFO - Starting attempt 3 of 4
[2025-09-24T08:44:32.536+0000] {taskinstance.py:2888} INFO - Executing <Task(BashOperator): stage3_deploy_compose> on 2025-09-24 08:41:38.670448+00:00
[2025-09-24T08:44:32.545+0000] {standard_task_runner.py:72} INFO - Started process 1089 to run task
[2025-09-24T08:44:32.550+0000] {standard_task_runner.py:104} INFO - Running: ['***', 'tasks', 'run', 'wine_pipeline', 'stage3_deploy_compose', 'manual__2025-09-24T08:41:38.670448+00:00', '--job-id', '13', '--raw', '--subdir', 'DAGS_FOLDER/wine_pipeline.py', '--cfg-path', '/tmp/tmp6i9t5dc6']
[2025-09-24T08:44:32.554+0000] {standard_task_runner.py:105} INFO - Job 13: Subtask stage3_deploy_compose
[2025-09-24T08:44:32.650+0000] {task_command.py:467} INFO - Running <TaskInstance: wine_pipeline.stage3_deploy_compose manual__2025-09-24T08:41:38.670448+00:00 [running]> on host 995626deecfe
[2025-09-24T08:44:32.795+0000] {taskinstance.py:3131} INFO - Exporting env vars: AIRFLOW_CTX_DAG_OWNER='***' AIRFLOW_CTX_DAG_ID='wine_pipeline' AIRFLOW_CTX_TASK_ID='stage3_deploy_compose' AIRFLOW_CTX_EXECUTION_DATE='2025-09-24T08:41:38.670448+00:00' AIRFLOW_CTX_TRY_NUMBER='3' AIRFLOW_CTX_DAG_RUN_ID='manual__2025-09-24T08:41:38.670448+00:00'
[2025-09-24T08:44:32.796+0000] {taskinstance.py:731} INFO - ::endgroup::
[2025-09-24T08:44:32.818+0000] {subprocess.py:78} INFO - Tmp dir root location: /tmp
[2025-09-24T08:44:32.819+0000] {subprocess.py:88} INFO - Running command: ['/usr/bin/bash', '-c', 'docker compose -f /opt/***/code/deployment/docker-compose.yml up -d --build']
[2025-09-24T08:44:32.838+0000] {subprocess.py:99} INFO - Output:
[2025-09-24T08:44:32.994+0000] {subprocess.py:106} INFO - time="2025-09-24T08:44:32Z" level=warning msg="/opt/***/code/deployment/docker-compose.yml: the attribute `version` is obsolete, it will be ignored, please remove it to avoid potential confusion"
[2025-09-24T08:44:33.142+0000] {subprocess.py:106} INFO - time="2025-09-24T08:44:33Z" level=warning msg="Docker Compose is configured to build using Bake, but buildx isn't installed"
[2025-09-24T08:44:33.470+0000] {subprocess.py:106} INFO - #0 building with "default" instance using docker driver
[2025-09-24T08:44:33.471+0000] {subprocess.py:106} INFO - 
[2025-09-24T08:44:33.479+0000] {subprocess.py:106} INFO - #1 [***-init internal] load build definition from Dockerfile
[2025-09-24T08:44:33.485+0000] {subprocess.py:106} INFO - #1 transferring dockerfile: 386B 0.0s done
[2025-09-24T08:44:33.487+0000] {subprocess.py:106} INFO - #1 DONE 0.0s
[2025-09-24T08:44:33.488+0000] {subprocess.py:106} INFO - 
[2025-09-24T08:44:33.491+0000] {subprocess.py:106} INFO - #2 [api internal] load build definition from Dockerfile
[2025-09-24T08:44:33.492+0000] {subprocess.py:106} INFO - #2 transferring dockerfile: 264B 0.0s done
[2025-09-24T08:44:33.494+0000] {subprocess.py:106} INFO - #2 DONE 0.0s
[2025-09-24T08:44:33.495+0000] {subprocess.py:106} INFO - 
[2025-09-24T08:44:33.495+0000] {subprocess.py:106} INFO - #3 [***-init internal] load metadata for docker.io/apache/***:2.10.2-python3.11
[2025-09-24T08:44:33.496+0000] {subprocess.py:106} INFO - #3 DONE 0.1s
[2025-09-24T08:44:33.497+0000] {subprocess.py:106} INFO - 
[2025-09-24T08:44:33.499+0000] {subprocess.py:106} INFO - #4 [***-init internal] load .dockerignore
[2025-09-24T08:44:33.501+0000] {subprocess.py:106} INFO - #4 transferring context:
[2025-09-24T08:44:33.567+0000] {subprocess.py:106} INFO - #4 transferring context: 2B 0.0s done
[2025-09-24T08:44:33.568+0000] {subprocess.py:106} INFO - #4 DONE 0.0s
[2025-09-24T08:44:33.570+0000] {subprocess.py:106} INFO - 
[2025-09-24T08:44:33.570+0000] {subprocess.py:106} INFO - #5 [***-init 1/4] FROM docker.io/apache/***:2.10.2-python3.11@sha256:7c68d8ac3cf1b2c69eeb91da64c1578dc8376d33abf34267bf6e547d071cae39
[2025-09-24T08:44:33.572+0000] {subprocess.py:106} INFO - #5 resolve docker.io/apache/***:2.10.2-python3.11@sha256:7c68d8ac3cf1b2c69eeb91da64c1578dc8376d33abf34267bf6e547d071cae39 0.0s done
[2025-09-24T08:44:33.574+0000] {subprocess.py:106} INFO - #5 DONE 0.0s
[2025-09-24T08:44:33.576+0000] {subprocess.py:106} INFO - 
[2025-09-24T08:44:33.577+0000] {subprocess.py:106} INFO - #6 [***-init internal] load build context
[2025-09-24T08:44:33.675+0000] {subprocess.py:106} INFO - #6 transferring context: 37B done
[2025-09-24T08:44:33.676+0000] {subprocess.py:106} INFO - #6 DONE 0.0s
[2025-09-24T08:44:33.677+0000] {subprocess.py:106} INFO - 
[2025-09-24T08:44:33.678+0000] {subprocess.py:106} INFO - #7 [***-init 2/4] COPY requirements.txt .
[2025-09-24T08:44:33.680+0000] {subprocess.py:106} INFO - #7 CACHED
[2025-09-24T08:44:33.681+0000] {subprocess.py:106} INFO - 
[2025-09-24T08:44:33.682+0000] {subprocess.py:106} INFO - #8 [***-init 3/4] RUN pip install --no-cache-dir -r requirements.txt
[2025-09-24T08:44:33.684+0000] {subprocess.py:106} INFO - #8 CACHED
[2025-09-24T08:44:33.685+0000] {subprocess.py:106} INFO - 
[2025-09-24T08:44:33.685+0000] {subprocess.py:106} INFO - #9 [***-init 4/4] RUN apt-get update && apt-get install -y docker.io docker-compose-plugin && rm -rf /var/lib/apt/lists/*
[2025-09-24T08:44:33.686+0000] {subprocess.py:106} INFO - #9 CACHED
[2025-09-24T08:44:33.687+0000] {subprocess.py:106} INFO - 
[2025-09-24T08:44:33.688+0000] {subprocess.py:106} INFO - #10 [api internal] load metadata for docker.io/library/python:3.10-slim
[2025-09-24T08:44:34.160+0000] {subprocess.py:106} INFO - #10 DONE 0.7s
[2025-09-24T08:44:34.161+0000] {subprocess.py:106} INFO - 
[2025-09-24T08:44:34.165+0000] {subprocess.py:106} INFO - #11 [***-init] exporting to image
[2025-09-24T08:44:34.169+0000] {subprocess.py:106} INFO - #11 exporting layers 0.0s done
[2025-09-24T08:44:34.175+0000] {subprocess.py:106} INFO - #11 exporting manifest sha256:3b6730eb1620bb781b42c0b6cc530ed634b0611b617e822aeaaa37bfabe012d2 done
[2025-09-24T08:44:34.182+0000] {subprocess.py:106} INFO - #11 exporting config sha256:c27e40ae84fb2db54ba8f998e6782c401c446e98e1b3f9e95cad4216e6d0e138 done
[2025-09-24T08:44:34.183+0000] {subprocess.py:106} INFO - #11 exporting attestation manifest sha256:fd1fac6c57a100e6a6ba3aa430721299c2303b1c359488d2662a7f0981feef55 0.0s done
[2025-09-24T08:44:34.185+0000] {subprocess.py:106} INFO - #11 exporting manifest list sha256:2510e921de0ae9e26dc43c6c80db6175b8b6bf09ee57add0a364b39f9a8b1dab 0.0s done
[2025-09-24T08:44:34.187+0000] {subprocess.py:106} INFO - #11 naming to docker.io/library/wine-***-init:latest done
[2025-09-24T08:44:34.188+0000] {subprocess.py:106} INFO - #11 unpacking to docker.io/library/wine-***-init:latest 0.1s done
[2025-09-24T08:44:34.262+0000] {subprocess.py:106} INFO - #11 DONE 0.5s
[2025-09-24T08:44:34.265+0000] {subprocess.py:106} INFO - 
[2025-09-24T08:44:34.270+0000] {subprocess.py:106} INFO - #12 [api internal] load .dockerignore
[2025-09-24T08:44:34.273+0000] {subprocess.py:106} INFO - #12 transferring context: 2B 0.0s done
[2025-09-24T08:44:34.279+0000] {subprocess.py:106} INFO - #12 DONE 0.0s
[2025-09-24T08:44:34.283+0000] {subprocess.py:106} INFO - 
[2025-09-24T08:44:34.284+0000] {subprocess.py:106} INFO - #13 [api internal] load build context
[2025-09-24T08:44:34.404+0000] {subprocess.py:106} INFO - #13 transferring context: 64B 0.0s done
[2025-09-24T08:44:34.406+0000] {subprocess.py:106} INFO - #13 DONE 0.1s
[2025-09-24T08:44:34.410+0000] {subprocess.py:106} INFO - 
[2025-09-24T08:44:34.412+0000] {subprocess.py:106} INFO - #14 [api 1/5] FROM docker.io/library/python:3.10-slim@sha256:f8081b61393cc16b2339d377bb523a5646cdd28fc6105612b3893c405d27f730
[2025-09-24T08:44:34.414+0000] {subprocess.py:106} INFO - #14 resolve docker.io/library/python:3.10-slim@sha256:f8081b61393cc16b2339d377bb523a5646cdd28fc6105612b3893c405d27f730 0.1s done
[2025-09-24T08:44:34.418+0000] {subprocess.py:106} INFO - #14 DONE 0.1s
[2025-09-24T08:44:34.419+0000] {subprocess.py:106} INFO - 
[2025-09-24T08:44:34.419+0000] {subprocess.py:106} INFO - #15 [api 3/5] COPY requirements.txt .
[2025-09-24T08:44:34.421+0000] {subprocess.py:106} INFO - #15 CACHED
[2025-09-24T08:44:34.427+0000] {subprocess.py:106} INFO - 
[2025-09-24T08:44:34.428+0000] {subprocess.py:106} INFO - #16 [api 4/5] RUN pip install --no-cache-dir -r requirements.txt
[2025-09-24T08:44:34.431+0000] {subprocess.py:106} INFO - #16 CACHED
[2025-09-24T08:44:34.433+0000] {subprocess.py:106} INFO - 
[2025-09-24T08:44:34.434+0000] {subprocess.py:106} INFO - #17 [api 2/5] WORKDIR /app
[2025-09-24T08:44:34.437+0000] {subprocess.py:106} INFO - #17 CACHED
[2025-09-24T08:44:34.440+0000] {subprocess.py:106} INFO - 
[2025-09-24T08:44:34.442+0000] {subprocess.py:106} INFO - #18 [api 5/5] COPY main.py .
[2025-09-24T08:44:34.444+0000] {subprocess.py:106} INFO - #18 CACHED
[2025-09-24T08:44:34.446+0000] {subprocess.py:106} INFO - 
[2025-09-24T08:44:34.448+0000] {subprocess.py:106} INFO - #19 [api] exporting to image
[2025-09-24T08:44:34.450+0000] {subprocess.py:106} INFO - #19 exporting layers done
[2025-09-24T08:44:34.452+0000] {subprocess.py:106} INFO - #19 exporting manifest sha256:1181bbbf188104c9b72cb7a4b2576a16324961a8a400b6cbb89476beb8892567 done
[2025-09-24T08:44:34.457+0000] {subprocess.py:106} INFO - #19 exporting config sha256:6aba02f92f2678889022da532e9cdcd4a3e3d2d98ebb364e58680ff23fa3269b done
[2025-09-24T08:44:34.461+0000] {subprocess.py:106} INFO - #19 exporting attestation manifest sha256:6befca4d43bac3bacdcbf61ecbd9ff6b76dac0ca5f06cca9c90daf11a2f68ae5 0.0s done
[2025-09-24T08:44:34.468+0000] {subprocess.py:106} INFO - #19 exporting manifest list sha256:dda902c77c32f4e13a9ec70c642930fcb53ebbf1eb8a214c4b6514fc188602e9
[2025-09-24T08:44:34.596+0000] {subprocess.py:106} INFO - #19 exporting manifest list sha256:dda902c77c32f4e13a9ec70c642930fcb53ebbf1eb8a214c4b6514fc188602e9 0.0s done
[2025-09-24T08:44:34.598+0000] {subprocess.py:106} INFO - #19 naming to docker.io/library/wine-api:latest done
[2025-09-24T08:44:34.599+0000] {subprocess.py:106} INFO - #19 unpacking to docker.io/library/wine-api:latest 0.1s done
[2025-09-24T08:44:34.601+0000] {subprocess.py:106} INFO - #19 DONE 0.3s
[2025-09-24T08:44:34.725+0000] {subprocess.py:106} INFO - 
[2025-09-24T08:44:34.727+0000] {subprocess.py:106} INFO - #20 [api] resolving provenance for metadata file
[2025-09-24T08:44:34.828+0000] {subprocess.py:106} INFO - #20 DONE 0.0s
[2025-09-24T08:44:35.015+0000] {subprocess.py:106} INFO - 
[2025-09-24T08:44:35.017+0000] {subprocess.py:106} INFO - #21 [app internal] load build definition from Dockerfile
[2025-09-24T08:44:35.022+0000] {subprocess.py:106} INFO - #21 transferring dockerfile: 232B 0.0s done
[2025-09-24T08:44:35.023+0000] {subprocess.py:106} INFO - #21 DONE 0.0s
[2025-09-24T08:44:35.025+0000] {subprocess.py:106} INFO - 
[2025-09-24T08:44:35.027+0000] {subprocess.py:106} INFO - #22 [***-init] resolving provenance for metadata file
[2025-09-24T08:44:35.031+0000] {subprocess.py:106} INFO - #22 DONE 0.0s
[2025-09-24T08:44:35.036+0000] {subprocess.py:106} INFO - 
[2025-09-24T08:44:35.047+0000] {subprocess.py:106} INFO - #10 [app internal] load metadata for docker.io/library/python:3.10-slim
[2025-09-24T08:44:35.159+0000] {subprocess.py:106} INFO - #10 DONE 1.0s
[2025-09-24T08:44:35.162+0000] {subprocess.py:106} INFO - 
[2025-09-24T08:44:35.163+0000] {subprocess.py:106} INFO - #23 [***-webserver internal] load build definition from Dockerfile
[2025-09-24T08:44:35.165+0000] {subprocess.py:106} INFO - #23 transferring dockerfile: 386B 0.0s done
[2025-09-24T08:44:35.166+0000] {subprocess.py:106} INFO - #23 DONE 0.0s
[2025-09-24T08:44:35.168+0000] {subprocess.py:106} INFO - 
[2025-09-24T08:44:35.170+0000] {subprocess.py:106} INFO - #24 [***-scheduler internal] load build definition from Dockerfile
[2025-09-24T08:44:35.177+0000] {subprocess.py:106} INFO - #24 transferring dockerfile: 386B 0.0s done
[2025-09-24T08:44:35.183+0000] {subprocess.py:106} INFO - #24 DONE 0.0s
[2025-09-24T08:44:35.186+0000] {subprocess.py:106} INFO - 
[2025-09-24T08:44:35.189+0000] {subprocess.py:106} INFO - #3 [***-scheduler internal] load metadata for docker.io/apache/***:2.10.2-python3.11
[2025-09-24T08:44:35.271+0000] {subprocess.py:106} INFO - #3 DONE 0.2s
[2025-09-24T08:44:35.273+0000] {subprocess.py:106} INFO - 
[2025-09-24T08:44:35.277+0000] {subprocess.py:106} INFO - #25 [***-scheduler internal] load .dockerignore
[2025-09-24T08:44:35.278+0000] {subprocess.py:106} INFO - #25 transferring context: 2B 0.0s done
[2025-09-24T08:44:35.282+0000] {subprocess.py:106} INFO - #25 DONE 0.0s
[2025-09-24T08:44:35.284+0000] {subprocess.py:106} INFO - 
[2025-09-24T08:44:35.285+0000] {subprocess.py:106} INFO - #26 [app internal] load .dockerignore
[2025-09-24T08:44:35.286+0000] {subprocess.py:106} INFO - #26 transferring context: 2B done
[2025-09-24T08:44:35.292+0000] {subprocess.py:106} INFO - #26 DONE 0.0s
[2025-09-24T08:44:35.296+0000] {subprocess.py:106} INFO - 
[2025-09-24T08:44:35.299+0000] {subprocess.py:106} INFO - #27 [***-webserver internal] load .dockerignore
[2025-09-24T08:44:35.303+0000] {subprocess.py:106} INFO - #27 transferring context: 2B 0.0s done
[2025-09-24T08:44:35.304+0000] {subprocess.py:106} INFO - #27 DONE 0.0s
[2025-09-24T08:44:35.309+0000] {subprocess.py:106} INFO - 
[2025-09-24T08:44:35.311+0000] {subprocess.py:106} INFO - #28 [***-scheduler internal] load build context
[2025-09-24T08:44:35.313+0000] {subprocess.py:106} INFO - #28 DONE 0.0s
[2025-09-24T08:44:35.316+0000] {subprocess.py:106} INFO - 
[2025-09-24T08:44:35.319+0000] {subprocess.py:106} INFO - #29 [***-webserver internal] load build context
[2025-09-24T08:44:35.322+0000] {subprocess.py:106} INFO - #29 DONE 0.0s
[2025-09-24T08:44:35.324+0000] {subprocess.py:106} INFO - 
[2025-09-24T08:44:35.332+0000] {subprocess.py:106} INFO - #30 [app internal] load build context
[2025-09-24T08:44:35.336+0000] {subprocess.py:106} INFO - #30 transferring context: 63B 0.0s done
[2025-09-24T08:44:35.345+0000] {subprocess.py:106} INFO - #30 DONE 0.0s
[2025-09-24T08:44:35.348+0000] {subprocess.py:106} INFO - 
[2025-09-24T08:44:35.351+0000] {subprocess.py:106} INFO - #5 [***-webserver 1/4] FROM docker.io/apache/***:2.10.2-python3.11@sha256:7c68d8ac3cf1b2c69eeb91da64c1578dc8376d33abf34267bf6e547d071cae39
[2025-09-24T08:44:35.397+0000] {subprocess.py:106} INFO - #5 resolve docker.io/apache/***:2.10.2-python3.11@sha256:7c68d8ac3cf1b2c69eeb91da64c1578dc8376d33abf34267bf6e547d071cae39 0.1s done
[2025-09-24T08:44:35.399+0000] {subprocess.py:106} INFO - #5 DONE 0.1s
[2025-09-24T08:44:35.402+0000] {subprocess.py:106} INFO - 
[2025-09-24T08:44:35.409+0000] {subprocess.py:106} INFO - #14 [app 1/5] FROM docker.io/library/python:3.10-slim@sha256:f8081b61393cc16b2339d377bb523a5646cdd28fc6105612b3893c405d27f730
[2025-09-24T08:44:35.413+0000] {subprocess.py:106} INFO - #14 resolve docker.io/library/python:3.10-slim@sha256:f8081b61393cc16b2339d377bb523a5646cdd28fc6105612b3893c405d27f730 0.1s done
[2025-09-24T08:44:35.417+0000] {subprocess.py:106} INFO - #14 DONE 0.2s
[2025-09-24T08:44:35.422+0000] {subprocess.py:106} INFO - 
[2025-09-24T08:44:35.424+0000] {subprocess.py:106} INFO - #31 [app 3/5] COPY requirements.txt .
[2025-09-24T08:44:35.430+0000] {subprocess.py:106} INFO - #31 CACHED
[2025-09-24T08:44:35.433+0000] {subprocess.py:106} INFO - 
[2025-09-24T08:44:35.437+0000] {subprocess.py:106} INFO - #17 [app 2/5] WORKDIR /app
[2025-09-24T08:44:35.444+0000] {subprocess.py:106} INFO - #17 CACHED
[2025-09-24T08:44:35.449+0000] {subprocess.py:106} INFO - 
[2025-09-24T08:44:35.451+0000] {subprocess.py:106} INFO - #32 [app 4/5] RUN pip install --no-cache-dir -r requirements.txt
[2025-09-24T08:44:35.454+0000] {subprocess.py:106} INFO - #32 CACHED
[2025-09-24T08:44:35.457+0000] {subprocess.py:106} INFO - 
[2025-09-24T08:44:35.460+0000] {subprocess.py:106} INFO - #33 [app 5/5] COPY app.py .
[2025-09-24T08:44:35.462+0000] {subprocess.py:106} INFO - #33 CACHED
[2025-09-24T08:44:35.465+0000] {subprocess.py:106} INFO - 
[2025-09-24T08:44:35.467+0000] {subprocess.py:106} INFO - #29 [***-webserver internal] load build context
[2025-09-24T08:44:35.580+0000] {subprocess.py:106} INFO - #29 transferring context: 37B 0.0s done
[2025-09-24T08:44:35.583+0000] {subprocess.py:106} INFO - #29 DONE 0.0s
[2025-09-24T08:44:35.585+0000] {subprocess.py:106} INFO - 
[2025-09-24T08:44:35.586+0000] {subprocess.py:106} INFO - #28 [***-scheduler internal] load build context
[2025-09-24T08:44:35.594+0000] {subprocess.py:106} INFO - #28 transferring context: 37B 0.0s done
[2025-09-24T08:44:35.599+0000] {subprocess.py:106} INFO - #28 DONE 0.0s
[2025-09-24T08:44:35.600+0000] {subprocess.py:106} INFO - 
[2025-09-24T08:44:35.606+0000] {subprocess.py:106} INFO - #34 [app] exporting to image
[2025-09-24T08:44:35.609+0000] {subprocess.py:106} INFO - #34 exporting layers 0.0s done
[2025-09-24T08:44:35.612+0000] {subprocess.py:106} INFO - #34 exporting manifest sha256:ed39c8a1281e8641f8221aa358161ed4a853cfca766b2391723ef213149408a1 done
[2025-09-24T08:44:35.614+0000] {subprocess.py:106} INFO - #34 exporting config sha256:6f0abffb2ffefdf85f78ba18149c8f66629e2f426c54fc38cab1a328af33f1f1 done
[2025-09-24T08:44:35.616+0000] {subprocess.py:106} INFO - #34 exporting attestation manifest sha256:3456fcb2322965565270e2271165a5e0e6fcb679de2dcc7d3bca0bab3b0a1079 0.1s done
[2025-09-24T08:44:35.619+0000] {subprocess.py:106} INFO - #34 exporting manifest list sha256:f94b90f328fb4ce484b401997d295459d15324f6cf11635b8d407b815c58cc41 0.0s done
[2025-09-24T08:44:35.622+0000] {subprocess.py:106} INFO - #34 naming to docker.io/library/wine-app:latest done
[2025-09-24T08:44:35.624+0000] {subprocess.py:106} INFO - #34 unpacking to docker.io/library/wine-app:latest 0.0s done
[2025-09-24T08:44:35.626+0000] {subprocess.py:106} INFO - #34 DONE 0.3s
[2025-09-24T08:44:35.718+0000] {subprocess.py:106} INFO - 
[2025-09-24T08:44:35.720+0000] {subprocess.py:106} INFO - #35 [***-webserver 2/4] COPY requirements.txt .
[2025-09-24T08:44:35.722+0000] {subprocess.py:106} INFO - #35 CACHED
[2025-09-24T08:44:35.724+0000] {subprocess.py:106} INFO - 
[2025-09-24T08:44:35.726+0000] {subprocess.py:106} INFO - #36 [***-webserver 3/4] RUN pip install --no-cache-dir -r requirements.txt
[2025-09-24T08:44:35.727+0000] {subprocess.py:106} INFO - #36 CACHED
[2025-09-24T08:44:35.728+0000] {subprocess.py:106} INFO - 
[2025-09-24T08:44:35.729+0000] {subprocess.py:106} INFO - #37 [***-webserver 4/4] RUN apt-get update && apt-get install -y docker.io docker-compose-plugin && rm -rf /var/lib/apt/lists/*
[2025-09-24T08:44:35.730+0000] {subprocess.py:106} INFO - #37 CACHED
[2025-09-24T08:44:35.831+0000] {subprocess.py:106} INFO - 
[2025-09-24T08:44:35.833+0000] {subprocess.py:106} INFO - #37 [***-scheduler 4/4] RUN apt-get update && apt-get install -y docker.io docker-compose-plugin && rm -rf /var/lib/apt/lists/*
[2025-09-24T08:44:35.834+0000] {subprocess.py:106} INFO - #37 CACHED
[2025-09-24T08:44:35.837+0000] {subprocess.py:106} INFO - 
[2025-09-24T08:44:35.843+0000] {subprocess.py:106} INFO - #38 [***-webserver] exporting to image
[2025-09-24T08:44:35.848+0000] {subprocess.py:106} INFO - #38 exporting layers 0.1s done
[2025-09-24T08:44:35.856+0000] {subprocess.py:106} INFO - #38 exporting manifest sha256:bad0bf9a8db32890ad8045476cfefd1bc14f143acdf22ef5c6d56595a7f3353a done
[2025-09-24T08:44:35.857+0000] {subprocess.py:106} INFO - #38 exporting config sha256:8214e94519fa00a221aedab120bea13f65720b04bb6d2b0d36b8230bc067a18e done
[2025-09-24T08:44:35.859+0000] {subprocess.py:106} INFO - #38 exporting attestation manifest sha256:a74edc8700a6b5d4bb3093d6ac5ff27a54bfbba3c037ca166cc0c16eaf716dca
[2025-09-24T08:44:35.943+0000] {subprocess.py:106} INFO - #38 exporting attestation manifest sha256:a74edc8700a6b5d4bb3093d6ac5ff27a54bfbba3c037ca166cc0c16eaf716dca 0.1s done
[2025-09-24T08:44:35.944+0000] {subprocess.py:106} INFO - #38 exporting manifest list sha256:07b5d18c46196c1e2e789bee2f04573b740101120ecb386eae423370604940f7
[2025-09-24T08:44:36.051+0000] {subprocess.py:106} INFO - #38 exporting manifest list sha256:07b5d18c46196c1e2e789bee2f04573b740101120ecb386eae423370604940f7 0.0s done
[2025-09-24T08:44:36.055+0000] {subprocess.py:106} INFO - #38 naming to docker.io/library/wine-***-webserver:latest 0.0s done
[2025-09-24T08:44:36.063+0000] {subprocess.py:106} INFO - #38 unpacking to docker.io/library/wine-***-webserver:latest
[2025-09-24T08:44:36.218+0000] {subprocess.py:106} INFO - #38 ...
[2025-09-24T08:44:36.221+0000] {subprocess.py:106} INFO - 
[2025-09-24T08:44:36.223+0000] {subprocess.py:106} INFO - #39 [app] resolving provenance for metadata file
[2025-09-24T08:44:36.226+0000] {subprocess.py:106} INFO - #39 DONE 0.0s
[2025-09-24T08:44:36.227+0000] {subprocess.py:106} INFO - 
[2025-09-24T08:44:36.231+0000] {subprocess.py:106} INFO - #38 [***-webserver] exporting to image
[2025-09-24T08:44:36.232+0000] {subprocess.py:106} INFO - #38 unpacking to docker.io/library/wine-***-webserver:latest 0.2s done
[2025-09-24T08:44:36.414+0000] {subprocess.py:106} INFO - #38 DONE 0.7s
[2025-09-24T08:44:36.416+0000] {subprocess.py:106} INFO - 
[2025-09-24T08:44:36.417+0000] {subprocess.py:106} INFO - #40 [***-scheduler] exporting to image
[2025-09-24T08:44:36.419+0000] {subprocess.py:106} INFO - #40 exporting layers 0.1s done
[2025-09-24T08:44:36.421+0000] {subprocess.py:106} INFO - #40 exporting manifest sha256:d220193b669c4746d9fd0f51fa9291f767e76d2a37d165b1f82ad809a6cd4f8b done
[2025-09-24T08:44:36.423+0000] {subprocess.py:106} INFO - #40 exporting config sha256:1f688f34aff1aeaf0b0a029fc3d07fe82acf01946ecec928a9682d8cdc1f5c2e 0.0s done
[2025-09-24T08:44:36.426+0000] {subprocess.py:106} INFO - #40 exporting attestation manifest sha256:089392185452f22bc9634c357eb4ac1e9a312c386820d815b0846c12b63ae815 0.1s done
[2025-09-24T08:44:36.429+0000] {subprocess.py:106} INFO - #40 exporting manifest list sha256:f94f159003cc55e2307d8a5aca4dc6fc6bfb86e15f87085d9102a2407cb85da5 0.0s done
[2025-09-24T08:44:36.430+0000] {subprocess.py:106} INFO - #40 naming to docker.io/library/wine-***-scheduler:latest done
[2025-09-24T08:44:36.432+0000] {subprocess.py:106} INFO - #40 unpacking to docker.io/library/wine-***-scheduler:latest 0.1s done
[2025-09-24T08:44:36.619+0000] {subprocess.py:106} INFO - #40 DONE 0.7s
[2025-09-24T08:44:37.372+0000] {subprocess.py:106} INFO - 
[2025-09-24T08:44:37.379+0000] {subprocess.py:106} INFO - #41 [***-webserver] resolving provenance for metadata file
[2025-09-24T08:44:37.512+0000] {subprocess.py:106} INFO - #41 DONE 0.1s
[2025-09-24T08:44:37.514+0000] {subprocess.py:106} INFO - 
[2025-09-24T08:44:37.515+0000] {subprocess.py:106} INFO - #42 [***-scheduler] resolving provenance for metadata file
[2025-09-24T08:44:37.515+0000] {subprocess.py:106} INFO - #42 DONE 0.0s
[2025-09-24T08:44:37.516+0000] {subprocess.py:106} INFO -  ***-init  Built
[2025-09-24T08:44:37.517+0000] {subprocess.py:106} INFO -  ***-scheduler  Built
[2025-09-24T08:44:37.519+0000] {subprocess.py:106} INFO -  ***-webserver  Built
[2025-09-24T08:44:37.523+0000] {subprocess.py:106} INFO -  api  Built
[2025-09-24T08:44:37.524+0000] {subprocess.py:106} INFO -  app  Built
[2025-09-24T08:44:37.604+0000] {subprocess.py:106} INFO -  Container wine-postgres-1  Running
[2025-09-24T08:44:37.609+0000] {subprocess.py:106} INFO -  Container wine-***-init-1  Recreate
[2025-09-24T08:44:37.611+0000] {subprocess.py:106} INFO -  Container wine-api-1  Recreate
[2025-09-24T08:44:38.112+0000] {subprocess.py:106} INFO -  Container wine-api-1  Recreated
[2025-09-24T08:44:38.132+0000] {subprocess.py:106} INFO -  Container wine-app-1  Recreate
[2025-09-24T08:44:38.831+0000] {subprocess.py:106} INFO -  Container wine-app-1  Recreated
[2025-09-24T08:44:39.648+0000] {subprocess.py:106} INFO -  Container wine-***-init-1  Recreated
[2025-09-24T08:44:39.655+0000] {subprocess.py:106} INFO -  Container wine-***-scheduler-1  Recreate
[2025-09-24T08:44:39.660+0000] {subprocess.py:106} INFO -  Container wine-***-webserver-1  Recreate
[2025-09-24T08:44:42.013+0000] {subprocess.py:106} INFO -  Container wine-***-scheduler-1  Recreated
[2025-09-24T08:44:42.102+0000] {subprocess.py:106} INFO -  Container wine-***-webserver-1  Recreated
[2025-09-24T08:44:42.929+0000] {subprocess.py:106} INFO -  Container wine-postgres-1  Waiting
[2025-09-24T08:44:42.938+0000] {subprocess.py:106} INFO -  Container wine-api-1  Starting
[2025-09-24T08:44:43.432+0000] {subprocess.py:106} INFO -  Container wine-postgres-1  Healthy
[2025-09-24T08:44:43.437+0000] {subprocess.py:106} INFO -  Container wine-***-init-1  Starting
[2025-09-24T08:44:43.446+0000] {subprocess.py:106} INFO - Error response from daemon: mounts denied:
[2025-09-24T08:44:43.447+0000] {subprocess.py:106} INFO - The path /opt/***/models is not shared from the host and is not known to Docker.
[2025-09-24T08:44:43.449+0000] {subprocess.py:106} INFO - You can configure shared paths from Docker -> Preferences... -> Resources -> File Sharing.
[2025-09-24T08:44:43.449+0000] {subprocess.py:106} INFO - See https://docs.docker.com/go/mac-file-sharing/ for more info.
[2025-09-24T08:44:43.454+0000] {subprocess.py:110} INFO - Command exited with return code 1
[2025-09-24T08:44:43.486+0000] {taskinstance.py:3310} ERROR - Task failed with exception
Traceback (most recent call last):
  File "/home/airflow/.local/lib/python3.11/site-packages/airflow/models/taskinstance.py", line 767, in _execute_task
    result = _execute_callable(context=context, **execute_callable_kwargs)
             ^^^^^^^^^^^^^^^^^^^^^^^^^^^^^^^^^^^^^^^^^^^^^^^^^^^^^^^^^^^^^
  File "/home/airflow/.local/lib/python3.11/site-packages/airflow/models/taskinstance.py", line 733, in _execute_callable
    return ExecutionCallableRunner(
           ^^^^^^^^^^^^^^^^^^^^^^^^
  File "/home/airflow/.local/lib/python3.11/site-packages/airflow/utils/operator_helpers.py", line 252, in run
    return self.func(*args, **kwargs)
           ^^^^^^^^^^^^^^^^^^^^^^^^^^
  File "/home/airflow/.local/lib/python3.11/site-packages/airflow/models/baseoperator.py", line 406, in wrapper
    return func(self, *args, **kwargs)
           ^^^^^^^^^^^^^^^^^^^^^^^^^^^
  File "/home/airflow/.local/lib/python3.11/site-packages/airflow/providers/standard/operators/bash.py", line 232, in execute
    raise AirflowException(
airflow.exceptions.AirflowException: Bash command failed. The command returned a non-zero exit code 1.
[2025-09-24T08:44:43.501+0000] {taskinstance.py:1225} INFO - Marking task as UP_FOR_RETRY. dag_id=wine_pipeline, task_id=stage3_deploy_compose, run_id=manual__2025-09-24T08:41:38.670448+00:00, execution_date=20250924T084138, start_date=20250924T084432, end_date=20250924T084443
[2025-09-24T08:44:43.532+0000] {taskinstance.py:340} INFO - ::group::Post task execution logs
[2025-09-24T08:44:43.535+0000] {standard_task_runner.py:124} ERROR - Failed to execute job 13 for task stage3_deploy_compose (Bash command failed. The command returned a non-zero exit code 1.; 1089)
Traceback (most recent call last):
  File "/home/airflow/.local/lib/python3.11/site-packages/airflow/task/task_runner/standard_task_runner.py", line 117, in _start_by_fork
    ret = args.func(args, dag=self.dag)
          ^^^^^^^^^^^^^^^^^^^^^^^^^^^^^
  File "/home/airflow/.local/lib/python3.11/site-packages/airflow/cli/cli_config.py", line 49, in command
    return func(*args, **kwargs)
           ^^^^^^^^^^^^^^^^^^^^^
  File "/home/airflow/.local/lib/python3.11/site-packages/airflow/utils/cli.py", line 115, in wrapper
    return f(*args, **kwargs)
           ^^^^^^^^^^^^^^^^^^
  File "/home/airflow/.local/lib/python3.11/site-packages/airflow/cli/commands/task_command.py", line 483, in task_run
    task_return_code = _run_task_by_selected_method(args, _dag, ti)
                       ^^^^^^^^^^^^^^^^^^^^^^^^^^^^^^^^^^^^^^^^^^^^
  File "/home/airflow/.local/lib/python3.11/site-packages/airflow/cli/commands/task_command.py", line 256, in _run_task_by_selected_method
    return _run_raw_task(args, ti)
           ^^^^^^^^^^^^^^^^^^^^^^^
  File "/home/airflow/.local/lib/python3.11/site-packages/airflow/cli/commands/task_command.py", line 341, in _run_raw_task
    return ti._run_raw_task(
           ^^^^^^^^^^^^^^^^^
  File "/home/airflow/.local/lib/python3.11/site-packages/airflow/utils/session.py", line 97, in wrapper
    return func(*args, session=session, **kwargs)
           ^^^^^^^^^^^^^^^^^^^^^^^^^^^^^^^^^^^^^^
  File "/home/airflow/.local/lib/python3.11/site-packages/airflow/models/taskinstance.py", line 3004, in _run_raw_task
    return _run_raw_task(
           ^^^^^^^^^^^^^^
  File "/home/airflow/.local/lib/python3.11/site-packages/airflow/models/taskinstance.py", line 273, in _run_raw_task
    TaskInstance._execute_task_with_callbacks(
  File "/home/airflow/.local/lib/python3.11/site-packages/airflow/models/taskinstance.py", line 3158, in _execute_task_with_callbacks
    result = self._execute_task(context, task_orig)
             ^^^^^^^^^^^^^^^^^^^^^^^^^^^^^^^^^^^^^^
  File "/home/airflow/.local/lib/python3.11/site-packages/airflow/models/taskinstance.py", line 3182, in _execute_task
    return _execute_task(self, context, task_orig)
           ^^^^^^^^^^^^^^^^^^^^^^^^^^^^^^^^^^^^^^^
  File "/home/airflow/.local/lib/python3.11/site-packages/airflow/models/taskinstance.py", line 767, in _execute_task
    result = _execute_callable(context=context, **execute_callable_kwargs)
             ^^^^^^^^^^^^^^^^^^^^^^^^^^^^^^^^^^^^^^^^^^^^^^^^^^^^^^^^^^^^^
  File "/home/airflow/.local/lib/python3.11/site-packages/airflow/models/taskinstance.py", line 733, in _execute_callable
    return ExecutionCallableRunner(
           ^^^^^^^^^^^^^^^^^^^^^^^^
  File "/home/airflow/.local/lib/python3.11/site-packages/airflow/utils/operator_helpers.py", line 252, in run
    return self.func(*args, **kwargs)
           ^^^^^^^^^^^^^^^^^^^^^^^^^^
  File "/home/airflow/.local/lib/python3.11/site-packages/airflow/models/baseoperator.py", line 406, in wrapper
    return func(self, *args, **kwargs)
           ^^^^^^^^^^^^^^^^^^^^^^^^^^^
  File "/home/airflow/.local/lib/python3.11/site-packages/airflow/providers/standard/operators/bash.py", line 232, in execute
    raise AirflowException(
airflow.exceptions.AirflowException: Bash command failed. The command returned a non-zero exit code 1.
[2025-09-24T08:44:43.557+0000] {local_task_job_runner.py:266} INFO - Task exited with return code 1
[2025-09-24T08:44:43.622+0000] {taskinstance.py:3900} INFO - 0 downstream tasks scheduled from follow-on schedule check
[2025-09-24T08:44:43.628+0000] {local_task_job_runner.py:245} INFO - ::endgroup::
